atf_snf.info fname:/home/avorovich/arnd/temp/x2tmp/x2gw_8850.pcap  comment:"using input pcap file"
atf_snf.info sll2:Y
atf_snf.info fname:/home/avorovich/arnd/temp/x2tmp  comment:"using experiment directory extracted from pcap file name"
atf_snf.info tcp_pair_dir:/home/avorovich/arnd/temp/x2tmp/tcp_pairs
atf_snf.info "comment ":"Parsing x2 req/rsp enabled"
atf_snf.info  fname:/home/avorovich/arnd/temp/x2tmp/x2gw_8850.pcap  comment:"PcapFileProcess start"
In_UGPubMsg header  msg.request_id:x2write-0-0.2
In_UGPubMsg  seq_x2traf:1  ts_snf_w:2025-12-11T13:42:15.398225
In_UGPubMsg  seq_x2traf:2  ts_snf_w:2025-12-11T13:42:15.398225
In_UGPubMsg  seq_x2traf:3  ts_snf_w:2025-12-11T13:42:15.398225
In_UGPubMsg  seq_x2traf:4  ts_snf_w:2025-12-11T13:42:15.398225
In_UGPubMsg  seq_x2traf:5  ts_snf_w:2025-12-11T13:42:15.398225
In_UGPubMsg  seq_x2traf:6  ts_snf_w:2025-12-11T13:42:15.398225
In_UGPubMsg  seq_x2traf:7  ts_snf_w:2025-12-11T13:42:15.398225
In_UGPubMsg  seq_x2traf:8  ts_snf_w:2025-12-11T13:42:15.398225
In_UGPubMsg  seq_x2traf:9  ts_snf_w:2025-12-11T13:42:15.398225
In_UGPubMsg  seq_x2traf:10  ts_snf_w:2025-12-11T13:42:15.398225
In_UGPubMsg  seq_x2traf:11  ts_snf_w:2025-12-11T13:42:15.398225
In_UGPubMsg  seq_x2traf:12  ts_snf_w:2025-12-11T13:42:15.398225
In_UGPubMsg header  msg.request_id:x2write-0-0.3
In_UGPubMsg  seq_x2traf:13  ts_snf_w:2025-12-11T13:42:15.398239
In_UGPubMsg  seq_x2traf:14  ts_snf_w:2025-12-11T13:42:15.398239
In_UGPubMsg  seq_x2traf:15  ts_snf_w:2025-12-11T13:42:15.398239
In_UGPubMsg  seq_x2traf:16  ts_snf_w:2025-12-11T13:42:15.398239
In_UGPubMsg  seq_x2traf:17  ts_snf_w:2025-12-11T13:42:15.398239
In_UGPubMsg  seq_x2traf:18  ts_snf_w:2025-12-11T13:42:15.398239
In_UGPubMsg  seq_x2traf:19  ts_snf_w:2025-12-11T13:42:15.398239
In_UGPubMsg  seq_x2traf:20  ts_snf_w:2025-12-11T13:42:15.398239
In_UGPubMsg  seq_x2traf:21  ts_snf_w:2025-12-11T13:42:15.398239
In_UGPubMsg  seq_x2traf:22  ts_snf_w:2025-12-11T13:42:15.398239
In_UGPubMsg  seq_x2traf:23  ts_snf_w:2025-12-11T13:42:15.398239
In_UGPubMsg  seq_x2traf:24  ts_snf_w:2025-12-11T13:42:15.398239
In_UGPubMsg header  msg.request_id:x2write-0-0.4
In_UGPubMsg  seq_x2traf:25  ts_snf_w:2025-12-11T13:42:15.398253
In_UGPubMsg  seq_x2traf:26  ts_snf_w:2025-12-11T13:42:15.398253
In_UGPubMsg  seq_x2traf:27  ts_snf_w:2025-12-11T13:42:15.398253
In_UGPubMsg  seq_x2traf:28  ts_snf_w:2025-12-11T13:42:15.398253
In_UGPubMsg  seq_x2traf:29  ts_snf_w:2025-12-11T13:42:15.398253
In_UGPubMsg  seq_x2traf:30  ts_snf_w:2025-12-11T13:42:15.398253
In_UGPubMsg  seq_x2traf:31  ts_snf_w:2025-12-11T13:42:15.398253
In_UGPubMsg  seq_x2traf:32  ts_snf_w:2025-12-11T13:42:15.398253
In_UGPubMsg  seq_x2traf:33  ts_snf_w:2025-12-11T13:42:15.398253
In_UGPubMsg  seq_x2traf:34  ts_snf_w:2025-12-11T13:42:15.398253
In_UGPubMsg  seq_x2traf:35  ts_snf_w:2025-12-11T13:42:15.398253
In_UGPubMsg  seq_x2traf:36  ts_snf_w:2025-12-11T13:42:15.398253
In_UGPubMsg header  msg.request_id:x2write-0-0.5
In_UGPubMsg  seq_x2traf:37  ts_snf_w:2025-12-11T13:42:15.398265
In_UGPubMsg  seq_x2traf:38  ts_snf_w:2025-12-11T13:42:15.398265
In_UGPubMsg  seq_x2traf:39  ts_snf_w:2025-12-11T13:42:15.398265
In_UGPubMsg  seq_x2traf:40  ts_snf_w:2025-12-11T13:42:15.398265
In_UGPubMsg  seq_x2traf:41  ts_snf_w:2025-12-11T13:42:15.398265
In_UGPubMsg  seq_x2traf:42  ts_snf_w:2025-12-11T13:42:15.398265
In_UGPubMsg  seq_x2traf:43  ts_snf_w:2025-12-11T13:42:15.398265
In_UGPubMsg  seq_x2traf:44  ts_snf_w:2025-12-11T13:42:15.398265
In_UGPubMsg  seq_x2traf:45  ts_snf_w:2025-12-11T13:42:15.398265
In_UGPubMsg  seq_x2traf:46  ts_snf_w:2025-12-11T13:42:15.398265
In_UGPubMsg  seq_x2traf:47  ts_snf_w:2025-12-11T13:42:15.398265
In_UGPubMsg  seq_x2traf:48  ts_snf_w:2025-12-11T13:42:15.398265
In_UGPubMsg header  msg.request_id:x2write-0-0.6
In_UGPubMsg  seq_x2traf:49  ts_snf_w:2025-12-11T13:42:15.399788
In_UGPubMsg  seq_x2traf:50  ts_snf_w:2025-12-11T13:42:15.399788
In_UGPubMsg  seq_x2traf:51  ts_snf_w:2025-12-11T13:42:15.399788
In_UGPubMsg  seq_x2traf:52  ts_snf_w:2025-12-11T13:42:15.399788
In_UGPubMsg  seq_x2traf:53  ts_snf_w:2025-12-11T13:42:15.399788
In_UGPubMsg  seq_x2traf:54  ts_snf_w:2025-12-11T13:42:15.399788
In_UGPubMsg  seq_x2traf:55  ts_snf_w:2025-12-11T13:42:15.399788
In_UGPubMsg  seq_x2traf:56  ts_snf_w:2025-12-11T13:42:15.399788
In_UGPubMsg  seq_x2traf:57  ts_snf_w:2025-12-11T13:42:15.399788
In_UGPubMsg  seq_x2traf:58  ts_snf_w:2025-12-11T13:42:15.399788
In_UGPubMsg  seq_x2traf:59  ts_snf_w:2025-12-11T13:42:15.399788
In_UGPubMsg  seq_x2traf:60  ts_snf_w:2025-12-11T13:42:15.399788
atf_snf.err  beg_seq:0  comment:"in GUAckMsg not found "
In_GUAckMsg beg_seq:12  ts_snf_w:2025-12-11T13:42:15.398225  ts_snf_wa:2025-12-11T13:42:15.403817  lat_snf_w_to_snf_wa:00:00:00.005592
In_GUAckMsg beg_seq:24  ts_snf_w:2025-12-11T13:42:15.398239  ts_snf_wa:2025-12-11T13:42:15.403824  lat_snf_w_to_snf_wa:00:00:00.005585
In_GUAckMsg beg_seq:36  ts_snf_w:2025-12-11T13:42:15.398253  ts_snf_wa:2025-12-11T13:42:15.403832  lat_snf_w_to_snf_wa:00:00:00.005579
In_GUAckMsg beg_seq:48  ts_snf_w:2025-12-11T13:42:15.398265  ts_snf_wa:2025-12-11T13:42:15.403839  lat_snf_w_to_snf_wa:00:00:00.005574
In_UGPubMsg header  msg.request_id:x2write-0-0.7
In_UGPubMsg  seq_x2traf:61  ts_snf_w:2025-12-11T13:42:15.413773
In_UGPubMsg  seq_x2traf:62  ts_snf_w:2025-12-11T13:42:15.413773
In_UGPubMsg  seq_x2traf:63  ts_snf_w:2025-12-11T13:42:15.413773
In_UGPubMsg  seq_x2traf:64  ts_snf_w:2025-12-11T13:42:15.413773
In_UGPubMsg  seq_x2traf:65  ts_snf_w:2025-12-11T13:42:15.413773
In_UGPubMsg  seq_x2traf:66  ts_snf_w:2025-12-11T13:42:15.413773
In_UGPubMsg  seq_x2traf:67  ts_snf_w:2025-12-11T13:42:15.413773
In_UGPubMsg  seq_x2traf:68  ts_snf_w:2025-12-11T13:42:15.413773
In_UGPubMsg  seq_x2traf:69  ts_snf_w:2025-12-11T13:42:15.413773
In_UGPubMsg  seq_x2traf:70  ts_snf_w:2025-12-11T13:42:15.413773
In_UGPubMsg  seq_x2traf:71  ts_snf_w:2025-12-11T13:42:15.413773
In_UGPubMsg  seq_x2traf:72  ts_snf_w:2025-12-11T13:42:15.413773
In_GUAckMsg beg_seq:60  ts_snf_w:2025-12-11T13:42:15.399788  ts_snf_wa:2025-12-11T13:42:15.419524  lat_snf_w_to_snf_wa:00:00:00.019736
In_UGPubMsg header  msg.request_id:x2write-0-0.8
In_UGPubMsg  seq_x2traf:73  ts_snf_w:2025-12-11T13:42:15.427401
In_UGPubMsg  seq_x2traf:74  ts_snf_w:2025-12-11T13:42:15.427401
In_UGPubMsg  seq_x2traf:75  ts_snf_w:2025-12-11T13:42:15.427401
In_UGPubMsg  seq_x2traf:76  ts_snf_w:2025-12-11T13:42:15.427401
In_UGPubMsg  seq_x2traf:77  ts_snf_w:2025-12-11T13:42:15.427401
In_UGPubMsg  seq_x2traf:78  ts_snf_w:2025-12-11T13:42:15.427401
In_UGPubMsg  seq_x2traf:79  ts_snf_w:2025-12-11T13:42:15.427401
In_UGPubMsg  seq_x2traf:80  ts_snf_w:2025-12-11T13:42:15.427401
In_UGPubMsg  seq_x2traf:81  ts_snf_w:2025-12-11T13:42:15.427401
In_UGPubMsg  seq_x2traf:82  ts_snf_w:2025-12-11T13:42:15.427401
In_UGPubMsg  seq_x2traf:83  ts_snf_w:2025-12-11T13:42:15.427401
In_UGPubMsg  seq_x2traf:84  ts_snf_w:2025-12-11T13:42:15.427401
In_GUAckMsg beg_seq:72  ts_snf_w:2025-12-11T13:42:15.413773  ts_snf_wa:2025-12-11T13:42:15.430724  lat_snf_w_to_snf_wa:00:00:00.016951
In_UGPubMsg header  msg.request_id:x2write-0-0.9
In_UGPubMsg  seq_x2traf:85  ts_snf_w:2025-12-11T13:42:15.441207
In_UGPubMsg  seq_x2traf:86  ts_snf_w:2025-12-11T13:42:15.441207
In_UGPubMsg  seq_x2traf:87  ts_snf_w:2025-12-11T13:42:15.441207
In_UGPubMsg  seq_x2traf:88  ts_snf_w:2025-12-11T13:42:15.441207
In_UGPubMsg  seq_x2traf:89  ts_snf_w:2025-12-11T13:42:15.441207
In_UGPubMsg  seq_x2traf:90  ts_snf_w:2025-12-11T13:42:15.441207
In_UGPubMsg  seq_x2traf:91  ts_snf_w:2025-12-11T13:42:15.441207
In_UGPubMsg  seq_x2traf:92  ts_snf_w:2025-12-11T13:42:15.441207
In_UGPubMsg  seq_x2traf:93  ts_snf_w:2025-12-11T13:42:15.441207
In_UGPubMsg  seq_x2traf:94  ts_snf_w:2025-12-11T13:42:15.441207
In_UGPubMsg  seq_x2traf:95  ts_snf_w:2025-12-11T13:42:15.441207
In_UGPubMsg  seq_x2traf:96  ts_snf_w:2025-12-11T13:42:15.441207
In_GUAckMsg beg_seq:84  ts_snf_w:2025-12-11T13:42:15.427401  ts_snf_wa:2025-12-11T13:42:15.444931  lat_snf_w_to_snf_wa:00:00:00.01753
In_UGPubMsg header  msg.request_id:x2write-0-0.10
In_UGPubMsg  seq_x2traf:97  ts_snf_w:2025-12-11T13:42:15.454912
In_UGPubMsg  seq_x2traf:98  ts_snf_w:2025-12-11T13:42:15.454912
In_UGPubMsg  seq_x2traf:99  ts_snf_w:2025-12-11T13:42:15.454912
In_UGPubMsg  seq_x2traf:100  ts_snf_w:2025-12-11T13:42:15.454912
In_UGPubMsg  seq_x2traf:101  ts_snf_w:2025-12-11T13:42:15.454912
In_UGPubMsg  seq_x2traf:102  ts_snf_w:2025-12-11T13:42:15.454912
In_UGPubMsg  seq_x2traf:103  ts_snf_w:2025-12-11T13:42:15.454912
In_UGPubMsg  seq_x2traf:104  ts_snf_w:2025-12-11T13:42:15.454912
In_UGPubMsg  seq_x2traf:105  ts_snf_w:2025-12-11T13:42:15.454912
In_UGPubMsg  seq_x2traf:106  ts_snf_w:2025-12-11T13:42:15.454912
In_UGPubMsg  seq_x2traf:107  ts_snf_w:2025-12-11T13:42:15.454912
In_UGPubMsg  seq_x2traf:108  ts_snf_w:2025-12-11T13:42:15.454912
In_GUAckMsg beg_seq:96  ts_snf_w:2025-12-11T13:42:15.441207  ts_snf_wa:2025-12-11T13:42:15.458419  lat_snf_w_to_snf_wa:00:00:00.017212
In_UGPubMsg header  msg.request_id:x2write-0-0.11
In_UGPubMsg  seq_x2traf:109  ts_snf_w:2025-12-11T13:42:15.468548
In_UGPubMsg  seq_x2traf:110  ts_snf_w:2025-12-11T13:42:15.468548
In_UGPubMsg  seq_x2traf:111  ts_snf_w:2025-12-11T13:42:15.468548
In_UGPubMsg  seq_x2traf:112  ts_snf_w:2025-12-11T13:42:15.468548
In_UGPubMsg  seq_x2traf:113  ts_snf_w:2025-12-11T13:42:15.468548
In_UGPubMsg  seq_x2traf:114  ts_snf_w:2025-12-11T13:42:15.468548
In_UGPubMsg  seq_x2traf:115  ts_snf_w:2025-12-11T13:42:15.468548
In_UGPubMsg  seq_x2traf:116  ts_snf_w:2025-12-11T13:42:15.468548
In_UGPubMsg  seq_x2traf:117  ts_snf_w:2025-12-11T13:42:15.468548
In_UGPubMsg  seq_x2traf:118  ts_snf_w:2025-12-11T13:42:15.468548
In_UGPubMsg  seq_x2traf:119  ts_snf_w:2025-12-11T13:42:15.468548
In_UGPubMsg  seq_x2traf:120  ts_snf_w:2025-12-11T13:42:15.468548
In_GUAckMsg beg_seq:108  ts_snf_w:2025-12-11T13:42:15.454912  ts_snf_wa:2025-12-11T13:42:15.474051  lat_snf_w_to_snf_wa:00:00:00.019139
In_UGPubMsg header  msg.request_id:x2write-0-0.12
In_UGPubMsg  seq_x2traf:121  ts_snf_w:2025-12-11T13:42:15.481973
In_UGPubMsg  seq_x2traf:122  ts_snf_w:2025-12-11T13:42:15.481973
In_UGPubMsg  seq_x2traf:123  ts_snf_w:2025-12-11T13:42:15.481973
In_UGPubMsg  seq_x2traf:124  ts_snf_w:2025-12-11T13:42:15.481973
In_UGPubMsg  seq_x2traf:125  ts_snf_w:2025-12-11T13:42:15.481973
In_UGPubMsg  seq_x2traf:126  ts_snf_w:2025-12-11T13:42:15.481973
In_UGPubMsg  seq_x2traf:127  ts_snf_w:2025-12-11T13:42:15.481973
In_UGPubMsg  seq_x2traf:128  ts_snf_w:2025-12-11T13:42:15.481973
In_UGPubMsg  seq_x2traf:129  ts_snf_w:2025-12-11T13:42:15.481973
In_UGPubMsg  seq_x2traf:130  ts_snf_w:2025-12-11T13:42:15.481973
In_UGPubMsg  seq_x2traf:131  ts_snf_w:2025-12-11T13:42:15.481973
In_UGPubMsg  seq_x2traf:132  ts_snf_w:2025-12-11T13:42:15.481973
In_GUAckMsg beg_seq:120  ts_snf_w:2025-12-11T13:42:15.468548  ts_snf_wa:2025-12-11T13:42:15.485913  lat_snf_w_to_snf_wa:00:00:00.017365
In_Seqmsg    seq_x2traf:1  lat_snf_w_to_snf_r:00:00:00.087703  lat_x2write_to_snf_r:490410:42:15.485928  timestamps_x2write:1969-12-31T19:00:00  ts_snf_w:2025-12-11T13:42:15.398225  ts_snf_r:2025-12-11T13:42:15.485928
In_Seqmsg    seq_x2traf:2  lat_snf_w_to_snf_r:00:00:00.093703  lat_x2write_to_snf_r:490410:42:15.491928  timestamps_x2write:1969-12-31T19:00:00  ts_snf_w:2025-12-11T13:42:15.398225  ts_snf_r:2025-12-11T13:42:15.491928
In_Seqmsg    seq_x2traf:3  lat_snf_w_to_snf_r:00:00:00.093713  lat_x2write_to_snf_r:490410:42:15.491938  timestamps_x2write:1969-12-31T19:00:00  ts_snf_w:2025-12-11T13:42:15.398225  ts_snf_r:2025-12-11T13:42:15.491938
In_Seqmsg    seq_x2traf:4  lat_snf_w_to_snf_r:00:00:00.09372  lat_x2write_to_snf_r:490410:42:15.491945  timestamps_x2write:1969-12-31T19:00:00  ts_snf_w:2025-12-11T13:42:15.398225  ts_snf_r:2025-12-11T13:42:15.491945
In_Seqmsg    seq_x2traf:5  lat_snf_w_to_snf_r:00:00:00.093725  lat_x2write_to_snf_r:490410:42:15.49195  timestamps_x2write:1969-12-31T19:00:00  ts_snf_w:2025-12-11T13:42:15.398225  ts_snf_r:2025-12-11T13:42:15.49195
In_Seqmsg    seq_x2traf:6  lat_snf_w_to_snf_r:00:00:00.093732  lat_x2write_to_snf_r:490410:42:15.491957  timestamps_x2write:1969-12-31T19:00:00  ts_snf_w:2025-12-11T13:42:15.398225  ts_snf_r:2025-12-11T13:42:15.491957
In_Seqmsg    seq_x2traf:7  lat_snf_w_to_snf_r:00:00:00.093737  lat_x2write_to_snf_r:490410:42:15.491962  timestamps_x2write:1969-12-31T19:00:00  ts_snf_w:2025-12-11T13:42:15.398225  ts_snf_r:2025-12-11T13:42:15.491962
In_Seqmsg    seq_x2traf:8  lat_snf_w_to_snf_r:00:00:00.093743  lat_x2write_to_snf_r:490410:42:15.491968  timestamps_x2write:1969-12-31T19:00:00  ts_snf_w:2025-12-11T13:42:15.398225  ts_snf_r:2025-12-11T13:42:15.491968
In_Seqmsg    seq_x2traf:9  lat_snf_w_to_snf_r:00:00:00.093748  lat_x2write_to_snf_r:490410:42:15.491973  timestamps_x2write:1969-12-31T19:00:00  ts_snf_w:2025-12-11T13:42:15.398225  ts_snf_r:2025-12-11T13:42:15.491973
In_Seqmsg    seq_x2traf:10  lat_snf_w_to_snf_r:00:00:00.093753  lat_x2write_to_snf_r:490410:42:15.491978  timestamps_x2write:1969-12-31T19:00:00  ts_snf_w:2025-12-11T13:42:15.398225  ts_snf_r:2025-12-11T13:42:15.491978
In_Seqmsg    seq_x2traf:11  lat_snf_w_to_snf_r:00:00:00.093759  lat_x2write_to_snf_r:490410:42:15.491984  timestamps_x2write:1969-12-31T19:00:00  ts_snf_w:2025-12-11T13:42:15.398225  ts_snf_r:2025-12-11T13:42:15.491984
In_UGPubMsg header  msg.request_id:x2write-0-0.13
In_UGPubMsg  seq_x2traf:133  ts_snf_w:2025-12-11T13:42:15.495371
In_UGPubMsg  seq_x2traf:134  ts_snf_w:2025-12-11T13:42:15.495371
In_UGPubMsg  seq_x2traf:135  ts_snf_w:2025-12-11T13:42:15.495371
In_UGPubMsg  seq_x2traf:136  ts_snf_w:2025-12-11T13:42:15.495371
In_UGPubMsg  seq_x2traf:137  ts_snf_w:2025-12-11T13:42:15.495371
In_UGPubMsg  seq_x2traf:138  ts_snf_w:2025-12-11T13:42:15.495371
In_UGPubMsg  seq_x2traf:139  ts_snf_w:2025-12-11T13:42:15.495371
In_UGPubMsg  seq_x2traf:140  ts_snf_w:2025-12-11T13:42:15.495371
In_UGPubMsg  seq_x2traf:141  ts_snf_w:2025-12-11T13:42:15.495371
In_UGPubMsg  seq_x2traf:142  ts_snf_w:2025-12-11T13:42:15.495371
In_UGPubMsg  seq_x2traf:143  ts_snf_w:2025-12-11T13:42:15.495371
In_UGPubMsg  seq_x2traf:144  ts_snf_w:2025-12-11T13:42:15.495371
In_Seqmsg    seq_x2traf:12  lat_snf_w_to_snf_r:00:00:00.098625  lat_x2write_to_snf_r:490410:42:15.49685  timestamps_x2write:1969-12-31T19:00:00  ts_snf_w:2025-12-11T13:42:15.398225  ts_snf_r:2025-12-11T13:42:15.49685
In_Seqmsg    seq_x2traf:13  lat_snf_w_to_snf_r:00:00:00.098624  lat_x2write_to_snf_r:490410:42:15.496863  timestamps_x2write:1969-12-31T19:00:00  ts_snf_w:2025-12-11T13:42:15.398239  ts_snf_r:2025-12-11T13:42:15.496863
In_Seqmsg    seq_x2traf:14  lat_snf_w_to_snf_r:00:00:00.098629  lat_x2write_to_snf_r:490410:42:15.496868  timestamps_x2write:1969-12-31T19:00:00  ts_snf_w:2025-12-11T13:42:15.398239  ts_snf_r:2025-12-11T13:42:15.496868
In_Seqmsg    seq_x2traf:15  lat_snf_w_to_snf_r:00:00:00.098635  lat_x2write_to_snf_r:490410:42:15.496874  timestamps_x2write:1969-12-31T19:00:00  ts_snf_w:2025-12-11T13:42:15.398239  ts_snf_r:2025-12-11T13:42:15.496874
In_Seqmsg    seq_x2traf:16  lat_snf_w_to_snf_r:00:00:00.09864  lat_x2write_to_snf_r:490410:42:15.496879  timestamps_x2write:1969-12-31T19:00:00  ts_snf_w:2025-12-11T13:42:15.398239  ts_snf_r:2025-12-11T13:42:15.496879
In_Seqmsg    seq_x2traf:17  lat_snf_w_to_snf_r:00:00:00.098652  lat_x2write_to_snf_r:490410:42:15.496891  timestamps_x2write:1969-12-31T19:00:00  ts_snf_w:2025-12-11T13:42:15.398239  ts_snf_r:2025-12-11T13:42:15.496891
In_Seqmsg    seq_x2traf:18  lat_snf_w_to_snf_r:00:00:00.098658  lat_x2write_to_snf_r:490410:42:15.496897  timestamps_x2write:1969-12-31T19:00:00  ts_snf_w:2025-12-11T13:42:15.398239  ts_snf_r:2025-12-11T13:42:15.496897
In_Seqmsg    seq_x2traf:19  lat_snf_w_to_snf_r:00:00:00.098663  lat_x2write_to_snf_r:490410:42:15.496902  timestamps_x2write:1969-12-31T19:00:00  ts_snf_w:2025-12-11T13:42:15.398239  ts_snf_r:2025-12-11T13:42:15.496902
In_Seqmsg    seq_x2traf:20  lat_snf_w_to_snf_r:00:00:00.098669  lat_x2write_to_snf_r:490410:42:15.496908  timestamps_x2write:1969-12-31T19:00:00  ts_snf_w:2025-12-11T13:42:15.398239  ts_snf_r:2025-12-11T13:42:15.496908
In_Seqmsg    seq_x2traf:21  lat_snf_w_to_snf_r:00:00:00.098675  lat_x2write_to_snf_r:490410:42:15.496914  timestamps_x2write:1969-12-31T19:00:00  ts_snf_w:2025-12-11T13:42:15.398239  ts_snf_r:2025-12-11T13:42:15.496914
In_GUAckMsg beg_seq:132  ts_snf_w:2025-12-11T13:42:15.481973  ts_snf_wa:2025-12-11T13:42:15.499668  lat_snf_w_to_snf_wa:00:00:00.017695
In_Seqmsg    seq_x2traf:22  lat_snf_w_to_snf_r:00:00:00.104874  lat_x2write_to_snf_r:490410:42:15.503113  timestamps_x2write:1969-12-31T19:00:00  ts_snf_w:2025-12-11T13:42:15.398239  ts_snf_r:2025-12-11T13:42:15.503113
In_Seqmsg    seq_x2traf:23  lat_snf_w_to_snf_r:00:00:00.104883  lat_x2write_to_snf_r:490410:42:15.503122  timestamps_x2write:1969-12-31T19:00:00  ts_snf_w:2025-12-11T13:42:15.398239  ts_snf_r:2025-12-11T13:42:15.503122
In_Seqmsg    seq_x2traf:24  lat_snf_w_to_snf_r:00:00:00.10489  lat_x2write_to_snf_r:490410:42:15.503129  timestamps_x2write:1969-12-31T19:00:00  ts_snf_w:2025-12-11T13:42:15.398239  ts_snf_r:2025-12-11T13:42:15.503129
In_Seqmsg    seq_x2traf:25  lat_snf_w_to_snf_r:00:00:00.104883  lat_x2write_to_snf_r:490410:42:15.503136  timestamps_x2write:1969-12-31T19:00:00  ts_snf_w:2025-12-11T13:42:15.398253  ts_snf_r:2025-12-11T13:42:15.503136
In_Seqmsg    seq_x2traf:26  lat_snf_w_to_snf_r:00:00:00.104893  lat_x2write_to_snf_r:490410:42:15.503146  timestamps_x2write:1969-12-31T19:00:00  ts_snf_w:2025-12-11T13:42:15.398253  ts_snf_r:2025-12-11T13:42:15.503146
In_Seqmsg    seq_x2traf:27  lat_snf_w_to_snf_r:00:00:00.104901  lat_x2write_to_snf_r:490410:42:15.503154  timestamps_x2write:1969-12-31T19:00:00  ts_snf_w:2025-12-11T13:42:15.398253  ts_snf_r:2025-12-11T13:42:15.503154
In_Seqmsg    seq_x2traf:28  lat_snf_w_to_snf_r:00:00:00.104911  lat_x2write_to_snf_r:490410:42:15.503164  timestamps_x2write:1969-12-31T19:00:00  ts_snf_w:2025-12-11T13:42:15.398253  ts_snf_r:2025-12-11T13:42:15.503164
In_Seqmsg    seq_x2traf:29  lat_snf_w_to_snf_r:00:00:00.10492  lat_x2write_to_snf_r:490410:42:15.503173  timestamps_x2write:1969-12-31T19:00:00  ts_snf_w:2025-12-11T13:42:15.398253  ts_snf_r:2025-12-11T13:42:15.503173
In_Seqmsg    seq_x2traf:30  lat_snf_w_to_snf_r:00:00:00.104931  lat_x2write_to_snf_r:490410:42:15.503184  timestamps_x2write:1969-12-31T19:00:00  ts_snf_w:2025-12-11T13:42:15.398253  ts_snf_r:2025-12-11T13:42:15.503184
In_Seqmsg    seq_x2traf:31  lat_snf_w_to_snf_r:00:00:00.104937  lat_x2write_to_snf_r:490410:42:15.50319  timestamps_x2write:1969-12-31T19:00:00  ts_snf_w:2025-12-11T13:42:15.398253  ts_snf_r:2025-12-11T13:42:15.50319
In_UGPubMsg header  msg.request_id:x2write-0-0.14
In_UGPubMsg  seq_x2traf:145  ts_snf_w:2025-12-11T13:42:15.507397
In_UGPubMsg  seq_x2traf:146  ts_snf_w:2025-12-11T13:42:15.507397
In_UGPubMsg  seq_x2traf:147  ts_snf_w:2025-12-11T13:42:15.507397
In_UGPubMsg  seq_x2traf:148  ts_snf_w:2025-12-11T13:42:15.507397
In_UGPubMsg  seq_x2traf:149  ts_snf_w:2025-12-11T13:42:15.507397
In_UGPubMsg  seq_x2traf:150  ts_snf_w:2025-12-11T13:42:15.507397
In_UGPubMsg  seq_x2traf:151  ts_snf_w:2025-12-11T13:42:15.507397
In_UGPubMsg  seq_x2traf:152  ts_snf_w:2025-12-11T13:42:15.507397
In_UGPubMsg  seq_x2traf:153  ts_snf_w:2025-12-11T13:42:15.507397
In_UGPubMsg  seq_x2traf:154  ts_snf_w:2025-12-11T13:42:15.507397
In_Seqmsg    seq_x2traf:32  lat_snf_w_to_snf_r:00:00:00.109396  lat_x2write_to_snf_r:490410:42:15.507649  timestamps_x2write:1969-12-31T19:00:00  ts_snf_w:2025-12-11T13:42:15.398253  ts_snf_r:2025-12-11T13:42:15.507649
In_Seqmsg    seq_x2traf:33  lat_snf_w_to_snf_r:00:00:00.109417  lat_x2write_to_snf_r:490410:42:15.50767  timestamps_x2write:1969-12-31T19:00:00  ts_snf_w:2025-12-11T13:42:15.398253  ts_snf_r:2025-12-11T13:42:15.50767
In_Seqmsg    seq_x2traf:34  lat_snf_w_to_snf_r:00:00:00.109422  lat_x2write_to_snf_r:490410:42:15.507675  timestamps_x2write:1969-12-31T19:00:00  ts_snf_w:2025-12-11T13:42:15.398253  ts_snf_r:2025-12-11T13:42:15.507675
In_Seqmsg    seq_x2traf:35  lat_snf_w_to_snf_r:00:00:00.109427  lat_x2write_to_snf_r:490410:42:15.50768  timestamps_x2write:1969-12-31T19:00:00  ts_snf_w:2025-12-11T13:42:15.398253  ts_snf_r:2025-12-11T13:42:15.50768
In_Seqmsg    seq_x2traf:36  lat_snf_w_to_snf_r:00:00:00.109433  lat_x2write_to_snf_r:490410:42:15.507686  timestamps_x2write:1969-12-31T19:00:00  ts_snf_w:2025-12-11T13:42:15.398253  ts_snf_r:2025-12-11T13:42:15.507686
In_Seqmsg    seq_x2traf:37  lat_snf_w_to_snf_r:00:00:00.109431  lat_x2write_to_snf_r:490410:42:15.507696  timestamps_x2write:1969-12-31T19:00:00  ts_snf_w:2025-12-11T13:42:15.398265  ts_snf_r:2025-12-11T13:42:15.507696
In_Seqmsg    seq_x2traf:38  lat_snf_w_to_snf_r:00:00:00.109437  lat_x2write_to_snf_r:490410:42:15.507702  timestamps_x2write:1969-12-31T19:00:00  ts_snf_w:2025-12-11T13:42:15.398265  ts_snf_r:2025-12-11T13:42:15.507702
In_Seqmsg    seq_x2traf:39  lat_snf_w_to_snf_r:00:00:00.109442  lat_x2write_to_snf_r:490410:42:15.507707  timestamps_x2write:1969-12-31T19:00:00  ts_snf_w:2025-12-11T13:42:15.398265  ts_snf_r:2025-12-11T13:42:15.507707
In_Seqmsg    seq_x2traf:40  lat_snf_w_to_snf_r:00:00:00.109448  lat_x2write_to_snf_r:490410:42:15.507713  timestamps_x2write:1969-12-31T19:00:00  ts_snf_w:2025-12-11T13:42:15.398265  ts_snf_r:2025-12-11T13:42:15.507713
In_Seqmsg    seq_x2traf:41  lat_snf_w_to_snf_r:00:00:00.109453  lat_x2write_to_snf_r:490410:42:15.507718  timestamps_x2write:1969-12-31T19:00:00  ts_snf_w:2025-12-11T13:42:15.398265  ts_snf_r:2025-12-11T13:42:15.507718
In_GUAckMsg beg_seq:144  ts_snf_w:2025-12-11T13:42:15.495371  ts_snf_wa:2025-12-11T13:42:15.510661  lat_snf_w_to_snf_wa:00:00:00.01529
In_Seqmsg    seq_x2traf:42  lat_snf_w_to_snf_r:00:00:00.11602  lat_x2write_to_snf_r:490410:42:15.514285  timestamps_x2write:1969-12-31T19:00:00  ts_snf_w:2025-12-11T13:42:15.398265  ts_snf_r:2025-12-11T13:42:15.514285
In_Seqmsg    seq_x2traf:43  lat_snf_w_to_snf_r:00:00:00.11603  lat_x2write_to_snf_r:490410:42:15.514295  timestamps_x2write:1969-12-31T19:00:00  ts_snf_w:2025-12-11T13:42:15.398265  ts_snf_r:2025-12-11T13:42:15.514295
In_Seqmsg    seq_x2traf:44  lat_snf_w_to_snf_r:00:00:00.116035  lat_x2write_to_snf_r:490410:42:15.5143  timestamps_x2write:1969-12-31T19:00:00  ts_snf_w:2025-12-11T13:42:15.398265  ts_snf_r:2025-12-11T13:42:15.5143
In_Seqmsg    seq_x2traf:45  lat_snf_w_to_snf_r:00:00:00.11604  lat_x2write_to_snf_r:490410:42:15.514305  timestamps_x2write:1969-12-31T19:00:00  ts_snf_w:2025-12-11T13:42:15.398265  ts_snf_r:2025-12-11T13:42:15.514305
In_Seqmsg    seq_x2traf:46  lat_snf_w_to_snf_r:00:00:00.116045  lat_x2write_to_snf_r:490410:42:15.51431  timestamps_x2write:1969-12-31T19:00:00  ts_snf_w:2025-12-11T13:42:15.398265  ts_snf_r:2025-12-11T13:42:15.51431
In_Seqmsg    seq_x2traf:47  lat_snf_w_to_snf_r:00:00:00.116054  lat_x2write_to_snf_r:490410:42:15.514319  timestamps_x2write:1969-12-31T19:00:00  ts_snf_w:2025-12-11T13:42:15.398265  ts_snf_r:2025-12-11T13:42:15.514319
In_Seqmsg    seq_x2traf:48  lat_snf_w_to_snf_r:00:00:00.11606  lat_x2write_to_snf_r:490410:42:15.514325  timestamps_x2write:1969-12-31T19:00:00  ts_snf_w:2025-12-11T13:42:15.398265  ts_snf_r:2025-12-11T13:42:15.514325
In_Seqmsg    seq_x2traf:49  lat_snf_w_to_snf_r:00:00:00.114541  lat_x2write_to_snf_r:490410:42:15.514329  timestamps_x2write:1969-12-31T19:00:00  ts_snf_w:2025-12-11T13:42:15.399788  ts_snf_r:2025-12-11T13:42:15.514329
In_Seqmsg    seq_x2traf:50  lat_snf_w_to_snf_r:00:00:00.114546  lat_x2write_to_snf_r:490410:42:15.514334  timestamps_x2write:1969-12-31T19:00:00  ts_snf_w:2025-12-11T13:42:15.399788  ts_snf_r:2025-12-11T13:42:15.514334
In_Seqmsg    seq_x2traf:51  lat_snf_w_to_snf_r:00:00:00.114551  lat_x2write_to_snf_r:490410:42:15.514339  timestamps_x2write:1969-12-31T19:00:00  ts_snf_w:2025-12-11T13:42:15.399788  ts_snf_r:2025-12-11T13:42:15.514339
In_Seqmsg    seq_x2traf:52  lat_snf_w_to_snf_r:00:00:00.119042  lat_x2write_to_snf_r:490410:42:15.51883  timestamps_x2write:1969-12-31T19:00:00  ts_snf_w:2025-12-11T13:42:15.399788  ts_snf_r:2025-12-11T13:42:15.51883
In_Seqmsg    seq_x2traf:53  lat_snf_w_to_snf_r:00:00:00.119052  lat_x2write_to_snf_r:490410:42:15.51884  timestamps_x2write:1969-12-31T19:00:00  ts_snf_w:2025-12-11T13:42:15.399788  ts_snf_r:2025-12-11T13:42:15.51884
In_Seqmsg    seq_x2traf:54  lat_snf_w_to_snf_r:00:00:00.119057  lat_x2write_to_snf_r:490410:42:15.518845  timestamps_x2write:1969-12-31T19:00:00  ts_snf_w:2025-12-11T13:42:15.399788  ts_snf_r:2025-12-11T13:42:15.518845
In_Seqmsg    seq_x2traf:55  lat_snf_w_to_snf_r:00:00:00.119062  lat_x2write_to_snf_r:490410:42:15.51885  timestamps_x2write:1969-12-31T19:00:00  ts_snf_w:2025-12-11T13:42:15.399788  ts_snf_r:2025-12-11T13:42:15.51885
In_Seqmsg    seq_x2traf:56  lat_snf_w_to_snf_r:00:00:00.119067  lat_x2write_to_snf_r:490410:42:15.518855  timestamps_x2write:1969-12-31T19:00:00  ts_snf_w:2025-12-11T13:42:15.399788  ts_snf_r:2025-12-11T13:42:15.518855
In_Seqmsg    seq_x2traf:57  lat_snf_w_to_snf_r:00:00:00.119077  lat_x2write_to_snf_r:490410:42:15.518865  timestamps_x2write:1969-12-31T19:00:00  ts_snf_w:2025-12-11T13:42:15.399788  ts_snf_r:2025-12-11T13:42:15.518865
In_Seqmsg    seq_x2traf:58  lat_snf_w_to_snf_r:00:00:00.119082  lat_x2write_to_snf_r:490410:42:15.51887  timestamps_x2write:1969-12-31T19:00:00  ts_snf_w:2025-12-11T13:42:15.399788  ts_snf_r:2025-12-11T13:42:15.51887
In_Seqmsg    seq_x2traf:59  lat_snf_w_to_snf_r:00:00:00.119087  lat_x2write_to_snf_r:490410:42:15.518875  timestamps_x2write:1969-12-31T19:00:00  ts_snf_w:2025-12-11T13:42:15.399788  ts_snf_r:2025-12-11T13:42:15.518875
In_Seqmsg    seq_x2traf:60  lat_snf_w_to_snf_r:00:00:00.119092  lat_x2write_to_snf_r:490410:42:15.51888  timestamps_x2write:1969-12-31T19:00:00  ts_snf_w:2025-12-11T13:42:15.399788  ts_snf_r:2025-12-11T13:42:15.51888
In_Seqmsg    seq_x2traf:61  lat_snf_w_to_snf_r:00:00:00.105112  lat_x2write_to_snf_r:490410:42:15.518885  timestamps_x2write:1969-12-31T19:00:00  ts_snf_w:2025-12-11T13:42:15.413773  ts_snf_r:2025-12-11T13:42:15.518885
In_UGPubMsg header  msg.request_id:x2write-0-0.15
In_UGPubMsg  seq_x2traf:155  ts_snf_w:2025-12-11T13:42:15.520376
In_UGPubMsg  seq_x2traf:156  ts_snf_w:2025-12-11T13:42:15.520376
In_UGPubMsg  seq_x2traf:157  ts_snf_w:2025-12-11T13:42:15.520376
In_UGPubMsg  seq_x2traf:158  ts_snf_w:2025-12-11T13:42:15.520376
In_UGPubMsg  seq_x2traf:159  ts_snf_w:2025-12-11T13:42:15.520376
In_UGPubMsg  seq_x2traf:160  ts_snf_w:2025-12-11T13:42:15.520376
In_UGPubMsg  seq_x2traf:161  ts_snf_w:2025-12-11T13:42:15.520376
In_UGPubMsg  seq_x2traf:162  ts_snf_w:2025-12-11T13:42:15.520376
In_UGPubMsg  seq_x2traf:163  ts_snf_w:2025-12-11T13:42:15.520376
In_UGPubMsg  seq_x2traf:164  ts_snf_w:2025-12-11T13:42:15.520376
In_UGPubMsg  seq_x2traf:165  ts_snf_w:2025-12-11T13:42:15.520376
In_UGPubMsg  seq_x2traf:166  ts_snf_w:2025-12-11T13:42:15.520376
In_GUAckMsg beg_seq:154  ts_snf_w:2025-12-11T13:42:15.507397  ts_snf_wa:2025-12-11T13:42:15.525342  lat_snf_w_to_snf_wa:00:00:00.017945
In_Seqmsg    seq_x2traf:62  lat_snf_w_to_snf_r:00:00:00.111584  lat_x2write_to_snf_r:490410:42:15.525357  timestamps_x2write:1969-12-31T19:00:00  ts_snf_w:2025-12-11T13:42:15.413773  ts_snf_r:2025-12-11T13:42:15.525357
In_Seqmsg    seq_x2traf:63  lat_snf_w_to_snf_r:00:00:00.111592  lat_x2write_to_snf_r:490410:42:15.525365  timestamps_x2write:1969-12-31T19:00:00  ts_snf_w:2025-12-11T13:42:15.413773  ts_snf_r:2025-12-11T13:42:15.525365
In_Seqmsg    seq_x2traf:64  lat_snf_w_to_snf_r:00:00:00.111597  lat_x2write_to_snf_r:490410:42:15.52537  timestamps_x2write:1969-12-31T19:00:00  ts_snf_w:2025-12-11T13:42:15.413773  ts_snf_r:2025-12-11T13:42:15.52537
In_Seqmsg    seq_x2traf:65  lat_snf_w_to_snf_r:00:00:00.111602  lat_x2write_to_snf_r:490410:42:15.525375  timestamps_x2write:1969-12-31T19:00:00  ts_snf_w:2025-12-11T13:42:15.413773  ts_snf_r:2025-12-11T13:42:15.525375
In_Seqmsg    seq_x2traf:66  lat_snf_w_to_snf_r:00:00:00.111607  lat_x2write_to_snf_r:490410:42:15.52538  timestamps_x2write:1969-12-31T19:00:00  ts_snf_w:2025-12-11T13:42:15.413773  ts_snf_r:2025-12-11T13:42:15.52538
In_Seqmsg    seq_x2traf:67  lat_snf_w_to_snf_r:00:00:00.11162  lat_x2write_to_snf_r:490410:42:15.525393  timestamps_x2write:1969-12-31T19:00:00  ts_snf_w:2025-12-11T13:42:15.413773  ts_snf_r:2025-12-11T13:42:15.525393
In_Seqmsg    seq_x2traf:68  lat_snf_w_to_snf_r:00:00:00.111627  lat_x2write_to_snf_r:490410:42:15.5254  timestamps_x2write:1969-12-31T19:00:00  ts_snf_w:2025-12-11T13:42:15.413773  ts_snf_r:2025-12-11T13:42:15.5254
In_Seqmsg    seq_x2traf:69  lat_snf_w_to_snf_r:00:00:00.111634  lat_x2write_to_snf_r:490410:42:15.525407  timestamps_x2write:1969-12-31T19:00:00  ts_snf_w:2025-12-11T13:42:15.413773  ts_snf_r:2025-12-11T13:42:15.525407
In_Seqmsg    seq_x2traf:70  lat_snf_w_to_snf_r:00:00:00.11164  lat_x2write_to_snf_r:490410:42:15.525413  timestamps_x2write:1969-12-31T19:00:00  ts_snf_w:2025-12-11T13:42:15.413773  ts_snf_r:2025-12-11T13:42:15.525413
In_Seqmsg    seq_x2traf:71  lat_snf_w_to_snf_r:00:00:00.111647  lat_x2write_to_snf_r:490410:42:15.52542  timestamps_x2write:1969-12-31T19:00:00  ts_snf_w:2025-12-11T13:42:15.413773  ts_snf_r:2025-12-11T13:42:15.52542
In_Seqmsg    seq_x2traf:72  lat_snf_w_to_snf_r:00:00:00.116337  lat_x2write_to_snf_r:490410:42:15.53011  timestamps_x2write:1969-12-31T19:00:00  ts_snf_w:2025-12-11T13:42:15.413773  ts_snf_r:2025-12-11T13:42:15.53011
In_Seqmsg    seq_x2traf:73  lat_snf_w_to_snf_r:00:00:00.102721  lat_x2write_to_snf_r:490410:42:15.530122  timestamps_x2write:1969-12-31T19:00:00  ts_snf_w:2025-12-11T13:42:15.427401  ts_snf_r:2025-12-11T13:42:15.530122
In_Seqmsg    seq_x2traf:74  lat_snf_w_to_snf_r:00:00:00.102726  lat_x2write_to_snf_r:490410:42:15.530127  timestamps_x2write:1969-12-31T19:00:00  ts_snf_w:2025-12-11T13:42:15.427401  ts_snf_r:2025-12-11T13:42:15.530127
In_Seqmsg    seq_x2traf:75  lat_snf_w_to_snf_r:00:00:00.102731  lat_x2write_to_snf_r:490410:42:15.530132  timestamps_x2write:1969-12-31T19:00:00  ts_snf_w:2025-12-11T13:42:15.427401  ts_snf_r:2025-12-11T13:42:15.530132
In_Seqmsg    seq_x2traf:76  lat_snf_w_to_snf_r:00:00:00.102736  lat_x2write_to_snf_r:490410:42:15.530137  timestamps_x2write:1969-12-31T19:00:00  ts_snf_w:2025-12-11T13:42:15.427401  ts_snf_r:2025-12-11T13:42:15.530137
In_Seqmsg    seq_x2traf:77  lat_snf_w_to_snf_r:00:00:00.102746  lat_x2write_to_snf_r:490410:42:15.530147  timestamps_x2write:1969-12-31T19:00:00  ts_snf_w:2025-12-11T13:42:15.427401  ts_snf_r:2025-12-11T13:42:15.530147
In_Seqmsg    seq_x2traf:78  lat_snf_w_to_snf_r:00:00:00.102751  lat_x2write_to_snf_r:490410:42:15.530152  timestamps_x2write:1969-12-31T19:00:00  ts_snf_w:2025-12-11T13:42:15.427401  ts_snf_r:2025-12-11T13:42:15.530152
In_Seqmsg    seq_x2traf:79  lat_snf_w_to_snf_r:00:00:00.102756  lat_x2write_to_snf_r:490410:42:15.530157  timestamps_x2write:1969-12-31T19:00:00  ts_snf_w:2025-12-11T13:42:15.427401  ts_snf_r:2025-12-11T13:42:15.530157
In_Seqmsg    seq_x2traf:80  lat_snf_w_to_snf_r:00:00:00.102761  lat_x2write_to_snf_r:490410:42:15.530162  timestamps_x2write:1969-12-31T19:00:00  ts_snf_w:2025-12-11T13:42:15.427401  ts_snf_r:2025-12-11T13:42:15.530162
In_Seqmsg    seq_x2traf:81  lat_snf_w_to_snf_r:00:00:00.102766  lat_x2write_to_snf_r:490410:42:15.530167  timestamps_x2write:1969-12-31T19:00:00  ts_snf_w:2025-12-11T13:42:15.427401  ts_snf_r:2025-12-11T13:42:15.530167
In_UGPubMsg header  msg.request_id:x2write-0-0.16
In_UGPubMsg  seq_x2traf:167  ts_snf_w:2025-12-11T13:42:15.534171
In_UGPubMsg  seq_x2traf:168  ts_snf_w:2025-12-11T13:42:15.534171
In_UGPubMsg  seq_x2traf:169  ts_snf_w:2025-12-11T13:42:15.534171
In_UGPubMsg  seq_x2traf:170  ts_snf_w:2025-12-11T13:42:15.534171
In_UGPubMsg  seq_x2traf:171  ts_snf_w:2025-12-11T13:42:15.534171
In_UGPubMsg  seq_x2traf:172  ts_snf_w:2025-12-11T13:42:15.534171
In_UGPubMsg  seq_x2traf:173  ts_snf_w:2025-12-11T13:42:15.534171
In_UGPubMsg  seq_x2traf:174  ts_snf_w:2025-12-11T13:42:15.534171
In_UGPubMsg  seq_x2traf:175  ts_snf_w:2025-12-11T13:42:15.534171
In_UGPubMsg  seq_x2traf:176  ts_snf_w:2025-12-11T13:42:15.534171
In_UGPubMsg  seq_x2traf:177  ts_snf_w:2025-12-11T13:42:15.534171
In_UGPubMsg  seq_x2traf:178  ts_snf_w:2025-12-11T13:42:15.534171
In_Seqmsg    seq_x2traf:82  lat_snf_w_to_snf_r:00:00:00.108968  lat_x2write_to_snf_r:490410:42:15.536369  timestamps_x2write:1969-12-31T19:00:00  ts_snf_w:2025-12-11T13:42:15.427401  ts_snf_r:2025-12-11T13:42:15.536369
In_Seqmsg    seq_x2traf:83  lat_snf_w_to_snf_r:00:00:00.108987  lat_x2write_to_snf_r:490410:42:15.536388  timestamps_x2write:1969-12-31T19:00:00  ts_snf_w:2025-12-11T13:42:15.427401  ts_snf_r:2025-12-11T13:42:15.536388
In_Seqmsg    seq_x2traf:84  lat_snf_w_to_snf_r:00:00:00.108994  lat_x2write_to_snf_r:490410:42:15.536395  timestamps_x2write:1969-12-31T19:00:00  ts_snf_w:2025-12-11T13:42:15.427401  ts_snf_r:2025-12-11T13:42:15.536395
In_Seqmsg    seq_x2traf:85  lat_snf_w_to_snf_r:00:00:00.095193  lat_x2write_to_snf_r:490410:42:15.5364  timestamps_x2write:1969-12-31T19:00:00  ts_snf_w:2025-12-11T13:42:15.441207  ts_snf_r:2025-12-11T13:42:15.5364
In_Seqmsg    seq_x2traf:86  lat_snf_w_to_snf_r:00:00:00.095199  lat_x2write_to_snf_r:490410:42:15.536406  timestamps_x2write:1969-12-31T19:00:00  ts_snf_w:2025-12-11T13:42:15.441207  ts_snf_r:2025-12-11T13:42:15.536406
In_Seqmsg    seq_x2traf:87  lat_snf_w_to_snf_r:00:00:00.095205  lat_x2write_to_snf_r:490410:42:15.536412  timestamps_x2write:1969-12-31T19:00:00  ts_snf_w:2025-12-11T13:42:15.441207  ts_snf_r:2025-12-11T13:42:15.536412
In_Seqmsg    seq_x2traf:88  lat_snf_w_to_snf_r:00:00:00.09521  lat_x2write_to_snf_r:490410:42:15.536417  timestamps_x2write:1969-12-31T19:00:00  ts_snf_w:2025-12-11T13:42:15.441207  ts_snf_r:2025-12-11T13:42:15.536417
In_Seqmsg    seq_x2traf:89  lat_snf_w_to_snf_r:00:00:00.095216  lat_x2write_to_snf_r:490410:42:15.536423  timestamps_x2write:1969-12-31T19:00:00  ts_snf_w:2025-12-11T13:42:15.441207  ts_snf_r:2025-12-11T13:42:15.536423
In_Seqmsg    seq_x2traf:90  lat_snf_w_to_snf_r:00:00:00.095226  lat_x2write_to_snf_r:490410:42:15.536433  timestamps_x2write:1969-12-31T19:00:00  ts_snf_w:2025-12-11T13:42:15.441207  ts_snf_r:2025-12-11T13:42:15.536433
In_Seqmsg    seq_x2traf:91  lat_snf_w_to_snf_r:00:00:00.095239  lat_x2write_to_snf_r:490410:42:15.536446  timestamps_x2write:1969-12-31T19:00:00  ts_snf_w:2025-12-11T13:42:15.441207  ts_snf_r:2025-12-11T13:42:15.536446
In_GUAckMsg beg_seq:166  ts_snf_w:2025-12-11T13:42:15.520376  ts_snf_wa:2025-12-11T13:42:15.53897  lat_snf_w_to_snf_wa:00:00:00.018594
In_Seqmsg    seq_x2traf:92  lat_snf_w_to_snf_r:00:00:00.097782  lat_x2write_to_snf_r:490410:42:15.538989  timestamps_x2write:1969-12-31T19:00:00  ts_snf_w:2025-12-11T13:42:15.441207  ts_snf_r:2025-12-11T13:42:15.538989
In_Seqmsg    seq_x2traf:93  lat_snf_w_to_snf_r:00:00:00.09779  lat_x2write_to_snf_r:490410:42:15.538997  timestamps_x2write:1969-12-31T19:00:00  ts_snf_w:2025-12-11T13:42:15.441207  ts_snf_r:2025-12-11T13:42:15.538997
In_Seqmsg    seq_x2traf:94  lat_snf_w_to_snf_r:00:00:00.097795  lat_x2write_to_snf_r:490410:42:15.539002  timestamps_x2write:1969-12-31T19:00:00  ts_snf_w:2025-12-11T13:42:15.441207  ts_snf_r:2025-12-11T13:42:15.539002
In_Seqmsg    seq_x2traf:95  lat_snf_w_to_snf_r:00:00:00.097799  lat_x2write_to_snf_r:490410:42:15.539006  timestamps_x2write:1969-12-31T19:00:00  ts_snf_w:2025-12-11T13:42:15.441207  ts_snf_r:2025-12-11T13:42:15.539006
In_Seqmsg    seq_x2traf:96  lat_snf_w_to_snf_r:00:00:00.097809  lat_x2write_to_snf_r:490410:42:15.539016  timestamps_x2write:1969-12-31T19:00:00  ts_snf_w:2025-12-11T13:42:15.441207  ts_snf_r:2025-12-11T13:42:15.539016
In_Seqmsg    seq_x2traf:97  lat_snf_w_to_snf_r:00:00:00.084109  lat_x2write_to_snf_r:490410:42:15.539021  timestamps_x2write:1969-12-31T19:00:00  ts_snf_w:2025-12-11T13:42:15.454912  ts_snf_r:2025-12-11T13:42:15.539021
In_Seqmsg    seq_x2traf:98  lat_snf_w_to_snf_r:00:00:00.084114  lat_x2write_to_snf_r:490410:42:15.539026  timestamps_x2write:1969-12-31T19:00:00  ts_snf_w:2025-12-11T13:42:15.454912  ts_snf_r:2025-12-11T13:42:15.539026
In_Seqmsg    seq_x2traf:99  lat_snf_w_to_snf_r:00:00:00.08412  lat_x2write_to_snf_r:490410:42:15.539032  timestamps_x2write:1969-12-31T19:00:00  ts_snf_w:2025-12-11T13:42:15.454912  ts_snf_r:2025-12-11T13:42:15.539032
In_Seqmsg    seq_x2traf:100  lat_snf_w_to_snf_r:00:00:00.084125  lat_x2write_to_snf_r:490410:42:15.539037  timestamps_x2write:1969-12-31T19:00:00  ts_snf_w:2025-12-11T13:42:15.454912  ts_snf_r:2025-12-11T13:42:15.539037
In_Seqmsg    seq_x2traf:101  lat_snf_w_to_snf_r:00:00:00.084134  lat_x2write_to_snf_r:490410:42:15.539046  timestamps_x2write:1969-12-31T19:00:00  ts_snf_w:2025-12-11T13:42:15.454912  ts_snf_r:2025-12-11T13:42:15.539046
In_Seqmsg    seq_x2traf:102  lat_snf_w_to_snf_r:00:00:00.088523  lat_x2write_to_snf_r:490410:42:15.543435  timestamps_x2write:1969-12-31T19:00:00  ts_snf_w:2025-12-11T13:42:15.454912  ts_snf_r:2025-12-11T13:42:15.543435
In_Seqmsg    seq_x2traf:103  lat_snf_w_to_snf_r:00:00:00.088533  lat_x2write_to_snf_r:490410:42:15.543445  timestamps_x2write:1969-12-31T19:00:00  ts_snf_w:2025-12-11T13:42:15.454912  ts_snf_r:2025-12-11T13:42:15.543445
In_Seqmsg    seq_x2traf:104  lat_snf_w_to_snf_r:00:00:00.088538  lat_x2write_to_snf_r:490410:42:15.54345  timestamps_x2write:1969-12-31T19:00:00  ts_snf_w:2025-12-11T13:42:15.454912  ts_snf_r:2025-12-11T13:42:15.54345
In_Seqmsg    seq_x2traf:105  lat_snf_w_to_snf_r:00:00:00.088543  lat_x2write_to_snf_r:490410:42:15.543455  timestamps_x2write:1969-12-31T19:00:00  ts_snf_w:2025-12-11T13:42:15.454912  ts_snf_r:2025-12-11T13:42:15.543455
In_Seqmsg    seq_x2traf:106  lat_snf_w_to_snf_r:00:00:00.088554  lat_x2write_to_snf_r:490410:42:15.543466  timestamps_x2write:1969-12-31T19:00:00  ts_snf_w:2025-12-11T13:42:15.454912  ts_snf_r:2025-12-11T13:42:15.543466
In_Seqmsg    seq_x2traf:107  lat_snf_w_to_snf_r:00:00:00.088559  lat_x2write_to_snf_r:490410:42:15.543471  timestamps_x2write:1969-12-31T19:00:00  ts_snf_w:2025-12-11T13:42:15.454912  ts_snf_r:2025-12-11T13:42:15.543471
In_Seqmsg    seq_x2traf:108  lat_snf_w_to_snf_r:00:00:00.088565  lat_x2write_to_snf_r:490410:42:15.543477  timestamps_x2write:1969-12-31T19:00:00  ts_snf_w:2025-12-11T13:42:15.454912  ts_snf_r:2025-12-11T13:42:15.543477
In_Seqmsg    seq_x2traf:109  lat_snf_w_to_snf_r:00:00:00.074934  lat_x2write_to_snf_r:490410:42:15.543482  timestamps_x2write:1969-12-31T19:00:00  ts_snf_w:2025-12-11T13:42:15.468548  ts_snf_r:2025-12-11T13:42:15.543482
In_Seqmsg    seq_x2traf:110  lat_snf_w_to_snf_r:00:00:00.074939  lat_x2write_to_snf_r:490410:42:15.543487  timestamps_x2write:1969-12-31T19:00:00  ts_snf_w:2025-12-11T13:42:15.468548  ts_snf_r:2025-12-11T13:42:15.543487
In_Seqmsg    seq_x2traf:111  lat_snf_w_to_snf_r:00:00:00.074944  lat_x2write_to_snf_r:490410:42:15.543492  timestamps_x2write:1969-12-31T19:00:00  ts_snf_w:2025-12-11T13:42:15.468548  ts_snf_r:2025-12-11T13:42:15.543492
In_UGPubMsg header  msg.request_id:x2write-0-0.17
In_UGPubMsg  seq_x2traf:179  ts_snf_w:2025-12-11T13:42:15.547802
In_UGPubMsg  seq_x2traf:180  ts_snf_w:2025-12-11T13:42:15.547802
In_UGPubMsg  seq_x2traf:181  ts_snf_w:2025-12-11T13:42:15.547802
In_UGPubMsg  seq_x2traf:182  ts_snf_w:2025-12-11T13:42:15.547802
In_UGPubMsg  seq_x2traf:183  ts_snf_w:2025-12-11T13:42:15.547802
In_UGPubMsg  seq_x2traf:184  ts_snf_w:2025-12-11T13:42:15.547802
In_UGPubMsg  seq_x2traf:185  ts_snf_w:2025-12-11T13:42:15.547802
In_UGPubMsg  seq_x2traf:186  ts_snf_w:2025-12-11T13:42:15.547802
In_UGPubMsg  seq_x2traf:187  ts_snf_w:2025-12-11T13:42:15.547802
In_UGPubMsg  seq_x2traf:188  ts_snf_w:2025-12-11T13:42:15.547802
In_UGPubMsg  seq_x2traf:189  ts_snf_w:2025-12-11T13:42:15.547802
In_UGPubMsg  seq_x2traf:190  ts_snf_w:2025-12-11T13:42:15.547802
In_Seqmsg    seq_x2traf:112  lat_snf_w_to_snf_r:00:00:00.081677  lat_x2write_to_snf_r:490410:42:15.550225  timestamps_x2write:1969-12-31T19:00:00  ts_snf_w:2025-12-11T13:42:15.468548  ts_snf_r:2025-12-11T13:42:15.550225
In_Seqmsg    seq_x2traf:113  lat_snf_w_to_snf_r:00:00:00.081692  lat_x2write_to_snf_r:490410:42:15.55024  timestamps_x2write:1969-12-31T19:00:00  ts_snf_w:2025-12-11T13:42:15.468548  ts_snf_r:2025-12-11T13:42:15.55024
In_Seqmsg    seq_x2traf:114  lat_snf_w_to_snf_r:00:00:00.081697  lat_x2write_to_snf_r:490410:42:15.550245  timestamps_x2write:1969-12-31T19:00:00  ts_snf_w:2025-12-11T13:42:15.468548  ts_snf_r:2025-12-11T13:42:15.550245
In_Seqmsg    seq_x2traf:115  lat_snf_w_to_snf_r:00:00:00.081703  lat_x2write_to_snf_r:490410:42:15.550251  timestamps_x2write:1969-12-31T19:00:00  ts_snf_w:2025-12-11T13:42:15.468548  ts_snf_r:2025-12-11T13:42:15.550251
In_Seqmsg    seq_x2traf:116  lat_snf_w_to_snf_r:00:00:00.081709  lat_x2write_to_snf_r:490410:42:15.550257  timestamps_x2write:1969-12-31T19:00:00  ts_snf_w:2025-12-11T13:42:15.468548  ts_snf_r:2025-12-11T13:42:15.550257
In_Seqmsg    seq_x2traf:117  lat_snf_w_to_snf_r:00:00:00.081716  lat_x2write_to_snf_r:490410:42:15.550264  timestamps_x2write:1969-12-31T19:00:00  ts_snf_w:2025-12-11T13:42:15.468548  ts_snf_r:2025-12-11T13:42:15.550264
In_Seqmsg    seq_x2traf:118  lat_snf_w_to_snf_r:00:00:00.081722  lat_x2write_to_snf_r:490410:42:15.55027  timestamps_x2write:1969-12-31T19:00:00  ts_snf_w:2025-12-11T13:42:15.468548  ts_snf_r:2025-12-11T13:42:15.55027
In_Seqmsg    seq_x2traf:119  lat_snf_w_to_snf_r:00:00:00.081732  lat_x2write_to_snf_r:490410:42:15.55028  timestamps_x2write:1969-12-31T19:00:00  ts_snf_w:2025-12-11T13:42:15.468548  ts_snf_r:2025-12-11T13:42:15.55028
In_Seqmsg    seq_x2traf:120  lat_snf_w_to_snf_r:00:00:00.081742  lat_x2write_to_snf_r:490410:42:15.55029  timestamps_x2write:1969-12-31T19:00:00  ts_snf_w:2025-12-11T13:42:15.468548  ts_snf_r:2025-12-11T13:42:15.55029
In_Seqmsg    seq_x2traf:121  lat_snf_w_to_snf_r:00:00:00.068327  lat_x2write_to_snf_r:490410:42:15.5503  timestamps_x2write:1969-12-31T19:00:00  ts_snf_w:2025-12-11T13:42:15.481973  ts_snf_r:2025-12-11T13:42:15.5503
In_GUAckMsg beg_seq:178  ts_snf_w:2025-12-11T13:42:15.534171  ts_snf_wa:2025-12-11T13:42:15.553546  lat_snf_w_to_snf_wa:00:00:00.019375
In_Seqmsg    seq_x2traf:122  lat_snf_w_to_snf_r:00:00:00.074919  lat_x2write_to_snf_r:490410:42:15.556892  timestamps_x2write:1969-12-31T19:00:00  ts_snf_w:2025-12-11T13:42:15.481973  ts_snf_r:2025-12-11T13:42:15.556892
In_Seqmsg    seq_x2traf:123  lat_snf_w_to_snf_r:00:00:00.074931  lat_x2write_to_snf_r:490410:42:15.556904  timestamps_x2write:1969-12-31T19:00:00  ts_snf_w:2025-12-11T13:42:15.481973  ts_snf_r:2025-12-11T13:42:15.556904
In_Seqmsg    seq_x2traf:124  lat_snf_w_to_snf_r:00:00:00.074937  lat_x2write_to_snf_r:490410:42:15.55691  timestamps_x2write:1969-12-31T19:00:00  ts_snf_w:2025-12-11T13:42:15.481973  ts_snf_r:2025-12-11T13:42:15.55691
In_Seqmsg    seq_x2traf:125  lat_snf_w_to_snf_r:00:00:00.074942  lat_x2write_to_snf_r:490410:42:15.556915  timestamps_x2write:1969-12-31T19:00:00  ts_snf_w:2025-12-11T13:42:15.481973  ts_snf_r:2025-12-11T13:42:15.556915
In_Seqmsg    seq_x2traf:126  lat_snf_w_to_snf_r:00:00:00.074948  lat_x2write_to_snf_r:490410:42:15.556921  timestamps_x2write:1969-12-31T19:00:00  ts_snf_w:2025-12-11T13:42:15.481973  ts_snf_r:2025-12-11T13:42:15.556921
In_Seqmsg    seq_x2traf:127  lat_snf_w_to_snf_r:00:00:00.074958  lat_x2write_to_snf_r:490410:42:15.556931  timestamps_x2write:1969-12-31T19:00:00  ts_snf_w:2025-12-11T13:42:15.481973  ts_snf_r:2025-12-11T13:42:15.556931
In_Seqmsg    seq_x2traf:128  lat_snf_w_to_snf_r:00:00:00.074964  lat_x2write_to_snf_r:490410:42:15.556937  timestamps_x2write:1969-12-31T19:00:00  ts_snf_w:2025-12-11T13:42:15.481973  ts_snf_r:2025-12-11T13:42:15.556937
In_Seqmsg    seq_x2traf:129  lat_snf_w_to_snf_r:00:00:00.074968  lat_x2write_to_snf_r:490410:42:15.556941  timestamps_x2write:1969-12-31T19:00:00  ts_snf_w:2025-12-11T13:42:15.481973  ts_snf_r:2025-12-11T13:42:15.556941
In_Seqmsg    seq_x2traf:130  lat_snf_w_to_snf_r:00:00:00.074974  lat_x2write_to_snf_r:490410:42:15.556947  timestamps_x2write:1969-12-31T19:00:00  ts_snf_w:2025-12-11T13:42:15.481973  ts_snf_r:2025-12-11T13:42:15.556947
In_Seqmsg    seq_x2traf:131  lat_snf_w_to_snf_r:00:00:00.074979  lat_x2write_to_snf_r:490410:42:15.556952  timestamps_x2write:1969-12-31T19:00:00  ts_snf_w:2025-12-11T13:42:15.481973  ts_snf_r:2025-12-11T13:42:15.556952
In_UGPubMsg header  msg.request_id:x2write-0-0.18
In_UGPubMsg  seq_x2traf:191  ts_snf_w:2025-12-11T13:42:15.561874
In_UGPubMsg  seq_x2traf:192  ts_snf_w:2025-12-11T13:42:15.561874
In_UGPubMsg  seq_x2traf:193  ts_snf_w:2025-12-11T13:42:15.561874
In_UGPubMsg  seq_x2traf:194  ts_snf_w:2025-12-11T13:42:15.561874
In_UGPubMsg  seq_x2traf:195  ts_snf_w:2025-12-11T13:42:15.561874
In_UGPubMsg  seq_x2traf:196  ts_snf_w:2025-12-11T13:42:15.561874
In_UGPubMsg  seq_x2traf:197  ts_snf_w:2025-12-11T13:42:15.561874
In_UGPubMsg  seq_x2traf:198  ts_snf_w:2025-12-11T13:42:15.561874
In_UGPubMsg  seq_x2traf:199  ts_snf_w:2025-12-11T13:42:15.561874
In_UGPubMsg  seq_x2traf:200  ts_snf_w:2025-12-11T13:42:15.561874
In_UGPubMsg  seq_x2traf:201  ts_snf_w:2025-12-11T13:42:15.561874
In_UGPubMsg  seq_x2traf:202  ts_snf_w:2025-12-11T13:42:15.561874
In_Seqmsg    seq_x2traf:132  lat_snf_w_to_snf_r:00:00:00.080162  lat_x2write_to_snf_r:490410:42:15.562135  timestamps_x2write:1969-12-31T19:00:00  ts_snf_w:2025-12-11T13:42:15.481973  ts_snf_r:2025-12-11T13:42:15.562135
In_Seqmsg    seq_x2traf:133  lat_snf_w_to_snf_r:00:00:00.066773  lat_x2write_to_snf_r:490410:42:15.562144  timestamps_x2write:1969-12-31T19:00:00  ts_snf_w:2025-12-11T13:42:15.495371  ts_snf_r:2025-12-11T13:42:15.562144
In_Seqmsg    seq_x2traf:134  lat_snf_w_to_snf_r:00:00:00.066778  lat_x2write_to_snf_r:490410:42:15.562149  timestamps_x2write:1969-12-31T19:00:00  ts_snf_w:2025-12-11T13:42:15.495371  ts_snf_r:2025-12-11T13:42:15.562149
In_Seqmsg    seq_x2traf:135  lat_snf_w_to_snf_r:00:00:00.066783  lat_x2write_to_snf_r:490410:42:15.562154  timestamps_x2write:1969-12-31T19:00:00  ts_snf_w:2025-12-11T13:42:15.495371  ts_snf_r:2025-12-11T13:42:15.562154
In_Seqmsg    seq_x2traf:136  lat_snf_w_to_snf_r:00:00:00.066788  lat_x2write_to_snf_r:490410:42:15.562159  timestamps_x2write:1969-12-31T19:00:00  ts_snf_w:2025-12-11T13:42:15.495371  ts_snf_r:2025-12-11T13:42:15.562159
In_Seqmsg    seq_x2traf:137  lat_snf_w_to_snf_r:00:00:00.066798  lat_x2write_to_snf_r:490410:42:15.562169  timestamps_x2write:1969-12-31T19:00:00  ts_snf_w:2025-12-11T13:42:15.495371  ts_snf_r:2025-12-11T13:42:15.562169
In_Seqmsg    seq_x2traf:138  lat_snf_w_to_snf_r:00:00:00.066803  lat_x2write_to_snf_r:490410:42:15.562174  timestamps_x2write:1969-12-31T19:00:00  ts_snf_w:2025-12-11T13:42:15.495371  ts_snf_r:2025-12-11T13:42:15.562174
In_Seqmsg    seq_x2traf:139  lat_snf_w_to_snf_r:00:00:00.066807  lat_x2write_to_snf_r:490410:42:15.562178  timestamps_x2write:1969-12-31T19:00:00  ts_snf_w:2025-12-11T13:42:15.495371  ts_snf_r:2025-12-11T13:42:15.562178
In_Seqmsg    seq_x2traf:140  lat_snf_w_to_snf_r:00:00:00.066813  lat_x2write_to_snf_r:490410:42:15.562184  timestamps_x2write:1969-12-31T19:00:00  ts_snf_w:2025-12-11T13:42:15.495371  ts_snf_r:2025-12-11T13:42:15.562184
In_Seqmsg    seq_x2traf:141  lat_snf_w_to_snf_r:00:00:00.066817  lat_x2write_to_snf_r:490410:42:15.562188  timestamps_x2write:1969-12-31T19:00:00  ts_snf_w:2025-12-11T13:42:15.495371  ts_snf_r:2025-12-11T13:42:15.562188
In_GUAckMsg beg_seq:190  ts_snf_w:2025-12-11T13:42:15.547802  ts_snf_wa:2025-12-11T13:42:15.5655  lat_snf_w_to_snf_wa:00:00:00.017698
In_Seqmsg    seq_x2traf:142  lat_snf_w_to_snf_r:00:00:00.072638  lat_x2write_to_snf_r:490410:42:15.568009  timestamps_x2write:1969-12-31T19:00:00  ts_snf_w:2025-12-11T13:42:15.495371  ts_snf_r:2025-12-11T13:42:15.568009
In_Seqmsg    seq_x2traf:143  lat_snf_w_to_snf_r:00:00:00.072649  lat_x2write_to_snf_r:490410:42:15.56802  timestamps_x2write:1969-12-31T19:00:00  ts_snf_w:2025-12-11T13:42:15.495371  ts_snf_r:2025-12-11T13:42:15.56802
In_Seqmsg    seq_x2traf:144  lat_snf_w_to_snf_r:00:00:00.072654  lat_x2write_to_snf_r:490410:42:15.568025  timestamps_x2write:1969-12-31T19:00:00  ts_snf_w:2025-12-11T13:42:15.495371  ts_snf_r:2025-12-11T13:42:15.568025
In_Seqmsg    seq_x2traf:145  lat_snf_w_to_snf_r:00:00:00.060633  lat_x2write_to_snf_r:490410:42:15.56803  timestamps_x2write:1969-12-31T19:00:00  ts_snf_w:2025-12-11T13:42:15.507397  ts_snf_r:2025-12-11T13:42:15.56803
In_Seqmsg    seq_x2traf:146  lat_snf_w_to_snf_r:00:00:00.060639  lat_x2write_to_snf_r:490410:42:15.568036  timestamps_x2write:1969-12-31T19:00:00  ts_snf_w:2025-12-11T13:42:15.507397  ts_snf_r:2025-12-11T13:42:15.568036
In_Seqmsg    seq_x2traf:147  lat_snf_w_to_snf_r:00:00:00.060649  lat_x2write_to_snf_r:490410:42:15.568046  timestamps_x2write:1969-12-31T19:00:00  ts_snf_w:2025-12-11T13:42:15.507397  ts_snf_r:2025-12-11T13:42:15.568046
In_Seqmsg    seq_x2traf:148  lat_snf_w_to_snf_r:00:00:00.060654  lat_x2write_to_snf_r:490410:42:15.568051  timestamps_x2write:1969-12-31T19:00:00  ts_snf_w:2025-12-11T13:42:15.507397  ts_snf_r:2025-12-11T13:42:15.568051
In_Seqmsg    seq_x2traf:149  lat_snf_w_to_snf_r:00:00:00.060658  lat_x2write_to_snf_r:490410:42:15.568055  timestamps_x2write:1969-12-31T19:00:00  ts_snf_w:2025-12-11T13:42:15.507397  ts_snf_r:2025-12-11T13:42:15.568055
In_Seqmsg    seq_x2traf:150  lat_snf_w_to_snf_r:00:00:00.060663  lat_x2write_to_snf_r:490410:42:15.56806  timestamps_x2write:1969-12-31T19:00:00  ts_snf_w:2025-12-11T13:42:15.507397  ts_snf_r:2025-12-11T13:42:15.56806
In_Seqmsg    seq_x2traf:151  lat_snf_w_to_snf_r:00:00:00.060668  lat_x2write_to_snf_r:490410:42:15.568065  timestamps_x2write:1969-12-31T19:00:00  ts_snf_w:2025-12-11T13:42:15.507397  ts_snf_r:2025-12-11T13:42:15.568065
In_Seqmsg    seq_x2traf:152  lat_snf_w_to_snf_r:00:00:00.064041  lat_x2write_to_snf_r:490410:42:15.571438  timestamps_x2write:1969-12-31T19:00:00  ts_snf_w:2025-12-11T13:42:15.507397  ts_snf_r:2025-12-11T13:42:15.571438
In_Seqmsg    seq_x2traf:153  lat_snf_w_to_snf_r:00:00:00.06405  lat_x2write_to_snf_r:490410:42:15.571447  timestamps_x2write:1969-12-31T19:00:00  ts_snf_w:2025-12-11T13:42:15.507397  ts_snf_r:2025-12-11T13:42:15.571447
In_Seqmsg    seq_x2traf:154  lat_snf_w_to_snf_r:00:00:00.064055  lat_x2write_to_snf_r:490410:42:15.571452  timestamps_x2write:1969-12-31T19:00:00  ts_snf_w:2025-12-11T13:42:15.507397  ts_snf_r:2025-12-11T13:42:15.571452
In_Seqmsg    seq_x2traf:155  lat_snf_w_to_snf_r:00:00:00.051081  lat_x2write_to_snf_r:490410:42:15.571457  timestamps_x2write:1969-12-31T19:00:00  ts_snf_w:2025-12-11T13:42:15.520376  ts_snf_r:2025-12-11T13:42:15.571457
In_Seqmsg    seq_x2traf:156  lat_snf_w_to_snf_r:00:00:00.051086  lat_x2write_to_snf_r:490410:42:15.571462  timestamps_x2write:1969-12-31T19:00:00  ts_snf_w:2025-12-11T13:42:15.520376  ts_snf_r:2025-12-11T13:42:15.571462
In_Seqmsg    seq_x2traf:157  lat_snf_w_to_snf_r:00:00:00.051096  lat_x2write_to_snf_r:490410:42:15.571472  timestamps_x2write:1969-12-31T19:00:00  ts_snf_w:2025-12-11T13:42:15.520376  ts_snf_r:2025-12-11T13:42:15.571472
In_Seqmsg    seq_x2traf:158  lat_snf_w_to_snf_r:00:00:00.051101  lat_x2write_to_snf_r:490410:42:15.571477  timestamps_x2write:1969-12-31T19:00:00  ts_snf_w:2025-12-11T13:42:15.520376  ts_snf_r:2025-12-11T13:42:15.571477
In_Seqmsg    seq_x2traf:159  lat_snf_w_to_snf_r:00:00:00.051105  lat_x2write_to_snf_r:490410:42:15.571481  timestamps_x2write:1969-12-31T19:00:00  ts_snf_w:2025-12-11T13:42:15.520376  ts_snf_r:2025-12-11T13:42:15.571481
In_Seqmsg    seq_x2traf:160  lat_snf_w_to_snf_r:00:00:00.05111  lat_x2write_to_snf_r:490410:42:15.571486  timestamps_x2write:1969-12-31T19:00:00  ts_snf_w:2025-12-11T13:42:15.520376  ts_snf_r:2025-12-11T13:42:15.571486
In_Seqmsg    seq_x2traf:161  lat_snf_w_to_snf_r:00:00:00.051115  lat_x2write_to_snf_r:490410:42:15.571491  timestamps_x2write:1969-12-31T19:00:00  ts_snf_w:2025-12-11T13:42:15.520376  ts_snf_r:2025-12-11T13:42:15.571491
In_UGPubMsg header  msg.request_id:x2write-0-0.19
In_UGPubMsg  seq_x2traf:203  ts_snf_w:2025-12-11T13:42:15.575582
In_UGPubMsg  seq_x2traf:204  ts_snf_w:2025-12-11T13:42:15.575582
In_UGPubMsg  seq_x2traf:205  ts_snf_w:2025-12-11T13:42:15.575582
In_UGPubMsg  seq_x2traf:206  ts_snf_w:2025-12-11T13:42:15.575582
In_UGPubMsg  seq_x2traf:207  ts_snf_w:2025-12-11T13:42:15.575582
In_UGPubMsg  seq_x2traf:208  ts_snf_w:2025-12-11T13:42:15.575582
In_UGPubMsg  seq_x2traf:209  ts_snf_w:2025-12-11T13:42:15.575582
In_UGPubMsg  seq_x2traf:210  ts_snf_w:2025-12-11T13:42:15.575582
In_UGPubMsg  seq_x2traf:211  ts_snf_w:2025-12-11T13:42:15.575582
In_UGPubMsg  seq_x2traf:212  ts_snf_w:2025-12-11T13:42:15.575582
In_UGPubMsg  seq_x2traf:213  ts_snf_w:2025-12-11T13:42:15.575582
In_UGPubMsg  seq_x2traf:214  ts_snf_w:2025-12-11T13:42:15.575582
In_Seqmsg    seq_x2traf:162  lat_snf_w_to_snf_r:00:00:00.055593  lat_x2write_to_snf_r:490410:42:15.575969  timestamps_x2write:1969-12-31T19:00:00  ts_snf_w:2025-12-11T13:42:15.520376  ts_snf_r:2025-12-11T13:42:15.575969
In_Seqmsg    seq_x2traf:163  lat_snf_w_to_snf_r:00:00:00.055602  lat_x2write_to_snf_r:490410:42:15.575978  timestamps_x2write:1969-12-31T19:00:00  ts_snf_w:2025-12-11T13:42:15.520376  ts_snf_r:2025-12-11T13:42:15.575978
In_Seqmsg    seq_x2traf:164  lat_snf_w_to_snf_r:00:00:00.055607  lat_x2write_to_snf_r:490410:42:15.575983  timestamps_x2write:1969-12-31T19:00:00  ts_snf_w:2025-12-11T13:42:15.520376  ts_snf_r:2025-12-11T13:42:15.575983
In_Seqmsg    seq_x2traf:165  lat_snf_w_to_snf_r:00:00:00.055612  lat_x2write_to_snf_r:490410:42:15.575988  timestamps_x2write:1969-12-31T19:00:00  ts_snf_w:2025-12-11T13:42:15.520376  ts_snf_r:2025-12-11T13:42:15.575988
In_Seqmsg    seq_x2traf:166  lat_snf_w_to_snf_r:00:00:00.055617  lat_x2write_to_snf_r:490410:42:15.575993  timestamps_x2write:1969-12-31T19:00:00  ts_snf_w:2025-12-11T13:42:15.520376  ts_snf_r:2025-12-11T13:42:15.575993
In_Seqmsg    seq_x2traf:167  lat_snf_w_to_snf_r:00:00:00.041832  lat_x2write_to_snf_r:490410:42:15.576003  timestamps_x2write:1969-12-31T19:00:00  ts_snf_w:2025-12-11T13:42:15.534171  ts_snf_r:2025-12-11T13:42:15.576003
In_Seqmsg    seq_x2traf:168  lat_snf_w_to_snf_r:00:00:00.041837  lat_x2write_to_snf_r:490410:42:15.576008  timestamps_x2write:1969-12-31T19:00:00  ts_snf_w:2025-12-11T13:42:15.534171  ts_snf_r:2025-12-11T13:42:15.576008
In_Seqmsg    seq_x2traf:169  lat_snf_w_to_snf_r:00:00:00.041841  lat_x2write_to_snf_r:490410:42:15.576012  timestamps_x2write:1969-12-31T19:00:00  ts_snf_w:2025-12-11T13:42:15.534171  ts_snf_r:2025-12-11T13:42:15.576012
In_Seqmsg    seq_x2traf:170  lat_snf_w_to_snf_r:00:00:00.041846  lat_x2write_to_snf_r:490410:42:15.576017  timestamps_x2write:1969-12-31T19:00:00  ts_snf_w:2025-12-11T13:42:15.534171  ts_snf_r:2025-12-11T13:42:15.576017
In_Seqmsg    seq_x2traf:171  lat_snf_w_to_snf_r:00:00:00.041851  lat_x2write_to_snf_r:490410:42:15.576022  timestamps_x2write:1969-12-31T19:00:00  ts_snf_w:2025-12-11T13:42:15.534171  ts_snf_r:2025-12-11T13:42:15.576022
In_GUAckMsg beg_seq:202  ts_snf_w:2025-12-11T13:42:15.561874  ts_snf_wa:2025-12-11T13:42:15.578277  lat_snf_w_to_snf_wa:00:00:00.016403
In_Seqmsg    seq_x2traf:172  lat_snf_w_to_snf_r:00:00:00.047361  lat_x2write_to_snf_r:490410:42:15.581532  timestamps_x2write:1969-12-31T19:00:00  ts_snf_w:2025-12-11T13:42:15.534171  ts_snf_r:2025-12-11T13:42:15.581532
In_Seqmsg    seq_x2traf:173  lat_snf_w_to_snf_r:00:00:00.04737  lat_x2write_to_snf_r:490410:42:15.581541  timestamps_x2write:1969-12-31T19:00:00  ts_snf_w:2025-12-11T13:42:15.534171  ts_snf_r:2025-12-11T13:42:15.581541
In_Seqmsg    seq_x2traf:174  lat_snf_w_to_snf_r:00:00:00.047375  lat_x2write_to_snf_r:490410:42:15.581546  timestamps_x2write:1969-12-31T19:00:00  ts_snf_w:2025-12-11T13:42:15.534171  ts_snf_r:2025-12-11T13:42:15.581546
In_Seqmsg    seq_x2traf:175  lat_snf_w_to_snf_r:00:00:00.04738  lat_x2write_to_snf_r:490410:42:15.581551  timestamps_x2write:1969-12-31T19:00:00  ts_snf_w:2025-12-11T13:42:15.534171  ts_snf_r:2025-12-11T13:42:15.581551
In_Seqmsg    seq_x2traf:176  lat_snf_w_to_snf_r:00:00:00.047385  lat_x2write_to_snf_r:490410:42:15.581556  timestamps_x2write:1969-12-31T19:00:00  ts_snf_w:2025-12-11T13:42:15.534171  ts_snf_r:2025-12-11T13:42:15.581556
In_Seqmsg    seq_x2traf:177  lat_snf_w_to_snf_r:00:00:00.047395  lat_x2write_to_snf_r:490410:42:15.581566  timestamps_x2write:1969-12-31T19:00:00  ts_snf_w:2025-12-11T13:42:15.534171  ts_snf_r:2025-12-11T13:42:15.581566
In_Seqmsg    seq_x2traf:178  lat_snf_w_to_snf_r:00:00:00.0474  lat_x2write_to_snf_r:490410:42:15.581571  timestamps_x2write:1969-12-31T19:00:00  ts_snf_w:2025-12-11T13:42:15.534171  ts_snf_r:2025-12-11T13:42:15.581571
In_Seqmsg    seq_x2traf:179  lat_snf_w_to_snf_r:00:00:00.033773  lat_x2write_to_snf_r:490410:42:15.581575  timestamps_x2write:1969-12-31T19:00:00  ts_snf_w:2025-12-11T13:42:15.547802  ts_snf_r:2025-12-11T13:42:15.581575
In_Seqmsg    seq_x2traf:180  lat_snf_w_to_snf_r:00:00:00.033778  lat_x2write_to_snf_r:490410:42:15.58158  timestamps_x2write:1969-12-31T19:00:00  ts_snf_w:2025-12-11T13:42:15.547802  ts_snf_r:2025-12-11T13:42:15.58158
In_Seqmsg    seq_x2traf:181  lat_snf_w_to_snf_r:00:00:00.033783  lat_x2write_to_snf_r:490410:42:15.581585  timestamps_x2write:1969-12-31T19:00:00  ts_snf_w:2025-12-11T13:42:15.547802  ts_snf_r:2025-12-11T13:42:15.581585
In_Seqmsg    seq_x2traf:182  lat_snf_w_to_snf_r:00:00:00.038184  lat_x2write_to_snf_r:490410:42:15.585986  timestamps_x2write:1969-12-31T19:00:00  ts_snf_w:2025-12-11T13:42:15.547802  ts_snf_r:2025-12-11T13:42:15.585986
In_Seqmsg    seq_x2traf:183  lat_snf_w_to_snf_r:00:00:00.038194  lat_x2write_to_snf_r:490410:42:15.585996  timestamps_x2write:1969-12-31T19:00:00  ts_snf_w:2025-12-11T13:42:15.547802  ts_snf_r:2025-12-11T13:42:15.585996
In_Seqmsg    seq_x2traf:184  lat_snf_w_to_snf_r:00:00:00.038199  lat_x2write_to_snf_r:490410:42:15.586001  timestamps_x2write:1969-12-31T19:00:00  ts_snf_w:2025-12-11T13:42:15.547802  ts_snf_r:2025-12-11T13:42:15.586001
In_Seqmsg    seq_x2traf:185  lat_snf_w_to_snf_r:00:00:00.038204  lat_x2write_to_snf_r:490410:42:15.586006  timestamps_x2write:1969-12-31T19:00:00  ts_snf_w:2025-12-11T13:42:15.547802  ts_snf_r:2025-12-11T13:42:15.586006
In_Seqmsg    seq_x2traf:186  lat_snf_w_to_snf_r:00:00:00.038209  lat_x2write_to_snf_r:490410:42:15.586011  timestamps_x2write:1969-12-31T19:00:00  ts_snf_w:2025-12-11T13:42:15.547802  ts_snf_r:2025-12-11T13:42:15.586011
In_Seqmsg    seq_x2traf:187  lat_snf_w_to_snf_r:00:00:00.038219  lat_x2write_to_snf_r:490410:42:15.586021  timestamps_x2write:1969-12-31T19:00:00  ts_snf_w:2025-12-11T13:42:15.547802  ts_snf_r:2025-12-11T13:42:15.586021
In_Seqmsg    seq_x2traf:188  lat_snf_w_to_snf_r:00:00:00.038224  lat_x2write_to_snf_r:490410:42:15.586026  timestamps_x2write:1969-12-31T19:00:00  ts_snf_w:2025-12-11T13:42:15.547802  ts_snf_r:2025-12-11T13:42:15.586026
In_Seqmsg    seq_x2traf:189  lat_snf_w_to_snf_r:00:00:00.038229  lat_x2write_to_snf_r:490410:42:15.586031  timestamps_x2write:1969-12-31T19:00:00  ts_snf_w:2025-12-11T13:42:15.547802  ts_snf_r:2025-12-11T13:42:15.586031
In_Seqmsg    seq_x2traf:190  lat_snf_w_to_snf_r:00:00:00.038234  lat_x2write_to_snf_r:490410:42:15.586036  timestamps_x2write:1969-12-31T19:00:00  ts_snf_w:2025-12-11T13:42:15.547802  ts_snf_r:2025-12-11T13:42:15.586036
In_Seqmsg    seq_x2traf:191  lat_snf_w_to_snf_r:00:00:00.024167  lat_x2write_to_snf_r:490410:42:15.586041  timestamps_x2write:1969-12-31T19:00:00  ts_snf_w:2025-12-11T13:42:15.561874  ts_snf_r:2025-12-11T13:42:15.586041
In_UGPubMsg header  msg.request_id:x2write-0-0.20
In_UGPubMsg  seq_x2traf:215  ts_snf_w:2025-12-11T13:42:15.589195
In_UGPubMsg  seq_x2traf:216  ts_snf_w:2025-12-11T13:42:15.589195
In_UGPubMsg  seq_x2traf:217  ts_snf_w:2025-12-11T13:42:15.589195
In_UGPubMsg  seq_x2traf:218  ts_snf_w:2025-12-11T13:42:15.589195
In_UGPubMsg  seq_x2traf:219  ts_snf_w:2025-12-11T13:42:15.589195
In_UGPubMsg  seq_x2traf:220  ts_snf_w:2025-12-11T13:42:15.589195
In_UGPubMsg  seq_x2traf:221  ts_snf_w:2025-12-11T13:42:15.589195
In_UGPubMsg  seq_x2traf:222  ts_snf_w:2025-12-11T13:42:15.589195
In_UGPubMsg  seq_x2traf:223  ts_snf_w:2025-12-11T13:42:15.589195
In_UGPubMsg  seq_x2traf:224  ts_snf_w:2025-12-11T13:42:15.589195
In_UGPubMsg  seq_x2traf:225  ts_snf_w:2025-12-11T13:42:15.589195
In_UGPubMsg  seq_x2traf:226  ts_snf_w:2025-12-11T13:42:15.589195
In_Seqmsg    seq_x2traf:192  lat_snf_w_to_snf_r:00:00:00.029187  lat_x2write_to_snf_r:490410:42:15.591061  timestamps_x2write:1969-12-31T19:00:00  ts_snf_w:2025-12-11T13:42:15.561874  ts_snf_r:2025-12-11T13:42:15.591061
In_Seqmsg    seq_x2traf:193  lat_snf_w_to_snf_r:00:00:00.029197  lat_x2write_to_snf_r:490410:42:15.591071  timestamps_x2write:1969-12-31T19:00:00  ts_snf_w:2025-12-11T13:42:15.561874  ts_snf_r:2025-12-11T13:42:15.591071
In_Seqmsg    seq_x2traf:194  lat_snf_w_to_snf_r:00:00:00.029202  lat_x2write_to_snf_r:490410:42:15.591076  timestamps_x2write:1969-12-31T19:00:00  ts_snf_w:2025-12-11T13:42:15.561874  ts_snf_r:2025-12-11T13:42:15.591076
In_Seqmsg    seq_x2traf:195  lat_snf_w_to_snf_r:00:00:00.029207  lat_x2write_to_snf_r:490410:42:15.591081  timestamps_x2write:1969-12-31T19:00:00  ts_snf_w:2025-12-11T13:42:15.561874  ts_snf_r:2025-12-11T13:42:15.591081
In_Seqmsg    seq_x2traf:196  lat_snf_w_to_snf_r:00:00:00.029212  lat_x2write_to_snf_r:490410:42:15.591086  timestamps_x2write:1969-12-31T19:00:00  ts_snf_w:2025-12-11T13:42:15.561874  ts_snf_r:2025-12-11T13:42:15.591086
In_Seqmsg    seq_x2traf:197  lat_snf_w_to_snf_r:00:00:00.029222  lat_x2write_to_snf_r:490410:42:15.591096  timestamps_x2write:1969-12-31T19:00:00  ts_snf_w:2025-12-11T13:42:15.561874  ts_snf_r:2025-12-11T13:42:15.591096
In_Seqmsg    seq_x2traf:198  lat_snf_w_to_snf_r:00:00:00.029227  lat_x2write_to_snf_r:490410:42:15.591101  timestamps_x2write:1969-12-31T19:00:00  ts_snf_w:2025-12-11T13:42:15.561874  ts_snf_r:2025-12-11T13:42:15.591101
In_Seqmsg    seq_x2traf:199  lat_snf_w_to_snf_r:00:00:00.029232  lat_x2write_to_snf_r:490410:42:15.591106  timestamps_x2write:1969-12-31T19:00:00  ts_snf_w:2025-12-11T13:42:15.561874  ts_snf_r:2025-12-11T13:42:15.591106
In_Seqmsg    seq_x2traf:200  lat_snf_w_to_snf_r:00:00:00.029237  lat_x2write_to_snf_r:490410:42:15.591111  timestamps_x2write:1969-12-31T19:00:00  ts_snf_w:2025-12-11T13:42:15.561874  ts_snf_r:2025-12-11T13:42:15.591111
In_Seqmsg    seq_x2traf:201  lat_snf_w_to_snf_r:00:00:00.029241  lat_x2write_to_snf_r:490410:42:15.591115  timestamps_x2write:1969-12-31T19:00:00  ts_snf_w:2025-12-11T13:42:15.561874  ts_snf_r:2025-12-11T13:42:15.591115
In_GUAckMsg beg_seq:214  ts_snf_w:2025-12-11T13:42:15.575582  ts_snf_wa:2025-12-11T13:42:15.593766  lat_snf_w_to_snf_wa:00:00:00.018184
In_Seqmsg    seq_x2traf:202  lat_snf_w_to_snf_r:00:00:00.035229  lat_x2write_to_snf_r:490410:42:15.597103  timestamps_x2write:1969-12-31T19:00:00  ts_snf_w:2025-12-11T13:42:15.561874  ts_snf_r:2025-12-11T13:42:15.597103
In_Seqmsg    seq_x2traf:203  lat_snf_w_to_snf_r:00:00:00.02153  lat_x2write_to_snf_r:490410:42:15.597112  timestamps_x2write:1969-12-31T19:00:00  ts_snf_w:2025-12-11T13:42:15.575582  ts_snf_r:2025-12-11T13:42:15.597112
In_Seqmsg    seq_x2traf:204  lat_snf_w_to_snf_r:00:00:00.021535  lat_x2write_to_snf_r:490410:42:15.597117  timestamps_x2write:1969-12-31T19:00:00  ts_snf_w:2025-12-11T13:42:15.575582  ts_snf_r:2025-12-11T13:42:15.597117
In_Seqmsg    seq_x2traf:205  lat_snf_w_to_snf_r:00:00:00.02154  lat_x2write_to_snf_r:490410:42:15.597122  timestamps_x2write:1969-12-31T19:00:00  ts_snf_w:2025-12-11T13:42:15.575582  ts_snf_r:2025-12-11T13:42:15.597122
In_Seqmsg    seq_x2traf:206  lat_snf_w_to_snf_r:00:00:00.021545  lat_x2write_to_snf_r:490410:42:15.597127  timestamps_x2write:1969-12-31T19:00:00  ts_snf_w:2025-12-11T13:42:15.575582  ts_snf_r:2025-12-11T13:42:15.597127
In_Seqmsg    seq_x2traf:207  lat_snf_w_to_snf_r:00:00:00.021555  lat_x2write_to_snf_r:490410:42:15.597137  timestamps_x2write:1969-12-31T19:00:00  ts_snf_w:2025-12-11T13:42:15.575582  ts_snf_r:2025-12-11T13:42:15.597137
In_Seqmsg    seq_x2traf:208  lat_snf_w_to_snf_r:00:00:00.02156  lat_x2write_to_snf_r:490410:42:15.597142  timestamps_x2write:1969-12-31T19:00:00  ts_snf_w:2025-12-11T13:42:15.575582  ts_snf_r:2025-12-11T13:42:15.597142
In_Seqmsg    seq_x2traf:209  lat_snf_w_to_snf_r:00:00:00.021564  lat_x2write_to_snf_r:490410:42:15.597146  timestamps_x2write:1969-12-31T19:00:00  ts_snf_w:2025-12-11T13:42:15.575582  ts_snf_r:2025-12-11T13:42:15.597146
In_Seqmsg    seq_x2traf:210  lat_snf_w_to_snf_r:00:00:00.021569  lat_x2write_to_snf_r:490410:42:15.597151  timestamps_x2write:1969-12-31T19:00:00  ts_snf_w:2025-12-11T13:42:15.575582  ts_snf_r:2025-12-11T13:42:15.597151
In_Seqmsg    seq_x2traf:211  lat_snf_w_to_snf_r:00:00:00.021574  lat_x2write_to_snf_r:490410:42:15.597156  timestamps_x2write:1969-12-31T19:00:00  ts_snf_w:2025-12-11T13:42:15.575582  ts_snf_r:2025-12-11T13:42:15.597156
In_Seqmsg    seq_x2traf:212  lat_snf_w_to_snf_r:00:00:00.026425  lat_x2write_to_snf_r:490410:42:15.602007  timestamps_x2write:1969-12-31T19:00:00  ts_snf_w:2025-12-11T13:42:15.575582  ts_snf_r:2025-12-11T13:42:15.602007
In_Seqmsg    seq_x2traf:213  lat_snf_w_to_snf_r:00:00:00.026435  lat_x2write_to_snf_r:490410:42:15.602017  timestamps_x2write:1969-12-31T19:00:00  ts_snf_w:2025-12-11T13:42:15.575582  ts_snf_r:2025-12-11T13:42:15.602017
In_Seqmsg    seq_x2traf:214  lat_snf_w_to_snf_r:00:00:00.02644  lat_x2write_to_snf_r:490410:42:15.602022  timestamps_x2write:1969-12-31T19:00:00  ts_snf_w:2025-12-11T13:42:15.575582  ts_snf_r:2025-12-11T13:42:15.602022
In_Seqmsg    seq_x2traf:215  lat_snf_w_to_snf_r:00:00:00.012832  lat_x2write_to_snf_r:490410:42:15.602027  timestamps_x2write:1969-12-31T19:00:00  ts_snf_w:2025-12-11T13:42:15.589195  ts_snf_r:2025-12-11T13:42:15.602027
In_Seqmsg    seq_x2traf:216  lat_snf_w_to_snf_r:00:00:00.012837  lat_x2write_to_snf_r:490410:42:15.602032  timestamps_x2write:1969-12-31T19:00:00  ts_snf_w:2025-12-11T13:42:15.589195  ts_snf_r:2025-12-11T13:42:15.602032
In_Seqmsg    seq_x2traf:217  lat_snf_w_to_snf_r:00:00:00.012848  lat_x2write_to_snf_r:490410:42:15.602043  timestamps_x2write:1969-12-31T19:00:00  ts_snf_w:2025-12-11T13:42:15.589195  ts_snf_r:2025-12-11T13:42:15.602043
In_Seqmsg    seq_x2traf:218  lat_snf_w_to_snf_r:00:00:00.012853  lat_x2write_to_snf_r:490410:42:15.602048  timestamps_x2write:1969-12-31T19:00:00  ts_snf_w:2025-12-11T13:42:15.589195  ts_snf_r:2025-12-11T13:42:15.602048
In_Seqmsg    seq_x2traf:219  lat_snf_w_to_snf_r:00:00:00.012858  lat_x2write_to_snf_r:490410:42:15.602053  timestamps_x2write:1969-12-31T19:00:00  ts_snf_w:2025-12-11T13:42:15.589195  ts_snf_r:2025-12-11T13:42:15.602053
In_Seqmsg    seq_x2traf:220  lat_snf_w_to_snf_r:00:00:00.012862  lat_x2write_to_snf_r:490410:42:15.602057  timestamps_x2write:1969-12-31T19:00:00  ts_snf_w:2025-12-11T13:42:15.589195  ts_snf_r:2025-12-11T13:42:15.602057
In_Seqmsg    seq_x2traf:221  lat_snf_w_to_snf_r:00:00:00.012867  lat_x2write_to_snf_r:490410:42:15.602062  timestamps_x2write:1969-12-31T19:00:00  ts_snf_w:2025-12-11T13:42:15.589195  ts_snf_r:2025-12-11T13:42:15.602062
In_UGPubMsg header  msg.request_id:x2write-0-0.21
In_UGPubMsg  seq_x2traf:227  ts_snf_w:2025-12-11T13:42:15.602952
In_UGPubMsg  seq_x2traf:228  ts_snf_w:2025-12-11T13:42:15.602952
In_UGPubMsg  seq_x2traf:229  ts_snf_w:2025-12-11T13:42:15.602952
In_UGPubMsg  seq_x2traf:230  ts_snf_w:2025-12-11T13:42:15.602952
In_UGPubMsg  seq_x2traf:231  ts_snf_w:2025-12-11T13:42:15.602952
In_UGPubMsg  seq_x2traf:232  ts_snf_w:2025-12-11T13:42:15.602952
In_UGPubMsg  seq_x2traf:233  ts_snf_w:2025-12-11T13:42:15.602952
In_UGPubMsg  seq_x2traf:234  ts_snf_w:2025-12-11T13:42:15.602952
In_UGPubMsg  seq_x2traf:235  ts_snf_w:2025-12-11T13:42:15.602952
In_UGPubMsg  seq_x2traf:236  ts_snf_w:2025-12-11T13:42:15.602952
In_UGPubMsg  seq_x2traf:237  ts_snf_w:2025-12-11T13:42:15.602952
In_UGPubMsg  seq_x2traf:238  ts_snf_w:2025-12-11T13:42:15.602952
In_GUAckMsg beg_seq:226  ts_snf_w:2025-12-11T13:42:15.589195  ts_snf_wa:2025-12-11T13:42:15.606441  lat_snf_w_to_snf_wa:00:00:00.017246
In_Seqmsg    seq_x2traf:222  lat_snf_w_to_snf_r:00:00:00.017258  lat_x2write_to_snf_r:490410:42:15.606453  timestamps_x2write:1969-12-31T19:00:00  ts_snf_w:2025-12-11T13:42:15.589195  ts_snf_r:2025-12-11T13:42:15.606453
In_Seqmsg    seq_x2traf:223  lat_snf_w_to_snf_r:00:00:00.017299  lat_x2write_to_snf_r:490410:42:15.606494  timestamps_x2write:1969-12-31T19:00:00  ts_snf_w:2025-12-11T13:42:15.589195  ts_snf_r:2025-12-11T13:42:15.606494
In_Seqmsg    seq_x2traf:224  lat_snf_w_to_snf_r:00:00:00.01732  lat_x2write_to_snf_r:490410:42:15.606515  timestamps_x2write:1969-12-31T19:00:00  ts_snf_w:2025-12-11T13:42:15.589195  ts_snf_r:2025-12-11T13:42:15.606515
In_Seqmsg    seq_x2traf:225  lat_snf_w_to_snf_r:00:00:00.017349  lat_x2write_to_snf_r:490410:42:15.606544  timestamps_x2write:1969-12-31T19:00:00  ts_snf_w:2025-12-11T13:42:15.589195  ts_snf_r:2025-12-11T13:42:15.606544
In_Seqmsg    seq_x2traf:226  lat_snf_w_to_snf_r:00:00:00.01737  lat_x2write_to_snf_r:490410:42:15.606565  timestamps_x2write:1969-12-31T19:00:00  ts_snf_w:2025-12-11T13:42:15.589195  ts_snf_r:2025-12-11T13:42:15.606565
In_UGPubMsg header  msg.request_id:x2write-0-0.22
In_UGPubMsg  seq_x2traf:239  ts_snf_w:2025-12-11T13:42:15.616994
In_UGPubMsg  seq_x2traf:240  ts_snf_w:2025-12-11T13:42:15.616994
In_UGPubMsg  seq_x2traf:241  ts_snf_w:2025-12-11T13:42:15.616994
In_UGPubMsg  seq_x2traf:242  ts_snf_w:2025-12-11T13:42:15.616994
In_UGPubMsg  seq_x2traf:243  ts_snf_w:2025-12-11T13:42:15.616994
In_UGPubMsg  seq_x2traf:244  ts_snf_w:2025-12-11T13:42:15.616994
In_UGPubMsg  seq_x2traf:245  ts_snf_w:2025-12-11T13:42:15.616994
In_UGPubMsg  seq_x2traf:246  ts_snf_w:2025-12-11T13:42:15.616994
In_UGPubMsg  seq_x2traf:247  ts_snf_w:2025-12-11T13:42:15.616994
In_UGPubMsg  seq_x2traf:248  ts_snf_w:2025-12-11T13:42:15.616994
In_UGPubMsg  seq_x2traf:249  ts_snf_w:2025-12-11T13:42:15.616994
In_GUAckMsg beg_seq:238  ts_snf_w:2025-12-11T13:42:15.602952  ts_snf_wa:2025-12-11T13:42:15.621513  lat_snf_w_to_snf_wa:00:00:00.018561
In_UGPubMsg header  msg.request_id:x2write-0-0.23
In_UGPubMsg  seq_x2traf:250  ts_snf_w:2025-12-11T13:42:15.62944
In_UGPubMsg  seq_x2traf:251  ts_snf_w:2025-12-11T13:42:15.62944
In_UGPubMsg  seq_x2traf:252  ts_snf_w:2025-12-11T13:42:15.62944
In_UGPubMsg  seq_x2traf:253  ts_snf_w:2025-12-11T13:42:15.62944
In_UGPubMsg  seq_x2traf:254  ts_snf_w:2025-12-11T13:42:15.62944
In_UGPubMsg  seq_x2traf:255  ts_snf_w:2025-12-11T13:42:15.62944
In_UGPubMsg  seq_x2traf:256  ts_snf_w:2025-12-11T13:42:15.62944
In_UGPubMsg  seq_x2traf:257  ts_snf_w:2025-12-11T13:42:15.62944
In_UGPubMsg  seq_x2traf:258  ts_snf_w:2025-12-11T13:42:15.62944
In_UGPubMsg  seq_x2traf:259  ts_snf_w:2025-12-11T13:42:15.62944
In_UGPubMsg  seq_x2traf:260  ts_snf_w:2025-12-11T13:42:15.62944
In_UGPubMsg  seq_x2traf:261  ts_snf_w:2025-12-11T13:42:15.62944
In_GUAckMsg beg_seq:249  ts_snf_w:2025-12-11T13:42:15.616994  ts_snf_wa:2025-12-11T13:42:15.634817  lat_snf_w_to_snf_wa:00:00:00.017823
In_UGPubMsg header  msg.request_id:x2write-0-0.24
In_UGPubMsg  seq_x2traf:262  ts_snf_w:2025-12-11T13:42:15.643533
In_UGPubMsg  seq_x2traf:263  ts_snf_w:2025-12-11T13:42:15.643533
In_UGPubMsg  seq_x2traf:264  ts_snf_w:2025-12-11T13:42:15.643533
In_UGPubMsg  seq_x2traf:265  ts_snf_w:2025-12-11T13:42:15.643533
In_UGPubMsg  seq_x2traf:266  ts_snf_w:2025-12-11T13:42:15.643533
In_UGPubMsg  seq_x2traf:267  ts_snf_w:2025-12-11T13:42:15.643533
In_UGPubMsg  seq_x2traf:268  ts_snf_w:2025-12-11T13:42:15.643533
In_UGPubMsg  seq_x2traf:269  ts_snf_w:2025-12-11T13:42:15.643533
In_UGPubMsg  seq_x2traf:270  ts_snf_w:2025-12-11T13:42:15.643533
In_UGPubMsg  seq_x2traf:271  ts_snf_w:2025-12-11T13:42:15.643533
In_UGPubMsg  seq_x2traf:272  ts_snf_w:2025-12-11T13:42:15.643533
In_UGPubMsg  seq_x2traf:273  ts_snf_w:2025-12-11T13:42:15.643533
In_GUAckMsg beg_seq:261  ts_snf_w:2025-12-11T13:42:15.62944  ts_snf_wa:2025-12-11T13:42:15.647952  lat_snf_w_to_snf_wa:00:00:00.018512
In_UGPubMsg header  msg.request_id:x2write-0-0.25
In_UGPubMsg  seq_x2traf:274  ts_snf_w:2025-12-11T13:42:15.657132
In_UGPubMsg  seq_x2traf:275  ts_snf_w:2025-12-11T13:42:15.657132
In_UGPubMsg  seq_x2traf:276  ts_snf_w:2025-12-11T13:42:15.657132
In_UGPubMsg  seq_x2traf:277  ts_snf_w:2025-12-11T13:42:15.657132
In_UGPubMsg  seq_x2traf:278  ts_snf_w:2025-12-11T13:42:15.657132
In_UGPubMsg  seq_x2traf:279  ts_snf_w:2025-12-11T13:42:15.657132
In_UGPubMsg  seq_x2traf:280  ts_snf_w:2025-12-11T13:42:15.657132
In_UGPubMsg  seq_x2traf:281  ts_snf_w:2025-12-11T13:42:15.657132
In_UGPubMsg  seq_x2traf:282  ts_snf_w:2025-12-11T13:42:15.657132
In_UGPubMsg  seq_x2traf:283  ts_snf_w:2025-12-11T13:42:15.657132
In_UGPubMsg  seq_x2traf:284  ts_snf_w:2025-12-11T13:42:15.657132
In_UGPubMsg  seq_x2traf:285  ts_snf_w:2025-12-11T13:42:15.657132
In_GUAckMsg beg_seq:273  ts_snf_w:2025-12-11T13:42:15.643533  ts_snf_wa:2025-12-11T13:42:15.659069  lat_snf_w_to_snf_wa:00:00:00.015536
In_UGPubMsg header  msg.request_id:x2write-0-0.26
In_UGPubMsg  seq_x2traf:286  ts_snf_w:2025-12-11T13:42:15.670544
In_UGPubMsg  seq_x2traf:287  ts_snf_w:2025-12-11T13:42:15.670544
In_UGPubMsg  seq_x2traf:288  ts_snf_w:2025-12-11T13:42:15.670544
In_UGPubMsg  seq_x2traf:289  ts_snf_w:2025-12-11T13:42:15.670544
In_UGPubMsg  seq_x2traf:290  ts_snf_w:2025-12-11T13:42:15.670544
In_UGPubMsg  seq_x2traf:291  ts_snf_w:2025-12-11T13:42:15.670544
In_UGPubMsg  seq_x2traf:292  ts_snf_w:2025-12-11T13:42:15.670544
In_UGPubMsg  seq_x2traf:293  ts_snf_w:2025-12-11T13:42:15.670544
In_UGPubMsg  seq_x2traf:294  ts_snf_w:2025-12-11T13:42:15.670544
In_UGPubMsg  seq_x2traf:295  ts_snf_w:2025-12-11T13:42:15.670544
In_UGPubMsg  seq_x2traf:296  ts_snf_w:2025-12-11T13:42:15.670544
In_UGPubMsg  seq_x2traf:297  ts_snf_w:2025-12-11T13:42:15.670544
In_GUAckMsg beg_seq:285  ts_snf_w:2025-12-11T13:42:15.657132  ts_snf_wa:2025-12-11T13:42:15.674632  lat_snf_w_to_snf_wa:00:00:00.0175
In_UGPubMsg header  msg.request_id:x2write-0-0.27
In_UGPubMsg  seq_x2traf:298  ts_snf_w:2025-12-11T13:42:15.683959
In_UGPubMsg  seq_x2traf:299  ts_snf_w:2025-12-11T13:42:15.683959
In_UGPubMsg  seq_x2traf:300  ts_snf_w:2025-12-11T13:42:15.683959
In_UGPubMsg  seq_x2traf:301  ts_snf_w:2025-12-11T13:42:15.683959
In_UGPubMsg  seq_x2traf:302  ts_snf_w:2025-12-11T13:42:15.683959
In_UGPubMsg  seq_x2traf:303  ts_snf_w:2025-12-11T13:42:15.683959
In_UGPubMsg  seq_x2traf:304  ts_snf_w:2025-12-11T13:42:15.683959
In_UGPubMsg  seq_x2traf:305  ts_snf_w:2025-12-11T13:42:15.683959
In_UGPubMsg  seq_x2traf:306  ts_snf_w:2025-12-11T13:42:15.683959
In_UGPubMsg  seq_x2traf:307  ts_snf_w:2025-12-11T13:42:15.683959
In_UGPubMsg  seq_x2traf:308  ts_snf_w:2025-12-11T13:42:15.683959
In_UGPubMsg  seq_x2traf:309  ts_snf_w:2025-12-11T13:42:15.683959
In_GUAckMsg beg_seq:297  ts_snf_w:2025-12-11T13:42:15.670544  ts_snf_wa:2025-12-11T13:42:15.687915  lat_snf_w_to_snf_wa:00:00:00.017371
In_UGPubMsg header  msg.request_id:x2write-0-0.28
In_UGPubMsg  seq_x2traf:310  ts_snf_w:2025-12-11T13:42:15.697372
In_UGPubMsg  seq_x2traf:311  ts_snf_w:2025-12-11T13:42:15.697372
In_UGPubMsg  seq_x2traf:312  ts_snf_w:2025-12-11T13:42:15.697372
In_UGPubMsg  seq_x2traf:313  ts_snf_w:2025-12-11T13:42:15.697372
In_UGPubMsg  seq_x2traf:314  ts_snf_w:2025-12-11T13:42:15.697372
In_UGPubMsg  seq_x2traf:315  ts_snf_w:2025-12-11T13:42:15.697372
In_UGPubMsg  seq_x2traf:316  ts_snf_w:2025-12-11T13:42:15.697372
In_UGPubMsg  seq_x2traf:317  ts_snf_w:2025-12-11T13:42:15.697372
In_UGPubMsg  seq_x2traf:318  ts_snf_w:2025-12-11T13:42:15.697372
In_UGPubMsg  seq_x2traf:319  ts_snf_w:2025-12-11T13:42:15.697372
In_UGPubMsg  seq_x2traf:320  ts_snf_w:2025-12-11T13:42:15.697372
In_UGPubMsg  seq_x2traf:321  ts_snf_w:2025-12-11T13:42:15.697372
In_GUAckMsg beg_seq:309  ts_snf_w:2025-12-11T13:42:15.683959  ts_snf_wa:2025-12-11T13:42:15.700664  lat_snf_w_to_snf_wa:00:00:00.016705
In_UGPubMsg header  msg.request_id:x2write-0-0.29
In_UGPubMsg  seq_x2traf:322  ts_snf_w:2025-12-11T13:42:15.710781
In_UGPubMsg  seq_x2traf:323  ts_snf_w:2025-12-11T13:42:15.710781
In_UGPubMsg  seq_x2traf:324  ts_snf_w:2025-12-11T13:42:15.710781
In_UGPubMsg  seq_x2traf:325  ts_snf_w:2025-12-11T13:42:15.710781
In_UGPubMsg  seq_x2traf:326  ts_snf_w:2025-12-11T13:42:15.710781
In_UGPubMsg  seq_x2traf:327  ts_snf_w:2025-12-11T13:42:15.710781
In_UGPubMsg  seq_x2traf:328  ts_snf_w:2025-12-11T13:42:15.710781
In_UGPubMsg  seq_x2traf:329  ts_snf_w:2025-12-11T13:42:15.710781
In_UGPubMsg  seq_x2traf:330  ts_snf_w:2025-12-11T13:42:15.710781
In_UGPubMsg  seq_x2traf:331  ts_snf_w:2025-12-11T13:42:15.710781
In_UGPubMsg  seq_x2traf:332  ts_snf_w:2025-12-11T13:42:15.710781
In_UGPubMsg  seq_x2traf:333  ts_snf_w:2025-12-11T13:42:15.710781
In_GUAckMsg beg_seq:321  ts_snf_w:2025-12-11T13:42:15.697372  ts_snf_wa:2025-12-11T13:42:15.714527  lat_snf_w_to_snf_wa:00:00:00.017155
In_UGPubMsg header  msg.request_id:x2write-0-0.30
In_UGPubMsg  seq_x2traf:334  ts_snf_w:2025-12-11T13:42:15.724374
In_UGPubMsg  seq_x2traf:335  ts_snf_w:2025-12-11T13:42:15.724374
In_UGPubMsg  seq_x2traf:336  ts_snf_w:2025-12-11T13:42:15.724374
In_UGPubMsg  seq_x2traf:337  ts_snf_w:2025-12-11T13:42:15.724374
In_UGPubMsg  seq_x2traf:338  ts_snf_w:2025-12-11T13:42:15.724374
In_UGPubMsg  seq_x2traf:339  ts_snf_w:2025-12-11T13:42:15.724374
In_UGPubMsg  seq_x2traf:340  ts_snf_w:2025-12-11T13:42:15.724374
In_UGPubMsg  seq_x2traf:341  ts_snf_w:2025-12-11T13:42:15.724374
In_UGPubMsg  seq_x2traf:342  ts_snf_w:2025-12-11T13:42:15.724374
In_UGPubMsg  seq_x2traf:343  ts_snf_w:2025-12-11T13:42:15.724374
In_UGPubMsg  seq_x2traf:344  ts_snf_w:2025-12-11T13:42:15.724374
In_UGPubMsg  seq_x2traf:345  ts_snf_w:2025-12-11T13:42:15.724374
In_UGPubMsg header  msg.request_id:x2write-0-0.31
In_UGPubMsg  seq_x2traf:346  ts_snf_w:2025-12-11T13:42:15.726435
In_GUAckMsg beg_seq:333  ts_snf_w:2025-12-11T13:42:15.710781  ts_snf_wa:2025-12-11T13:42:15.727995  lat_snf_w_to_snf_wa:00:00:00.017214
In_GUAckMsg beg_seq:345  ts_snf_w:2025-12-11T13:42:15.724374  ts_snf_wa:2025-12-11T13:42:15.728012  lat_snf_w_to_snf_wa:00:00:00.003638
In_UGPubMsg header  msg.request_id:x2write-0-0.32
In_UGPubMsg  seq_x2traf:347  ts_snf_w:2025-12-11T13:42:15.739761
In_UGPubMsg  seq_x2traf:348  ts_snf_w:2025-12-11T13:42:15.739761
In_UGPubMsg  seq_x2traf:349  ts_snf_w:2025-12-11T13:42:15.739761
In_UGPubMsg  seq_x2traf:350  ts_snf_w:2025-12-11T13:42:15.739761
In_UGPubMsg  seq_x2traf:351  ts_snf_w:2025-12-11T13:42:15.739761
In_UGPubMsg  seq_x2traf:352  ts_snf_w:2025-12-11T13:42:15.739761
In_UGPubMsg  seq_x2traf:353  ts_snf_w:2025-12-11T13:42:15.739761
In_UGPubMsg  seq_x2traf:354  ts_snf_w:2025-12-11T13:42:15.739761
In_UGPubMsg  seq_x2traf:355  ts_snf_w:2025-12-11T13:42:15.739761
In_UGPubMsg  seq_x2traf:356  ts_snf_w:2025-12-11T13:42:15.739761
In_UGPubMsg  seq_x2traf:357  ts_snf_w:2025-12-11T13:42:15.739761
In_UGPubMsg  seq_x2traf:358  ts_snf_w:2025-12-11T13:42:15.739761
In_GUAckMsg beg_seq:346  ts_snf_w:2025-12-11T13:42:15.726435  ts_snf_wa:2025-12-11T13:42:15.744437  lat_snf_w_to_snf_wa:00:00:00.018002
In_UGPubMsg header  msg.request_id:x2write-0-0.33
In_UGPubMsg  seq_x2traf:359  ts_snf_w:2025-12-11T13:42:15.75339
In_UGPubMsg  seq_x2traf:360  ts_snf_w:2025-12-11T13:42:15.75339
In_UGPubMsg  seq_x2traf:361  ts_snf_w:2025-12-11T13:42:15.75339
In_UGPubMsg  seq_x2traf:362  ts_snf_w:2025-12-11T13:42:15.75339
In_UGPubMsg  seq_x2traf:363  ts_snf_w:2025-12-11T13:42:15.75339
In_UGPubMsg  seq_x2traf:364  ts_snf_w:2025-12-11T13:42:15.75339
In_UGPubMsg  seq_x2traf:365  ts_snf_w:2025-12-11T13:42:15.75339
In_UGPubMsg  seq_x2traf:366  ts_snf_w:2025-12-11T13:42:15.75339
In_UGPubMsg  seq_x2traf:367  ts_snf_w:2025-12-11T13:42:15.75339
In_UGPubMsg  seq_x2traf:368  ts_snf_w:2025-12-11T13:42:15.75339
In_UGPubMsg  seq_x2traf:369  ts_snf_w:2025-12-11T13:42:15.75339
In_UGPubMsg  seq_x2traf:370  ts_snf_w:2025-12-11T13:42:15.75339
In_GUAckMsg beg_seq:358  ts_snf_w:2025-12-11T13:42:15.739761  ts_snf_wa:2025-12-11T13:42:15.758  lat_snf_w_to_snf_wa:00:00:00.018239
In_UGPubMsg header  msg.request_id:x2write-0-0.34
In_UGPubMsg  seq_x2traf:371  ts_snf_w:2025-12-11T13:42:15.766859
In_UGPubMsg  seq_x2traf:372  ts_snf_w:2025-12-11T13:42:15.766859
In_UGPubMsg  seq_x2traf:373  ts_snf_w:2025-12-11T13:42:15.766859
In_UGPubMsg  seq_x2traf:374  ts_snf_w:2025-12-11T13:42:15.766859
In_UGPubMsg  seq_x2traf:375  ts_snf_w:2025-12-11T13:42:15.766859
In_UGPubMsg  seq_x2traf:376  ts_snf_w:2025-12-11T13:42:15.766859
In_UGPubMsg  seq_x2traf:377  ts_snf_w:2025-12-11T13:42:15.766859
In_UGPubMsg  seq_x2traf:378  ts_snf_w:2025-12-11T13:42:15.766859
In_UGPubMsg  seq_x2traf:379  ts_snf_w:2025-12-11T13:42:15.766859
In_UGPubMsg  seq_x2traf:380  ts_snf_w:2025-12-11T13:42:15.766859
In_UGPubMsg  seq_x2traf:381  ts_snf_w:2025-12-11T13:42:15.766859
In_UGPubMsg  seq_x2traf:382  ts_snf_w:2025-12-11T13:42:15.766859
In_GUAckMsg beg_seq:370  ts_snf_w:2025-12-11T13:42:15.75339  ts_snf_wa:2025-12-11T13:42:15.769355  lat_snf_w_to_snf_wa:00:00:00.015965
In_UGPubMsg header  msg.request_id:x2write-0-0.35
In_UGPubMsg  seq_x2traf:383  ts_snf_w:2025-12-11T13:42:15.780461
In_UGPubMsg  seq_x2traf:384  ts_snf_w:2025-12-11T13:42:15.780461
In_UGPubMsg  seq_x2traf:385  ts_snf_w:2025-12-11T13:42:15.780461
In_UGPubMsg  seq_x2traf:386  ts_snf_w:2025-12-11T13:42:15.780461
In_UGPubMsg  seq_x2traf:387  ts_snf_w:2025-12-11T13:42:15.780461
In_UGPubMsg  seq_x2traf:388  ts_snf_w:2025-12-11T13:42:15.780461
In_UGPubMsg  seq_x2traf:389  ts_snf_w:2025-12-11T13:42:15.780461
In_UGPubMsg  seq_x2traf:390  ts_snf_w:2025-12-11T13:42:15.780461
In_UGPubMsg  seq_x2traf:391  ts_snf_w:2025-12-11T13:42:15.780461
In_UGPubMsg  seq_x2traf:392  ts_snf_w:2025-12-11T13:42:15.780461
In_UGPubMsg  seq_x2traf:393  ts_snf_w:2025-12-11T13:42:15.780461
In_UGPubMsg  seq_x2traf:394  ts_snf_w:2025-12-11T13:42:15.780461
In_GUAckMsg beg_seq:382  ts_snf_w:2025-12-11T13:42:15.766859  ts_snf_wa:2025-12-11T13:42:15.784517  lat_snf_w_to_snf_wa:00:00:00.017658
In_UGPubMsg header  msg.request_id:x2write-0-0.36
In_UGPubMsg  seq_x2traf:395  ts_snf_w:2025-12-11T13:42:15.794164
In_UGPubMsg  seq_x2traf:396  ts_snf_w:2025-12-11T13:42:15.794164
In_UGPubMsg  seq_x2traf:397  ts_snf_w:2025-12-11T13:42:15.794164
In_UGPubMsg  seq_x2traf:398  ts_snf_w:2025-12-11T13:42:15.794164
In_UGPubMsg  seq_x2traf:399  ts_snf_w:2025-12-11T13:42:15.794164
In_UGPubMsg  seq_x2traf:400  ts_snf_w:2025-12-11T13:42:15.794164
In_UGPubMsg  seq_x2traf:401  ts_snf_w:2025-12-11T13:42:15.794164
In_UGPubMsg  seq_x2traf:402  ts_snf_w:2025-12-11T13:42:15.794164
In_UGPubMsg  seq_x2traf:403  ts_snf_w:2025-12-11T13:42:15.794164
In_UGPubMsg  seq_x2traf:404  ts_snf_w:2025-12-11T13:42:15.794164
In_UGPubMsg  seq_x2traf:405  ts_snf_w:2025-12-11T13:42:15.794164
In_UGPubMsg  seq_x2traf:406  ts_snf_w:2025-12-11T13:42:15.794164
In_GUAckMsg beg_seq:394  ts_snf_w:2025-12-11T13:42:15.780461  ts_snf_wa:2025-12-11T13:42:15.799136  lat_snf_w_to_snf_wa:00:00:00.018675
In_UGPubMsg header  msg.request_id:x2write-0-0.37
In_UGPubMsg  seq_x2traf:407  ts_snf_w:2025-12-11T13:42:15.807809
In_UGPubMsg  seq_x2traf:408  ts_snf_w:2025-12-11T13:42:15.807809
In_UGPubMsg  seq_x2traf:409  ts_snf_w:2025-12-11T13:42:15.807809
In_UGPubMsg  seq_x2traf:410  ts_snf_w:2025-12-11T13:42:15.807809
In_UGPubMsg  seq_x2traf:411  ts_snf_w:2025-12-11T13:42:15.807809
In_UGPubMsg  seq_x2traf:412  ts_snf_w:2025-12-11T13:42:15.807809
In_UGPubMsg  seq_x2traf:413  ts_snf_w:2025-12-11T13:42:15.807809
In_UGPubMsg  seq_x2traf:414  ts_snf_w:2025-12-11T13:42:15.807809
In_UGPubMsg  seq_x2traf:415  ts_snf_w:2025-12-11T13:42:15.807809
In_UGPubMsg  seq_x2traf:416  ts_snf_w:2025-12-11T13:42:15.807809
In_UGPubMsg  seq_x2traf:417  ts_snf_w:2025-12-11T13:42:15.807809
In_UGPubMsg  seq_x2traf:418  ts_snf_w:2025-12-11T13:42:15.807809
In_GUAckMsg beg_seq:406  ts_snf_w:2025-12-11T13:42:15.794164  ts_snf_wa:2025-12-11T13:42:15.812546  lat_snf_w_to_snf_wa:00:00:00.018382
In_UGPubMsg header  msg.request_id:x2write-0-0.38
In_UGPubMsg  seq_x2traf:419  ts_snf_w:2025-12-11T13:42:15.821373
In_UGPubMsg  seq_x2traf:420  ts_snf_w:2025-12-11T13:42:15.821373
In_UGPubMsg  seq_x2traf:421  ts_snf_w:2025-12-11T13:42:15.821373
In_UGPubMsg  seq_x2traf:422  ts_snf_w:2025-12-11T13:42:15.821373
In_UGPubMsg  seq_x2traf:423  ts_snf_w:2025-12-11T13:42:15.821373
In_UGPubMsg  seq_x2traf:424  ts_snf_w:2025-12-11T13:42:15.821373
In_UGPubMsg  seq_x2traf:425  ts_snf_w:2025-12-11T13:42:15.821373
In_UGPubMsg  seq_x2traf:426  ts_snf_w:2025-12-11T13:42:15.821373
In_UGPubMsg  seq_x2traf:427  ts_snf_w:2025-12-11T13:42:15.821373
In_UGPubMsg  seq_x2traf:428  ts_snf_w:2025-12-11T13:42:15.821373
In_UGPubMsg  seq_x2traf:429  ts_snf_w:2025-12-11T13:42:15.821373
In_UGPubMsg  seq_x2traf:430  ts_snf_w:2025-12-11T13:42:15.821373
In_GUAckMsg beg_seq:418  ts_snf_w:2025-12-11T13:42:15.807809  ts_snf_wa:2025-12-11T13:42:15.823871  lat_snf_w_to_snf_wa:00:00:00.016062
In_UGPubMsg header  msg.request_id:x2write-0-0.39
In_UGPubMsg  seq_x2traf:431  ts_snf_w:2025-12-11T13:42:15.835847
In_UGPubMsg  seq_x2traf:432  ts_snf_w:2025-12-11T13:42:15.835847
In_UGPubMsg  seq_x2traf:433  ts_snf_w:2025-12-11T13:42:15.835847
In_UGPubMsg  seq_x2traf:434  ts_snf_w:2025-12-11T13:42:15.835847
In_UGPubMsg  seq_x2traf:435  ts_snf_w:2025-12-11T13:42:15.835847
In_UGPubMsg  seq_x2traf:436  ts_snf_w:2025-12-11T13:42:15.835847
In_UGPubMsg  seq_x2traf:437  ts_snf_w:2025-12-11T13:42:15.835847
In_UGPubMsg  seq_x2traf:438  ts_snf_w:2025-12-11T13:42:15.835847
In_UGPubMsg  seq_x2traf:439  ts_snf_w:2025-12-11T13:42:15.835847
In_UGPubMsg  seq_x2traf:440  ts_snf_w:2025-12-11T13:42:15.835847
In_UGPubMsg  seq_x2traf:441  ts_snf_w:2025-12-11T13:42:15.835847
In_GUAckMsg beg_seq:430  ts_snf_w:2025-12-11T13:42:15.821373  ts_snf_wa:2025-12-11T13:42:15.840485  lat_snf_w_to_snf_wa:00:00:00.019112
In_UGPubMsg header  msg.request_id:x2write-0-0.40
In_UGPubMsg  seq_x2traf:442  ts_snf_w:2025-12-11T13:42:15.84829
In_UGPubMsg  seq_x2traf:443  ts_snf_w:2025-12-11T13:42:15.84829
In_UGPubMsg  seq_x2traf:444  ts_snf_w:2025-12-11T13:42:15.84829
In_UGPubMsg  seq_x2traf:445  ts_snf_w:2025-12-11T13:42:15.84829
In_UGPubMsg  seq_x2traf:446  ts_snf_w:2025-12-11T13:42:15.84829
In_UGPubMsg  seq_x2traf:447  ts_snf_w:2025-12-11T13:42:15.84829
In_UGPubMsg  seq_x2traf:448  ts_snf_w:2025-12-11T13:42:15.84829
In_UGPubMsg  seq_x2traf:449  ts_snf_w:2025-12-11T13:42:15.84829
In_UGPubMsg  seq_x2traf:450  ts_snf_w:2025-12-11T13:42:15.84829
In_UGPubMsg  seq_x2traf:451  ts_snf_w:2025-12-11T13:42:15.84829
In_UGPubMsg  seq_x2traf:452  ts_snf_w:2025-12-11T13:42:15.84829
In_UGPubMsg  seq_x2traf:453  ts_snf_w:2025-12-11T13:42:15.84829
In_GUAckMsg beg_seq:441  ts_snf_w:2025-12-11T13:42:15.835847  ts_snf_wa:2025-12-11T13:42:15.852895  lat_snf_w_to_snf_wa:00:00:00.017048
In_UGPubMsg header  msg.request_id:x2write-0-0.41
In_UGPubMsg  seq_x2traf:454  ts_snf_w:2025-12-11T13:42:15.86191
In_UGPubMsg  seq_x2traf:455  ts_snf_w:2025-12-11T13:42:15.86191
In_UGPubMsg  seq_x2traf:456  ts_snf_w:2025-12-11T13:42:15.86191
In_UGPubMsg  seq_x2traf:457  ts_snf_w:2025-12-11T13:42:15.86191
In_UGPubMsg  seq_x2traf:458  ts_snf_w:2025-12-11T13:42:15.86191
In_UGPubMsg  seq_x2traf:459  ts_snf_w:2025-12-11T13:42:15.86191
In_UGPubMsg  seq_x2traf:460  ts_snf_w:2025-12-11T13:42:15.86191
In_UGPubMsg  seq_x2traf:461  ts_snf_w:2025-12-11T13:42:15.86191
In_UGPubMsg  seq_x2traf:462  ts_snf_w:2025-12-11T13:42:15.86191
In_UGPubMsg  seq_x2traf:463  ts_snf_w:2025-12-11T13:42:15.86191
In_UGPubMsg  seq_x2traf:464  ts_snf_w:2025-12-11T13:42:15.86191
In_UGPubMsg  seq_x2traf:465  ts_snf_w:2025-12-11T13:42:15.86191
atf_snf.info  comment:"PcapFileProcess  EOF"
atf_snf.info comment:"printing session info"
exit to OS-99
