bash: ==========separate: command not found
dkr.report command:generate_dockerbuild  cmd:""  targets:9
dkr.info image:kafkaui-5 file:temp/docker/kafkaui-5/kafkaui-5.run comment:copying script
dkr.info image:kafkaui-5 file:temp/docker/kafkaui-5/kafkaui-5.build comment:copying script
dkr.info image:kafkaui-5 file:temp/docker/kafkaui-5/Dockerfile comment:copying Dockerfile
dkr.info image:kafkaw-04 file:temp/docker/kafkaw-04/kafkaw-04.run comment:copying script
dkr.info image:kafkaw-04 file:temp/docker/kafkaw-04/kafkaw-04.build comment:copying script
dkr.info image:kafkaw-04 file:temp/docker/kafkaw-04/Dockerfile comment:copying Dockerfile
dkr.info image:kafkaw-12 file:temp/docker/kafkaw-12/kafkaw-12.run comment:copying script
dkr.info image:kafkaw-12 file:temp/docker/kafkaw-12/kafkaw-12.build comment:copying script
dkr.info image:kafkaw-12 file:temp/docker/kafkaw-12/Dockerfile comment:copying Dockerfile
dkr.info image:rdpui-5 file:temp/docker/rdpui-5/rdpui-5.run comment:copying script
dkr.info image:rdpui-5 file:temp/docker/rdpui-5/rdpui-5.build comment:copying script
dkr.info image:rdpui-5 file:temp/docker/rdpui-5/Dockerfile comment:copying Dockerfile
dkr.info image:x2-17 file:temp/docker/x2-17/x2-17.run comment:copying script
dkr.info image:x2-17 file:temp/docker/x2-17/x2-17.build comment:copying script
dkr.info image:x2-17 file:temp/docker/x2-17/Dockerfile comment:copying Dockerfile
dkr.info image:x2-18 file:temp/docker/x2-18/x2-18.run comment:copying script
dkr.info image:x2-18 file:temp/docker/x2-18/x2-18.build comment:copying script
dkr.info image:x2-18 file:temp/docker/x2-18/Dockerfile comment:copying Dockerfile
dkr.info image:x2-19 file:temp/docker/x2-19/x2-19.run comment:copying script
dkr.info image:x2-19 file:temp/docker/x2-19/x2-19.build comment:copying script
dkr.info image:x2-19 file:temp/docker/x2-19/Dockerfile comment:copying Dockerfile
dkr.info image:x2-20 file:temp/docker/x2-20/x2-20.run comment:copying script
dkr.info image:x2-20 file:temp/docker/x2-20/x2-20.build comment:copying script
dkr.info image:x2-20 file:temp/docker/x2-20/Dockerfile comment:copying Dockerfile
dkr.info image:x2w-08 file:temp/docker/x2w-08/x2w-08.run comment:copying script
dkr.info image:x2w-08 file:temp/docker/x2w-08/x2w-08.build comment:copying script
dkr.info image:x2w-08 file:temp/docker/x2w-08/Dockerfile comment:copying Dockerfile
dkr.report command:docker_clean_run  cmd:'ps --filter "name=x2w-08"'  targets:9
kafkaui-5
kafkaui-5
ddcf7315e53d87eb17795745986f7433bedb0327419b172a5fb1c17395299720

CONTAINER ID   IMAGE     COMMAND                  CREATED                  STATUS                  PORTS                                                      NAMES
ddcf7315e53d   kafkaui   "/usr/bin/dumb-init …"   Less than a second ago   Up Less than a second   192.168.10.11:1561->22/tcp, 192.168.10.11:1562->8080/tcp   kafkaui-5

kafkaw-04
kafkaw-04
1d31202d563095f5600410efeae4829d58346e78291bcf840c44385a148d159e

CONTAINER ID   IMAGE     COMMAND                  CREATED        STATUS                  PORTS     NAMES
1d31202d5630   kafkaw    "/usr/bin/dumb-init …"   1 second ago   Up Less than a second             kafkaw-04

kafkaw-12
kafkaw-12
f04f45dd53966721d11667574cfb5061b3a671b5f03a15fd6d95e598d83bbc1a

CONTAINER ID   IMAGE     COMMAND                  CREATED        STATUS                  PORTS     NAMES
f04f45dd5396   kafkaw    "/usr/bin/dumb-init …"   1 second ago   Up Less than a second             kafkaw-12

rdpui-5
rdpui-5
e23dc561a495fa51ac660dc1e29ceeeea19f78e59b19df3a261cd57a923b5613

CONTAINER ID   IMAGE     COMMAND                  CREATED                  STATUS                  PORTS                                                      NAMES
e23dc561a495   rdpui     "/usr/bin/dumb-init …"   Less than a second ago   Up Less than a second   192.168.10.11:1493->22/tcp, 192.168.10.11:1494->8080/tcp   rdpui-5

x2-17
x2-17
189300b2ccb920ab184704aab42ac173568bfa07664bef2a2e0555b21fa1c8c1

CONTAINER ID   IMAGE     COMMAND                  CREATED        STATUS                  PORTS     NAMES
189300b2ccb9   x2        "/usr/bin/dumb-init …"   1 second ago   Up Less than a second             x2-17

x2-18
x2-18
58d007aed4a0e9436baa682213672f4a074f34e4392e6efcb595aefa9b6c1830

CONTAINER ID   IMAGE     COMMAND                  CREATED                  STATUS                  PORTS     NAMES
58d007aed4a0   x2        "/usr/bin/dumb-init …"   Less than a second ago   Up Less than a second             x2-18

x2-19
x2-19
683d95c57ac3b79327fd2e9184eee51e62c97f7b0d6bc7abd2aceeb1885bba7c

CONTAINER ID   IMAGE     COMMAND                  CREATED                  STATUS                  PORTS     NAMES
683d95c57ac3   x2        "/usr/bin/dumb-init …"   Less than a second ago   Up Less than a second             x2-19

x2-20
x2-20
07b529a76d2722a6486165dd09808ffed58904bc47db2a77a7461df5bf041654

CONTAINER ID   IMAGE     COMMAND                  CREATED                  STATUS                  PORTS     NAMES
07b529a76d27   x2        "/usr/bin/dumb-init …"   Less than a second ago   Up Less than a second             x2-20

x2w-08
x2w-08
3243655e284038a688e1a0a7a8a6bd2504ad2758fd588777f81e92f9f0a53ef9

CONTAINER ID   IMAGE     COMMAND                  CREATED        STATUS                  PORTS     NAMES
3243655e2840   x2w       "/usr/bin/dumb-init …"   1 second ago   Up Less than a second             x2w-08

verbose: bash  -c bin/ai
abt.config  builddir:Linux-g++.release-x86_64  ood_src:0  ood_target:0  cache:none
report.abt  n_target:108  time:00:00:00.030244816  hitrate:""  pch_hitrate:""  n_warn:0  n_err:0  n_install:0
verbose: bash  -c bin/ai
abt.config  builddir:Linux-g++.release-x86_64  ood_src:0  ood_target:0  cache:none
report.abt  n_target:108  time:00:00:00.029274404  hitrate:""  pch_hitrate:""  n_warn:0  n_err:0  n_install:0
verbose: git log --pretty=format:'%ad.%h' --date=short -1
verbose: bash  -c $'git log --pretty=format:\'%ad.%h\' --date=short -1' >&5
verbose: set -e
verbose: rm -rf temp/release/x2.*
verbose: mkdir -p temp/release/x2.2025-08-13.e212b7f68 temp/release/x2.2025-08-13.e212b7f68/data
verbose: bin/x2fs  -create:Y -f:Y -path:temp/release/x2.2025-08-13.e212b7f68 -topo:dev-x2-4 -topo_opts:$' omenv:dev.x2-4'
verbose: mkdir -p temp/release/x2.2025-08-13.e212b7f68/bin
verbose: acr -report:N prodtarget:x2/% -cmd 'cp -H bin/$ns temp/release/x2.2025-08-13.e212b7f68/bin/' | bash
verbose: 
verbose: bash  -c $'set -e\nrm -rf temp/release/x2.*\nmkdir -p temp/release/x2.2025-08-13.e212b7f68 temp/release/x2.2025-08-13.e212b7f68/data\nbin/x2fs  -create:Y -f:Y -path:temp/release/x2.2025-08-13.e212b7f68 -topo:dev-x2-4 -topo_opts:$\' omenv:dev.x2-4\'\nmkdir -p temp/release/x2.2025-08-13.e212b7f68/bin\nacr -report:N prodtarget:x2/% -cmd \'cp -H bin/$ns temp/release/x2.2025-08-13.e212b7f68/bin/\' | bash\n'
x2fs.done  path:temp/release/x2.2025-08-13.e212b7f68  fsid:3e1fb3e8-6f69-4bf3-a1b8-022b44b8c146
x2rel.info  release:temp/release/x2.2025-08-13.e212b7f68  comment:"release completed"
verbose: git log --pretty=format:'%ad.%h' --date=short -1
verbose: bash  -c $'git log --pretty=format:\'%ad.%h\' --date=short -1' >&5
verbose: set -e
verbose: rm -rf temp/release/x2w.*
verbose: mkdir -p temp/release/x2w.2025-08-13.e212b7f68 temp/release/x2w.2025-08-13.e212b7f68/data
verbose: acr_in "$(acr prodtarget:x2w/% -regxof:ns)" -data | acr -in:temp/release/x2w.2025-08-13.e212b7f68/data -insert -write -print:N -report:N
verbose: acr -in:temp/release/x2w.2025-08-13.e212b7f68/data x2db.topo:% -del -write -print:N -report:N
verbose: mkdir -p temp/release/x2w.2025-08-13.e212b7f68/bin
verbose: acr -report:N prodtarget:x2w/% -cmd 'cp -H bin/$ns temp/release/x2w.2025-08-13.e212b7f68/bin/' | bash
verbose: 
verbose: bash  -c $'set -e\nrm -rf temp/release/x2w.*\nmkdir -p temp/release/x2w.2025-08-13.e212b7f68 temp/release/x2w.2025-08-13.e212b7f68/data\nacr_in "$(acr prodtarget:x2w/% -regxof:ns)" -data | acr -in:temp/release/x2w.2025-08-13.e212b7f68/data -insert -write -print:N -report:N\nacr -in:temp/release/x2w.2025-08-13.e212b7f68/data x2db.topo:% -del -write -print:N -report:N\nmkdir -p temp/release/x2w.2025-08-13.e212b7f68/bin\nacr -report:N prodtarget:x2w/% -cmd \'cp -H bin/$ns temp/release/x2w.2025-08-13.e212b7f68/bin/\' | bash\n'
x2rel.info  release:temp/release/x2w.2025-08-13.e212b7f68  comment:"release completed"
x2rel.release  product:x2  nodes:"(dev.x2-20|dev.x2-18|dev.x2-19|dev.x2-17)"  filename:x2.2025-08-13.e212b7f68
verbose: bash  -c $'bin/x2node  -node:$\'(dev.x2-20|dev.x2-18|dev.x2-19|dev.x2-17)\' -cmd:\'mkdir -p reldir/x2.2025-08-13.e212b7f68\''
x2node.info node:dev.x2-17  cmd:"ssh -q x2usr@dev.x2-17 mkdir -p reldir/x2.2025-08-13.e212b7f68"
x2node.info node:dev.x2-18  cmd:"ssh -q x2usr@dev.x2-18 mkdir -p reldir/x2.2025-08-13.e212b7f68"
x2node.info node:dev.x2-19  cmd:"ssh -q x2usr@dev.x2-19 mkdir -p reldir/x2.2025-08-13.e212b7f68"
x2node.info node:dev.x2-20  cmd:"ssh -q x2usr@dev.x2-20 mkdir -p reldir/x2.2025-08-13.e212b7f68"
x2node.info  ncmd:4  completed:4  success:4  failure:0
verbose: bash  -c $'bin/x2node  -node:$\'(dev.x2-20|dev.x2-18|dev.x2-19|dev.x2-17)\' -rsync_put:Y -rsync_opts:\' -ac\' -local:temp/release/x2.2025-08-13.e212b7f68 -remote:reldir -cmd:$\'$\\\'rm -f release; ln -sf reldir/x2.2025-08-13.e212b7f68 release\\\'\''
x2node.info node:dev.x2-17  cmd:"rsync  -ac temp/release/x2.2025-08-13.e212b7f68 x2usr@dev.x2-17:reldir"
x2node.info node:dev.x2-17  cmd:"ssh -q x2usr@dev.x2-17 $'rm -f release; ln -sf reldir/x2.2025-08-13.e212b7f68 release'"
x2node.info node:dev.x2-18  cmd:"rsync  -ac temp/release/x2.2025-08-13.e212b7f68 x2usr@dev.x2-18:reldir"
x2node.info node:dev.x2-18  cmd:"ssh -q x2usr@dev.x2-18 $'rm -f release; ln -sf reldir/x2.2025-08-13.e212b7f68 release'"
x2node.info node:dev.x2-19  cmd:"rsync  -ac temp/release/x2.2025-08-13.e212b7f68 x2usr@dev.x2-19:reldir"
x2node.info node:dev.x2-19  cmd:"ssh -q x2usr@dev.x2-19 $'rm -f release; ln -sf reldir/x2.2025-08-13.e212b7f68 release'"
x2node.info node:dev.x2-20  cmd:"rsync  -ac temp/release/x2.2025-08-13.e212b7f68 x2usr@dev.x2-20:reldir"
x2node.info node:dev.x2-20  cmd:"ssh -q x2usr@dev.x2-20 $'rm -f release; ln -sf reldir/x2.2025-08-13.e212b7f68 release'"
x2node.info  ncmd:8  completed:8  success:8  failure:0
x2rel.release  product:x2w  nodes:"(dev.x2w-08)"  filename:x2w.2025-08-13.e212b7f68
verbose: bash  -c $'bin/x2node  -node:$\'(dev.x2w-08)\' -cmd:\'mkdir -p reldir/x2w.2025-08-13.e212b7f68\''
x2node.info node:dev.x2w-08  cmd:"ssh -q x2w@dev.x2w-08 mkdir -p reldir/x2w.2025-08-13.e212b7f68"
x2node.info  ncmd:1  completed:1  success:1  failure:0
verbose: bash  -c $'bin/x2node  -node:$\'(dev.x2w-08)\' -rsync_put:Y -rsync_opts:\' -ac\' -local:temp/release/x2w.2025-08-13.e212b7f68 -remote:reldir -cmd:$\'$\\\'rm -f release; ln -sf reldir/x2w.2025-08-13.e212b7f68 release\\\'\''
x2node.info node:dev.x2w-08  cmd:"rsync  -ac temp/release/x2w.2025-08-13.e212b7f68 x2w@dev.x2w-08:reldir"
x2node.info node:dev.x2w-08  cmd:"ssh -q x2w@dev.x2w-08 $'rm -f release; ln -sf reldir/x2w.2025-08-13.e212b7f68 release'"
x2node.info  ncmd:2  completed:2  success:2  failure:0
<f+++++++++ dev.x2-4.kafkaui-1
dev.kafkaui-5:script
<f+++++++++ dev.x2-4.kafkaw-1
dev.kafkaw-04:script
<f+++++++++ dev.x2-4.kafkaw-2
dev.kafkaw-12:script
<f+++++++++ dev.x2-4.rdpui-1
dev.rdpui-5:script
<f+++++++++ dev.x2-4.x2-0
dev.x2-20:script
<f+++++++++ dev.x2-4.x2-1
dev.x2-18:script
<f+++++++++ dev.x2-4.x2-2
dev.x2-19:script
<f+++++++++ dev.x2-4.x2-3
dev.x2-17:script
<f+++++++++ dev.x2-4.x2w-1
dev.x2w-08:script
script:info  node:dev.kafkaui-5 omnode:dev.x2-4.kafkaui-1 option:start 
Stopping kafkaui...
====Was not running
Starting kafkaui...
script:info  node:dev.kafkaw-04 omnode:dev.x2-4.kafkaw-1 option:start 
Stopping kafka_worker...
====Was not running
...........
dev.kafkaw-04:success
script:info  node:dev.kafkaw-12 omnode:dev.x2-4.kafkaw-2 option:start 
Stopping kafka_worker...
====Was not running
...........
dev.kafkaw-12:success
script:info  node:dev.rdpui-5 omnode:dev.x2-4.rdpui-1 option:start 
Stopping rdpui...
====Was not running
Starting rdpui...
x2node.error node:dev.x2-17  status:1  cmd:"ssh -q x2usr@dev.x2-17 $'[ -f \"./$(hostname)\" ] && ./$(hostname) start'"
script:info  node:dev.x2-17 omnode:dev.x2-4.x2-3 option:start 
Stopping x2...
====Was not running
Starting x2...
Log file:./dev-x2-4.x2sup-3-0.log
Failed to start after 30 tries
x2node.error node:dev.x2-18  status:1  cmd:"ssh -q x2usr@dev.x2-18 $'[ -f \"./$(hostname)\" ] && ./$(hostname) start'"
script:info  node:dev.x2-18 omnode:dev.x2-4.x2-1 option:start 
Stopping x2...
====Was not running
Starting x2...
Log file:./dev-x2-4.x2sup-1-0.log
Failed to start after 30 tries
x2node.error node:dev.x2-19  status:1  cmd:"ssh -q x2usr@dev.x2-19 $'[ -f \"./$(hostname)\" ] && ./$(hostname) start'"
script:info  node:dev.x2-19 omnode:dev.x2-4.x2-2 option:start 
Stopping x2...
====Was not running
Starting x2...
Log file:./dev-x2-4.x2sup-2-0.log
Failed to start after 30 tries
x2node.error node:dev.x2-20  status:1  cmd:"ssh -q x2usr@dev.x2-20 $'[ -f \"./$(hostname)\" ] && ./$(hostname) start'"
script:info  node:dev.x2-20 omnode:dev.x2-4.x2-0 option:start 
Stopping x2...
====Was not running
Starting x2...
Log file:./dev-x2-4.x2sup-0-0.log
Failed to start after 30 tries
x2node.error node:dev.x2-17  status:1  cmd:"ssh -q x2usr@dev.x2-17 $'[ -f \"./$(hostname)\" ] && ./$(hostname) start'"  comment:failed
x2node.error node:dev.x2-18  status:1  cmd:"ssh -q x2usr@dev.x2-18 $'[ -f \"./$(hostname)\" ] && ./$(hostname) start'"  comment:failed
x2node.error node:dev.x2-19  status:1  cmd:"ssh -q x2usr@dev.x2-19 $'[ -f \"./$(hostname)\" ] && ./$(hostname) start'"  comment:failed
x2node.error node:dev.x2-20  status:1  cmd:"ssh -q x2usr@dev.x2-20 $'[ -f \"./$(hostname)\" ] && ./$(hostname) start'"  comment:failed
omcli.error  algo_lib.exec  cmd:"bin/x2node  -node:$'dev.kafkaui-5|dev.kafkaw-04|dev.kafkaw-12|dev.rdpui-5|dev.x2-20|dev.x2-18|dev.x2-19|dev.x2-17|dev.x2w-08' -cmd:$'$\\'[ -f \"./$(hostname)\" ] && ./$(hostname) start\\'' -q:Y -fail_on_error:Y"  comment:"exit code 4"
script:info  node:dev.kafkaui-5 omnode:dev.x2-4.kafkaui-1 option:status 
Checking kafkaui status...
COMMAND PID     USER   FD   TYPE  DEVICE SIZE/OFF NODE NAME
java    172 kafkausr  393u  IPv6 6500816      0t0  TCP *:http-alt (LISTEN)
java    172 kafkausr  395u  IPv6 6493472      0t0  UDP *:54129 
java    172 kafkausr  398u  IPv6 6454636      0t0  TCP dev.kafkaui-5:52252->dev.x2-4.kafka-2.ext-0:1532 (ESTABLISHED)
script:info  node:dev.kafkaw-04 omnode:dev.x2-4.kafkaw-1 option:status 
Checking status kafka_worker...
COMMAND PID      USER   FD   TYPE DEVICE SIZE/OFF NODE NAME
java    213 kafkawrkr  228u  IPv6 912740      0t0  TCP *:1080 (LISTEN)
script:info  node:dev.kafkaw-12 omnode:dev.x2-4.kafkaw-2 option:status 
Checking status kafka_worker...
COMMAND PID      USER   FD   TYPE DEVICE SIZE/OFF NODE NAME
java    213 kafkawrkr  228u  IPv6 881791      0t0  TCP *:1130 (LISTEN)
script:info  node:dev.rdpui-5 omnode:dev.x2-4.rdpui-1 option:status 
Checking status rdpui...
  103 rdpusr    0:00 ./rdpui -config.filepath=rdp_console.yaml
script:info  node:dev.x2-17 omnode:dev.x2-4.x2-3 option:status 
Checking status x2...
COMMAND PID  USER   FD   TYPE  DEVICE SIZE/OFF NODE NAME
x2gw    239 x2usr   25u  IPv4 1808202      0t0  TCP 192.168.104.2:1519 (LISTEN)
script:info  node:dev.x2-18 omnode:dev.x2-4.x2-1 option:status 
Checking status x2...
COMMAND PID  USER   FD   TYPE  DEVICE SIZE/OFF NODE NAME
x2gw    245 x2usr   25u  IPv4 1446384      0t0  TCP 192.168.104.3:1532 (LISTEN)
x2gw    245 x2usr   32u  IPv4 1446393      0t0  TCP 192.168.104.3:1532->192.168.104.1:52252 (ESTABLISHED)
script:info  node:dev.x2-19 omnode:dev.x2-4.x2-2 option:status 
Checking status x2...
COMMAND PID  USER   FD   TYPE  DEVICE SIZE/OFF NODE NAME
x2gw    239 x2usr   25u  IPv4 1393019      0t0  TCP 192.168.104.4:1545 (LISTEN)
script:info  node:dev.x2-20 omnode:dev.x2-4.x2-0 option:status 
Checking status x2...
COMMAND PID  USER   FD   TYPE  DEVICE SIZE/OFF NODE NAME
x2gw    251 x2usr   25u  IPv4 2496369      0t0  TCP 192.168.104.5:1558 (LISTEN)
% ERROR: Failed to acquire metadata: Local: Timed out
x2node.error node:dev.x2w-08  status:1  cmd:"ssh -q -t x2w@dev.x2w-08 $'kcat -b dev.x2-4.x2-0.ext-0:1558 -L'"
x2node.error node:dev.x2w-08  status:1  cmd:"ssh -q -t x2w@dev.x2w-08 $'kcat -b dev.x2-4.x2-0.ext-0:1558 -L'"  comment:failed
omcli.error  algo_lib.exec  cmd:"bin/x2node  -node:dev.x2w-08 -t:Y -rsync_put:Y -rsync_opts:-aic -local:temp/omcli/gen/dev.x2-4.x2w-1 -remote:dev.x2w-08 -cmd:$'$\\'kcat -b dev.x2-4.x2-0.ext-0:1558 -L\\'' -q:Y -fail_on_error:Y"  comment:"exit code 1"