atf_snf.frame_stats  direction:"c->b"  tcp_short:108.1-108.5  tcp_pair_key:192.168.108.1:47720-192.168.108.5:1047  frame_count:13  syn_count:1  fin_count:1  rst_count:0  isn:002342234681  tcp_payload_len_tot:000000000196
atf_snf.kafka_stats  client_id_key:redpanda-console  kafka_count:5  kafka_req_ack_count:5  kafka_count_in_bh:5  pct_non_ack!!!:0  kafka_len_tot:000000000196


atf_snf.info iframe:000000000023  ts_ns:2156722996716556  ack:1
kafka2.ApiVersionsRequest  request_api_version:3  correlation_id:0  client_id:redpanda-console  client_software_name:kgo  client_software_version:v1.18.0
atf_snf.info iframe:000000000025  ts_ns:2156722999165779
kafka2.ApiVersionsResponse  request_api_version:3  correlation_id:0  error_code:0  api_keys.0:"kafka2.ApiVersion18a  api_key:0  min_version:0  max_version:11"  api_keys.1:"kafka2.ApiVersion18a  api_key:1  min_version:0  max_version:17"  api_keys.2:"kafka2.ApiVersion18a  api_key:2  min_version:0  max_version:9"  api_keys.3:"kafka2.ApiVersion18a  api_key:3  min_version:0  max_version:12"  api_keys.4:"kafka2.ApiVersion18a  api_key:8  min_version:0  max_version:9"  api_keys.5:"kafka2.ApiVersion18a  api_key:9  min_version:0  max_version:9"  api_keys.6:"kafka2.ApiVersion18a  api_key:10  min_version:0  max_version:6"  api_keys.7:"kafka2.ApiVersion18a  api_key:11  min_version:0  max_version:9"  api_keys.8:"kafka2.ApiVersion18a  api_key:12  min_version:0  max_version:4"  api_keys.9:"kafka2.ApiVersion18a  api_key:13  min_version:0  max_version:5"  api_keys.10:"kafka2.ApiVersion18a  api_key:14  min_version:0  max_version:5"  api_keys.11:"kafka2.ApiVersion18a  api_key:15  min_version:0  max_version:5"  api_keys.12:"kafka
atf_snf.info iframe:000000000027  ts_ns:2156722999269376  ack:1
kafka2.ApiVersionsRequest  request_api_version:3  correlation_id:1  client_id:redpanda-console  client_software_name:kgo  client_software_version:v1.18.0
atf_snf.info iframe:000000000028  ts_ns:2156722999961209
kafka2.ApiVersionsResponse  request_api_version:3  correlation_id:1  error_code:0  api_keys.0:"kafka2.ApiVersion18a  api_key:0  min_version:0  max_version:11"  api_keys.1:"kafka2.ApiVersion18a  api_key:1  min_version:0  max_version:17"  api_keys.2:"kafka2.ApiVersion18a  api_key:2  min_version:0  max_version:9"  api_keys.3:"kafka2.ApiVersion18a  api_key:3  min_version:0  max_version:12"  api_keys.4:"kafka2.ApiVersion18a  api_key:8  min_version:0  max_version:9"  api_keys.5:"kafka2.ApiVersion18a  api_key:9  min_version:0  max_version:9"  api_keys.6:"kafka2.ApiVersion18a  api_key:10  min_version:0  max_version:6"  api_keys.7:"kafka2.ApiVersion18a  api_key:11  min_version:0  max_version:9"  api_keys.8:"kafka2.ApiVersion18a  api_key:12  min_version:0  max_version:4"  api_keys.9:"kafka2.ApiVersion18a  api_key:13  min_version:0  max_version:5"  api_keys.10:"kafka2.ApiVersion18a  api_key:14  min_version:0  max_version:5"  api_keys.11:"kafka2.ApiVersion18a  api_key:15  min_version:0  max_version:5"  api_keys.12:"kafka
atf_snf.info iframe:000000000029  ts_ns:2156723000067929  ack:1
kafka2.MetadataRequest  request_api_version:9  correlation_id:2  client_id:redpanda-console  allow_auto_topic_creation:N  include_cluster_authorized_operations:N  include_topic_authorized_operations:N
atf_snf.info iframe:000000000030  ts_ns:2156723000977350
kafka2.MetadataResponse  request_api_version:9  correlation_id:2  throttle_time_ms:0  brokers.0:"kafka2.MetadataResponseBroker3a  node_id:4  host:dev.ak-8.kafka-4.ext  port:1047"  cluster_id:dev.ak-8  controller_id:4  cluster_authorized_operations:-2147483648  error_code:0
atf_snf.info iframe:000000000064  ts_ns:2156723033575046  ack:1
kafka2.MetadataRequest  request_api_version:9  correlation_id:3  client_id:redpanda-console  allow_auto_topic_creation:N  include_cluster_authorized_operations:N  include_topic_authorized_operations:N
atf_snf.info iframe:000000000065  ts_ns:2156723034334246
kafka2.MetadataResponse  request_api_version:9  correlation_id:3  throttle_time_ms:0  brokers.0:"kafka2.MetadataResponseBroker3a  node_id:4  host:dev.ak-8.kafka-4.ext  port:1047"  cluster_id:dev.ak-8  controller_id:4  cluster_authorized_operations:-2147483648  error_code:0
atf_snf.info iframe:000000000069  ts_ns:2156723039466291  ack:1
kafka2.MetadataRequest  request_api_version:9  correlation_id:4  client_id:redpanda-console  allow_auto_topic_creation:N  include_cluster_authorized_operations:N  include_topic_authorized_operations:N
atf_snf.info iframe:000000000070  ts_ns:2156723040330649
kafka2.MetadataResponse  request_api_version:9  correlation_id:4  throttle_time_ms:0  brokers.0:"kafka2.MetadataResponseBroker3a  node_id:4  host:dev.ak-8.kafka-4.ext  port:1047"  cluster_id:dev.ak-8  controller_id:4  cluster_authorized_operations:-2147483648  error_code:0
