lspci: Unable to load libkmod resources: error -2
lspci: Unable to load libkmod resources: error -2
lspci: Unable to load libkmod resources: error -2
lspci: Unable to load libkmod resources: error -2
lspci: Unable to load libkmod resources: error -2
lspci: Unable to load libkmod resources: error -2
lspci: Unable to load libkmod resources: error -2
lspci: Unable to load libkmod resources: error -2
lspci: Unable to load libkmod resources: error -2
lspci: Unable to load libkmod resources: error -2

Network devices using kernel driver
===================================
0000:01:00.0 'MT28908 Family [ConnectX-6] 101b' if=data2 drv=mlx5_core unused=vfio-pci *Active*
0000:43:00.0 'BCM57416 NetXtreme-E Dual-Media 10G RDMA Ethernet Controller 16d8' if=ipmi drv=bnxt_en unused=vfio-pci *Active*
0000:43:00.1 'BCM57416 NetXtreme-E Dual-Media 10G RDMA Ethernet Controller 16d8' if=ctrl drv=bnxt_en unused=vfio-pci *Active*
0000:81:00.0 'MT28908 Family [ConnectX-6] 101b' if=ibI drv=mlx5_core unused=vfio-pci *Active*
0000:c5:00.0 'MT28908 Family [ConnectX-6] 101b' if=data0 drv=mlx5_core unused=vfio-pci *Active*

No 'Baseband' devices detected
==============================

Crypto devices using kernel driver
==================================
0000:04:00.2 'Starship/Matisse PTDMA 1498' drv=ptdma unused=vfio-pci 
0000:05:00.2 'Starship/Matisse PTDMA 1498' drv=ptdma unused=vfio-pci 
0000:49:00.2 'Starship/Matisse PTDMA 1498' drv=ptdma unused=vfio-pci 
0000:4a:00.1 'Starship/Matisse Cryptographic Coprocessor PSPCPP 1486' drv=ccp unused=vfio-pci 
0000:4a:00.2 'Starship/Matisse PTDMA 1498' drv=ptdma unused=vfio-pci 
0000:86:00.2 'Starship/Matisse PTDMA 1498' drv=ptdma unused=vfio-pci 
0000:87:00.2 'Starship/Matisse PTDMA 1498' drv=ptdma unused=vfio-pci 
0000:c6:00.2 'Starship/Matisse PTDMA 1498' drv=ptdma unused=vfio-pci 
0000:c7:00.2 'Starship/Matisse PTDMA 1498' drv=ptdma unused=vfio-pci 

No 'DMA' devices detected
=========================

No 'Eventdev' devices detected
==============================

No 'Mempool' devices detected
=============================

No 'Compress' devices detected
==============================

No 'Misc (rawdev)' devices detected
===================================

No 'Regex' devices detected
===========================

No 'ML' devices detected
========================
