$ omcli  dev.x2-4.%  -dkr_clean_run
dkr.report command:generate_dockerbuild  cmd:""  targets:11
dkr.info image:kafkacw-02 file:temp/docker/kafkacw-02/kafkacw-02.run comment:copying script
dkr.info image:kafkacw-02 file:temp/docker/kafkacw-02/kafkacw-02.build comment:copying script
dkr.info image:kafkacw-02 file:temp/docker/kafkacw-02/Dockerfile comment:copying Dockerfile
dkr.info image:kafkaui-5 file:temp/docker/kafkaui-5/kafkaui-5.run comment:copying script
dkr.info image:kafkaui-5 file:temp/docker/kafkaui-5/kafkaui-5.build comment:copying script
dkr.info image:kafkaui-5 file:temp/docker/kafkaui-5/Dockerfile comment:copying Dockerfile
dkr.info image:kafkaw-04 file:temp/docker/kafkaw-04/kafkaw-04.run comment:copying script
dkr.info image:kafkaw-04 file:temp/docker/kafkaw-04/kafkaw-04.build comment:copying script
dkr.info image:kafkaw-04 file:temp/docker/kafkaw-04/Dockerfile comment:copying Dockerfile
dkr.info image:kafkaw-12 file:temp/docker/kafkaw-12/kafkaw-12.run comment:copying script
dkr.info image:kafkaw-12 file:temp/docker/kafkaw-12/kafkaw-12.build comment:copying script
dkr.info image:kafkaw-12 file:temp/docker/kafkaw-12/Dockerfile comment:copying Dockerfile
dkr.info image:minio-02 file:temp/docker/minio-02/minio-02.run comment:copying script
dkr.info image:minio-02 file:temp/docker/minio-02/minio-02.build comment:copying script
dkr.info image:minio-02 file:temp/docker/minio-02/Dockerfile comment:copying Dockerfile
dkr.info image:rdpui-5 file:temp/docker/rdpui-5/rdpui-5.run comment:copying script
dkr.info image:rdpui-5 file:temp/docker/rdpui-5/rdpui-5.build comment:copying script
dkr.info image:rdpui-5 file:temp/docker/rdpui-5/Dockerfile comment:copying Dockerfile
dkr.info image:x2-17 file:temp/docker/x2-17/x2-17.run comment:copying script
dkr.info image:x2-17 file:temp/docker/x2-17/x2-17.build comment:copying script
dkr.info image:x2-17 file:temp/docker/x2-17/Dockerfile comment:copying Dockerfile
dkr.info image:x2-18 file:temp/docker/x2-18/x2-18.run comment:copying script
dkr.info image:x2-18 file:temp/docker/x2-18/x2-18.build comment:copying script
dkr.info image:x2-18 file:temp/docker/x2-18/Dockerfile comment:copying Dockerfile
dkr.info image:x2-19 file:temp/docker/x2-19/x2-19.run comment:copying script
dkr.info image:x2-19 file:temp/docker/x2-19/x2-19.build comment:copying script
dkr.info image:x2-19 file:temp/docker/x2-19/Dockerfile comment:copying Dockerfile
dkr.info image:x2-20 file:temp/docker/x2-20/x2-20.run comment:copying script
dkr.info image:x2-20 file:temp/docker/x2-20/x2-20.build comment:copying script
dkr.info image:x2-20 file:temp/docker/x2-20/Dockerfile comment:copying Dockerfile
dkr.info image:x2w-08 file:temp/docker/x2w-08/x2w-08.run comment:copying script
dkr.info image:x2w-08 file:temp/docker/x2w-08/x2w-08.build comment:copying script
dkr.info image:x2w-08 file:temp/docker/x2w-08/Dockerfile comment:copying Dockerfile
dkr.report command:docker_clean_run  cmd:'ps --filter "name=x2w-08"'  targets:11
kafkacw-02
kafkacw-02
26729b112f0060a237dee2053e9fd3082e7ba0810ec1736a52c710b1373982d4

CONTAINER ID   IMAGE     COMMAND                  CREATED        STATUS                  PORTS     NAMES
26729b112f00   kafkacw   "/usr/bin/dumb-init …"   1 second ago   Up Less than a second             kafkacw-02

kafkaui-5
kafkaui-5
442102c04ef18abf6038a45b466ec1f7b1e3a93b4e13e018cf59da8f46b87dc8

CONTAINER ID   IMAGE     COMMAND                  CREATED        STATUS                  PORTS                                                      NAMES
442102c04ef1   kafkaui   "/usr/bin/dumb-init …"   1 second ago   Up Less than a second   192.168.10.11:1561->22/tcp, 192.168.10.11:1562->8080/tcp   kafkaui-5

kafkaw-04
kafkaw-04
7912a1b463c2f05d5be149cc77e827e819fe49941140e0047156a81d3d117148

CONTAINER ID   IMAGE     COMMAND                  CREATED                  STATUS                  PORTS     NAMES
7912a1b463c2   kafkaw    "/usr/bin/dumb-init …"   Less than a second ago   Up Less than a second             kafkaw-04

kafkaw-12
kafkaw-12
5cd2a1ec348311e7dd5ba29242992d43c5e92c0ebb77949c33e9901d92dd486d

CONTAINER ID   IMAGE     COMMAND                  CREATED                  STATUS                  PORTS     NAMES
5cd2a1ec3483   kafkaw    "/usr/bin/dumb-init …"   Less than a second ago   Up Less than a second             kafkaw-12

minio-02
minio-02
64359016e9169a8f233a24b3c0dcf82b29b214948d0f423cd3412b0f0362ae2b

CONTAINER ID   IMAGE     COMMAND                  CREATED                  STATUS                  PORTS     NAMES
64359016e916   minio     "/usr/bin/dumb-init …"   Less than a second ago   Up Less than a second             minio-02

rdpui-5
rdpui-5
e5504feb7313b01058c155c61692d23358ac0421b2cda61ee308f072a6130afc

CONTAINER ID   IMAGE     COMMAND                  CREATED        STATUS                  PORTS                                                      NAMES
e5504feb7313   rdpui     "/usr/bin/dumb-init …"   1 second ago   Up Less than a second   192.168.10.11:1493->22/tcp, 192.168.10.11:1494->8080/tcp   rdpui-5

x2-17
x2-17
a5d65af16171be45d539b6eb61d90a5d4e1cef24c233efaa15b85a25d13e62db

CONTAINER ID   IMAGE     COMMAND                  CREATED        STATUS                  PORTS     NAMES
a5d65af16171   x2        "/usr/bin/dumb-init …"   1 second ago   Up Less than a second             x2-17

x2-18
x2-18
d1b60f2d50844a501464845bd2f375b1de2cd61ba4b9d8dc707c09c6cae4f538

CONTAINER ID   IMAGE     COMMAND                  CREATED                  STATUS                  PORTS     NAMES
d1b60f2d5084   x2        "/usr/bin/dumb-init …"   Less than a second ago   Up Less than a second             x2-18

x2-19
x2-19
66ddcf4ca1d5f6a5a0aca7abae3ac28330016886210dba61a82a8af4aadc4cb5

CONTAINER ID   IMAGE     COMMAND                  CREATED                  STATUS                  PORTS     NAMES
66ddcf4ca1d5   x2        "/usr/bin/dumb-init …"   Less than a second ago   Up Less than a second             x2-19

x2-20
x2-20
771f8403e5bfc4a008e91c6642721ca9922b29c0554444f0e820425970683108

CONTAINER ID   IMAGE     COMMAND                  CREATED                  STATUS                  PORTS     NAMES
771f8403e5bf   x2        "/usr/bin/dumb-init …"   Less than a second ago   Up Less than a second             x2-20

x2w-08
x2w-08
510de415205fd4c14cab79f16bd94a7b50df11c5af6142445286755090c853b1

CONTAINER ID   IMAGE     COMMAND                  CREATED        STATUS                  PORTS     NAMES
510de415205f   x2w       "/usr/bin/dumb-init …"   1 second ago   Up Less than a second             x2w-08
