docker clean
dkr.report command:generate_dockerbuild  cmd:""  targets:11
dkr.info image:kafka-13 file:temp/docker/kafka-13/kafka-13.run comment:copying script
dkr.info image:kafka-13 file:temp/docker/kafka-13/kafka-13.build comment:copying script
dkr.info image:kafka-13 file:temp/docker/kafka-13/Dockerfile comment:copying Dockerfile
dkr.info image:kafka-14 file:temp/docker/kafka-14/kafka-14.run comment:copying script
dkr.info image:kafka-14 file:temp/docker/kafka-14/kafka-14.build comment:copying script
dkr.info image:kafka-14 file:temp/docker/kafka-14/Dockerfile comment:copying Dockerfile
dkr.info image:kafka-15 file:temp/docker/kafka-15/kafka-15.run comment:copying script
dkr.info image:kafka-15 file:temp/docker/kafka-15/kafka-15.build comment:copying script
dkr.info image:kafka-15 file:temp/docker/kafka-15/Dockerfile comment:copying Dockerfile
dkr.info image:kafka-16 file:temp/docker/kafka-16/kafka-16.run comment:copying script
dkr.info image:kafka-16 file:temp/docker/kafka-16/kafka-16.build comment:copying script
dkr.info image:kafka-16 file:temp/docker/kafka-16/Dockerfile comment:copying Dockerfile
dkr.info image:kafkacw-02 file:temp/docker/kafkacw-02/kafkacw-02.run comment:copying script
dkr.info image:kafkacw-02 file:temp/docker/kafkacw-02/kafkacw-02.build comment:copying script
dkr.info image:kafkacw-02 file:temp/docker/kafkacw-02/Dockerfile comment:copying Dockerfile
dkr.info image:kafkaui-5 file:temp/docker/kafkaui-5/kafkaui-5.run comment:copying script
dkr.info image:kafkaui-5 file:temp/docker/kafkaui-5/kafkaui-5.build comment:copying script
dkr.info image:kafkaui-5 file:temp/docker/kafkaui-5/Dockerfile comment:copying Dockerfile
dkr.info image:kafkaw-04 file:temp/docker/kafkaw-04/kafkaw-04.run comment:copying script
dkr.info image:kafkaw-04 file:temp/docker/kafkaw-04/kafkaw-04.build comment:copying script
dkr.info image:kafkaw-04 file:temp/docker/kafkaw-04/Dockerfile comment:copying Dockerfile
dkr.info image:kafkaw-12 file:temp/docker/kafkaw-12/kafkaw-12.run comment:copying script
dkr.info image:kafkaw-12 file:temp/docker/kafkaw-12/kafkaw-12.build comment:copying script
dkr.info image:kafkaw-12 file:temp/docker/kafkaw-12/Dockerfile comment:copying Dockerfile
dkr.info image:minio-02 file:temp/docker/minio-02/minio-02.run comment:copying script
dkr.info image:minio-02 file:temp/docker/minio-02/minio-02.build comment:copying script
dkr.info image:minio-02 file:temp/docker/minio-02/Dockerfile comment:copying Dockerfile
dkr.info image:rdpui-5 file:temp/docker/rdpui-5/rdpui-5.run comment:copying script
dkr.info image:rdpui-5 file:temp/docker/rdpui-5/rdpui-5.build comment:copying script
dkr.info image:rdpui-5 file:temp/docker/rdpui-5/Dockerfile comment:copying Dockerfile
dkr.info image:x2w-08 file:temp/docker/x2w-08/x2w-08.run comment:copying script
dkr.info image:x2w-08 file:temp/docker/x2w-08/x2w-08.build comment:copying script
dkr.info image:x2w-08 file:temp/docker/x2w-08/Dockerfile comment:copying Dockerfile
dkr.report command:docker_clean_run  cmd:'ps --filter "name=x2w-08"'  targets:11
kafka-13
kafka-13
e334af6494b1cff9a39342febe8b7e141c10345724122812cf697aca0a3b4c00

CONTAINER ID   IMAGE     COMMAND                  CREATED                  STATUS                  PORTS     NAMES
e334af6494b1   kafka     "/usr/bin/dumb-init …"   Less than a second ago   Up Less than a second             kafka-13

kafka-14
kafka-14
d1c9bc78a7d2dca5afb18c8dfe6dc6b6a8a187ed07adddc4c67267cd52bb2328

CONTAINER ID   IMAGE     COMMAND                  CREATED                  STATUS                  PORTS     NAMES
d1c9bc78a7d2   kafka     "/usr/bin/dumb-init …"   Less than a second ago   Up Less than a second             kafka-14

kafka-15
kafka-15
66f2d90717416d00cd4176653f8f685aed00deae386b2ae6c997343cff59cd6e

CONTAINER ID   IMAGE     COMMAND                  CREATED                  STATUS                  PORTS     NAMES
66f2d9071741   kafka     "/usr/bin/dumb-init …"   Less than a second ago   Up Less than a second             kafka-15

kafka-16
kafka-16
f80649322690334d4020917eba24258a7fcb9b39618e4036022b28185e04c91b

CONTAINER ID   IMAGE     COMMAND                  CREATED                  STATUS                  PORTS     NAMES
f80649322690   kafka     "/usr/bin/dumb-init …"   Less than a second ago   Up Less than a second             kafka-16

kafkacw-02
kafkacw-02
66c13347399b413a557cf636363c3f78d2e8f8b7b73cfbfa5516a55256497d12

CONTAINER ID   IMAGE     COMMAND                  CREATED        STATUS                  PORTS     NAMES
66c13347399b   kafkacw   "/usr/bin/dumb-init …"   1 second ago   Up Less than a second             kafkacw-02

kafkaui-5
kafkaui-5
c2c8aa0b1ee9274e0205a542079628854bd1ddd80bddb793f4e5cb2c763a2ace

CONTAINER ID   IMAGE     COMMAND                  CREATED        STATUS                  PORTS                                                      NAMES
c2c8aa0b1ee9   kafkaui   "/usr/bin/dumb-init …"   1 second ago   Up Less than a second   192.168.10.11:1561->22/tcp, 192.168.10.11:1562->8080/tcp   kafkaui-5

kafkaw-04
kafkaw-04
b9b3fd1cf7e2db89e0d00158823d40c94ff22819dda3d5f167c599e7a2cdda14

CONTAINER ID   IMAGE     COMMAND                  CREATED        STATUS                  PORTS     NAMES
b9b3fd1cf7e2   kafkaw    "/usr/bin/dumb-init …"   1 second ago   Up Less than a second             kafkaw-04

kafkaw-12
kafkaw-12
f376f8fb4ddd479312f19f8d1547ab56c5b062d3ca517c570db0bf78954372ed

CONTAINER ID   IMAGE     COMMAND                  CREATED        STATUS                  PORTS     NAMES
f376f8fb4ddd   kafkaw    "/usr/bin/dumb-init …"   1 second ago   Up Less than a second             kafkaw-12

minio-02
minio-02
5584a3ba5ed09ddef6e05e9dffc7598cfe486dd55ffb309dc555ef8d1e540be0

CONTAINER ID   IMAGE     COMMAND                  CREATED        STATUS                  PORTS     NAMES
5584a3ba5ed0   minio     "/usr/bin/dumb-init …"   1 second ago   Up Less than a second             minio-02

rdpui-5
rdpui-5
1238d42eaa1e307391607150f5e4dc0cf79421a981a4ec9ab677843b7d5b0631

CONTAINER ID   IMAGE     COMMAND                  CREATED                  STATUS                  PORTS                                                      NAMES
1238d42eaa1e   rdpui     "/usr/bin/dumb-init …"   Less than a second ago   Up Less than a second   192.168.10.11:1493->22/tcp, 192.168.10.11:1494->8080/tcp   rdpui-5

x2w-08
x2w-08
415306bcc5aa42d4b030fc84bc04dc699da490a61e23cf7e0b85fbc68835abab

CONTAINER ID   IMAGE     COMMAND                  CREATED                  STATUS                  PORTS     NAMES
415306bcc5aa   x2w       "/usr/bin/dumb-init …"   Less than a second ago   Up Less than a second             x2w-08

start brokers , ui, minio
<f+++++++++ dev.x2-4.kafka-1
dev.kafka-13:script
<f+++++++++ dev.x2-4.kafka-2
dev.kafka-14:script
<f+++++++++ dev.x2-4.kafka-3
dev.kafka-15:script
<f+++++++++ dev.x2-4.kafka-4
dev.kafka-16:script
script:info  node:dev.kafka-13 omnode:dev.x2-4.kafka-1 option:start_clean 
====Was not running
Formatting data directory /mnt/data-3/dev.x2-4 with metadata.version 3.9-IV0.
Formatting metadata directory /mnt/data-1/dev.x2-4 with metadata.version 3.9-IV0.
Formatting data directory /mnt/data-4/dev.x2-4 with metadata.version 3.9-IV0.
Formatting data directory /mnt/data-2/dev.x2-4 with metadata.version 3.9-IV0.
.
dev.kafka-13:success
script:info  node:dev.kafka-14 omnode:dev.x2-4.kafka-2 option:start_clean 
====Was not running
Formatting data directory /mnt/data-3/dev.x2-4 with metadata.version 3.9-IV0.
Formatting metadata directory /mnt/data-1/dev.x2-4 with metadata.version 3.9-IV0.
Formatting data directory /mnt/data-2/dev.x2-4 with metadata.version 3.9-IV0.
.
dev.kafka-14:success
script:info  node:dev.kafka-15 omnode:dev.x2-4.kafka-3 option:start_clean 
====Was not running
Formatting data directory /mnt/data-3/dev.x2-4 with metadata.version 3.9-IV0.
Formatting metadata directory /mnt/data-1/dev.x2-4 with metadata.version 3.9-IV0.
Formatting data directory /mnt/data-4/dev.x2-4 with metadata.version 3.9-IV0.
Formatting data directory /mnt/data-2/dev.x2-4 with metadata.version 3.9-IV0.
.
dev.kafka-15:success
script:info  node:dev.kafka-16 omnode:dev.x2-4.kafka-4 option:start_clean 
====Was not running
Formatting metadata directory /mnt/data-1/dev.x2-4 with metadata.version 3.9-IV0.
Formatting data directory /mnt/data-2/dev.x2-4 with metadata.version 3.9-IV0.
.
dev.kafka-16:success
<f+++++++++ dev.x2-4.kafkaui-1
dev.kafkaui-5:script
script:info  node:dev.kafkaui-5 omnode:dev.x2-4.kafkaui-1 option:start_clean 
Stopping kafkaui...
====Was not running
Starting kafkaui...
<f+++++++++ dev.x2-4.minio-1
dev.minio-02:script
Added `minio-02` successfully.
script:info  node:dev.minio-02 omnode:dev.x2-4.minio-1 option:start_clean 
====Was not running
wait for broker up
... broker up
produce  few messages
produce records
produced 50 messages to topic mytesttopic
start kafka connect (10 sec ??)
<f+++++++++ dev.x2-4.kafkacw-1
dev.kafkacw-02:script
Added `minio-02` successfully.
script:info  node:dev.kafkacw-02 omnode:dev.x2-4.kafkacw-1 option:start_clean 
====Was not running
Connection established on port 1683
remove and create bucket minio-02/bucket-dev.x2-4.kafkacw-1
Removed `minio-02/bucket-dev.x2-4.kafkacw-1` successfully.
Bucket created successfully `minio-02/bucket-dev.x2-4.kafkacw-1`.
REPLACING dev.x2-4.kafkacw-1-CIDX with dev.x2-4.kafkacw-1-1
{
  "name": "dev.x2-4.kafkacw-1-1",
  "config": {
    "aws.access.key.id": "minioadmin",
    "aws.s3.bucket.name": "bucket-dev.x2-4.kafkacw-1",
    "aws.s3.endpoint": "http://dev.x2-4.minio-1.ext-0:1673",
    "aws.s3.path.style.access": "true",
    "aws.s3.region": "us-east-1",
    "aws.secret.access.key": "minioadmin",
    "connector.class": "io.aiven.kafka.connect.s3.AivenKafkaConnectS3SinkConnector",
    "consumer.override.auto.offset.reset": "earliest",
    "consumer.override.enable.auto.commit": "false",
    "errors.log.enable": "true",
    "file.compression.type": "none",
    "file.name.template": "{{topic}}-{{partition:padding=true}}-{{start_offset:padding=true}}",
    "format.class": "io.aiven.kafka.connect.s3.format.json.JsonFormat",
    "format.output.fields": "key,offset,timestamp,value,headers",
    "format.output.type": "jsonl",
    "key.converter": "org.apache.kafka.connect.converters.ByteArrayConverter",
    "tasks.max": "3",
    "topics.regex": "^(?!(__.*|_schemas|connect-.*)$).*",
    "value.converter": "org.apache.kafka.connect.converters.ByteArrayConverter",
    "name": "dev.x2-4.kafkacw-1-1"
  },
  "tasks": [],
  "type": "sink"
}
List of connectors after posting new connector:
[
  "dev.x2-4.kafkacw-1-1"
]
show s3 bucket after sleep 10
Added `minio-02` successfully.
script:info  node:dev.minio-02 omnode:dev.x2-4.minio-1 option:status 
COMMAND PID       USER   FD   TYPE   DEVICE SIZE/OFF NODE NAME
minio   164 minioadmin    3u  IPv4 13572008      0t0  TCP dev.x2-4.kafkacw-1.ext-0:1673 (LISTEN)
minio   164 minioadmin    6u  IPv6 13572010      0t0  TCP localhost:1673 (LISTEN)
minio   164 minioadmin    7u  IPv4 13572006      0t0  TCP localhost:1673 (LISTEN)
minio   164 minioadmin    9u  IPv4 13547139      0t0  TCP dev.x2-4.kafkacw-1.ext-0:1673->dev.x2-4.kafkacw-1.ext-0:32950 (ESTABLISHED)
minio   164 minioadmin   10u  IPv4 13547140      0t0  TCP dev.x2-4.kafkacw-1.ext-0:1673->dev.x2-4.kafkacw-1.ext-0:32946 (ESTABLISHED)
minio   164 minioadmin   11u  IPv4 13547141      0t0  TCP dev.x2-4.kafkacw-1.ext-0:1673->dev.x2-4.kafkacw-1.ext-0:32948 (ESTABLISHED)
Contents of bucket: bucket-dev.x2-4.kafkacw-1/
[2025-08-22 19:15:50 EDT] 2.8KiB STANDARD mytesttopic-0000000000-00000000000000000000
[2025-08-22 19:15:50 EDT] 2.8KiB STANDARD mytesttopic-0000000001-00000000000000000000
[2025-08-22 19:15:50 EDT] 1.1KiB STANDARD mytesttopic-0000000002-00000000000000000000
[0 Aug 22 19:15:50] avorovich@nj1.sn5.user-avorovich:~/arnd 
$ omcli  dev.x2-4.kafkacw-1  -start_clean  -omplat:ak -omrun_connect:aiven-s3source.dflt -omrun_worker:kafka-connect.dflt 
<fcst...... dev.x2-4.kafkacw-1
dev.kafkacw-02:script
Added `minio-02` successfully.
script:info  node:dev.kafkacw-02 omnode:dev.x2-4.kafkacw-1 option:start_clean 
Connection established on port 1683
Processing connector: dev.x2-4.kafkacw-1-1
Deleting connector dev.x2-4.kafkacw-1-1...
REPLACING dev.x2-4.kafkacw-1-CIDX with dev.x2-4.kafkacw-1-2
{
  "name": "dev.x2-4.kafkacw-1-2",
  "config": {
    "aws.access.key.id": "minioadmin",
    "aws.secret.access.key": "minioadmin",
    "aws.s3.bucket.name": "bucket-dev.x2-4.kafkacw-1",
    "aws.s3.endpoint": "http://dev.x2-4.minio-1.ext-0:1673",
    "aws.s3.path.style.access": "true",
    "aws.s3.region": "us-east-1",
    "connector.class": "io.aiven.kafka.connect.s3.source.S3SourceConnector",
    "tasks.max": "1",
    "input.type": "jsonl",
    "file.name.template": "{{topic}}-{{partition}}-{{start_offset}}.json",
    "poll.interval.ms": "10000",
    "topics.dir": "",
    "key.converter": "org.apache.kafka.connect.converters.ByteArrayConverter",
    "value.converter": "org.apache.kafka.connect.converters.ByteArrayConverter",
    "debug.log.enable": "true",
    "name": "dev.x2-4.kafkacw-1-2"
  },
  "tasks": [],
  "type": "source"
}
List of connectors after posting new connector:
[
  "dev.x2-4.kafkacw-1-2"
]
[0 Aug 22 19:16:41] avorovich@nj1.sn5.user-avorovich:~/arnd 
$ 