(base) pgmabv@avlaptop:~/openacr$ ai
# selecting bootstrap file...
#   considering Linux-clang++.release-x86_64
#   considering Linux-g++.release-x86_64
# make-bootstrap: running bin/bootstrap/Linux-g++.release-x86_64
# this script has been created using atf_ci bootstrap
# now building an abt executable which will build the rest
# setting up soft link build/coverage (default)
# setting up soft link build/debug (default)
# setting up soft link build/profile (default)
# setting up soft link build/release (default)
+ mkdir -p temp
+ mkdir -p build/release
+ mkdir -p build/release
+ g++ -x c++ -Wno-invalid-offsetof -ffunction-sections -fdata-sections -Wsequence-point -Wno-multichar -Wall -Wshadow -pipe -Wextra -Winit-self -Wmissing-include-dirs -Wmissing-declarations -Winvalid-pch -iquote . -Wno-vla -fpch-preprocess -Wno-class-memaccess -Wpedantic -c cpp/abt/build.cpp -o build/release/cpp.abt.build.o -msse4.2 -D AOS_SSE42 -O3 -fno-strict-aliasing -Werror -Wno-unused-local-typedefs -Wno-long-long -Wno-cast-function-type
+ g++ -x c++ -Wno-invalid-offsetof -ffunction-sections -fdata-sections -Wsequence-point -Wno-multichar -Wall -Wshadow -pipe -Wextra -Winit-self -Wmissing-include-dirs -Wmissing-declarations -Winvalid-pch -iquote . -Wno-vla -fpch-preprocess -Wno-class-memaccess -Wpedantic -c cpp/abt/disas.cpp -o build/release/cpp.abt.disas.o -msse4.2 -D AOS_SSE42 -O3 -fno-strict-aliasing -Werror -Wno-unused-local-typedefs -Wno-long-long -Wno-cast-function-type
+ g++ -x c++ -Wno-invalid-offsetof -ffunction-sections -fdata-sections -Wsequence-point -Wno-multichar -Wall -Wshadow -pipe -Wextra -Winit-self -Wmissing-include-dirs -Wmissing-declarations -Winvalid-pch -iquote . -Wno-vla -fpch-preprocess -Wno-class-memaccess -Wpedantic -c cpp/abt/main.cpp -o build/release/cpp.abt.main.o -msse4.2 -D AOS_SSE42 -O3 -fno-strict-aliasing -Werror -Wno-unused-local-typedefs -Wno-long-long -Wno-cast-function-type
+ g++ -x c++ -Wno-invalid-offsetof -ffunction-sections -fdata-sections -Wsequence-point -Wno-multichar -Wall -Wshadow -pipe -Wextra -Winit-self -Wmissing-include-dirs -Wmissing-declarations -Winvalid-pch -iquote . -Wno-vla -fpch-preprocess -Wno-class-memaccess -Wpedantic -c cpp/abt/opt.cpp -o build/release/cpp.abt.opt.o -msse4.2 -D AOS_SSE42 -O3 -fno-strict-aliasing -Werror -Wno-unused-local-typedefs -Wno-long-long -Wno-cast-function-type
+ g++ -x c++ -Wno-invalid-offsetof -ffunction-sections -fdata-sections -Wsequence-point -Wno-multichar -Wall -Wshadow -pipe -Wextra -Winit-self -Wmissing-include-dirs -Wmissing-declarations -Winvalid-pch -iquote . -Wno-vla -fpch-preprocess -Wno-class-memaccess -Wpedantic -c cpp/gen/abt_gen.cpp -o build/release/cpp.gen.abt_gen.o -msse4.2 -D AOS_SSE42 -O3 -fno-strict-aliasing -Werror -Wno-unused-local-typedefs -Wno-long-long -Wno-cast-function-type
+ g++ -x c++ -Wno-invalid-offsetof -ffunction-sections -fdata-sections -Wsequence-point -Wno-multichar -Wall -Wshadow -pipe -Wextra -Winit-self -Wmissing-include-dirs -Wmissing-declarations -Winvalid-pch -iquote . -Wno-vla -fpch-preprocess -Wno-class-memaccess -Wpedantic -c cpp/gcache/gcache.cpp -o build/release/cpp.gcache.gcache.o -msse4.2 -D AOS_SSE42 -O3 -fno-strict-aliasing -Werror -Wno-unused-local-typedefs -Wno-long-long -Wno-cast-function-type
+ g++ -x c++ -Wno-invalid-offsetof -ffunction-sections -fdata-sections -Wsequence-point -Wno-multichar -Wall -Wshadow -pipe -Wextra -Winit-self -Wmissing-include-dirs -Wmissing-declarations -Winvalid-pch -iquote . -Wno-vla -fpch-preprocess -Wno-class-memaccess -Wpedantic -c cpp/gen/gcache_gen.cpp -o build/release/cpp.gen.gcache_gen.o -msse4.2 -D AOS_SSE42 -O3 -fno-strict-aliasing -Werror -Wno-unused-local-typedefs -Wno-long-long -Wno-cast-function-type
+ g++ -x c++ -Wno-invalid-offsetof -ffunction-sections -fdata-sections -Wsequence-point -Wno-multichar -Wall -Wshadow -pipe -Wextra -Winit-self -Wmissing-include-dirs -Wmissing-declarations -Winvalid-pch -iquote . -Wno-vla -fpch-preprocess -Wno-class-memaccess -Wpedantic -c cpp/gen/src_func_gen.cpp -o build/release/cpp.gen.src_func_gen.o -msse4.2 -D AOS_SSE42 -O3 -fno-strict-aliasing -Werror -Wno-unused-local-typedefs -Wno-long-long -Wno-cast-function-type
+ g++ -x c++ -Wno-invalid-offsetof -ffunction-sections -fdata-sections -Wsequence-point -Wno-multichar -Wall -Wshadow -pipe -Wextra -Winit-self -Wmissing-include-dirs -Wmissing-declarations -Winvalid-pch -iquote . -Wno-vla -fpch-preprocess -Wno-class-memaccess -Wpedantic -c cpp/src_func/edit.cpp -o build/release/cpp.src_func.edit.o -msse4.2 -D AOS_SSE42 -O3 -fno-strict-aliasing -Werror -Wno-unused-local-typedefs -Wno-long-long -Wno-cast-function-type
+ g++ -x c++ -Wno-invalid-offsetof -ffunction-sections -fdata-sections -Wsequence-point -Wno-multichar -Wall -Wshadow -pipe -Wextra -Winit-self -Wmissing-include-dirs -Wmissing-declarations -Winvalid-pch -iquote . -Wno-vla -fpch-preprocess -Wno-class-memaccess -Wpedantic -c cpp/src_func/fileloc.cpp -o build/release/cpp.src_func.fileloc.o -msse4.2 -D AOS_SSE42 -O3 -fno-strict-aliasing -Werror -Wno-unused-local-typedefs -Wno-long-long -Wno-cast-function-type
+ g++ -x c++ -Wno-invalid-offsetof -ffunction-sections -fdata-sections -Wsequence-point -Wno-multichar -Wall -Wshadow -pipe -Wextra -Winit-self -Wmissing-include-dirs -Wmissing-declarations -Winvalid-pch -iquote . -Wno-vla -fpch-preprocess -Wno-class-memaccess -Wpedantic -c cpp/src_func/header.cpp -o build/release/cpp.src_func.header.o -msse4.2 -D AOS_SSE42 -O3 -fno-strict-aliasing -Werror -Wno-unused-local-typedefs -Wno-long-long -Wno-cast-function-type
+ g++ -x c++ -Wno-invalid-offsetof -ffunction-sections -fdata-sections -Wsequence-point -Wno-multichar -Wall -Wshadow -pipe -Wextra -Winit-self -Wmissing-include-dirs -Wmissing-declarations -Winvalid-pch -iquote . -Wno-vla -fpch-preprocess -Wno-class-memaccess -Wpedantic -c cpp/src_func/iffy.cpp -o build/release/cpp.src_func.iffy.o -msse4.2 -D AOS_SSE42 -O3 -fno-strict-aliasing -Werror -Wno-unused-local-typedefs -Wno-long-long -Wno-cast-function-type
+ g++ -x c++ -Wno-invalid-offsetof -ffunction-sections -fdata-sections -Wsequence-point -Wno-multichar -Wall -Wshadow -pipe -Wextra -Winit-self -Wmissing-include-dirs -Wmissing-declarations -Winvalid-pch -iquote . -Wno-vla -fpch-preprocess -Wno-class-memaccess -Wpedantic -c cpp/src_func/list.cpp -o build/release/cpp.src_func.list.o -msse4.2 -D AOS_SSE42 -O3 -fno-strict-aliasing -Werror -Wno-unused-local-typedefs -Wno-long-long -Wno-cast-function-type
+ g++ -x c++ -Wno-invalid-offsetof -ffunction-sections -fdata-sections -Wsequence-point -Wno-multichar -Wall -Wshadow -pipe -Wextra -Winit-self -Wmissing-include-dirs -Wmissing-declarations -Winvalid-pch -iquote . -Wno-vla -fpch-preprocess -Wno-class-memaccess -Wpedantic -c cpp/src_func/main.cpp -o build/release/cpp.src_func.main.o -msse4.2 -D AOS_SSE42 -O3 -fno-strict-aliasing -Werror -Wno-unused-local-typedefs -Wno-long-long -Wno-cast-function-type
+ g++ -x c++ -Wno-invalid-offsetof -ffunction-sections -fdata-sections -Wsequence-point -Wno-multichar -Wall -Wshadow -pipe -Wextra -Winit-self -Wmissing-include-dirs -Wmissing-declarations -Winvalid-pch -iquote . -Wno-vla -fpch-preprocess -Wno-class-memaccess -Wpedantic -c cpp/src_func/nextfile.cpp -o build/release/cpp.src_func.nextfile.o -msse4.2 -D AOS_SSE42 -O3 -fno-strict-aliasing -Werror -Wno-unused-local-typedefs -Wno-long-long -Wno-cast-function-type
+ g++ -x c++ -Wno-invalid-offsetof -ffunction-sections -fdata-sections -Wsequence-point -Wno-multichar -Wall -Wshadow -pipe -Wextra -Winit-self -Wmissing-include-dirs -Wmissing-declarations -Winvalid-pch -iquote . -Wno-vla -fpch-preprocess -Wno-class-memaccess -Wpedantic -c cpp/src_func/scan.cpp -o build/release/cpp.src_func.scan.o -msse4.2 -D AOS_SSE42 -O3 -fno-strict-aliasing -Werror -Wno-unused-local-typedefs -Wno-long-long -Wno-cast-function-type
+ g++ -x c++ -Wno-invalid-offsetof -ffunction-sections -fdata-sections -Wsequence-point -Wno-multichar -Wall -Wshadow -pipe -Wextra -Winit-self -Wmissing-include-dirs -Wmissing-declarations -Winvalid-pch -iquote . -Wno-vla -fpch-preprocess -Wno-class-memaccess -Wpedantic -c cpp/gen/src_hdr_gen.cpp -o build/release/cpp.gen.src_hdr_gen.o -msse4.2 -D AOS_SSE42 -O3 -fno-strict-aliasing -Werror -Wno-unused-local-typedefs -Wno-long-long -Wno-cast-function-type
+ g++ -x c++ -Wno-invalid-offsetof -ffunction-sections -fdata-sections -Wsequence-point -Wno-multichar -Wall -Wshadow -pipe -Wextra -Winit-self -Wmissing-include-dirs -Wmissing-declarations -Winvalid-pch -iquote . -Wno-vla -fpch-preprocess -Wno-class-memaccess -Wpedantic -c cpp/src_hdr/hdr.cpp -o build/release/cpp.src_hdr.hdr.o -msse4.2 -D AOS_SSE42 -O3 -fno-strict-aliasing -Werror -Wno-unused-local-typedefs -Wno-long-long -Wno-cast-function-type
+ g++ -x c++ -Wno-invalid-offsetof -ffunction-sections -fdata-sections -Wsequence-point -Wno-multichar -Wall -Wshadow -pipe -Wextra -Winit-self -Wmissing-include-dirs -Wmissing-declarations -Winvalid-pch -iquote . -Wno-vla -fpch-preprocess -Wno-class-memaccess -Wpedantic -c cpp/gen/_gen.cpp -o build/release/cpp.gen._gen.o -msse4.2 -D AOS_SSE42 -O3 -fno-strict-aliasing -Werror -Wno-unused-local-typedefs -Wno-long-long -Wno-cast-function-type
+ g++ -x c++ -Wno-invalid-offsetof -ffunction-sections -fdata-sections -Wsequence-point -Wno-multichar -Wall -Wshadow -pipe -Wextra -Winit-self -Wmissing-include-dirs -Wmissing-declarations -Winvalid-pch -iquote . -Wno-vla -fpch-preprocess -Wno-class-memaccess -Wpedantic -c cpp/gen/algo_gen.cpp -o build/release/cpp.gen.algo_gen.o -msse4.2 -D AOS_SSE42 -O3 -fno-strict-aliasing -Werror -Wno-unused-local-typedefs -Wno-long-long -Wno-cast-function-type
In function ‘void algo::ch_SetStrptr(LnumStr4_U32&, const strptr&)’,
    inlined from ‘bool algo::ch_ReadStrptrMaybe(LnumStr4_U32&, strptr)’ at cpp/gen/algo_gen.cpp:4464:21:
cpp/gen/algo_gen.cpp:4485:22: error: writing 1 byte into a region of size 0 [-Werror=stringop-overflow=]
 4485 |         parent.ch[j] = rhs_elems[i];
      |         ~~~~~~~~~~~~~^~~~~~~~~~~~~~
In file included from ./include/algo.h:33,
                 from cpp/gen/algo_gen.cpp:25:
./include/gen/algo_gen.h: In function ‘bool algo::ch_ReadStrptrMaybe(LnumStr4_U32&, strptr)’:
./include/gen/algo_gen.h:3579:8: note: at offset 4 into destination object ‘algo::LnumStr4_U32::ch’ of size 4
 3579 |     u8 ch[4];
      |        ^~
cpp/gen/algo_gen.cpp: In function ‘void algo::ch_SetStrptr(LnumStr4_U32&, const strptr&)’:
cpp/gen/algo_gen.cpp:4485:22: error: writing 1 byte into a region of size 0 [-Werror=stringop-overflow=]
 4485 |         parent.ch[j] = rhs_elems[i];
      |         ~~~~~~~~~~~~~^~~~~~~~~~~~~~
./include/gen/algo_gen.h:3579:8: note: at offset 4 into destination object ‘algo::LnumStr4_U32::ch’ of size 4
 3579 |     u8 ch[4];
      |        ^~
In function ‘void algo::ch_SetStrptr(LnumStr4_U32&, const strptr&)’,
    inlined from ‘bool algo::ch_ReadStrptrMaybe(LnumStr4_U32&, strptr)’ at cpp/gen/algo_gen.cpp:4464:21,
    inlined from ‘bool algo::LnumStr4_U32_ReadStrptrMaybe(LnumStr4_U32&, strptr)’ at cpp/gen/algo_gen.cpp:4553:42:
cpp/gen/algo_gen.cpp:4485:22: error: writing 1 byte into a region of size 0 [-Werror=stringop-overflow=]
 4485 |         parent.ch[j] = rhs_elems[i];
      |         ~~~~~~~~~~~~~^~~~~~~~~~~~~~
./include/gen/algo_gen.h: In function ‘bool algo::LnumStr4_U32_ReadStrptrMaybe(LnumStr4_U32&, strptr)’:
./include/gen/algo_gen.h:3579:8: note: at offset 4 into destination object ‘algo::LnumStr4_U32::ch’ of size 4
 3579 |     u8 ch[4];
      |        ^~
In function ‘void algo::ch_SetStrptr(LspaceStr4&, const strptr&)’,
    inlined from ‘bool algo::ch_ReadStrptrMaybe(LspaceStr4&, strptr)’ at cpp/gen/algo_gen.cpp:6389:21:
cpp/gen/algo_gen.cpp:6410:22: error: writing 1 byte into a region of size 0 [-Werror=stringop-overflow=]
 6410 |         parent.ch[j] = rhs_elems[i];
      |         ~~~~~~~~~~~~~^~~~~~~~~~~~~~
./include/gen/algo_gen.h: In function ‘bool algo::ch_ReadStrptrMaybe(LspaceStr4&, strptr)’:
./include/gen/algo_gen.h:5128:8: note: at offset 4 into destination object ‘algo::LspaceStr4::ch’ of size 4
 5128 |     u8 ch[4];
      |        ^~
cpp/gen/algo_gen.cpp: In function ‘void algo::ch_SetStrptr(LspaceStr4&, const strptr&)’:
cpp/gen/algo_gen.cpp:6410:22: error: writing 1 byte into a region of size 0 [-Werror=stringop-overflow=]
 6410 |         parent.ch[j] = rhs_elems[i];
      |         ~~~~~~~~~~~~~^~~~~~~~~~~~~~
./include/gen/algo_gen.h:5128:8: note: at offset 4 into destination object ‘algo::LspaceStr4::ch’ of size 4
 5128 |     u8 ch[4];
      |        ^~
In function ‘void algo::ch_SetStrptr(LspaceStr4&, const strptr&)’,
    inlined from ‘bool algo::ch_ReadStrptrMaybe(LspaceStr4&, strptr)’ at cpp/gen/algo_gen.cpp:6389:21,
    inlined from ‘bool algo::LspaceStr4_ReadStrptrMaybe(LspaceStr4&, strptr)’ at cpp/gen/algo_gen.cpp:6426:42:
cpp/gen/algo_gen.cpp:6410:22: error: writing 1 byte into a region of size 0 [-Werror=stringop-overflow=]
 6410 |         parent.ch[j] = rhs_elems[i];
      |         ~~~~~~~~~~~~~^~~~~~~~~~~~~~
./include/gen/algo_gen.h: In function ‘bool algo::LspaceStr4_ReadStrptrMaybe(LspaceStr4&, strptr)’:
./include/gen/algo_gen.h:5128:8: note: at offset 4 into destination object ‘algo::LspaceStr4::ch’ of size 4
 5128 |     u8 ch[4];
      |        ^~
In function ‘void algo::ch_SetStrptr(RnullStr17&, const strptr&)’,
    inlined from ‘bool algo::ch_ReadStrptrMaybe(RnullStr17&, strptr)’ at cpp/gen/algo_gen.cpp:8101:21:
cpp/gen/algo_gen.cpp:8119:22: error: writing 1 byte into a region of size 0 [-Werror=stringop-overflow=]
 8119 |         parent.ch[j] = rhs_elems[i];
      |         ~~~~~~~~~~~~~^~~~~~~~~~~~~~
./include/gen/algo_gen.h: In function ‘bool algo::ch_ReadStrptrMaybe(RnullStr17&, strptr)’:
./include/gen/algo_gen.h:6796:8: note: at offset 17 into destination object ‘algo::RnullStr17::ch’ of size 17
 6796 |     u8 ch[17];
      |        ^~
cpp/gen/algo_gen.cpp: In function ‘void algo::ch_SetStrptr(RnullStr17&, const strptr&)’:
cpp/gen/algo_gen.cpp:8119:22: error: writing 1 byte into a region of size 0 [-Werror=stringop-overflow=]
 8119 |         parent.ch[j] = rhs_elems[i];
      |         ~~~~~~~~~~~~~^~~~~~~~~~~~~~
./include/gen/algo_gen.h:6796:8: note: at offset 17 into destination object ‘algo::RnullStr17::ch’ of size 17
 6796 |     u8 ch[17];
      |        ^~
In function ‘void algo::ch_SetStrptr(RnullStr17&, const strptr&)’,
    inlined from ‘bool algo::ch_ReadStrptrMaybe(RnullStr17&, strptr)’ at cpp/gen/algo_gen.cpp:8101:21,
    inlined from ‘bool algo::RnullStr17_ReadStrptrMaybe(RnullStr17&, strptr)’ at cpp/gen/algo_gen.cpp:8138:42:
cpp/gen/algo_gen.cpp:8119:22: error: writing 1 byte into a region of size 0 [-Werror=stringop-overflow=]
 8119 |         parent.ch[j] = rhs_elems[i];
      |         ~~~~~~~~~~~~~^~~~~~~~~~~~~~
./include/gen/algo_gen.h: In function ‘bool algo::RnullStr17_ReadStrptrMaybe(RnullStr17&, strptr)’:
./include/gen/algo_gen.h:6796:8: note: at offset 17 into destination object ‘algo::RnullStr17::ch’ of size 17
 6796 |     u8 ch[17];
      |        ^~
In function ‘void algo::ch_SetStrptr(RnullStr9&, const strptr&)’,
    inlined from ‘bool algo::ch_ReadStrptrMaybe(RnullStr9&, strptr)’ at cpp/gen/algo_gen.cpp:10067:21:
cpp/gen/algo_gen.cpp:10085:22: error: writing 1 byte into a region of size 0 [-Werror=stringop-overflow=]
10085 |         parent.ch[j] = rhs_elems[i];
      |         ~~~~~~~~~~~~~^~~~~~~~~~~~~~
./include/gen/algo_gen.h: In function ‘bool algo::ch_ReadStrptrMaybe(RnullStr9&, strptr)’:
./include/gen/algo_gen.h:9222:8: note: at offset 9 into destination object ‘algo::RnullStr9::ch’ of size 9
 9222 |     u8 ch[9];
      |        ^~
cpp/gen/algo_gen.cpp: In function ‘void algo::ch_SetStrptr(RnullStr9&, const strptr&)’:
cpp/gen/algo_gen.cpp:10085:22: error: writing 1 byte into a region of size 0 [-Werror=stringop-overflow=]
10085 |         parent.ch[j] = rhs_elems[i];
      |         ~~~~~~~~~~~~~^~~~~~~~~~~~~~
./include/gen/algo_gen.h:9222:8: note: at offset 9 into destination object ‘algo::RnullStr9::ch’ of size 9
 9222 |     u8 ch[9];
      |        ^~
In function ‘void algo::ch_SetStrptr(RnullStr9&, const strptr&)’,
    inlined from ‘bool algo::ch_ReadStrptrMaybe(RnullStr9&, strptr)’ at cpp/gen/algo_gen.cpp:10067:21,
    inlined from ‘bool algo::RnullStr9_ReadStrptrMaybe(RnullStr9&, strptr)’ at cpp/gen/algo_gen.cpp:10104:42:
cpp/gen/algo_gen.cpp:10085:22: error: writing 1 byte into a region of size 0 [-Werror=stringop-overflow=]
10085 |         parent.ch[j] = rhs_elems[i];
      |         ~~~~~~~~~~~~~^~~~~~~~~~~~~~
./include/gen/algo_gen.h: In function ‘bool algo::RnullStr9_ReadStrptrMaybe(RnullStr9&, strptr)’:
./include/gen/algo_gen.h:9222:8: note: at offset 9 into destination object ‘algo::RnullStr9::ch’ of size 9
 9222 |     u8 ch[9];
      |        ^~
In function ‘void algo::ch_SetStrptr(RspaceStr9&, const strptr&)’,
    inlined from ‘bool algo::ch_ReadStrptrMaybe(RspaceStr9&, strptr)’ at cpp/gen/algo_gen.cpp:11807:21:
cpp/gen/algo_gen.cpp:11825:22: error: writing 1 byte into a region of size 0 [-Werror=stringop-overflow=]
11825 |         parent.ch[j] = rhs_elems[i];
      |         ~~~~~~~~~~~~~^~~~~~~~~~~~~~
./include/gen/algo_gen.h: In function ‘bool algo::ch_ReadStrptrMaybe(RspaceStr9&, strptr)’:
./include/gen/algo_gen.h:11253:8: note: at offset 9 into destination object ‘algo::RspaceStr9::ch’ of size 9
11253 |     u8 ch[9];
      |        ^~
cpp/gen/algo_gen.cpp: In function ‘void algo::ch_SetStrptr(RspaceStr9&, const strptr&)’:
cpp/gen/algo_gen.cpp:11825:22: error: writing 1 byte into a region of size 0 [-Werror=stringop-overflow=]
11825 |         parent.ch[j] = rhs_elems[i];
      |         ~~~~~~~~~~~~~^~~~~~~~~~~~~~
./include/gen/algo_gen.h:11253:8: note: at offset 9 into destination object ‘algo::RspaceStr9::ch’ of size 9
11253 |     u8 ch[9];
      |        ^~
In function ‘void algo::ch_SetStrptr(RspaceStr9&, const strptr&)’,
    inlined from ‘bool algo::ch_ReadStrptrMaybe(RspaceStr9&, strptr)’ at cpp/gen/algo_gen.cpp:11807:21,
    inlined from ‘bool algo::RspaceStr9_ReadStrptrMaybe(RspaceStr9&, strptr)’ at cpp/gen/algo_gen.cpp:11844:42:
cpp/gen/algo_gen.cpp:11825:22: error: writing 1 byte into a region of size 0 [-Werror=stringop-overflow=]
11825 |         parent.ch[j] = rhs_elems[i];
      |         ~~~~~~~~~~~~~^~~~~~~~~~~~~~
./include/gen/algo_gen.h: In function ‘bool algo::RspaceStr9_ReadStrptrMaybe(RspaceStr9&, strptr)’:
./include/gen/algo_gen.h:11253:8: note: at offset 9 into destination object ‘algo::RspaceStr9::ch’ of size 9
11253 |     u8 ch[9];
      |        ^~
cc1plus: all warnings being treated as errors
# ------------------------------------------------------------------
# 
Can't exec "bin/src_hdr": No such file or directory at /home/pgmabv/openacr/bin/ai line 38.
Can't exec "bin/abt": No such file or directory at /home/pgmabv/openacr/bin/ai line 40.
error abt failed: -1. more info in txt/exe/abt/README.md
(base) pgmabv@avlaptop:~/openacr$ ai
# selecting bootstrap file...
#   considering Linux-clang++.release-x86_64
#   considering Linux-g++.release-x86_64
# make-bootstrap: running bin/bootstrap/Linux-g++.release-x86_64
# this script has been created using atf_ci bootstrap
# now building an abt executable which will build the rest
# setting up soft link build/coverage (default)
# setting up soft link build/debug (default)
# setting up soft link build/profile (default)
# setting up soft link build/release (default)
+ mkdir -p temp
+ mkdir -p build/release
+ mkdir -p build/release
+ g++ -x c++ -Wno-invalid-offsetof -ffunction-sections -fdata-sections -Wsequence-point -Wno-multichar -Wall -Wshadow -pipe -Wextra -Winit-self -Wmissing-include-dirs -Wmissing-declarations -Winvalid-pch -iquote . -Wno-vla -fpch-preprocess -Wno-class-memaccess -Wpedantic -c cpp/abt/build.cpp -o build/release/cpp.abt.build.o -msse4.2 -D AOS_SSE42 -O3 -fno-strict-aliasing -Werror -Wno-unused-local-typedefs -Wno-long-long -Wno-cast-function-type
+ g++ -x c++ -Wno-invalid-offsetof -ffunction-sections -fdata-sections -Wsequence-point -Wno-multichar -Wall -Wshadow -pipe -Wextra -Winit-self -Wmissing-include-dirs -Wmissing-declarations -Winvalid-pch -iquote . -Wno-vla -fpch-preprocess -Wno-class-memaccess -Wpedantic -c cpp/abt/disas.cpp -o build/release/cpp.abt.disas.o -msse4.2 -D AOS_SSE42 -O3 -fno-strict-aliasing -Werror -Wno-unused-local-typedefs -Wno-long-long -Wno-cast-function-type
+ g++ -x c++ -Wno-invalid-offsetof -ffunction-sections -fdata-sections -Wsequence-point -Wno-multichar -Wall -Wshadow -pipe -Wextra -Winit-self -Wmissing-include-dirs -Wmissing-declarations -Winvalid-pch -iquote . -Wno-vla -fpch-preprocess -Wno-class-memaccess -Wpedantic -c cpp/abt/main.cpp -o build/release/cpp.abt.main.o -msse4.2 -D AOS_SSE42 -O3 -fno-strict-aliasing -Werror -Wno-unused-local-typedefs -Wno-long-long -Wno-cast-function-type
+ g++ -x c++ -Wno-invalid-offsetof -ffunction-sections -fdata-sections -Wsequence-point -Wno-multichar -Wall -Wshadow -pipe -Wextra -Winit-self -Wmissing-include-dirs -Wmissing-declarations -Winvalid-pch -iquote . -Wno-vla -fpch-preprocess -Wno-class-memaccess -Wpedantic -c cpp/abt/opt.cpp -o build/release/cpp.abt.opt.o -msse4.2 -D AOS_SSE42 -O3 -fno-strict-aliasing -Werror -Wno-unused-local-typedefs -Wno-long-long -Wno-cast-function-type
+ g++ -x c++ -Wno-invalid-offsetof -ffunction-sections -fdata-sections -Wsequence-point -Wno-multichar -Wall -Wshadow -pipe -Wextra -Winit-self -Wmissing-include-dirs -Wmissing-declarations -Winvalid-pch -iquote . -Wno-vla -fpch-preprocess -Wno-class-memaccess -Wpedantic -c cpp/gen/abt_gen.cpp -o build/release/cpp.gen.abt_gen.o -msse4.2 -D AOS_SSE42 -O3 -fno-strict-aliasing -Werror -Wno-unused-local-typedefs -Wno-long-long -Wno-cast-function-type
+ g++ -x c++ -Wno-invalid-offsetof -ffunction-sections -fdata-sections -Wsequence-point -Wno-multichar -Wall -Wshadow -pipe -Wextra -Winit-self -Wmissing-include-dirs -Wmissing-declarations -Winvalid-pch -iquote . -Wno-vla -fpch-preprocess -Wno-class-memaccess -Wpedantic -c cpp/gcache/gcache.cpp -o build/release/cpp.gcache.gcache.o -msse4.2 -D AOS_SSE42 -O3 -fno-strict-aliasing -Werror -Wno-unused-local-typedefs -Wno-long-long -Wno-cast-function-type
+ g++ -x c++ -Wno-invalid-offsetof -ffunction-sections -fdata-sections -Wsequence-point -Wno-multichar -Wall -Wshadow -pipe -Wextra -Winit-self -Wmissing-include-dirs -Wmissing-declarations -Winvalid-pch -iquote . -Wno-vla -fpch-preprocess -Wno-class-memaccess -Wpedantic -c cpp/gen/gcache_gen.cpp -o build/release/cpp.gen.gcache_gen.o -msse4.2 -D AOS_SSE42 -O3 -fno-strict-aliasing -Werror -Wno-unused-local-typedefs -Wno-long-long -Wno-cast-function-type
+ g++ -x c++ -Wno-invalid-offsetof -ffunction-sections -fdata-sections -Wsequence-point -Wno-multichar -Wall -Wshadow -pipe -Wextra -Winit-self -Wmissing-include-dirs -Wmissing-declarations -Winvalid-pch -iquote . -Wno-vla -fpch-preprocess -Wno-class-memaccess -Wpedantic -c cpp/gen/src_func_gen.cpp -o build/release/cpp.gen.src_func_gen.o -msse4.2 -D AOS_SSE42 -O3 -fno-strict-aliasing -Werror -Wno-unused-local-typedefs -Wno-long-long -Wno-cast-function-type
+ g++ -x c++ -Wno-invalid-offsetof -ffunction-sections -fdata-sections -Wsequence-point -Wno-multichar -Wall -Wshadow -pipe -Wextra -Winit-self -Wmissing-include-dirs -Wmissing-declarations -Winvalid-pch -iquote . -Wno-vla -fpch-preprocess -Wno-class-memaccess -Wpedantic -c cpp/src_func/edit.cpp -o build/release/cpp.src_func.edit.o -msse4.2 -D AOS_SSE42 -O3 -fno-strict-aliasing -Werror -Wno-unused-local-typedefs -Wno-long-long -Wno-cast-function-type
+ g++ -x c++ -Wno-invalid-offsetof -ffunction-sections -fdata-sections -Wsequence-point -Wno-multichar -Wall -Wshadow -pipe -Wextra -Winit-self -Wmissing-include-dirs -Wmissing-declarations -Winvalid-pch -iquote . -Wno-vla -fpch-preprocess -Wno-class-memaccess -Wpedantic -c cpp/src_func/fileloc.cpp -o build/release/cpp.src_func.fileloc.o -msse4.2 -D AOS_SSE42 -O3 -fno-strict-aliasing -Werror -Wno-unused-local-typedefs -Wno-long-long -Wno-cast-function-type
+ g++ -x c++ -Wno-invalid-offsetof -ffunction-sections -fdata-sections -Wsequence-point -Wno-multichar -Wall -Wshadow -pipe -Wextra -Winit-self -Wmissing-include-dirs -Wmissing-declarations -Winvalid-pch -iquote . -Wno-vla -fpch-preprocess -Wno-class-memaccess -Wpedantic -c cpp/src_func/header.cpp -o build/release/cpp.src_func.header.o -msse4.2 -D AOS_SSE42 -O3 -fno-strict-aliasing -Werror -Wno-unused-local-typedefs -Wno-long-long -Wno-cast-function-type
+ g++ -x c++ -Wno-invalid-offsetof -ffunction-sections -fdata-sections -Wsequence-point -Wno-multichar -Wall -Wshadow -pipe -Wextra -Winit-self -Wmissing-include-dirs -Wmissing-declarations -Winvalid-pch -iquote . -Wno-vla -fpch-preprocess -Wno-class-memaccess -Wpedantic -c cpp/src_func/iffy.cpp -o build/release/cpp.src_func.iffy.o -msse4.2 -D AOS_SSE42 -O3 -fno-strict-aliasing -Werror -Wno-unused-local-typedefs -Wno-long-long -Wno-cast-function-type
+ g++ -x c++ -Wno-invalid-offsetof -ffunction-sections -fdata-sections -Wsequence-point -Wno-multichar -Wall -Wshadow -pipe -Wextra -Winit-self -Wmissing-include-dirs -Wmissing-declarations -Winvalid-pch -iquote . -Wno-vla -fpch-preprocess -Wno-class-memaccess -Wpedantic -c cpp/src_func/list.cpp -o build/release/cpp.src_func.list.o -msse4.2 -D AOS_SSE42 -O3 -fno-strict-aliasing -Werror -Wno-unused-local-typedefs -Wno-long-long -Wno-cast-function-type
+ g++ -x c++ -Wno-invalid-offsetof -ffunction-sections -fdata-sections -Wsequence-point -Wno-multichar -Wall -Wshadow -pipe -Wextra -Winit-self -Wmissing-include-dirs -Wmissing-declarations -Winvalid-pch -iquote . -Wno-vla -fpch-preprocess -Wno-class-memaccess -Wpedantic -c cpp/src_func/main.cpp -o build/release/cpp.src_func.main.o -msse4.2 -D AOS_SSE42 -O3 -fno-strict-aliasing -Werror -Wno-unused-local-typedefs -Wno-long-long -Wno-cast-function-type
+ g++ -x c++ -Wno-invalid-offsetof -ffunction-sections -fdata-sections -Wsequence-point -Wno-multichar -Wall -Wshadow -pipe -Wextra -Winit-self -Wmissing-include-dirs -Wmissing-declarations -Winvalid-pch -iquote . -Wno-vla -fpch-preprocess -Wno-class-memaccess -Wpedantic -c cpp/src_func/nextfile.cpp -o build/release/cpp.src_func.nextfile.o -msse4.2 -D AOS_SSE42 -O3 -fno-strict-aliasing -Werror -Wno-unused-local-typedefs -Wno-long-long -Wno-cast-function-type
+ g++ -x c++ -Wno-invalid-offsetof -ffunction-sections -fdata-sections -Wsequence-point -Wno-multichar -Wall -Wshadow -pipe -Wextra -Winit-self -Wmissing-include-dirs -Wmissing-declarations -Winvalid-pch -iquote . -Wno-vla -fpch-preprocess -Wno-class-memaccess -Wpedantic -c cpp/src_func/scan.cpp -o build/release/cpp.src_func.scan.o -msse4.2 -D AOS_SSE42 -O3 -fno-strict-aliasing -Werror -Wno-unused-local-typedefs -Wno-long-long -Wno-cast-function-type
+ g++ -x c++ -Wno-invalid-offsetof -ffunction-sections -fdata-sections -Wsequence-point -Wno-multichar -Wall -Wshadow -pipe -Wextra -Winit-self -Wmissing-include-dirs -Wmissing-declarations -Winvalid-pch -iquote . -Wno-vla -fpch-preprocess -Wno-class-memaccess -Wpedantic -c cpp/gen/src_hdr_gen.cpp -o build/release/cpp.gen.src_hdr_gen.o -msse4.2 -D AOS_SSE42 -O3 -fno-strict-aliasing -Werror -Wno-unused-local-typedefs -Wno-long-long -Wno-cast-function-type
+ g++ -x c++ -Wno-invalid-offsetof -ffunction-sections -fdata-sections -Wsequence-point -Wno-multichar -Wall -Wshadow -pipe -Wextra -Winit-self -Wmissing-include-dirs -Wmissing-declarations -Winvalid-pch -iquote . -Wno-vla -fpch-preprocess -Wno-class-memaccess -Wpedantic -c cpp/src_hdr/hdr.cpp -o build/release/cpp.src_hdr.hdr.o -msse4.2 -D AOS_SSE42 -O3 -fno-strict-aliasing -Werror -Wno-unused-local-typedefs -Wno-long-long -Wno-cast-function-type
+ g++ -x c++ -Wno-invalid-offsetof -ffunction-sections -fdata-sections -Wsequence-point -Wno-multichar -Wall -Wshadow -pipe -Wextra -Winit-self -Wmissing-include-dirs -Wmissing-declarations -Winvalid-pch -iquote . -Wno-vla -fpch-preprocess -Wno-class-memaccess -Wpedantic -c cpp/gen/_gen.cpp -o build/release/cpp.gen._gen.o -msse4.2 -D AOS_SSE42 -O3 -fno-strict-aliasing -Werror -Wno-unused-local-typedefs -Wno-long-long -Wno-cast-function-type
+ g++ -x c++ -Wno-invalid-offsetof -ffunction-sections -fdata-sections -Wsequence-point -Wno-multichar -Wall -Wshadow -pipe -Wextra -Winit-self -Wmissing-include-dirs -Wmissing-declarations -Winvalid-pch -iquote . -Wno-vla -fpch-preprocess -Wno-class-memaccess -Wpedantic -c cpp/gen/algo_gen.cpp -o build/release/cpp.gen.algo_gen.o -msse4.2 -D AOS_SSE42 -O3 -fno-strict-aliasing -Werror -Wno-unused-local-typedefs -Wno-long-long -Wno-cast-function-type -Wno-stringop-overflow
+ g++ -x c++ -Wno-invalid-offsetof -ffunction-sections -fdata-sections -Wsequence-point -Wno-multichar -Wall -Wshadow -pipe -Wextra -Winit-self -Wmissing-include-dirs -Wmissing-declarations -Winvalid-pch -iquote . -Wno-vla -fpch-preprocess -Wno-class-memaccess -Wpedantic -c cpp/gen/algo_lib_gen.cpp -o build/release/cpp.gen.algo_lib_gen.o -msse4.2 -D AOS_SSE42 -O3 -fno-strict-aliasing -Werror -Wno-unused-local-typedefs -Wno-long-long -Wno-cast-function-type
+ g++ -x c++ -Wno-invalid-offsetof -ffunction-sections -fdata-sections -Wsequence-point -Wno-multichar -Wall -Wshadow -pipe -Wextra -Winit-self -Wmissing-include-dirs -Wmissing-declarations -Winvalid-pch -iquote . -Wno-vla -fpch-preprocess -Wno-class-memaccess -Wpedantic -c cpp/gen/command_gen.cpp -o build/release/cpp.gen.command_gen.o -msse4.2 -D AOS_SSE42 -O3 -fno-strict-aliasing -Werror -Wno-unused-local-typedefs -Wno-long-long -Wno-cast-function-type
+ g++ -x c++ -Wno-invalid-offsetof -ffunction-sections -fdata-sections -Wsequence-point -Wno-multichar -Wall -Wshadow -pipe -Wextra -Winit-self -Wmissing-include-dirs -Wmissing-declarations -Winvalid-pch -iquote . -Wno-vla -fpch-preprocess -Wno-class-memaccess -Wpedantic -c cpp/gen/dev_gen.cpp -o build/release/cpp.gen.dev_gen.o -msse4.2 -D AOS_SSE42 -O3 -fno-strict-aliasing -Werror -Wno-unused-local-typedefs -Wno-long-long -Wno-cast-function-type
+ g++ -x c++ -Wno-invalid-offsetof -ffunction-sections -fdata-sections -Wsequence-point -Wno-multichar -Wall -Wshadow -pipe -Wextra -Winit-self -Wmissing-include-dirs -Wmissing-declarations -Winvalid-pch -iquote . -Wno-vla -fpch-preprocess -Wno-class-memaccess -Wpedantic -c cpp/gen/dmmeta_gen.cpp -o build/release/cpp.gen.dmmeta_gen.o -msse4.2 -D AOS_SSE42 -O3 -fno-strict-aliasing -Werror -Wno-unused-local-typedefs -Wno-long-long -Wno-cast-function-type
+ g++ -x c++ -Wno-invalid-offsetof -ffunction-sections -fdata-sections -Wsequence-point -Wno-multichar -Wall -Wshadow -pipe -Wextra -Winit-self -Wmissing-include-dirs -Wmissing-declarations -Winvalid-pch -iquote . -Wno-vla -fpch-preprocess -Wno-class-memaccess -Wpedantic -c cpp/gen/report_gen.cpp -o build/release/cpp.gen.report_gen.o -msse4.2 -D AOS_SSE42 -O3 -fno-strict-aliasing -Werror -Wno-unused-local-typedefs -Wno-long-long -Wno-cast-function-type
+ g++ -x c++ -Wno-invalid-offsetof -ffunction-sections -fdata-sections -Wsequence-point -Wno-multichar -Wall -Wshadow -pipe -Wextra -Winit-self -Wmissing-include-dirs -Wmissing-declarations -Winvalid-pch -iquote . -Wno-vla -fpch-preprocess -Wno-class-memaccess -Wpedantic -c cpp/lib/algo/arg.cpp -o build/release/cpp.lib.algo.arg.o -msse4.2 -D AOS_SSE42 -O3 -fno-strict-aliasing -Werror -Wno-unused-local-typedefs -Wno-long-long -Wno-cast-function-type
+ g++ -x c++ -Wno-invalid-offsetof -ffunction-sections -fdata-sections -Wsequence-point -Wno-multichar -Wall -Wshadow -pipe -Wextra -Winit-self -Wmissing-include-dirs -Wmissing-declarations -Winvalid-pch -iquote . -Wno-vla -fpch-preprocess -Wno-class-memaccess -Wpedantic -c cpp/lib/algo/backtrace.cpp -o build/release/cpp.lib.algo.backtrace.o -msse4.2 -D AOS_SSE42 -O3 -fno-strict-aliasing -Werror -Wno-unused-local-typedefs -Wno-long-long -Wno-cast-function-type
+ g++ -x c++ -Wno-invalid-offsetof -ffunction-sections -fdata-sections -Wsequence-point -Wno-multichar -Wall -Wshadow -pipe -Wextra -Winit-self -Wmissing-include-dirs -Wmissing-declarations -Winvalid-pch -iquote . -Wno-vla -fpch-preprocess -Wno-class-memaccess -Wpedantic -c cpp/lib/algo/base64.cpp -o build/release/cpp.lib.algo.base64.o -msse4.2 -D AOS_SSE42 -O3 -fno-strict-aliasing -Werror -Wno-unused-local-typedefs -Wno-long-long -Wno-cast-function-type
+ g++ -x c++ -Wno-invalid-offsetof -ffunction-sections -fdata-sections -Wsequence-point -Wno-multichar -Wall -Wshadow -pipe -Wextra -Winit-self -Wmissing-include-dirs -Wmissing-declarations -Winvalid-pch -iquote . -Wno-vla -fpch-preprocess -Wno-class-memaccess -Wpedantic -c cpp/lib/algo/cpu_hz.cpp -o build/release/cpp.lib.algo.cpu_hz.o -msse4.2 -D AOS_SSE42 -O3 -fno-strict-aliasing -Werror -Wno-unused-local-typedefs -Wno-long-long -Wno-cast-function-type
+ g++ -x c++ -Wno-invalid-offsetof -ffunction-sections -fdata-sections -Wsequence-point -Wno-multichar -Wall -Wshadow -pipe -Wextra -Winit-self -Wmissing-include-dirs -Wmissing-declarations -Winvalid-pch -iquote . -Wno-vla -fpch-preprocess -Wno-class-memaccess -Wpedantic -c cpp/lib/algo/crc32.cpp -o build/release/cpp.lib.algo.crc32.o -msse4.2 -D AOS_SSE42 -O3 -fno-strict-aliasing -Werror -Wno-unused-local-typedefs -Wno-long-long -Wno-cast-function-type
+ g++ -x c++ -Wno-invalid-offsetof -ffunction-sections -fdata-sections -Wsequence-point -Wno-multichar -Wall -Wshadow -pipe -Wextra -Winit-self -Wmissing-include-dirs -Wmissing-declarations -Winvalid-pch -iquote . -Wno-vla -fpch-preprocess -Wno-class-memaccess -Wpedantic -c cpp/lib/algo/decimal.cpp -o build/release/cpp.lib.algo.decimal.o -msse4.2 -D AOS_SSE42 -O3 -fno-strict-aliasing -Werror -Wno-unused-local-typedefs -Wno-long-long -Wno-cast-function-type
+ g++ -x c++ -Wno-invalid-offsetof -ffunction-sections -fdata-sections -Wsequence-point -Wno-multichar -Wall -Wshadow -pipe -Wextra -Winit-self -Wmissing-include-dirs -Wmissing-declarations -Winvalid-pch -iquote . -Wno-vla -fpch-preprocess -Wno-class-memaccess -Wpedantic -c cpp/lib/algo/errtext.cpp -o build/release/cpp.lib.algo.errtext.o -msse4.2 -D AOS_SSE42 -O3 -fno-strict-aliasing -Werror -Wno-unused-local-typedefs -Wno-long-long -Wno-cast-function-type
+ g++ -x c++ -Wno-invalid-offsetof -ffunction-sections -fdata-sections -Wsequence-point -Wno-multichar -Wall -Wshadow -pipe -Wextra -Winit-self -Wmissing-include-dirs -Wmissing-declarations -Winvalid-pch -iquote . -Wno-vla -fpch-preprocess -Wno-class-memaccess -Wpedantic -c cpp/lib/algo/file.cpp -o build/release/cpp.lib.algo.file.o -msse4.2 -D AOS_SSE42 -O3 -fno-strict-aliasing -Werror -Wno-unused-local-typedefs -Wno-long-long -Wno-cast-function-type
+ g++ -x c++ -Wno-invalid-offsetof -ffunction-sections -fdata-sections -Wsequence-point -Wno-multichar -Wall -Wshadow -pipe -Wextra -Winit-self -Wmissing-include-dirs -Wmissing-declarations -Winvalid-pch -iquote . -Wno-vla -fpch-preprocess -Wno-class-memaccess -Wpedantic -c cpp/lib/algo/fmt.cpp -o build/release/cpp.lib.algo.fmt.o -msse4.2 -D AOS_SSE42 -O3 -fno-strict-aliasing -Werror -Wno-unused-local-typedefs -Wno-long-long -Wno-cast-function-type
+ g++ -x c++ -Wno-invalid-offsetof -ffunction-sections -fdata-sections -Wsequence-point -Wno-multichar -Wall -Wshadow -pipe -Wextra -Winit-self -Wmissing-include-dirs -Wmissing-declarations -Winvalid-pch -iquote . -Wno-vla -fpch-preprocess -Wno-class-memaccess -Wpedantic -c cpp/lib/algo/iohook.cpp -o build/release/cpp.lib.algo.iohook.o -msse4.2 -D AOS_SSE42 -O3 -fno-strict-aliasing -Werror -Wno-unused-local-typedefs -Wno-long-long -Wno-cast-function-type
+ g++ -x c++ -Wno-invalid-offsetof -ffunction-sections -fdata-sections -Wsequence-point -Wno-multichar -Wall -Wshadow -pipe -Wextra -Winit-self -Wmissing-include-dirs -Wmissing-declarations -Winvalid-pch -iquote . -Wno-vla -fpch-preprocess -Wno-class-memaccess -Wpedantic -c cpp/lib/algo/lib.cpp -o build/release/cpp.lib.algo.lib.o -msse4.2 -D AOS_SSE42 -O3 -fno-strict-aliasing -Werror -Wno-unused-local-typedefs -Wno-long-long -Wno-cast-function-type
+ g++ -x c++ -Wno-invalid-offsetof -ffunction-sections -fdata-sections -Wsequence-point -Wno-multichar -Wall -Wshadow -pipe -Wextra -Winit-self -Wmissing-include-dirs -Wmissing-declarations -Winvalid-pch -iquote . -Wno-vla -fpch-preprocess -Wno-class-memaccess -Wpedantic -c cpp/lib/algo/line.cpp -o build/release/cpp.lib.algo.line.o -msse4.2 -D AOS_SSE42 -O3 -fno-strict-aliasing -Werror -Wno-unused-local-typedefs -Wno-long-long -Wno-cast-function-type
+ g++ -x c++ -Wno-invalid-offsetof -ffunction-sections -fdata-sections -Wsequence-point -Wno-multichar -Wall -Wshadow -pipe -Wextra -Winit-self -Wmissing-include-dirs -Wmissing-declarations -Winvalid-pch -iquote . -Wno-vla -fpch-preprocess -Wno-class-memaccess -Wpedantic -c cpp/lib/algo/lockfile.cpp -o build/release/cpp.lib.algo.lockfile.o -msse4.2 -D AOS_SSE42 -O3 -fno-strict-aliasing -Werror -Wno-unused-local-typedefs -Wno-long-long -Wno-cast-function-type
+ g++ -x c++ -Wno-invalid-offsetof -ffunction-sections -fdata-sections -Wsequence-point -Wno-multichar -Wall -Wshadow -pipe -Wextra -Winit-self -Wmissing-include-dirs -Wmissing-declarations -Winvalid-pch -iquote . -Wno-vla -fpch-preprocess -Wno-class-memaccess -Wpedantic -c cpp/lib/algo/mmap.cpp -o build/release/cpp.lib.algo.mmap.o -msse4.2 -D AOS_SSE42 -O3 -fno-strict-aliasing -Werror -Wno-unused-local-typedefs -Wno-long-long -Wno-cast-function-type
+ g++ -x c++ -Wno-invalid-offsetof -ffunction-sections -fdata-sections -Wsequence-point -Wno-multichar -Wall -Wshadow -pipe -Wextra -Winit-self -Wmissing-include-dirs -Wmissing-declarations -Winvalid-pch -iquote . -Wno-vla -fpch-preprocess -Wno-class-memaccess -Wpedantic -c cpp/lib/algo/prlog.cpp -o build/release/cpp.lib.algo.prlog.o -msse4.2 -D AOS_SSE42 -O3 -fno-strict-aliasing -Werror -Wno-unused-local-typedefs -Wno-long-long -Wno-cast-function-type
+ g++ -x c++ -Wno-invalid-offsetof -ffunction-sections -fdata-sections -Wsequence-point -Wno-multichar -Wall -Wshadow -pipe -Wextra -Winit-self -Wmissing-include-dirs -Wmissing-declarations -Winvalid-pch -iquote . -Wno-vla -fpch-preprocess -Wno-class-memaccess -Wpedantic -c cpp/lib/algo/regx.cpp -o build/release/cpp.lib.algo.regx.o -msse4.2 -D AOS_SSE42 -O3 -fno-strict-aliasing -Werror -Wno-unused-local-typedefs -Wno-long-long -Wno-cast-function-type
+ g++ -x c++ -Wno-invalid-offsetof -ffunction-sections -fdata-sections -Wsequence-point -Wno-multichar -Wall -Wshadow -pipe -Wextra -Winit-self -Wmissing-include-dirs -Wmissing-declarations -Winvalid-pch -iquote . -Wno-vla -fpch-preprocess -Wno-class-memaccess -Wpedantic -c cpp/lib/algo/string.cpp -o build/release/cpp.lib.algo.string.o -msse4.2 -D AOS_SSE42 -O3 -fno-strict-aliasing -Werror -Wno-unused-local-typedefs -Wno-long-long -Wno-cast-function-type
+ g++ -x c++ -Wno-invalid-offsetof -ffunction-sections -fdata-sections -Wsequence-point -Wno-multichar -Wall -Wshadow -pipe -Wextra -Winit-self -Wmissing-include-dirs -Wmissing-declarations -Winvalid-pch -iquote . -Wno-vla -fpch-preprocess -Wno-class-memaccess -Wpedantic -c cpp/lib/algo/time.cpp -o build/release/cpp.lib.algo.time.o -msse4.2 -D AOS_SSE42 -O3 -fno-strict-aliasing -Werror -Wno-unused-local-typedefs -Wno-long-long -Wno-cast-function-type
+ g++ -x c++ -Wno-invalid-offsetof -ffunction-sections -fdata-sections -Wsequence-point -Wno-multichar -Wall -Wshadow -pipe -Wextra -Winit-self -Wmissing-include-dirs -Wmissing-declarations -Winvalid-pch -iquote . -Wno-vla -fpch-preprocess -Wno-class-memaccess -Wpedantic -c cpp/lib/algo/timehook.cpp -o build/release/cpp.lib.algo.timehook.o -msse4.2 -D AOS_SSE42 -O3 -fno-strict-aliasing -Werror -Wno-unused-local-typedefs -Wno-long-long -Wno-cast-function-type
+ g++ -x c++ -Wno-invalid-offsetof -ffunction-sections -fdata-sections -Wsequence-point -Wno-multichar -Wall -Wshadow -pipe -Wextra -Winit-self -Wmissing-include-dirs -Wmissing-declarations -Winvalid-pch -iquote . -Wno-vla -fpch-preprocess -Wno-class-memaccess -Wpedantic -c cpp/lib/algo/tstamp.cpp -o build/release/cpp.lib.algo.tstamp.o -msse4.2 -D AOS_SSE42 -O3 -fno-strict-aliasing -Werror -Wno-unused-local-typedefs -Wno-long-long -Wno-cast-function-type
+ g++ -x c++ -Wno-invalid-offsetof -ffunction-sections -fdata-sections -Wsequence-point -Wno-multichar -Wall -Wshadow -pipe -Wextra -Winit-self -Wmissing-include-dirs -Wmissing-declarations -Winvalid-pch -iquote . -Wno-vla -fpch-preprocess -Wno-class-memaccess -Wpedantic -c cpp/lib/algo/txttbl.cpp -o build/release/cpp.lib.algo.txttbl.o -msse4.2 -D AOS_SSE42 -O3 -fno-strict-aliasing -Werror -Wno-unused-local-typedefs -Wno-long-long -Wno-cast-function-type
+ g++ -x c++ -Wno-invalid-offsetof -ffunction-sections -fdata-sections -Wsequence-point -Wno-multichar -Wall -Wshadow -pipe -Wextra -Winit-self -Wmissing-include-dirs -Wmissing-declarations -Winvalid-pch -iquote . -Wno-vla -fpch-preprocess -Wno-class-memaccess -Wpedantic -c cpp/lib/algo/u128.cpp -o build/release/cpp.lib.algo.u128.o -msse4.2 -D AOS_SSE42 -O3 -fno-strict-aliasing -Werror -Wno-unused-local-typedefs -Wno-long-long -Wno-cast-function-type
+ g++ -x c++ -Wno-invalid-offsetof -ffunction-sections -fdata-sections -Wsequence-point -Wno-multichar -Wall -Wshadow -pipe -Wextra -Winit-self -Wmissing-include-dirs -Wmissing-declarations -Winvalid-pch -iquote . -Wno-vla -fpch-preprocess -Wno-class-memaccess -Wpedantic -c cpp/lib/algo/win32.cpp -o build/release/cpp.lib.algo.win32.o -msse4.2 -D AOS_SSE42 -O3 -fno-strict-aliasing -Werror -Wno-unused-local-typedefs -Wno-long-long -Wno-cast-function-type
+ rm -f build/release/algo_lib-x86_64.a.tmp
+ ar cr build/release/algo_lib-x86_64.a.tmp build/release/cpp.gen._gen.o build/release/cpp.gen.algo_gen.o build/release/cpp.gen.algo_lib_gen.o build/release/cpp.gen.command_gen.o build/release/cpp.gen.dev_gen.o build/release/cpp.gen.dmmeta_gen.o build/release/cpp.gen.report_gen.o build/release/cpp.lib.algo.arg.o build/release/cpp.lib.algo.backtrace.o build/release/cpp.lib.algo.base64.o build/release/cpp.lib.algo.cpu_hz.o build/release/cpp.lib.algo.crc32.o build/release/cpp.lib.algo.decimal.o build/release/cpp.lib.algo.errtext.o build/release/cpp.lib.algo.file.o build/release/cpp.lib.algo.fmt.o build/release/cpp.lib.algo.iohook.o build/release/cpp.lib.algo.lib.o build/release/cpp.lib.algo.line.o build/release/cpp.lib.algo.lockfile.o build/release/cpp.lib.algo.mmap.o build/release/cpp.lib.algo.prlog.o build/release/cpp.lib.algo.regx.o build/release/cpp.lib.algo.string.o build/release/cpp.lib.algo.time.o build/release/cpp.lib.algo.timehook.o build/release/cpp.lib.algo.tstamp.o build/release/cpp.lib.algo.txttbl.o build/release/cpp.lib.algo.u128.o build/release/cpp.lib.algo.win32.o
+ ranlib build/release/algo_lib-x86_64.a.tmp
+ mv -f build/release/algo_lib-x86_64.a.tmp build/release/algo_lib-x86_64.a
+ rm -f build/release/abt.tmp
+ g++ build/release/cpp.abt.build.o build/release/cpp.abt.disas.o build/release/cpp.abt.main.o build/release/cpp.abt.opt.o build/release/cpp.gen.abt_gen.o -o build/release/abt.tmp -pthread -Wl,--gc-sections -pthread build/release/algo_lib-x86_64.a build/release/algo_lib-x86_64.a -ldl -lm -lstdc++ build/release/algo_lib-x86_64.a
+ mv -f build/release/abt.tmp build/release/abt
+ ln -sf ../build/release/abt bin/abt
+ rm -f build/release/gcache.tmp
+ g++ build/release/cpp.gcache.gcache.o build/release/cpp.gen.gcache_gen.o -o build/release/gcache.tmp -pthread -Wl,--gc-sections -pthread build/release/algo_lib-x86_64.a build/release/algo_lib-x86_64.a -lcrypto -ldl -lm -lstdc++ build/release/algo_lib-x86_64.a
+ mv -f build/release/gcache.tmp build/release/gcache
+ ln -sf ../build/release/gcache bin/gcache
+ rm -f build/release/src_func.tmp
+ g++ build/release/cpp.gen.src_func_gen.o build/release/cpp.src_func.edit.o build/release/cpp.src_func.fileloc.o build/release/cpp.src_func.header.o build/release/cpp.src_func.iffy.o build/release/cpp.src_func.list.o build/release/cpp.src_func.main.o build/release/cpp.src_func.nextfile.o build/release/cpp.src_func.scan.o -o build/release/src_func.tmp -pthread -Wl,--gc-sections -pthread build/release/algo_lib-x86_64.a build/release/algo_lib-x86_64.a -ldl -lm -lstdc++ build/release/algo_lib-x86_64.a
+ mv -f build/release/src_func.tmp build/release/src_func
+ ln -sf ../build/release/src_func bin/src_func
+ g++ -x c++ -Wno-invalid-offsetof -ffunction-sections -fdata-sections -Wsequence-point -Wno-multichar -Wall -Wshadow -pipe -Wextra -Winit-self -Wmissing-include-dirs -Wmissing-declarations -Winvalid-pch -iquote . -Wno-vla -fpch-preprocess -Wno-class-memaccess -Wpedantic -c cpp/gen/lib_git_gen.cpp -o build/release/cpp.gen.lib_git_gen.o -msse4.2 -D AOS_SSE42 -O3 -fno-strict-aliasing -Werror -Wno-unused-local-typedefs -Wno-long-long -Wno-cast-function-type
+ g++ -x c++ -Wno-invalid-offsetof -ffunction-sections -fdata-sections -Wsequence-point -Wno-multichar -Wall -Wshadow -pipe -Wextra -Winit-self -Wmissing-include-dirs -Wmissing-declarations -Winvalid-pch -iquote . -Wno-vla -fpch-preprocess -Wno-class-memaccess -Wpedantic -c cpp/lib/lib_git.cpp -o build/release/cpp.lib.lib_git.o -msse4.2 -D AOS_SSE42 -O3 -fno-strict-aliasing -Werror -Wno-unused-local-typedefs -Wno-long-long -Wno-cast-function-type
+ rm -f build/release/lib_git-x86_64.a.tmp
+ ar cr build/release/lib_git-x86_64.a.tmp build/release/cpp.gen.lib_git_gen.o build/release/cpp.lib.lib_git.o
+ ranlib build/release/lib_git-x86_64.a.tmp
+ mv -f build/release/lib_git-x86_64.a.tmp build/release/lib_git-x86_64.a
+ rm -f build/release/src_hdr.tmp
+ g++ build/release/cpp.gen.src_hdr_gen.o build/release/cpp.src_hdr.hdr.o -o build/release/src_hdr.tmp -pthread -Wl,--gc-sections -pthread build/release/algo_lib-x86_64.a build/release/algo_lib-x86_64.a build/release/lib_git-x86_64.a build/release/algo_lib-x86_64.a build/release/algo_lib-x86_64.a build/release/lib_git-x86_64.a -ldl -lm -lstdc++ build/release/algo_lib-x86_64.a
+ mv -f build/release/src_hdr.tmp build/release/src_hdr
+ ln -sf ../build/release/src_hdr bin/src_hdr
# ------------------------------------------------------------------
# 
# bootstrap successful!
# the configuration Linux-g++.release-x86_64 is now your default
# based on the soft links that were created under build/.
# to change the default, re-run another bootstrap file, or specify
# options -uname,-compiler,-arch explicitly when invoking abt.
abt.config  config:Linux-g++.release-x86_64  cache:none  out_dir:build/release
abt.outofdate  src:290  lib:11  exe:36  objlist:0
abt.build  line_n:223,113  built_n:223,113  job_n:0  complete:100%
report.abt  n_target:54  time:00:02:08.792495972  hitrate:""  pch_hitrate:""  n_warn:0  n_err:0  n_install:0
(base) pgmabv@avlaptop:~/openacr$ 