master

report.acr  n_select:0  n_insert:0  n_delete:0  n_ignore:0  n_update:0  n_file_mod:0
# --- remove/reinstall webgl ---
temp/apm.script.sh: line 17: null: command not found
temp/apm.script.sh: line 17: undefined: command not found
report.acr  n_select:0  n_insert:0  n_delete:0  n_ignore:0  n_update:0  n_file_mod:0
package webgl updated to HEAD
report.acr  n_select:0  n_insert:0  n_delete:0  n_ignore:0  n_update:0  n_file_mod:0
atf_ci.citest  citest:apm_reinstall  runtime:00:00:30.739167475  success:Y  comment:"Check that packages are removable"
atf_ci.begin  citest:spnx  sandbox:N
atf_ci.citest  citest:spnx  runtime:00:00:00.020313724  success:Y  comment:"Re-generate sphinx website from readme - check all links"
atf_ci.begin  citest:smokex2  sandbox:N
No suitable environment found to run the test
atf_ci.citest  citest:smokex2  runtime:00:00:00.020934648  success:N  comment:"Run X2 in CI environment"
atf_ci.failed  citest:smokex2  success:N  comment:"See prior output for more information"
report.atf_ci  n_citest:48  n_run:47  n_pass:46  success:N  comment:"Some errors occured. Please examine them and try again."
avorovich@nj1:~/arnd$ 




branch 572

report.atf_ci  n_citest:48  n_run:8  n_pass:7  success:N  comment:"Some errors occured. Please examine them and try again."
avorovich@nj1:~/arnd$ git status
On branch algornd/arnd.572
Your branch and 'origin/algornd/arnd.572' have diverged,
and have 1 and 1 different commits each, respectively.
  (use "git pull" if you want to integrate the remote branch with yours)

Changes not staged for commit:
  (use "git add <file>..." to update what will be committed)
  (use "git restore <file>..." to discard changes in working directory)
        modified:   omcli/gen/kafka-broker/dev.ak-8/dev.kafka-01
        modified:   omcli/gen/kafka-broker/dev.ak-8/dev.kafka-02
        modified:   omcli/gen/kafka-broker/dev.ak-8/dev.kafka-03
        modified:   omcli/gen/kafka-broker/dev.ak-8/dev.kafka-04
        modified:   omcli/gen/kafka-broker/devci.x2-6/dev.kafka-05
        modified:   omcli/gen/kafka-broker/devci.x2-6/dev.kafka-06
        modified:   omcli/gen/kafka-broker/devci.x2-6/dev.kafka-07
        modified:   omcli/gen/kafka-broker/devci.x2-6/dev.kafka-08
        modified:   omcli/gen/kafka-broker/perf.ak-1/dev.kafka-01
        modified:   omcli/gen/kafka-broker/perf.ak-1/dev.kafka-02
        modified:   omcli/gen/kafka-broker/perf.ak-1/dev.kafka-03
        modified:   omcli/gen/kafka-broker/perf.ak-1/dev.kafka-04
        modified:   omcli/gen/rdp-broker/dev.rp-7/dev.rdp-1
        modified:   omcli/gen/rdp-broker/dev.rp-7/dev.rdp-2
        modified:   omcli/gen/rdp-broker/dev.rp-7/dev.rdp-3
        modified:   omcli/gen/rdp-broker/dev.rp-7/dev.rdp-4
        modified:   omcli/gen/rdp-broker/perf.rp-1/dev.rdp-1
        modified:   omcli/gen/rdp-broker/perf.rp-1/dev.rdp-2
        modified:   omcli/gen/rdp-broker/perf.rp-1/dev.rdp-3
        modified:   omcli/gen/rdp-broker/perf.rp-1/dev.rdp-4

no changes added to commit (use "git add" and/or "git commit -a")

git commit --amend
atf_ci -cijob:%


-
-0xb8599f030054d304 0x0029 0x0029
-
-0xb8599f030054d404 0x002a 0x002a
-
-0xb8599f030054d504 0x002b 0x002b
-
-0xb8599f030054d604 0x002c 0x002c
-
-0xb8599f030054d704 0x002d 0x002d
-
-0xb8599f030054d804 0x002e 0x002e
-
-0xb8599f030054d904 0x002f 0x002f
-
-0xb8599f030054da04 0x0030 0x0030
-
-0xb8599f030054d305 0x0033 0x0033
-
-0xb8599f030054d405 0x0034 0x0034
-
-0xb8599f030054d505 0x0035 0x0035
-
-0xb8599f030054d605 0x0036 0x0036
-
-0xb8599f030054d705 0x0037 0x0037
-
-0xb8599f030054d805 0x0038 0x0038
-
-0xb8599f030054d905 0x0039 0x0039
-
-0xb8599f030054da05 0x003a 0x003a
 EOFKEY
 #
 cat << 'EOFKEY' > /etc/rdma/opensm.conf
atf_ci.citest  citest:x2admin_gen  runtime:00:00:09.068263883  success:N  comment:"Check x2admin-generated files"
atf_ci.failed  citest:x2admin_gen  success:N  comment:"See prior output for more information"
report.atf_ci  n_citest:48  n_run:9  n_pass:8  success:N  comment:"Some errors occured. Please examine them and try again."
avorovich@nj1:~/arnd$ git status
On branch algornd/arnd.572
Your branch and 'origin/algornd/arnd.572' have diverged,
and have 1 and 1 different commits each, respectively.
  (use "git pull" if you want to integrate the remote branch with yours)

Changes not staged for commit:
  (use "git add <file>..." to update what will be committed)
  (use "git restore <file>..." to discard changes in working directory)
        modified:   x2admin/backup/nj1.sn2.bm/etc/x2.d/algox2_opensm.sh
        modified:   x2admin/backup/nj1.sn3.bm/etc/x2.d/algox2_opensm.sh

no changes added to commit (use "git add" and/or "git commit -a")

git commit --amend
atf_ci -cijob:%

@@ -22,6 +22,7 @@ Usage: x2sup [options]
     -proc          string  "dev1.sup-0"  Proc id
     -trace         string  ""            AMS trace regx
     -i                                   Enable interactive (stdin) mode
+    -fsdir         string  "x2data"      Directory of x2 filesystem being managed
     -bindir        string  ""            Directory with binaries
     -random_ports                        Randomize TCP and UDP port numbers
     -tls                                 TLS enable
atf_ci.citest  citest:readme  runtime:00:01:48.482609284  success:N  comment:"Re-generate readme files"
atf_ci.failed  citest:readme  success:N  comment:"See prior output for more information"
report.atf_ci  n_citest:48  n_run:17  n_pass:16  success:N  comment:"Some errors occured. Please examine them and try again."
avorovich@nj1:~/arnd$ git status
On branch algornd/arnd.572
Your branch and 'origin/algornd/arnd.572' have diverged,
and have 1 and 1 different commits each, respectively.
  (use "git pull" if you want to integrate the remote branch with yours)

Changes not staged for commit:
  (use "git add <file>..." to update what will be committed)
  (use "git restore <file>..." to discard changes in working directory)
        modified:   txt/exe/x2cmt/README.md
        modified:   txt/exe/x2gw/README.md
        modified:   txt/exe/x2net/README.md
        modified:   txt/exe/x2sup/README.md

no changes added to commit (use "git add" and/or "git commit -a")

--- a/txt/exe/x2gw/README.md
+++ b/txt/exe/x2gw/README.md
@@ -21,6 +21,7 @@ Usage: x2gw [options]
     -in            string  "data"       Input directory or filename, - for stdin
     -proc          string  "dev1.gw-0"  Proc id
     -prefix        string  ""           Prefix for all stream files
+    -fsdir         string  "x2data"     Directory of x2 filesytem being managed
     -trace         string  ""           AMS trace regx
     -random_ports                       Randomize TCP and UDP port numbers
     -tls                                TLS enable
diff --git a/txt/exe/x2net/README.md b/txt/exe/x2net/README.md
index 8f11bd1c..8dac3ecd 100644
--- a/txt/exe/x2net/README.md
+++ b/txt/exe/x2net/README.md
@@ -23,6 +23,7 @@ Usage: x2net [options]
     -prefix        string  ""            Prefix for all stream files
     -trace         string  ""            AMS trace regx
     -random_ports                        Randomize TCP and UDP port numbers
+    -fsdir         string  "x2data"      Directory of x2 filesytem being managed
     -verbose       int                   Verbosity level (0..255); alias -v; cumulative
     -debug         int                   Debug level (0..255); alias -d; cumulative
     -help                                Print help and exit; alias -h
diff --git a/txt/exe/x2sup/README.md b/txt/exe/x2sup/README.md
index c0806667..76a69ca0 100644
--- a/txt/exe/x2sup/README.md
+++ b/txt/exe/x2sup/README.md
@@ -22,6 +22,7 @@ Usage: x2sup [options]
     -proc          string  "dev1.sup-0"  Proc id
     -trace         string  ""            AMS trace regx
     -i                                   Enable interactive (stdin) mode
+    -fsdir         string  "x2data"      Directory of x2 filesystem being managed
     -bindir        string  ""            Directory with binaries
     -random_ports                        Randomize TCP and UDP port numbers
     -tls                                 TLS enable
atf_ci.citest  citest:readme  runtime:00:01:48.482609284  success:N  comment:"Re-generate readme files"
atf_ci.failed  citest:readme  success:N  comment:"See prior output for more information"
report.atf_ci  n_citest:48  n_run:17  n_pass:16  success:N  comment:"Some errors occured. Please examine them and try again."
avorovich@nj1:~/arnd$ git status
On branch algornd/arnd.572
Your branch and 'origin/algornd/arnd.572' have diverged,
and have 1 and 1 different commits each, respectively.
  (use "git pull" if you want to integrate the remote branch with yours)

Changes not staged for commit:
  (use "git add <file>..." to update what will be committed)
  (use "git restore <file>..." to discard changes in working directory)
        modified:   txt/exe/x2cmt/README.md
        modified:   txt/exe/x2gw/README.md
        modified:   txt/exe/x2net/README.md
        modified:   txt/exe/x2sup/README.md
        

        git commit --amend