(venv) pgmabv@DESKTOP-3DQ1QS6:~/openacr$ av_openacr/myns_acr.sh 
+ set -e
+ targ=myns
+ source av_openacr/backup_tmp.sh
++ trap '{
    echo -e "\n\033[1;31mERROR: Script exited due to an error!\033[0m";
    # restore the driver cpp
    echo "restore the driver cpp"
    restore_backup_tmp
}' ERR
++ echo 'save  the myns.cpp. '
save  the myns.cpp. 
++ mkdir -p /tmp/myns
++ rm -rf /tmp/myns/myns.cpp /tmp/myns/util.cpp /tmp/myns/util.h
++ cp cpp/myns/myns.cpp cpp/myns/util.cpp cpp/myns/util.h /tmp/myns/
+ echo '===============create db'
===============create db
+ acr_ed -del -target:myns -write
report.acr_check  records:0  errors:0
report.acr  n_select:0  n_insert:0  n_delete:0  n_ignore:0  n_update:0  n_file_mod:0
acr.delete  dev.gitfile  gitfile:bin/myns
acr.delete  dev.gitfile  gitfile:cpp/gen/myns_gen.cpp
acr.delete  dev.gitfile  gitfile:cpp/myns/myns.cpp
acr.delete  dev.gitfile  gitfile:include/gen/myns_gen.h
acr.delete  dev.gitfile  gitfile:include/gen/myns_gen.inl.h
acr.delete  dev.gitfile  gitfile:include/myns.h
acr.delete  dev.gitfile  gitfile:txt/exe/myns/README.md
  acr.delete  dev.readme  gitfile:txt/exe/myns/README.md      inl:N  sandbox:N  filter:""  comment:""

acr.delete  dmmeta.ns  ns:myns  nstype:exe  license:GPL  comment:"create program and inherit from db"
  acr.delete  dev.target  target:myns
    acr.delete  dev.targdep  targdep:myns.algo_lib  comment:""
    acr.delete  dev.targdep  targdep:myns.lib_prot  comment:""
    acr.delete  dev.targsrc  targsrc:myns/cpp/gen/myns_gen.cpp        comment:""
    acr.delete  dev.targsrc  targsrc:myns/cpp/myns/myns.cpp           comment:""
    acr.delete  dev.targsrc  targsrc:myns/include/gen/myns_gen.h      comment:""
    acr.delete  dev.targsrc  targsrc:myns/include/gen/myns_gen.inl.h  comment:""
    acr.delete  dev.targsrc  targsrc:myns/include/myns.h              comment:""

  acr.delete  dmmeta.ctype  ctype:myns.FDb  comment:""
    acr.delete  dmmeta.field  field:myns.FDb._db  arg:myns.FDb  reftype:Global  dflt:""  comment:""
    acr.delete  dmmeta.ctypelen  ctype:myns.FDb  len:24  alignment:8  padbytes:7  plaindata:N

  acr.delete  dmmeta.main  ns:myns  ismodule:N
  acr.delete  dmmeta.nscpp  ns:myns  comment:""
  acr.delete  dmmeta.nsx  ns:myns  genthrow:Y  correct_getorcreate:Y  pool:algo_lib.FDb.malloc  sortxref:Y  pack:N  comment:""
  acr.delete  dmmeta.tracerec  tracerec:myns.trace  comment:""

acr.delete  dmmeta.ctype  ctype:command.myns  comment:""
    acr.delete  dmmeta.field  field:myns.FDb.cmdline  arg:command.myns  reftype:Val  dflt:""  comment:""
      acr.delete  dmmeta.fcmdline  field:myns.FDb.cmdline  read:Y  basecmdline:algo_lib.FDb.cmdline  comment:""

  acr.delete  dmmeta.field  field:command.myns.in  arg:algo.cstring  reftype:Val  dflt:'"data"'  comment:"Input directory or filename, - for stdin"
    acr.delete  dmmeta.floadtuples  field:command.myns.in  comment:""

  acr.delete  dmmeta.cfmt  cfmt:command.myns.Argv  printfmt:Tuple  read:Y  print:Y  sep:""  genop:Y  comment:""
  acr.delete  dmmeta.ctypelen  ctype:command.myns  len:16  alignment:8  padbytes:0  plaindata:N
rm 'bin/myns'
fatal: pathspec 'txt/exe/myns/README.md' did not match any files
fatal: pathspec 'cpp/gen/myns_gen.cpp' did not match any files
fatal: pathspec 'include/gen/myns_gen.h' did not match any files
fatal: pathspec 'include/gen/myns_gen.inl.h' did not match any files
rm 'cpp/myns/myns.cpp'
fatal: pathspec 'include/myns.h' did not match any files
report.acr  n_select:31  n_insert:0  n_delete:31  n_ignore:0  n_update:0  n_file_mod:1
please execute $(acr_compl -install) to remove completions support for deleted target
report.amc  n_cppfile:207  n_cppline:466068  n_ctype:1389  n_func:34534  n_xref:711  n_filemod:5
+ acr_ed -del -target:mynsdb -write
report.acr_check  records:0  errors:0
report.acr  n_select:0  n_insert:0  n_delete:0  n_ignore:0  n_update:0  n_file_mod:0
acr.delete  dev.gitfile  gitfile:cpp/gen/mynsdb_gen.cpp
acr.delete  dev.gitfile  gitfile:data/mynsdb/part.ssim
acr.delete  dev.gitfile  gitfile:include/gen/mynsdb_gen.h
acr.delete  dev.gitfile  gitfile:include/gen/mynsdb_gen.inl.h
acr.delete  dev.gitfile  gitfile:txt/ssimdb/mynsdb/README.md
  acr.delete  dev.readme  gitfile:txt/ssimdb/mynsdb/README.md   inl:N  sandbox:N  filter:""  comment:""

acr.delete  dev.gitfile  gitfile:txt/ssimdb/mynsdb/part.md
  acr.delete  dev.readme  gitfile:txt/ssimdb/mynsdb/part.md  inl:N  sandbox:N  filter:""  comment:""

acr.delete  dmmeta.ns  ns:mynsdb  nstype:ssimdb  license:GPL  comment:""
  acr.delete  dmmeta.ctype  ctype:mynsdb.Part  comment:""
    acr.delete  dmmeta.field  field:mynsdb.Part.part     arg:algo.Smallstr50  reftype:Val  dflt:""  comment:""
    acr.delete  dmmeta.field  field:mynsdb.Part.amt      arg:i32              reftype:Val  dflt:""  comment:"amount of part"
    acr.delete  dmmeta.field  field:mynsdb.Part.comment  arg:algo.Comment     reftype:Val  dflt:""  comment:""
    acr.delete  dmmeta.cfmt  cfmt:mynsdb.Part.String  printfmt:Tuple  read:Y  print:Y  sep:""  genop:Y  comment:""
    acr.delete  dmmeta.ctypelen  ctype:mynsdb.Part  len:208  alignment:4  padbytes:0  plaindata:Y

  acr.delete  dmmeta.nscpp  ns:mynsdb  comment:""
  acr.delete  dmmeta.nsdb  ns:mynsdb  comment:""
    acr.delete  dmmeta.ssimfile  ssimfile:mynsdb.part  ctype:mynsdb.Part
      acr.delete  dmmeta.ssimsort  ssimfile:mynsdb.part  sortfld:mynsdb.Part.part  comment:""

acr.delete  dev.targsrc  targsrc:lib_prot/cpp/gen/mynsdb_gen.cpp        comment:""
acr.delete  dev.targsrc  targsrc:lib_prot/include/gen/mynsdb_gen.h      comment:""
acr.delete  dev.targsrc  targsrc:lib_prot/include/gen/mynsdb_gen.inl.h  comment:""
rm 'txt/ssimdb/mynsdb/README.md'
rm 'cpp/gen/mynsdb_gen.cpp'
rm 'include/gen/mynsdb_gen.h'
rm 'include/gen/mynsdb_gen.inl.h'
rm 'data/mynsdb/part.ssim'
rm 'txt/ssimdb/mynsdb/part.md'
report.acr  n_select:22  n_insert:0  n_delete:22  n_ignore:0  n_update:0  n_file_mod:1
please execute $(acr_compl -install) to remove completions support for deleted target
report.amc  n_cppfile:204  n_cppline:465660  n_ctype:1387  n_func:34514  n_xref:711  n_filemod:2
+ acr_ed -create -target:mynsdb -nstype:ssimdb -write
acr_ed.create_target  target:mynsdb
report.acr_check  records:11  errors:0
acr.insert  dev.gitfile  gitfile:cpp/gen/mynsdb_gen.cpp
acr.insert  dev.gitfile  gitfile:include/gen/mynsdb_gen.h
acr.insert  dev.gitfile  gitfile:include/gen/mynsdb_gen.inl.h
acr.insert  dev.gitfile  gitfile:txt/ssimdb/mynsdb/README.md
  acr.insert  dev.readme  gitfile:txt/ssimdb/mynsdb/README.md   inl:N   sandbox:N   filter:""  comment:""

acr.insert  dmmeta.ns  ns:mynsdb  nstype:ssimdb  license:GPL  comment:""
  acr.insert  dmmeta.nscpp  ns:mynsdb  comment:""
  acr.insert  dmmeta.nsdb  ns:mynsdb  comment:""

acr.insert  dev.targsrc  targsrc:lib_prot/cpp/gen/mynsdb_gen.cpp        comment:""
acr.insert  dev.targsrc  targsrc:lib_prot/include/gen/mynsdb_gen.h      comment:""
acr.insert  dev.targsrc  targsrc:lib_prot/include/gen/mynsdb_gen.inl.h  comment:""
report.acr  n_select:11  n_insert:11  n_delete:0  n_ignore:0  n_update:0  n_file_mod:1
report.amc  n_cppfile:207  n_cppline:465937  n_ctype:1388  n_func:34527  n_xref:711  n_filemod:5
report.amc  n_cppfile:207  n_cppline:465937  n_ctype:1388  n_func:34527  n_xref:711  n_filemod:0
+ acr_ed -create -ssimfile:mynsdb.part -write
report.acr_check  records:9  errors:0
acr.insert  dev.gitfile  gitfile:data/mynsdb/part.ssim
acr.insert  dev.gitfile  gitfile:txt/ssimdb/mynsdb/part.md
  acr.insert  dev.readme  gitfile:txt/ssimdb/mynsdb/part.md  inl:N  sandbox:N  filter:""  comment:""

acr.insert  dmmeta.ctype  ctype:mynsdb.Part  comment:""
  acr.insert  dmmeta.field  field:mynsdb.Part.part     arg:algo.Smallstr50  reftype:Val  dflt:""  comment:""
  acr.insert  dmmeta.field  field:mynsdb.Part.comment  arg:algo.Comment     reftype:Val  dflt:""  comment:""
  acr.insert  dmmeta.cfmt  cfmt:mynsdb.Part.String  printfmt:Tuple  read:Y  print:Y  sep:""  genop:Y  comment:""

acr.insert  dmmeta.ssimfile  ssimfile:mynsdb.part  ctype:mynsdb.Part
  acr.insert  dmmeta.ssimsort  ssimfile:mynsdb.part  sortfld:mynsdb.Part.part  comment:""
report.acr  n_select:9  n_insert:9  n_delete:0  n_ignore:0  n_update:0  n_file_mod:1
report.amc  n_cppfile:207  n_cppline:466040  n_ctype:1389  n_func:34532  n_xref:711  n_filemod:6
+ acr_ed -create -field mynsdb.Part.amt -arg i32 -write -comment 'amount of part'
report.acr_check  records:1  errors:0
acr.insert  dmmeta.field  field:mynsdb.Part.amt  arg:i32  reftype:Val  dflt:""  comment:"amount of part"
report.acr  n_select:1  n_insert:1  n_delete:0  n_ignore:0  n_update:0  n_file_mod:1
report.amc  n_cppfile:207  n_cppline:466068  n_ctype:1389  n_func:34534  n_xref:711  n_filemod:4
+ echo 'mynsdb.part part:part98 amt:10'
+ acr -replace -write
acr.insert  mynsdb.part  part:part98  amt:10  comment:""
report.acr  n_select:1  n_insert:1  n_delete:0  n_ignore:0  n_update:0  n_file_mod:1
+ echo 'mynsdb.part part:part99 amt:10'
+ acr -replace -write
acr.insert  mynsdb.part  part:part99  amt:10  comment:""
report.acr  n_select:1  n_insert:1  n_delete:0  n_ignore:0  n_update:0  n_file_mod:1
+ echo '==============create program and inherit from db'
==============create program and inherit from db
+ acr_ed -create -target:myns -write -comment 'create program and inherit from db'
acr_ed.create_target  target:myns
report.acr_check  records:28  errors:0
acr.insert  dev.gitfile  gitfile:bin/myns
acr.insert  dev.gitfile  gitfile:cpp/gen/myns_gen.cpp
acr.insert  dev.gitfile  gitfile:cpp/myns/myns.cpp
acr.insert  dev.gitfile  gitfile:include/gen/myns_gen.h
acr.insert  dev.gitfile  gitfile:include/gen/myns_gen.inl.h
acr.insert  dev.gitfile  gitfile:include/myns.h
acr.insert  dev.gitfile  gitfile:txt/exe/myns/README.md
  acr.insert  dev.readme  gitfile:txt/exe/myns/README.md      inl:N   sandbox:N   filter:""  comment:""

acr.insert  dmmeta.ns  ns:myns  nstype:exe  license:GPL  comment:"create program and inherit from db"
  acr.insert  dev.target  target:myns
    acr.insert  dev.targdep  targdep:myns.algo_lib  comment:""
    acr.insert  dev.targdep  targdep:myns.lib_prot  comment:""
    acr.insert  dev.targsrc  targsrc:myns/cpp/gen/myns_gen.cpp        comment:""
    acr.insert  dev.targsrc  targsrc:myns/cpp/myns/myns.cpp           comment:""
    acr.insert  dev.targsrc  targsrc:myns/include/gen/myns_gen.h      comment:""
    acr.insert  dev.targsrc  targsrc:myns/include/gen/myns_gen.inl.h  comment:""
    acr.insert  dev.targsrc  targsrc:myns/include/myns.h              comment:""

  acr.insert  dmmeta.ctype  ctype:myns.FDb  comment:""
    acr.insert  dmmeta.field  field:myns.FDb._db      arg:myns.FDb      reftype:Global  dflt:""  comment:""
    acr.insert  dmmeta.field  field:myns.FDb.cmdline  arg:command.myns  reftype:Val     dflt:""  comment:""
      acr.insert  dmmeta.fcmdline  field:myns.FDb.cmdline  read:Y  basecmdline:algo_lib.FDb.cmdline  comment:""

  acr.insert  dmmeta.main  ns:myns  ismodule:N
  acr.insert  dmmeta.nscpp  ns:myns  comment:""
  acr.insert  dmmeta.nsx  ns:myns  genthrow:Y  correct_getorcreate:Y  pool:algo_lib.FDb.malloc  sortxref:Y  pack:N  comment:""

acr.insert  dmmeta.ctype  ctype:command.myns  comment:""
  acr.insert  dmmeta.field  field:command.myns.in  arg:algo.cstring  reftype:Val  dflt:'"data"'  comment:"Input directory or filename, - for stdin"
    acr.insert  dmmeta.floadtuples  field:command.myns.in  comment:""

  acr.insert  dmmeta.cfmt  cfmt:command.myns.Argv  printfmt:Tuple  read:Y  print:Y  sep:""  genop:Y  comment:""
report.acr  n_select:28  n_insert:28  n_delete:0  n_ignore:0  n_update:0  n_file_mod:1
report.amc  n_cppfile:210  n_cppline:467162  n_ctype:1394  n_func:34597  n_xref:711  n_filemod:7
abt.config  config:Linux-g++.release-x86_64  cache:none  out_dir:build/release
abt.outofdate  src:44  lib:3  exe:1  objlist:0
abt.build  line_n:83,161  built_n:83,161  job_n:0  complete:100%
report.abt  n_target:4  time:00:00:16.992032283  hitrate:""  pch_hitrate:""  n_warn:0  n_err:0  n_install:4
please execute $(acr_compl -install) to add completions support for new target
report.amc  n_cppfile:210  n_cppline:467162  n_ctype:1394  n_func:34597  n_xref:711  n_filemod:0
+ acr_ed -create -srcfile cpp/myns/util.cpp -target myns -write
acr_ed.create_srcfile  srcfile:cpp/myns/util.cpp  target:myns
report.acr_check  records:2  errors:0
acr.insert  dev.gitfile  gitfile:cpp/myns/util.cpp
acr.insert  dev.targsrc  targsrc:myns/cpp/myns/util.cpp  comment:""
report.acr  n_select:2  n_insert:2  n_delete:0  n_ignore:0  n_update:0  n_file_mod:1
+ acr_ed -create -finput -target:myns -ssimfile:mynsdb.part -write -comment 'inherited from ssimfile'
acr_ed.create_finput  target:myns  ssimfile:mynsdb.part
report.acr_check  records:4  errors:0
acr.insert  dmmeta.ctype  ctype:myns.FPart  comment:"inherited from ssimfile"
  acr.insert  dmmeta.field  field:myns.FPart.base  arg:mynsdb.Part  reftype:Base  dflt:""  comment:""

acr.insert  dmmeta.field  field:myns.FDb.part  arg:myns.FPart  reftype:Lary  dflt:""  comment:""
  acr.insert  dmmeta.finput  field:myns.FDb.part  extrn:N  update:N  strict:Y  comment:""
report.acr  n_select:4  n_insert:4  n_delete:0  n_ignore:0  n_update:0  n_file_mod:1
report.amc  n_cppfile:210  n_cppline:467664  n_ctype:1396  n_func:34635  n_xref:711  n_filemod:5
+ acr_ed -create -field myns.FDb.zd_part -write -comment 'zero terminated list'
report.acr_check  records:3  errors:0
acr.insert  dmmeta.field  field:myns.FDb.zd_part  arg:myns.FPart  reftype:Llist  dflt:""  comment:"zero terminated list"
  acr.insert  dmmeta.llist  field:myns.FDb.zd_part  havetail:Y  havecount:Y  comment:""
  acr.insert  dmmeta.xref  field:myns.FDb.zd_part  inscond:true  via:""
report.acr  n_select:3  n_insert:3  n_delete:0  n_ignore:0  n_update:0  n_file_mod:1
report.amc  n_cppfile:210  n_cppline:467906  n_ctype:1396  n_func:34653  n_xref:712  n_filemod:4
+ acr_ed -create -field myns.FDb.ind_part -reftype:Thash -write -comment hash/index/iterator
report.acr_check  records:3  errors:0
acr.insert  dmmeta.field  field:myns.FDb.ind_part  arg:myns.FPart  reftype:Thash  dflt:""  comment:hash/index/iterator
  acr.insert  dmmeta.thash  field:myns.FDb.ind_part  hashfld:mynsdb.Part.part  unique:Y  comment:""
  acr.insert  dmmeta.xref  field:myns.FDb.ind_part  inscond:true  via:""
report.acr  n_select:3  n_insert:3  n_delete:0  n_ignore:0  n_update:0  n_file_mod:1
report.amc  n_cppfile:210  n_cppline:468092  n_ctype:1396  n_func:34663  n_xref:713  n_filemod:4
+ acr_ed -create -field myns.FPart.f_amt -arg i32 -write -comment 'f_amount of part. not inherited'
report.acr_check  records:1  errors:0
acr.insert  dmmeta.field  field:myns.FPart.f_amt  arg:i32  reftype:Val  dflt:""  comment:"f_amount of part. not inherited"
report.acr  n_select:1  n_insert:1  n_delete:0  n_ignore:0  n_update:0  n_file_mod:1
report.amc  n_cppfile:210  n_cppline:468094  n_ctype:1396  n_func:34664  n_xref:713  n_filemod:5
+ acr_ed -create -field myns.FDb.sched1 -arg bool -fstep InlineRecur -dflt true -write
report.acr_check  records:2  errors:0
acr.insert  dmmeta.field  field:myns.FDb.sched1  arg:bool  reftype:Val  dflt:true  comment:""
  acr.insert  dmmeta.fstep  fstep:myns.FDb.sched1  steptype:InlineRecur  comment:""
report.acr  n_select:2  n_insert:2  n_delete:0  n_ignore:0  n_update:0  n_file_mod:1
report.amc  n_cppfile:210  n_cppline:468145  n_ctype:1396  n_func:34669  n_xref:713  n_filemod:3
+ echo dmmeta.fdelay fstep:myns.FDb.sched1 delay:5 scale:N
+ acr -insert -write
acr.insert  dmmeta.fdelay  fstep:myns.FDb.sched1  delay:5  scale:N  comment:""
report.acr  n_select:1  n_insert:1  n_delete:0  n_ignore:0  n_update:0  n_file_mod:1
+ acr_ed -create -ctype myns.Order -pooltype Tpool -indexed -write -comment 'not inherited'
report.acr_check  records:6  errors:0
acr.insert  dmmeta.ctype  ctype:myns.Order  comment:"not inherited"
  acr.insert  dmmeta.field  field:myns.Order.order  arg:algo.Smallstr50  reftype:Val  dflt:""  comment:""

acr.insert  dmmeta.field  field:myns.FDb.order      arg:myns.Order  reftype:Tpool  dflt:""  comment:""
acr.insert  dmmeta.field  field:myns.FDb.ind_order  arg:myns.Order  reftype:Thash  dflt:""  comment:""
  acr.insert  dmmeta.thash  field:myns.FDb.ind_order  hashfld:myns.Order.order  unique:Y  comment:""
  acr.insert  dmmeta.xref  field:myns.FDb.ind_order  inscond:true  via:""
report.acr  n_select:6  n_insert:6  n_delete:0  n_ignore:0  n_update:0  n_file_mod:1
report.amc  n_cppfile:210  n_cppline:468503  n_ctype:1397  n_func:34692  n_xref:714  n_filemod:4
+ acr_ed -create -field myns.Order.p_part -arg myns.FPart -reftype Upptr -write
report.acr_check  records:1  errors:0
acr.insert  dmmeta.field  field:myns.Order.p_part  arg:myns.FPart  reftype:Upptr  dflt:""  comment:""
report.acr  n_select:1  n_insert:1  n_delete:0  n_ignore:0  n_update:0  n_file_mod:1
report.amc  n_cppfile:210  n_cppline:468506  n_ctype:1397  n_func:34693  n_xref:714  n_filemod:3
+ acr_ed -create -field myns.Order.quantity -arg i32 -write
report.acr_check  records:1  errors:0
acr.insert  dmmeta.field  field:myns.Order.quantity  arg:i32  reftype:Val  dflt:""  comment:""
report.acr  n_select:1  n_insert:1  n_delete:0  n_ignore:0  n_update:0  n_file_mod:1
report.amc  n_cppfile:210  n_cppline:468508  n_ctype:1397  n_func:34694  n_xref:714  n_filemod:3
+ acr_ed -create -field myns.Order.filled -arg bool -write -comment 'filled or not'
report.acr_check  records:1  errors:0
acr.insert  dmmeta.field  field:myns.Order.filled  arg:bool  reftype:Val  dflt:""  comment:"filled or not"
report.acr  n_select:1  n_insert:1  n_delete:0  n_ignore:0  n_update:0  n_file_mod:1
report.amc  n_cppfile:210  n_cppline:468510  n_ctype:1397  n_func:34695  n_xref:714  n_filemod:3
+ acr_ed -create -field myns.FDb.zd_order -cascdel -write -fstep InlineRecur -comment 'List _db->order with fstep'
report.acr_check  records:5  errors:0
acr.insert  dmmeta.field  field:myns.FDb.zd_order  arg:myns.Order  reftype:Llist  dflt:""  comment:"List _db->order with fstep"
  acr.insert  dmmeta.cascdel  field:myns.FDb.zd_order  comment:""
  acr.insert  dmmeta.llist  field:myns.FDb.zd_order  havetail:Y  havecount:Y  comment:""
  acr.insert  dmmeta.fstep  fstep:myns.FDb.zd_order  steptype:InlineRecur  comment:""
  acr.insert  dmmeta.xref  field:myns.FDb.zd_order  inscond:true  via:""
report.acr  n_select:5  n_insert:5  n_delete:0  n_ignore:0  n_update:0  n_file_mod:1
report.amc  n_cppfile:210  n_cppline:468818  n_ctype:1397  n_func:34718  n_xref:715  n_filemod:4
+ echo dmmeta.fdelay fstep:myns.FDb.zd_order delay:5 scale:Y
+ acr -insert -write
acr.insert  dmmeta.fdelay  fstep:myns.FDb.zd_order  delay:5  scale:Y  comment:""
report.acr  n_select:1  n_insert:1  n_delete:0  n_ignore:0  n_update:0  n_file_mod:1
+ acr_ed -create -field myns.FPart.zd_partorder -arg myns.Order -via myns.Order.p_part -cascdel -write -comment 'List part->order'
report.acr_check  records:4  errors:0
acr.insert  dmmeta.field  field:myns.FPart.zd_partorder  arg:myns.Order  reftype:Llist  dflt:""  comment:"List part->order"
  acr.insert  dmmeta.cascdel  field:myns.FPart.zd_partorder  comment:""
  acr.insert  dmmeta.llist  field:myns.FPart.zd_partorder  havetail:Y  havecount:Y  comment:""
  acr.insert  dmmeta.xref  field:myns.FPart.zd_partorder  inscond:true  via:myns.Order.p_part/myns.Order.p_part
report.acr  n_select:4  n_insert:4  n_delete:0  n_ignore:0  n_update:0  n_file_mod:1
report.amc  n_cppfile:210  n_cppline:469048  n_ctype:1397  n_func:34735  n_xref:716  n_filemod:5
+ echo 'server listening hook/ fd'
server listening hook/ fd
+ acr_ed -create -field myns.FDb.listen -arg algo_lib.FIohook -write
report.acr_check  records:1  errors:0
acr.insert  dmmeta.field  field:myns.FDb.listen  arg:algo_lib.FIohook  reftype:Val  dflt:""  comment:""
report.acr  n_select:1  n_insert:1  n_delete:0  n_ignore:0  n_update:0  n_file_mod:1
report.amc  n_cppfile:210  n_cppline:469051  n_ctype:1397  n_func:34736  n_xref:716  n_filemod:4
+ echo 'client connection hook/ socket'
client connection hook/ socket
+ acr_ed -create -ctype myns.Client -pooltype Tpool -indexed -write -comment 'client hook/socket'
report.acr_check  records:6  errors:0
acr.insert  dmmeta.ctype  ctype:myns.Client  comment:"client hook/socket"
  acr.insert  dmmeta.field  field:myns.Client.client  arg:algo.Smallstr50  reftype:Val  dflt:""  comment:""

acr.insert  dmmeta.field  field:myns.FDb.client      arg:myns.Client  reftype:Tpool  dflt:""  comment:""
acr.insert  dmmeta.field  field:myns.FDb.ind_client  arg:myns.Client  reftype:Thash  dflt:""  comment:""
  acr.insert  dmmeta.thash  field:myns.FDb.ind_client  hashfld:myns.Client.client  unique:Y  comment:""
  acr.insert  dmmeta.xref  field:myns.FDb.ind_client  inscond:true  via:""
report.acr  n_select:6  n_insert:6  n_delete:0  n_ignore:0  n_update:0  n_file_mod:1
report.amc  n_cppfile:210  n_cppline:469408  n_ctype:1398  n_func:34759  n_xref:717  n_filemod:4
+ acr_ed -create -field myns.Client.read -arg algo_lib.FIohook -write
report.acr_check  records:1  errors:0
acr.insert  dmmeta.field  field:myns.Client.read  arg:algo_lib.FIohook  reftype:Val  dflt:""  comment:""
report.acr  n_select:1  n_insert:1  n_delete:0  n_ignore:0  n_update:0  n_file_mod:1
report.amc  n_cppfile:210  n_cppline:469409  n_ctype:1398  n_func:34760  n_xref:717  n_filemod:4
+ acr_ed -create -field myns.Client.lastbuff -arg algo.Smallstr50 -write
report.acr_check  records:1  errors:0
acr.insert  dmmeta.field  field:myns.Client.lastbuff  arg:algo.Smallstr50  reftype:Val  dflt:""  comment:""
report.acr  n_select:1  n_insert:1  n_delete:0  n_ignore:0  n_update:0  n_file_mod:1
report.amc  n_cppfile:210  n_cppline:469410  n_ctype:1398  n_func:34761  n_xref:717  n_filemod:2
+ echo 'terminal  hook/ fd'
terminal  hook/ fd
+ acr_ed -create -field myns.FDb.terminal -arg algo_lib.FIohook -write
report.acr_check  records:1  errors:0
acr.insert  dmmeta.field  field:myns.FDb.terminal  arg:algo_lib.FIohook  reftype:Val  dflt:""  comment:""
report.acr  n_select:1  n_insert:1  n_delete:0  n_ignore:0  n_update:0  n_file_mod:1
report.amc  n_cppfile:210  n_cppline:469411  n_ctype:1398  n_func:34762  n_xref:717  n_filemod:2
+ echo

+ echo ' ==ctypes'
 ==ctypes
+ acr dmmeta.ctype:myns%.%
dmmeta.ctype  ctype:myns.Client  comment:"client hook/socket"
dmmeta.ctype  ctype:myns.FDb     comment:""
dmmeta.ctype  ctype:myns.FPart   comment:"inherited from ssimfile"
dmmeta.ctype  ctype:myns.Order   comment:"not inherited"
dmmeta.ctype  ctype:mynsdb.Part  comment:""
report.acr  n_select:5  n_insert:0  n_delete:0  n_ignore:0  n_update:0  n_file_mod:0
+ echo ' ==fields'
 ==fields
+ acr dmmeta.field:myns%.%
dmmeta.field  field:myns.Client.client       arg:algo.Smallstr50   reftype:Val     dflt:""    comment:""
dmmeta.field  field:myns.Client.read         arg:algo_lib.FIohook  reftype:Val     dflt:""    comment:""
dmmeta.field  field:myns.Client.lastbuff     arg:algo.Smallstr50   reftype:Val     dflt:""    comment:""
dmmeta.field  field:myns.FDb._db             arg:myns.FDb          reftype:Global  dflt:""    comment:""
dmmeta.field  field:myns.FDb.cmdline         arg:command.myns      reftype:Val     dflt:""    comment:""
dmmeta.field  field:myns.FDb.part            arg:myns.FPart        reftype:Lary    dflt:""    comment:""
dmmeta.field  field:myns.FDb.zd_part         arg:myns.FPart        reftype:Llist   dflt:""    comment:"zero terminated list"
dmmeta.field  field:myns.FDb.ind_part        arg:myns.FPart        reftype:Thash   dflt:""    comment:hash/index/iterator
dmmeta.field  field:myns.FDb.sched1          arg:bool              reftype:Val     dflt:true  comment:""
dmmeta.field  field:myns.FDb.order           arg:myns.Order        reftype:Tpool   dflt:""    comment:""
dmmeta.field  field:myns.FDb.ind_order       arg:myns.Order        reftype:Thash   dflt:""    comment:""
dmmeta.field  field:myns.FDb.zd_order        arg:myns.Order        reftype:Llist   dflt:""    comment:"List _db->order with fstep"
dmmeta.field  field:myns.FDb.listen          arg:algo_lib.FIohook  reftype:Val     dflt:""    comment:""
dmmeta.field  field:myns.FDb.client          arg:myns.Client       reftype:Tpool   dflt:""    comment:""
dmmeta.field  field:myns.FDb.ind_client      arg:myns.Client       reftype:Thash   dflt:""    comment:""
dmmeta.field  field:myns.FDb.terminal        arg:algo_lib.FIohook  reftype:Val     dflt:""    comment:""
dmmeta.field  field:myns.FPart.base          arg:mynsdb.Part       reftype:Base    dflt:""    comment:""
dmmeta.field  field:myns.FPart.f_amt         arg:i32               reftype:Val     dflt:""    comment:"f_amount of part. not inherited"
dmmeta.field  field:myns.FPart.zd_partorder  arg:myns.Order        reftype:Llist   dflt:""    comment:"List part->order"
dmmeta.field  field:myns.Order.order         arg:algo.Smallstr50   reftype:Val     dflt:""    comment:""
dmmeta.field  field:myns.Order.p_part        arg:myns.FPart        reftype:Upptr   dflt:""    comment:""
dmmeta.field  field:myns.Order.quantity      arg:i32               reftype:Val     dflt:""    comment:""
dmmeta.field  field:myns.Order.filled        arg:bool              reftype:Val     dflt:""    comment:"filled or not"
dmmeta.field  field:mynsdb.Part.part         arg:algo.Smallstr50   reftype:Val     dflt:""    comment:""
dmmeta.field  field:mynsdb.Part.amt          arg:i32               reftype:Val     dflt:""    comment:"amount of part"
dmmeta.field  field:mynsdb.Part.comment      arg:algo.Comment      reftype:Val     dflt:""    comment:""
report.acr  n_select:26  n_insert:0  n_delete:0  n_ignore:0  n_update:0  n_file_mod:0
+ echo ' ==fdelay'
 ==fdelay
+ acr dmmeta.fdelay:myns%.%
dmmeta.fdelay  fstep:myns.FDb.sched1    delay:5  scale:N  comment:""
dmmeta.fdelay  fstep:myns.FDb.zd_order  delay:5  scale:Y  comment:""
report.acr  n_select:2  n_insert:0  n_delete:0  n_ignore:0  n_update:0  n_file_mod:0
+ restore_backup_tmp
+ cp /tmp/myns/myns.cpp /tmp/myns/util.cpp /tmp/myns/util.h cpp/myns/


=================
+ acr_ed -del -target:sample -write
acr_ed.load_input  acr_ed.bad_xref  index:acr_ed.FDb.ind_ctype  key:Smallstr20
data/dmmeta/field.ssim:4533: dmmeta.field  field:sample.FRec.data  arg:Smallstr20  reftype:Val  dflt:""  comment:""


++ echo -e '\n\033[1;31mERROR: Script exited due to an error!\033[0m'

ERROR: Script exited due to an error!

(venv) pgmabv@DESKTOP-3DQ1QS6:~/openacr$ echo dmmeta.field  field:sample.FRec.data | acr -del -write
report.acr  n_select:0  n_insert:0  n_delete:0  n_ignore:0  n_update:0  n_file_mod:0
(venv) pgmabv@DESKTOP-3DQ1QS6:~/openacr$ echo dmmeta.field  field:sample.FRec.data  arg:Smallstr20  reftype:Val  dflt:""  comment:""| acr -del -write
report.acr  n_select:0  n_insert:0  n_delete:0  n_ignore:0  n_update:0  n_file_mod:0