KafkaFrame
kafka2.ListOffsetsRequest
    request_api_version:8
    correlation_id:69
    client_id:kafka-ui-admin-1748297303-1
    replica_id:-1
    isolation_level:0
    topics.0:'kafka2.ListOffsetsTopic2q  name:/public/imdb  partitions.0:"kafka2.ListOffsetsPartition2q  partition_index:0  current_leader_epoch:-1  timestamp:-2"'
    topics.1:'kafka2.ListOffsetsTopic2q  name:/public/anon  partitions.0:"kafka2.ListOffsetsPartition2q  partition_index:0  current_leader_epoch:-1  timestamp:-2"'
    timeout_ms:0
KafkaIn_ListOffsetsRequest
kafka2.ListOffsetsResponse
    request_api_version:8
    correlation_id:69
    throttle_time_ms:0
    topics.0:'kafka2.ListOffsetsTopicResponse2a  name:/public/imdb  partitions.0:"kafka2.ListOffsetsPartitionResponse2a  partition_index:0  error_code:0  timestamp:-2  offset:0  leader_epoch:-1"'
    topics.1:'kafka2.ListOffsetsTopicResponse2a  name:/public/anon  partitions.0:"kafka2.ListOffsetsPartitionResponse2a  partition_index:0  error_code:0  timestamp:-2  offset:0  leader_epoch:-1"'
x2gw.conn_read
    id:1
    framing:kafka
    local:192.168.104.2:1519
    remote:192.168.104.1:41312
    in_fd:46
    out_fd:47
    in_err:Success
    out_err:Success
    in_ssl:N
    out_ssl:N
framing_kafka_read
    frame:N
    in_msgvalid:N