x2usr@dev.x2-20:~/release$ gdb -batch \
  -ex "info threads" \
  -ex "thread apply all bt full" \
  ./bin/x2gw core.x2gw.1869.1753145121
[New LWP 1869]

This GDB supports auto-downloading debuginfo from the following URLs:
  <https://debuginfod.ubuntu.com>
Enable debuginfod for this session? (y or [n]) [answered N; input not from terminal]
Debuginfod has been disabled.
To make this setting permanent, add 'set debuginfod enabled off' to .gdbinit.
[Thread debugging using libthread_db enabled]
Using host libthread_db library "/lib/x86_64-linux-gnu/libthread_db.so.1".
Core was generated by `bin/x2gw -proc:dev-x2-4.x2gw-0-0 -initdir:. -prefix:x2-1866 -trace:verbose:kafk'.
Program terminated with signal SIGSEGV, Segmentation fault.
#0  0x0000614911c2a2df in x2gw::ind_session_clientid_Reserve (n=1) at cpp/gen/x2gw_gen.cpp:3438

warning: 3438   cpp/gen/x2gw_gen.cpp: No such file or directory
  Id   Target Id                        Frame 
* 1    Thread 0x730bb0b737c0 (LWP 1869) 0x0000614911c2a2df in x2gw::ind_session_clientid_Reserve (n=1) at cpp/gen/x2gw_gen.cpp:3438

Thread 1 (Thread 0x730bb0b737c0 (LWP 1869)):
#0  0x0000614911c2a2df in x2gw::ind_session_clientid_Reserve (n=1) at cpp/gen/x2gw_gen.cpp:3438
        row = <error reading variable: Cannot access memory at address 0xffffffffffffffff>
        next = 0xffffffffffffffff
        index = 3
        elem = 0xffffffffffffffff
        i = 5
        new_nbuckets = 16
        old_size = 64
        new_size = 128
        new_buckets = 0x61493e0edfa0
        old_nbuckets = 8
        new_nelems = 9
#1  0x0000614911c2a07a in x2gw::ind_session_clientid_InsertMaybe (row=...) at cpp/gen/x2gw_gen.cpp:3373
        retval = 62
#2  0x0000614911c28fcf in x2gw::session_XrefMaybe (row=...) at cpp/gen/x2gw_gen.cpp:2751
        success = false
        retval = true
#3  0x0000614911c5b6ab in x2gw::CreateSession (conn=..., client_id=...) at cpp/x2gw/main.cpp:92
        session = @0x61493e0ec200: {session_next = 0xffffffffffffffff, zd_session_next = 0x0, zd_session_prev = 0x61493e0ec440, ind_session_clientid_next = 0x0, id = 10, zd_session_fetch_head = 0x0, zd_session_fetch_n = 0, zd_session_fetch_tail = 0x0, receive_maximum = 0, zd_session_produce_head = 0x0, zd_session_produce_n = 0, zd_session_produce_tail = 0x0, client_identifier = {ch_elems = 0x730bb04bf330 "auto-10", ch_n = 7, ch_max = 7}, expiry_interval = 0, zd_session_fetch_queue_head = 0x0, zd_session_fetch_queue_n = 0, zd_session_fetch_queue_tail = 0x0, suspend = false, ind_produce_pi_buckets_elems = 0x61493e04a5e0, ind_produce_pi_buckets_n = 4, ind_produce_pi_n = 0, next_packet_identifier = {value = 1}, ind_unacked_buckets_elems = 0x61493e032040, ind_unacked_buckets_n = 4, ind_unacked_n = 0, timeout = {time = {value = 0}, delay = {value = 0}, hook = 0x0, hook_ctx = 0, recurrent = false, bh_timehook_idx = -1}, zd_session_packet_head = 0x0, zd_session_packet_n = 0, zd_session_packet_tail = 0x0, cd_session_fetch_queue_head = 0x0, cd_session_fetch_queue_n = 0, c_session_conn = 0x0, ind_stream_user_id_buckets_elems = 0x61493e032070, ind_stream_user_id_buckets_n = 4, ind_stream_user_id_n = 0, next_stream_user_id = {value = 1}, resp_protover = 2, resp_client_name = {ch_elems = 0x0, ch_n = 0, ch_max = 0}, nats_connect_opts = {verbose = false, pedantic = false, tls_required = false, auth_token = {ch_elems = 0x0, ch_n = 0, ch_max = 0}, user = {ch_elems = 0x0, ch_n = 0, ch_max = 0}, pass = {ch_elems = 0x0, ch_n = 0, ch_max = 0}, name = {ch_elems = 0x0, ch_n = 0, ch_max = 0}, lang = {ch_elems = 0x0, ch_n = 0, ch_max = 0}, version = {ch_elems = 0x0, ch_n = 0, ch_max = 0}, protocol = 0, echo = false, sig = {ch_elems = 0x0, ch_n = 0, ch_max = 0}, jwt = {ch_elems = 0x0, ch_n = 0, ch_max = 0}, no_responders = false, headers = false, nkey = {ch_elems = 0x0, ch_n = 0, ch_max = 0}}, zd_session_kafka_fetch_head = 0x0, zd_session_kafka_fetch_n = 0, zd_session_kafka_fetch_tail = 0x0, producer_id = -1, zd_session_cgrpmember_head = 0x0, zd_session_cgrpmember_n = 0, zd_session_cgrpmember_tail = 0x0, zd_session_kafka_produce_head = 0x0, zd_session_kafka_produce_n = 0, zd_session_kafka_produce_tail = 0x0}
#4  0x0000614911c69a0e in x2gw::Open (conn=...) at cpp/x2gw/netio.cpp:257
        session = <error reading variable: Cannot access memory at address 0x800000040000000b>
#5  0x0000614911c69781 in x2gw::cd_accept_Step () at cpp/x2gw/netio.cpp:225
        conn = <error reading variable: value of type `x2gw::FConn' requires 2097680 bytes, which is more than max-value-size>
        out_sock = {value = 36}
        in_sock = {value = 35}
        remote = {ip = {ipv4 = 3232262145}, port = 43848}
        gwport = 0x61493e04bfc0
#6  0x0000614911c2c259 in x2gw::cd_accept_Call () at cpp/gen/x2gw_gen.cpp:4432
No locals.
#7  0x0000614911c2736f in x2gw::Step () at cpp/gen/x2gw_gen.cpp:1884
No locals.
#8  0x0000614911c27bae in x2gw::Steps () at cpp/gen/x2gw_gen.cpp:2083
No locals.
#9  0x0000614911c27317 in x2gw::MainLoop () at cpp/gen/x2gw_gen.cpp:1876
        time = {value = 5543634977173580}
#10 0x0000614911c5cc57 in x2gw::Main () at cpp/x2gw/main.cpp:325
No locals.
#11 0x0000614911c402b8 in main (argc=5, argv=0x7ffe824b3598) at cpp/gen/x2gw_gen.cpp:15384
No locals.
x2usr@dev.x2-20:~/release$ 