extern/leveldb/db/autocompact_test.cc:5: abt can't find gtest/gtest.h
extern/leveldb/db/autocompact_test.cc:6: abt can't find db/db_impl.h
extern/leveldb/db/autocompact_test.cc:7: abt can't find leveldb/cache.h
extern/leveldb/db/autocompact_test.cc:8: abt can't find leveldb/db.h
extern/leveldb/db/autocompact_test.cc:9: abt can't find util/testutil.h
extern/leveldb/db/builder.cc:5: abt can't find db/builder.h
extern/leveldb/db/builder.cc:7: abt can't find db/dbformat.h
extern/leveldb/db/builder.cc:8: abt can't find db/filename.h
extern/leveldb/db/builder.cc:9: abt can't find db/table_cache.h
extern/leveldb/db/builder.cc:10: abt can't find db/version_edit.h
extern/leveldb/db/builder.cc:11: abt can't find leveldb/db.h
extern/leveldb/db/builder.cc:12: abt can't find leveldb/env.h
extern/leveldb/db/builder.cc:13: abt can't find leveldb/iterator.h
extern/leveldb/db/c.cc:5: abt can't find leveldb/c.h
extern/leveldb/db/c.cc:12: abt can't find leveldb/cache.h
extern/leveldb/db/c.cc:13: abt can't find leveldb/comparator.h
extern/leveldb/db/c.cc:14: abt can't find leveldb/db.h
extern/leveldb/db/c.cc:15: abt can't find leveldb/env.h
extern/leveldb/db/c.cc:16: abt can't find leveldb/filter_policy.h
extern/leveldb/db/c.cc:17: abt can't find leveldb/iterator.h
extern/leveldb/db/c.cc:18: abt can't find leveldb/options.h
extern/leveldb/db/c.cc:19: abt can't find leveldb/status.h
extern/leveldb/db/c.cc:20: abt can't find leveldb/write_batch.h
extern/leveldb/db/corruption_test.cc:7: abt can't find gtest/gtest.h
extern/leveldb/db/corruption_test.cc:8: abt can't find db/db_impl.h
extern/leveldb/db/corruption_test.cc:9: abt can't find db/filename.h
extern/leveldb/db/corruption_test.cc:10: abt can't find db/log_format.h
extern/leveldb/db/corruption_test.cc:11: abt can't find db/version_set.h
extern/leveldb/db/corruption_test.cc:12: abt can't find leveldb/cache.h
extern/leveldb/db/corruption_test.cc:13: abt can't find leveldb/db.h
extern/leveldb/db/corruption_test.cc:14: abt can't find leveldb/table.h
extern/leveldb/db/corruption_test.cc:15: abt can't find leveldb/write_batch.h
extern/leveldb/db/corruption_test.cc:16: abt can't find util/logging.h
extern/leveldb/db/corruption_test.cc:17: abt can't find util/testutil.h
extern/leveldb/db/db_impl.cc:5: abt can't find db/db_impl.h
extern/leveldb/db/db_impl.cc:15: abt can't find db/builder.h
extern/leveldb/db/db_impl.cc:16: abt can't find db/db_iter.h
extern/leveldb/db/db_impl.cc:17: abt can't find db/dbformat.h
extern/leveldb/db/db_impl.cc:18: abt can't find db/filename.h
extern/leveldb/db/db_impl.cc:19: abt can't find db/log_reader.h
extern/leveldb/db/db_impl.cc:20: abt can't find db/log_writer.h
extern/leveldb/db/db_impl.cc:21: abt can't find db/memtable.h
extern/leveldb/db/db_impl.cc:22: abt can't find db/table_cache.h
extern/leveldb/db/db_impl.cc:23: abt can't find db/version_set.h
extern/leveldb/db/db_impl.cc:24: abt can't find db/write_batch_internal.h
extern/leveldb/db/db_impl.cc:25: abt can't find leveldb/db.h
extern/leveldb/db/db_impl.cc:26: abt can't find leveldb/env.h
extern/leveldb/db/db_impl.cc:27: abt can't find leveldb/status.h
extern/leveldb/db/db_impl.cc:28: abt can't find leveldb/table.h
extern/leveldb/db/db_impl.cc:29: abt can't find leveldb/table_builder.h
extern/leveldb/db/db_impl.cc:30: abt can't find port/port.h
extern/leveldb/db/db_impl.cc:31: abt can't find table/block.h
extern/leveldb/db/db_impl.cc:32: abt can't find table/merger.h
extern/leveldb/db/db_impl.cc:33: abt can't find table/two_level_iterator.h
extern/leveldb/db/db_impl.cc:34: abt can't find util/coding.h
extern/leveldb/db/db_impl.cc:35: abt can't find util/logging.h
extern/leveldb/db/db_impl.cc:36: abt can't find util/mutexlock.h
extern/leveldb/db/db_iter.cc:5: abt can't find db/db_iter.h
extern/leveldb/db/db_iter.cc:7: abt can't find db/db_impl.h
extern/leveldb/db/db_iter.cc:8: abt can't find db/dbformat.h
extern/leveldb/db/db_iter.cc:9: abt can't find db/filename.h
extern/leveldb/db/db_iter.cc:10: abt can't find leveldb/env.h
extern/leveldb/db/db_iter.cc:11: abt can't find leveldb/iterator.h
extern/leveldb/db/db_iter.cc:12: abt can't find port/port.h
extern/leveldb/db/db_iter.cc:13: abt can't find util/logging.h
extern/leveldb/db/db_iter.cc:14: abt can't find util/mutexlock.h
extern/leveldb/db/db_iter.cc:15: abt can't find util/random.h
extern/leveldb/db/db_test.cc:5: abt can't find leveldb/db.h
extern/leveldb/db/db_test.cc:11: abt can't find gtest/gtest.h
extern/leveldb/db/db_test.cc:12: abt can't find db/db_impl.h
extern/leveldb/db/db_test.cc:13: abt can't find db/filename.h
extern/leveldb/db/db_test.cc:14: abt can't find db/version_set.h
extern/leveldb/db/db_test.cc:15: abt can't find db/write_batch_internal.h
extern/leveldb/db/db_test.cc:16: abt can't find leveldb/cache.h
extern/leveldb/db/db_test.cc:17: abt can't find leveldb/env.h
extern/leveldb/db/db_test.cc:18: abt can't find leveldb/filter_policy.h
extern/leveldb/db/db_test.cc:19: abt can't find leveldb/table.h
extern/leveldb/db/db_test.cc:20: abt can't find port/port.h
extern/leveldb/db/db_test.cc:21: abt can't find port/thread_annotations.h
extern/leveldb/db/db_test.cc:22: abt can't find util/hash.h
extern/leveldb/db/db_test.cc:23: abt can't find util/logging.h
extern/leveldb/db/db_test.cc:24: abt can't find util/mutexlock.h
extern/leveldb/db/db_test.cc:25: abt can't find util/testutil.h
extern/leveldb/db/dbformat.cc:5: abt can't find db/dbformat.h
extern/leveldb/db/dbformat.cc:10: abt can't find port/port.h
extern/leveldb/db/dbformat.cc:11: abt can't find util/coding.h
extern/leveldb/db/dbformat_test.cc:5: abt can't find db/dbformat.h
extern/leveldb/db/dbformat_test.cc:7: abt can't find gtest/gtest.h
extern/leveldb/db/dbformat_test.cc:8: abt can't find util/logging.h
extern/leveldb/db/dumpfile.cc:5: abt can't find leveldb/dumpfile.h
extern/leveldb/db/dumpfile.cc:9: abt can't find db/dbformat.h
extern/leveldb/db/dumpfile.cc:10: abt can't find db/filename.h
extern/leveldb/db/dumpfile.cc:11: abt can't find db/log_reader.h
extern/leveldb/db/dumpfile.cc:12: abt can't find db/version_edit.h
extern/leveldb/db/dumpfile.cc:13: abt can't find db/write_batch_internal.h
extern/leveldb/db/dumpfile.cc:14: abt can't find leveldb/env.h
extern/leveldb/db/dumpfile.cc:15: abt can't find leveldb/iterator.h
extern/leveldb/db/dumpfile.cc:16: abt can't find leveldb/options.h
extern/leveldb/db/dumpfile.cc:17: abt can't find leveldb/status.h
extern/leveldb/db/dumpfile.cc:18: abt can't find leveldb/table.h
extern/leveldb/db/dumpfile.cc:19: abt can't find leveldb/write_batch.h
extern/leveldb/db/dumpfile.cc:20: abt can't find util/logging.h
extern/leveldb/db/fault_injection_test.cc:12: abt can't find gtest/gtest.h
extern/leveldb/db/fault_injection_test.cc:13: abt can't find db/db_impl.h
extern/leveldb/db/fault_injection_test.cc:14: abt can't find db/filename.h
extern/leveldb/db/fault_injection_test.cc:15: abt can't find db/log_format.h
extern/leveldb/db/fault_injection_test.cc:16: abt can't find db/version_set.h
extern/leveldb/db/fault_injection_test.cc:17: abt can't find leveldb/cache.h
extern/leveldb/db/fault_injection_test.cc:18: abt can't find leveldb/db.h
extern/leveldb/db/fault_injection_test.cc:19: abt can't find leveldb/env.h
extern/leveldb/db/fault_injection_test.cc:20: abt can't find leveldb/table.h
extern/leveldb/db/fault_injection_test.cc:21: abt can't find leveldb/write_batch.h
extern/leveldb/db/fault_injection_test.cc:22: abt can't find port/port.h
extern/leveldb/db/fault_injection_test.cc:23: abt can't find port/thread_annotations.h
extern/leveldb/db/fault_injection_test.cc:24: abt can't find util/logging.h
extern/leveldb/db/fault_injection_test.cc:25: abt can't find util/mutexlock.h
extern/leveldb/db/fault_injection_test.cc:26: abt can't find util/testutil.h
extern/leveldb/db/filename.cc:5: abt can't find db/filename.h
extern/leveldb/db/filename.cc:10: abt can't find db/dbformat.h
extern/leveldb/db/filename.cc:11: abt can't find leveldb/env.h
extern/leveldb/db/filename.cc:12: abt can't find util/logging.h
extern/leveldb/db/filename_test.cc:5: abt can't find db/filename.h
extern/leveldb/db/filename_test.cc:7: abt can't find gtest/gtest.h
extern/leveldb/db/filename_test.cc:8: abt can't find db/dbformat.h
extern/leveldb/db/filename_test.cc:9: abt can't find port/port.h
extern/leveldb/db/filename_test.cc:10: abt can't find util/logging.h
extern/leveldb/db/leveldbutil.cc:7: abt can't find leveldb/dumpfile.h
extern/leveldb/db/leveldbutil.cc:8: abt can't find leveldb/env.h
extern/leveldb/db/leveldbutil.cc:9: abt can't find leveldb/status.h
extern/leveldb/db/log_reader.cc:5: abt can't find db/log_reader.h
extern/leveldb/db/log_reader.cc:9: abt can't find leveldb/env.h
extern/leveldb/db/log_reader.cc:10: abt can't find util/coding.h
extern/leveldb/db/log_reader.cc:11: abt can't find util/crc32c.h
extern/leveldb/db/log_test.cc:5: abt can't find gtest/gtest.h
extern/leveldb/db/log_test.cc:6: abt can't find db/log_reader.h
extern/leveldb/db/log_test.cc:7: abt can't find db/log_writer.h
extern/leveldb/db/log_test.cc:8: abt can't find leveldb/env.h
extern/leveldb/db/log_test.cc:9: abt can't find util/coding.h
extern/leveldb/db/log_test.cc:10: abt can't find util/crc32c.h
extern/leveldb/db/log_test.cc:11: abt can't find util/random.h
extern/leveldb/db/log_writer.cc:5: abt can't find db/log_writer.h
extern/leveldb/db/log_writer.cc:9: abt can't find leveldb/env.h
extern/leveldb/db/log_writer.cc:10: abt can't find util/coding.h
extern/leveldb/db/log_writer.cc:11: abt can't find util/crc32c.h
extern/leveldb/db/memtable.cc:5: abt can't find db/memtable.h
extern/leveldb/db/memtable.cc:6: abt can't find db/dbformat.h
extern/leveldb/db/memtable.cc:7: abt can't find leveldb/comparator.h
extern/leveldb/db/memtable.cc:8: abt can't find leveldb/env.h
extern/leveldb/db/memtable.cc:9: abt can't find leveldb/iterator.h
extern/leveldb/db/memtable.cc:10: abt can't find util/coding.h
extern/leveldb/db/recovery_test.cc:5: abt can't find gtest/gtest.h
extern/leveldb/db/recovery_test.cc:6: abt can't find db/db_impl.h
extern/leveldb/db/recovery_test.cc:7: abt can't find db/filename.h
extern/leveldb/db/recovery_test.cc:8: abt can't find db/version_set.h
extern/leveldb/db/recovery_test.cc:9: abt can't find db/write_batch_internal.h
extern/leveldb/db/recovery_test.cc:10: abt can't find leveldb/db.h
extern/leveldb/db/recovery_test.cc:11: abt can't find leveldb/env.h
extern/leveldb/db/recovery_test.cc:12: abt can't find leveldb/write_batch.h
extern/leveldb/db/recovery_test.cc:13: abt can't find util/logging.h
extern/leveldb/db/recovery_test.cc:14: abt can't find util/testutil.h
extern/leveldb/db/repair.cc:27: abt can't find db/builder.h
extern/leveldb/db/repair.cc:28: abt can't find db/db_impl.h
extern/leveldb/db/repair.cc:29: abt can't find db/dbformat.h
extern/leveldb/db/repair.cc:30: abt can't find db/filename.h
extern/leveldb/db/repair.cc:31: abt can't find db/log_reader.h
extern/leveldb/db/repair.cc:32: abt can't find db/log_writer.h
extern/leveldb/db/repair.cc:33: abt can't find db/memtable.h
extern/leveldb/db/repair.cc:34: abt can't find db/table_cache.h
extern/leveldb/db/repair.cc:35: abt can't find db/version_edit.h
extern/leveldb/db/repair.cc:36: abt can't find db/write_batch_internal.h
extern/leveldb/db/repair.cc:37: abt can't find leveldb/comparator.h
extern/leveldb/db/repair.cc:38: abt can't find leveldb/db.h
extern/leveldb/db/repair.cc:39: abt can't find leveldb/env.h
extern/leveldb/db/skiplist_test.cc:5: abt can't find db/skiplist.h
extern/leveldb/db/skiplist_test.cc:10: abt can't find gtest/gtest.h
extern/leveldb/db/skiplist_test.cc:11: abt can't find leveldb/env.h
extern/leveldb/db/skiplist_test.cc:12: abt can't find port/port.h
extern/leveldb/db/skiplist_test.cc:13: abt can't find port/thread_annotations.h
extern/leveldb/db/skiplist_test.cc:14: abt can't find util/arena.h
extern/leveldb/db/skiplist_test.cc:15: abt can't find util/hash.h
extern/leveldb/db/skiplist_test.cc:16: abt can't find util/random.h
extern/leveldb/db/skiplist_test.cc:17: abt can't find util/testutil.h
extern/leveldb/db/table_cache.cc:5: abt can't find db/table_cache.h
extern/leveldb/db/table_cache.cc:7: abt can't find db/filename.h
extern/leveldb/db/table_cache.cc:8: abt can't find leveldb/env.h
extern/leveldb/db/table_cache.cc:9: abt can't find leveldb/table.h
extern/leveldb/db/table_cache.cc:10: abt can't find util/coding.h
extern/leveldb/db/version_edit.cc:5: abt can't find db/version_edit.h
extern/leveldb/db/version_edit.cc:7: abt can't find db/version_set.h
extern/leveldb/db/version_edit.cc:8: abt can't find util/coding.h
extern/leveldb/db/version_edit_test.cc:5: abt can't find db/version_edit.h
extern/leveldb/db/version_edit_test.cc:7: abt can't find gtest/gtest.h
extern/leveldb/db/version_set.cc:5: abt can't find db/version_set.h
extern/leveldb/db/version_set.cc:10: abt can't find db/filename.h
extern/leveldb/db/version_set.cc:11: abt can't find db/log_reader.h
extern/leveldb/db/version_set.cc:12: abt can't find db/log_writer.h
extern/leveldb/db/version_set.cc:13: abt can't find db/memtable.h
extern/leveldb/db/version_set.cc:14: abt can't find db/table_cache.h
extern/leveldb/db/version_set.cc:15: abt can't find leveldb/env.h
extern/leveldb/db/version_set.cc:16: abt can't find leveldb/table_builder.h
extern/leveldb/db/version_set.cc:17: abt can't find table/merger.h
extern/leveldb/db/version_set.cc:18: abt can't find table/two_level_iterator.h
extern/leveldb/db/version_set.cc:19: abt can't find util/coding.h
extern/leveldb/db/version_set.cc:20: abt can't find util/logging.h
extern/leveldb/db/version_set_test.cc:5: abt can't find db/version_set.h
extern/leveldb/db/version_set_test.cc:7: abt can't find gtest/gtest.h
extern/leveldb/db/version_set_test.cc:8: abt can't find util/logging.h
extern/leveldb/db/version_set_test.cc:9: abt can't find util/testutil.h
extern/leveldb/db/write_batch.cc:16: abt can't find leveldb/write_batch.h
extern/leveldb/db/write_batch.cc:18: abt can't find db/dbformat.h
extern/leveldb/db/write_batch.cc:19: abt can't find db/memtable.h
extern/leveldb/db/write_batch.cc:20: abt can't find db/write_batch_internal.h
extern/leveldb/db/write_batch.cc:21: abt can't find leveldb/db.h
extern/leveldb/db/write_batch.cc:22: abt can't find util/coding.h
extern/leveldb/db/write_batch_test.cc:5: abt can't find gtest/gtest.h
extern/leveldb/db/write_batch_test.cc:6: abt can't find db/memtable.h
extern/leveldb/db/write_batch_test.cc:7: abt can't find db/write_batch_internal.h
extern/leveldb/db/write_batch_test.cc:8: abt can't find leveldb/db.h
extern/leveldb/db/write_batch_test.cc:9: abt can't find leveldb/env.h
extern/leveldb/db/write_batch_test.cc:10: abt can't find util/logging.h
extern/leveldb/helpers/memenv/memenv.cc:5: abt can't find helpers/memenv/memenv.h
extern/leveldb/helpers/memenv/memenv.cc:13: abt can't find leveldb/env.h
extern/leveldb/helpers/memenv/memenv.cc:14: abt can't find leveldb/status.h
extern/leveldb/helpers/memenv/memenv.cc:15: abt can't find port/port.h
extern/leveldb/helpers/memenv/memenv.cc:16: abt can't find port/thread_annotations.h
extern/leveldb/helpers/memenv/memenv.cc:17: abt can't find util/mutexlock.h
extern/leveldb/helpers/memenv/memenv_test.cc:5: abt can't find helpers/memenv/memenv.h
extern/leveldb/helpers/memenv/memenv_test.cc:10: abt can't find gtest/gtest.h
extern/leveldb/helpers/memenv/memenv_test.cc:11: abt can't find db/db_impl.h
extern/leveldb/helpers/memenv/memenv_test.cc:12: abt can't find leveldb/db.h
extern/leveldb/helpers/memenv/memenv_test.cc:13: abt can't find leveldb/env.h
extern/leveldb/helpers/memenv/memenv_test.cc:14: abt can't find util/testutil.h
extern/leveldb/table/block.cc:7: abt can't find table/block.h
extern/leveldb/table/block.cc:13: abt can't find leveldb/comparator.h
extern/leveldb/table/block.cc:14: abt can't find table/format.h
extern/leveldb/table/block.cc:15: abt can't find util/coding.h
extern/leveldb/table/block.cc:16: abt can't find util/logging.h
extern/leveldb/table/block_builder.cc:29: abt can't find table/block_builder.h
extern/leveldb/table/block_builder.cc:34: abt can't find leveldb/comparator.h
extern/leveldb/table/block_builder.cc:35: abt can't find leveldb/options.h
extern/leveldb/table/block_builder.cc:36: abt can't find util/coding.h
extern/leveldb/table/filter_block.cc:5: abt can't find table/filter_block.h
extern/leveldb/table/filter_block.cc:7: abt can't find leveldb/filter_policy.h
extern/leveldb/table/filter_block.cc:8: abt can't find util/coding.h
extern/leveldb/table/filter_block_test.cc:5: abt can't find table/filter_block.h
extern/leveldb/table/filter_block_test.cc:7: abt can't find gtest/gtest.h
extern/leveldb/table/filter_block_test.cc:8: abt can't find leveldb/filter_policy.h
extern/leveldb/table/filter_block_test.cc:9: abt can't find util/coding.h
extern/leveldb/table/filter_block_test.cc:10: abt can't find util/hash.h
extern/leveldb/table/filter_block_test.cc:11: abt can't find util/logging.h
extern/leveldb/table/filter_block_test.cc:12: abt can't find util/testutil.h
extern/leveldb/table/format.cc:5: abt can't find table/format.h
extern/leveldb/table/format.cc:7: abt can't find leveldb/env.h
extern/leveldb/table/format.cc:8: abt can't find leveldb/options.h
extern/leveldb/table/format.cc:9: abt can't find port/port.h
extern/leveldb/table/format.cc:10: abt can't find table/block.h
extern/leveldb/table/format.cc:11: abt can't find util/coding.h
extern/leveldb/table/format.cc:12: abt can't find util/crc32c.h
extern/leveldb/table/iterator.cc:5: abt can't find leveldb/iterator.h
extern/leveldb/table/merger.cc:5: abt can't find table/merger.h
extern/leveldb/table/merger.cc:7: abt can't find leveldb/comparator.h
extern/leveldb/table/merger.cc:8: abt can't find leveldb/iterator.h
extern/leveldb/table/merger.cc:9: abt can't find table/iterator_wrapper.h
extern/leveldb/table/table.cc:5: abt can't find leveldb/table.h
extern/leveldb/table/table.cc:7: abt can't find leveldb/cache.h
extern/leveldb/table/table.cc:8: abt can't find leveldb/comparator.h
extern/leveldb/table/table.cc:9: abt can't find leveldb/env.h
extern/leveldb/table/table.cc:10: abt can't find leveldb/filter_policy.h
extern/leveldb/table/table.cc:11: abt can't find leveldb/options.h
extern/leveldb/table/table.cc:12: abt can't find table/block.h
extern/leveldb/table/table.cc:13: abt can't find table/filter_block.h
extern/leveldb/table/table.cc:14: abt can't find table/format.h
extern/leveldb/table/table.cc:15: abt can't find table/two_level_iterator.h
extern/leveldb/table/table.cc:16: abt can't find util/coding.h
extern/leveldb/table/table_builder.cc:5: abt can't find leveldb/table_builder.h
extern/leveldb/table/table_builder.cc:9: abt can't find leveldb/comparator.h
extern/leveldb/table/table_builder.cc:10: abt can't find leveldb/env.h
extern/leveldb/table/table_builder.cc:11: abt can't find leveldb/filter_policy.h
extern/leveldb/table/table_builder.cc:12: abt can't find leveldb/options.h
extern/leveldb/table/table_builder.cc:13: abt can't find table/block_builder.h
extern/leveldb/table/table_builder.cc:14: abt can't find table/filter_block.h
extern/leveldb/table/table_builder.cc:15: abt can't find table/format.h
extern/leveldb/table/table_builder.cc:16: abt can't find util/coding.h
extern/leveldb/table/table_builder.cc:17: abt can't find util/crc32c.h
extern/leveldb/table/table_test.cc:5: abt can't find leveldb/table.h
extern/leveldb/table/table_test.cc:10: abt can't find gtest/gtest.h
extern/leveldb/table/table_test.cc:11: abt can't find db/dbformat.h
extern/leveldb/table/table_test.cc:12: abt can't find db/memtable.h
extern/leveldb/table/table_test.cc:13: abt can't find db/write_batch_internal.h
extern/leveldb/table/table_test.cc:14: abt can't find leveldb/db.h
extern/leveldb/table/table_test.cc:15: abt can't find leveldb/env.h
extern/leveldb/table/table_test.cc:16: abt can't find leveldb/iterator.h
extern/leveldb/table/table_test.cc:17: abt can't find leveldb/options.h
extern/leveldb/table/table_test.cc:18: abt can't find leveldb/table_builder.h
extern/leveldb/table/table_test.cc:19: abt can't find table/block.h
extern/leveldb/table/table_test.cc:20: abt can't find table/block_builder.h
extern/leveldb/table/table_test.cc:21: abt can't find table/format.h
extern/leveldb/table/table_test.cc:22: abt can't find util/random.h
extern/leveldb/table/table_test.cc:23: abt can't find util/testutil.h
extern/leveldb/table/two_level_iterator.cc:5: abt can't find table/two_level_iterator.h
extern/leveldb/table/two_level_iterator.cc:7: abt can't find leveldb/table.h
extern/leveldb/table/two_level_iterator.cc:8: abt can't find table/block.h
extern/leveldb/table/two_level_iterator.cc:9: abt can't find table/format.h
extern/leveldb/table/two_level_iterator.cc:10: abt can't find table/iterator_wrapper.h
extern/leveldb/util/arena.cc:5: abt can't find util/arena.h
extern/leveldb/util/arena_test.cc:5: abt can't find util/arena.h
extern/leveldb/util/arena_test.cc:7: abt can't find gtest/gtest.h
extern/leveldb/util/arena_test.cc:8: abt can't find util/random.h
extern/leveldb/util/bloom.cc:5: abt can't find leveldb/filter_policy.h
extern/leveldb/util/bloom.cc:7: abt can't find leveldb/slice.h
extern/leveldb/util/bloom.cc:8: abt can't find util/hash.h
extern/leveldb/util/bloom_test.cc:5: abt can't find gtest/gtest.h
extern/leveldb/util/bloom_test.cc:6: abt can't find leveldb/filter_policy.h
extern/leveldb/util/bloom_test.cc:7: abt can't find util/coding.h
extern/leveldb/util/bloom_test.cc:8: abt can't find util/logging.h
extern/leveldb/util/bloom_test.cc:9: abt can't find util/testutil.h
extern/leveldb/util/cache.cc:5: abt can't find leveldb/cache.h
extern/leveldb/util/cache.cc:11: abt can't find port/port.h
extern/leveldb/util/cache.cc:12: abt can't find port/thread_annotations.h
extern/leveldb/util/cache.cc:13: abt can't find util/hash.h
extern/leveldb/util/cache.cc:14: abt can't find util/mutexlock.h
extern/leveldb/util/cache_test.cc:5: abt can't find leveldb/cache.h
extern/leveldb/util/cache_test.cc:9: abt can't find gtest/gtest.h
extern/leveldb/util/cache_test.cc:10: abt can't find util/coding.h
extern/leveldb/util/coding.cc:5: abt can't find util/coding.h
extern/leveldb/util/coding_test.cc:5: abt can't find util/coding.h
extern/leveldb/util/coding_test.cc:9: abt can't find gtest/gtest.h
extern/leveldb/util/comparator.cc:5: abt can't find leveldb/comparator.h
extern/leveldb/util/comparator.cc:12: abt can't find leveldb/slice.h
extern/leveldb/util/comparator.cc:13: abt can't find util/logging.h
extern/leveldb/util/comparator.cc:14: abt can't find util/no_destructor.h
extern/leveldb/util/crc32c.cc:7: abt can't find util/crc32c.h
extern/leveldb/util/crc32c.cc:12: abt can't find port/port.h
extern/leveldb/util/crc32c.cc:13: abt can't find util/coding.h
extern/leveldb/util/crc32c_test.cc:5: abt can't find util/crc32c.h
extern/leveldb/util/crc32c_test.cc:7: abt can't find gtest/gtest.h
extern/leveldb/util/env.cc:5: abt can't find leveldb/env.h
extern/leveldb/util/env_posix.cc:31: abt can't find leveldb/env.h
extern/leveldb/util/env_posix.cc:32: abt can't find leveldb/slice.h
extern/leveldb/util/env_posix.cc:33: abt can't find leveldb/status.h
extern/leveldb/util/env_posix.cc:34: abt can't find port/port.h
extern/leveldb/util/env_posix.cc:35: abt can't find port/thread_annotations.h
extern/leveldb/util/env_posix.cc:36: abt can't find util/env_posix_test_helper.h
extern/leveldb/util/env_posix.cc:37: abt can't find util/posix_logger.h
extern/leveldb/util/env_posix_test.cc:16: abt can't find gtest/gtest.h
extern/leveldb/util/env_posix_test.cc:17: abt can't find leveldb/env.h
extern/leveldb/util/env_posix_test.cc:18: abt can't find port/port.h
extern/leveldb/util/env_posix_test.cc:19: abt can't find util/env_posix_test_helper.h
extern/leveldb/util/env_posix_test.cc:20: abt can't find util/testutil.h
extern/leveldb/util/env_test.cc:5: abt can't find leveldb/env.h
extern/leveldb/util/env_test.cc:9: abt can't find gtest/gtest.h
extern/leveldb/util/env_test.cc:10: abt can't find port/port.h
extern/leveldb/util/env_test.cc:11: abt can't find port/thread_annotations.h
extern/leveldb/util/env_test.cc:12: abt can't find util/mutexlock.h
extern/leveldb/util/env_test.cc:13: abt can't find util/testutil.h
extern/leveldb/util/env_windows.cc:27: abt can't find leveldb/env.h
extern/leveldb/util/env_windows.cc:28: abt can't find leveldb/slice.h
extern/leveldb/util/env_windows.cc:29: abt can't find port/port.h
extern/leveldb/util/env_windows.cc:30: abt can't find port/thread_annotations.h
extern/leveldb/util/env_windows.cc:31: abt can't find util/env_windows_test_helper.h
extern/leveldb/util/env_windows.cc:32: abt can't find util/logging.h
extern/leveldb/util/env_windows.cc:33: abt can't find util/mutexlock.h
extern/leveldb/util/env_windows.cc:34: abt can't find util/windows_logger.h
extern/leveldb/util/env_windows_test.cc:5: abt can't find gtest/gtest.h
extern/leveldb/util/env_windows_test.cc:6: abt can't find leveldb/env.h
extern/leveldb/util/env_windows_test.cc:7: abt can't find port/port.h
extern/leveldb/util/env_windows_test.cc:8: abt can't find util/env_windows_test_helper.h
extern/leveldb/util/env_windows_test.cc:9: abt can't find util/testutil.h
extern/leveldb/util/filter_policy.cc:5: abt can't find leveldb/filter_policy.h
extern/leveldb/util/hash.cc:5: abt can't find util/hash.h
extern/leveldb/util/hash.cc:9: abt can't find util/coding.h
extern/leveldb/util/hash_test.cc:5: abt can't find util/hash.h
extern/leveldb/util/hash_test.cc:7: abt can't find gtest/gtest.h
extern/leveldb/util/histogram.cc:5: abt can't find util/histogram.h
extern/leveldb/util/histogram.cc:10: abt can't find port/port.h
extern/leveldb/util/logging.cc:5: abt can't find util/logging.h
extern/leveldb/util/logging.cc:12: abt can't find leveldb/env.h
extern/leveldb/util/logging.cc:13: abt can't find leveldb/slice.h
extern/leveldb/util/logging_test.cc:5: abt can't find util/logging.h
extern/leveldb/util/logging_test.cc:10: abt can't find gtest/gtest.h
extern/leveldb/util/logging_test.cc:11: abt can't find leveldb/slice.h
extern/leveldb/util/no_destructor_test.cc:5: abt can't find util/no_destructor.h
extern/leveldb/util/no_destructor_test.cc:11: abt can't find gtest/gtest.h
extern/leveldb/util/options.cc:5: abt can't find leveldb/options.h
extern/leveldb/util/options.cc:7: abt can't find leveldb/comparator.h
extern/leveldb/util/options.cc:8: abt can't find leveldb/env.h
extern/leveldb/util/status.cc:5: abt can't find leveldb/status.h
extern/leveldb/util/status.cc:9: abt can't find port/port.h
extern/leveldb/util/status_test.cc:5: abt can't find leveldb/status.h
extern/leveldb/util/status_test.cc:9: abt can't find gtest/gtest.h
extern/leveldb/util/status_test.cc:10: abt can't find leveldb/slice.h
extern/leveldb/util/testutil.cc:5: abt can't find util/testutil.h
extern/leveldb/util/testutil.cc:9: abt can't find util/random.h
include/gen/lib_leveldb_gen.h:28: abt can't find extern/leveldb/table/zz1.h
include/gen/lib_leveldb_gen.h:30: abt can't find extern/leveldb/table/zz2.h
include/gen/lib_leveldb_gen.h:43: abt can't find extern/leveldb/db/zz3.h
include/gen/lib_leveldb_gen.h:50: abt can't find extern/leveldb/include/leveldb/zz4.h
include/gen/lib_leveldb_gen.h:52: abt can't find extern/leveldb/include/leveldb/zz5.h
include/gen/lib_leveldb_gen.h:54: abt can't find extern/leveldb/include/leveldb/zz6.h
include/gen/lib_leveldb_gen.h:55: abt can't find extern/leveldb/include/leveldb/zz8.h
include/gen/lib_leveldb_gen.h:56: abt can't find extern/leveldb/include/leveldb/zz7.h
include/gen/lib_leveldb_gen.h:58: abt can't find extern/leveldb/include/leveldb/zz33.h
include/gen/lib_leveldb_gen.h:60: abt can't find extern/leveldb/include/leveldb/zz9.h
include/gen/lib_leveldb_gen.h:61: abt can't find extern/leveldb/include/leveldb/zz10.h
include/gen/lib_leveldb_gen.h:62: abt can't find extern/leveldb/include/leveldb/zz11.h
include/gen/lib_leveldb_gen.h:65: abt can't find extern/leveldb/port/zz34.h
include/gen/lib_leveldb_gen.h:76: abt can't find extern/leveldb/util/zz35.h
include/gen/lib_leveldb_gen.h:79: abt can't find extern/leveldb/util/zz36.h
extern/leveldb/table/format.h:11: abt can't find leveldb/slice.h
extern/leveldb/table/format.h:12: abt can't find leveldb/status.h
extern/leveldb/table/format.h:13: abt can't find leveldb/table_builder.h
extern/leveldb/table/filter_block.h:17: abt can't find leveldb/slice.h
extern/leveldb/table/filter_block.h:18: abt can't find util/hash.h
extern/leveldb/table/block_builder.h:11: abt can't find leveldb/slice.h
extern/leveldb/table/block.h:11: abt can't find leveldb/iterator.h
extern/leveldb/db/skiplist.h:34: abt can't find util/arena.h
extern/leveldb/db/skiplist.h:35: abt can't find util/random.h
extern/leveldb/db/log_writer.h:10: abt can't find db/log_format.h
extern/leveldb/db/log_writer.h:11: abt can't find leveldb/slice.h
extern/leveldb/db/log_writer.h:12: abt can't find leveldb/status.h
extern/leveldb/db/db_impl.h:13: abt can't find db/dbformat.h
extern/leveldb/db/db_impl.h:14: abt can't find db/log_writer.h
extern/leveldb/db/db_impl.h:15: abt can't find db/snapshot.h
extern/leveldb/db/db_impl.h:16: abt can't find leveldb/db.h
extern/leveldb/db/db_impl.h:17: abt can't find leveldb/env.h
extern/leveldb/db/db_impl.h:18: abt can't find port/port.h
extern/leveldb/db/db_impl.h:19: abt can't find port/thread_annotations.h
extern/leveldb/db/log_reader.h:10: abt can't find db/log_format.h
extern/leveldb/db/log_reader.h:11: abt can't find leveldb/slice.h
extern/leveldb/db/log_reader.h:12: abt can't find leveldb/status.h
extern/leveldb/db/filename.h:13: abt can't find leveldb/slice.h
extern/leveldb/db/filename.h:14: abt can't find leveldb/status.h
extern/leveldb/db/filename.h:15: abt can't find port/port.h
extern/leveldb/db/snapshot.h:8: abt can't find db/dbformat.h
extern/leveldb/db/snapshot.h:9: abt can't find leveldb/db.h
extern/leveldb/db/dbformat.h:12: abt can't find leveldb/comparator.h
extern/leveldb/db/dbformat.h:13: abt can't find leveldb/db.h
extern/leveldb/db/dbformat.h:14: abt can't find leveldb/filter_policy.h
extern/leveldb/db/dbformat.h:15: abt can't find leveldb/slice.h
extern/leveldb/db/dbformat.h:16: abt can't find leveldb/table_builder.h
extern/leveldb/db/dbformat.h:17: abt can't find util/coding.h
extern/leveldb/db/dbformat.h:18: abt can't find util/logging.h
extern/leveldb/db/memtable.h:10: abt can't find db/dbformat.h
extern/leveldb/db/memtable.h:11: abt can't find db/skiplist.h
extern/leveldb/db/memtable.h:12: abt can't find leveldb/db.h
extern/leveldb/db/memtable.h:13: abt can't find util/arena.h
extern/leveldb/db/db_iter.h:10: abt can't find db/dbformat.h
extern/leveldb/db/db_iter.h:11: abt can't find leveldb/db.h
extern/leveldb/db/version_edit.h:12: abt can't find db/dbformat.h
extern/leveldb/db/version_set.h:22: abt can't find db/dbformat.h
extern/leveldb/db/version_set.h:23: abt can't find db/version_edit.h
extern/leveldb/db/version_set.h:24: abt can't find port/port.h
extern/leveldb/db/version_set.h:25: abt can't find port/thread_annotations.h
extern/leveldb/db/table_cache.h:13: abt can't find db/dbformat.h
extern/leveldb/db/table_cache.h:14: abt can't find leveldb/cache.h
extern/leveldb/db/table_cache.h:15: abt can't find leveldb/table.h
extern/leveldb/db/table_cache.h:16: abt can't find port/port.h
extern/leveldb/db/builder.h:8: abt can't find leveldb/status.h
extern/leveldb/include/leveldb/env.h:21: abt can't find leveldb/export.h
extern/leveldb/include/leveldb/env.h:22: abt can't find leveldb/status.h
extern/leveldb/include/leveldb/c.h:47: abt can't find leveldb/export.h
extern/leveldb/include/leveldb/cache.h:23: abt can't find leveldb/export.h
extern/leveldb/include/leveldb/cache.h:24: abt can't find leveldb/slice.h
extern/leveldb/include/leveldb/db.h:11: abt can't find leveldb/export.h
extern/leveldb/include/leveldb/db.h:12: abt can't find leveldb/iterator.h
extern/leveldb/include/leveldb/db.h:13: abt can't find leveldb/options.h
extern/leveldb/include/leveldb/slice.h:23: abt can't find leveldb/export.h
extern/leveldb/include/leveldb/table.h:10: abt can't find leveldb/export.h
extern/leveldb/include/leveldb/table.h:11: abt can't find leveldb/iterator.h
extern/leveldb/helpers/memenv/memenv.h:8: abt can't find leveldb/export.h
extern/leveldb/port/port.h:14: abt can't find port/port_stdcxx.h
extern/leveldb/port/port.h:16: abt can't find port/port_chromium.h
extern/leveldb/port/port_stdcxx.h:14: abt can't find port/port_config.h
extern/leveldb/port/port_stdcxx.h:20: abt can't find port/port_config.h
extern/leveldb/port/port_stdcxx.h:43: abt can't find port/thread_annotations.h
extern/leveldb/port/port_example.h:13: abt can't find port/thread_annotations.h
extern/leveldb/util/logging.h:15: abt can't find port/port.h
extern/leveldb/util/windows_logger.h:17: abt can't find leveldb/env.h
extern/leveldb/util/testutil.h:8: abt can't find gmock/gmock.h
extern/leveldb/util/testutil.h:9: abt can't find gtest/gtest.h
extern/leveldb/util/testutil.h:10: abt can't find helpers/memenv/memenv.h
extern/leveldb/util/testutil.h:11: abt can't find leveldb/env.h
extern/leveldb/util/testutil.h:12: abt can't find leveldb/slice.h
extern/leveldb/util/testutil.h:13: abt can't find util/random.h
extern/leveldb/util/mutexlock.h:8: abt can't find port/port.h
extern/leveldb/util/mutexlock.h:9: abt can't find port/thread_annotations.h
extern/leveldb/util/posix_logger.h:20: abt can't find leveldb/env.h
extern/leveldb/util/coding.h:17: abt can't find leveldb/slice.h
extern/leveldb/util/coding.h:18: abt can't find port/port.h
error abt failed: 139. more info in txt/exe/abt/README.md
