Loading aryptr_printer.py
[New LWP 43952]

This GDB supports auto-downloading debuginfo from the following URLs:
  <https://debuginfod.ubuntu.com>
Enable debuginfod for this session? (y or [n]) [answered N; input not from terminal]
Debuginfod has been disabled.
To make this setting permanent, add 'set debuginfod enabled off' to .gdbinit.
[Thread debugging using libthread_db enabled]
Using host libthread_db library "/lib/x86_64-linux-gnu/libthread_db.so.1".
Core was generated by `bin/x2gw -proc:dev1.x2gw-0-0 -initdir:temp/x2sup -prefix:x2-43948 -trace:verbos'.
Program terminated with signal SIGSEGV, Segmentation fault.
#0  0x000059746cb69c08 in algo::ch_N (parent=<error reading variable: Cannot access memory at address 0x67>) at ./include/gen/algo_gen.inl.h:79
79	    return parent.ch_n;
  Id   Target Id                         Frame 
* 1    Thread 0x7d0c7924f7c0 (LWP 43952) 0x000059746cb69c08 in algo::ch_N (parent=<error reading variable: Cannot access memory at address 0x67>) at ./include/gen/algo_gen.inl.h:79

Thread 1 (Thread 0x7d0c7924f7c0 (LWP 43952)):
#0  0x000059746cb69c08 in algo::ch_N (parent=<error reading variable: Cannot access memory at address 0x67>) at ./include/gen/algo_gen.inl.h:79
No locals.
#1  0x000059746cbbfb0e in algo::ch_Eq (parent=<error reading variable: Cannot access memory at address 0x67>, rhs="len=6:auto-6") at cpp/gen/algo_gen.cpp:70
        len = 0
#2  0x000059746cb69d3c in algo::cstring_Eq (lhs=<error reading variable: Cannot access memory at address 0x67>, rhs="len=6:auto-6") at ./include/gen/algo_gen.inl.h:204
        retval = true
#3  0x000059746cb69cdf in algo::cstring::operator== (this=0x5f, rhs="len=6:auto-6") at ./include/gen/algo_gen.inl.h:153
No locals.
#4  0x000059746cb770fe in x2gw::ind_session_clientid_InsertMaybe (row=...) at cpp/gen/x2gw_gen.cpp:3383
        ret = 0xffffffffffffffff
        index = 2
        prev = 0x59749c120fb8
        retval = true
#5  0x000059746cb75fcf in x2gw::session_XrefMaybe (row=...) at cpp/gen/x2gw_gen.cpp:2751
        success = false
        retval = true
#6  0x000059746cba86ab in x2gw::CreateSession (conn=..., client_id="len=0:") at cpp/x2gw/main.cpp:92
        session = @0x59749c1211e0: {session_next = 0xffffffffffffffff, zd_session_next = 0x0, zd_session_prev = 0x0, ind_session_clientid_next = 0xffffffffffffffff, id = 6, zd_session_fetch_head = 0x0, zd_session_fetch_n = 0, zd_session_fetch_tail = 0x0, receive_maximum = 0, zd_session_produce_head = 0x0, zd_session_produce_n = 0, zd_session_produce_tail = 0x0, client_identifier = "len=6:auto-6", expiry_interval = 0, zd_session_fetch_queue_head = 0x0, zd_session_fetch_queue_n = 0, zd_session_fetch_queue_tail = 0x0, suspend = false, ind_produce_pi_buckets_elems = 0x59749c0be610, ind_produce_pi_buckets_n = 4, ind_produce_pi_n = 0, next_packet_identifier = {value = 1}, ind_unacked_buckets_elems = 0x59749c0b8d60, ind_unacked_buckets_n = 4, ind_unacked_n = 0, timeout = {time = {value = 0}, delay = {value = 0}, hook = 0x0, hook_ctx = 0, recurrent = false, bh_timehook_idx = -1}, zd_session_packet_head = 0x0, zd_session_packet_n = 0, zd_session_packet_tail = 0x0, cd_session_fetch_queue_head = 0x0, cd_session_fetch_queue_n = 0, c_session_conn = 0x0, ind_stream_user_id_buckets_elems = 0x59749c0b1590, ind_stream_user_id_buckets_n = 4, ind_stream_user_id_n = 0, next_stream_user_id = {value = 1}, resp_protover = 2, resp_client_name = "len=0:", nats_connect_opts = {verbose = false, pedantic = false, tls_required = false, auth_token = "len=0:", user = "len=0:", pass = "len=0:", name = "len=0:", lang = "len=0:", version = "len=0:", protocol = 0, echo = false, sig = "len=0:", jwt = "len=0:", no_responders = false, headers = false, nkey = "len=0:"}, zd_session_kafka_fetch_head = 0x0, zd_session_kafka_fetch_n = 0, zd_session_kafka_fetch_tail = 0x0, producer_id = -1, zd_session_cgrpmember_head = 0x0, zd_session_cgrpmember_n = 0, zd_session_cgrpmember_tail = 0x0, zd_session_kafka_produce_head = 0x0, zd_session_kafka_produce_n = 0, zd_session_kafka_produce_tail = 0x0}
#7  0x000059746cbb6a0e in x2gw::Open (conn=...) at cpp/x2gw/netio.cpp:257
        session = <error reading variable: Cannot access memory at address 0x800000040000000b>
#8  0x000059746cbb6781 in x2gw::cd_accept_Step () at cpp/x2gw/netio.cpp:225
        conn = <error reading variable: value of type `x2gw::FConn' requires 2097680 bytes, which is more than max-value-size>
        out_sock = {value = 33}
        in_sock = {value = 32}
        remote = {ip = {ipv4 = 2130706433}, port = 50698}
        gwport = 0x59749c0bffc0
#9  0x000059746cb79259 in x2gw::cd_accept_Call () at cpp/gen/x2gw_gen.cpp:4432
No locals.
#10 0x000059746cb7436f in x2gw::Step () at cpp/gen/x2gw_gen.cpp:1884
No locals.
#11 0x000059746cb74bae in x2gw::Steps () at cpp/gen/x2gw_gen.cpp:2083
No locals.
#12 0x000059746cb74317 in x2gw::MainLoop () at cpp/gen/x2gw_gen.cpp:1876
        time = {value = 5684356448109680}
#13 0x000059746cba9c57 in x2gw::Main () at cpp/x2gw/main.cpp:325
No locals.
#14 0x000059746cb8d2b8 in main (argc=5, argv=0x7ffcbc8d0668) at cpp/gen/x2gw_gen.cpp:15384
No locals.
#0  0x000059746cb69c08 in algo::ch_N (parent=<error reading variable: Cannot access memory at address 0x67>) at ./include/gen/algo_gen.inl.h:79
#1  0x000059746cbbfb0e in algo::ch_Eq (parent=<error reading variable: Cannot access memory at address 0x67>, rhs="len=6:auto-6") at cpp/gen/algo_gen.cpp:70
#2  0x000059746cb69d3c in algo::cstring_Eq (lhs=<error reading variable: Cannot access memory at address 0x67>, rhs="len=6:auto-6") at ./include/gen/algo_gen.inl.h:204
#3  0x000059746cb69cdf in algo::cstring::operator== (this=0x5f, rhs="len=6:auto-6") at ./include/gen/algo_gen.inl.h:153
#4  0x000059746cb770fe in x2gw::ind_session_clientid_InsertMaybe (row=...) at cpp/gen/x2gw_gen.cpp:3383
#5  0x000059746cb75fcf in x2gw::session_XrefMaybe (row=...) at cpp/gen/x2gw_gen.cpp:2751
#6  0x000059746cba86ab in x2gw::CreateSession (conn=..., client_id="len=0:") at cpp/x2gw/main.cpp:92
#7  0x000059746cbb6a0e in x2gw::Open (conn=...) at cpp/x2gw/netio.cpp:257
#8  0x000059746cbb6781 in x2gw::cd_accept_Step () at cpp/x2gw/netio.cpp:225
#9  0x000059746cb79259 in x2gw::cd_accept_Call () at cpp/gen/x2gw_gen.cpp:4432
#10 0x000059746cb7436f in x2gw::Step () at cpp/gen/x2gw_gen.cpp:1884
#11 0x000059746cb74bae in x2gw::Steps () at cpp/gen/x2gw_gen.cpp:2083
#12 0x000059746cb74317 in x2gw::MainLoop () at cpp/gen/x2gw_gen.cpp:1876
#13 0x000059746cba9c57 in x2gw::Main () at cpp/x2gw/main.cpp:325
#14 0x000059746cb8d2b8 in main (argc=5, argv=0x7ffcbc8d0668) at cpp/gen/x2gw_gen.cpp:15384
