atf_snf.frame_stats  direction:"c->b"  tcp_short:108.1-108.5  tcp_pair_key:192.168.108.1:44566-192.168.108.5:1047  frame_count:51  syn_count:1  fin_count:0  rst_count:0  isn:002243105639  tcp_payload_len_tot:000000001501
atf_snf.frame_err  !!seq_gap_pos_count:3
atf_snf.kafka_stats  kafka_count:28  kafka_req_ack_count:28  kafka_count_in_bh:28  pct_non_ack!!!:0  kafka_len_tot:000000001501
atf_snf.kafka_stats  client_id_key:kafka-ui-admin-1749561100-1

atf_snf.info iframe:000000000184  ts_ns:1609197146471078  ack:1
kafka2.ApiVersionsRequest  request_api_version:3  correlation_id:2  client_id:kafka-ui-admin-1749561100-1  client_software_name:apache-kafka-java  client_software_version:3.5.0
atf_snf.info iframe:000000000186
kafka2.ApiVersionsResponse  request_api_version:3  correlation_id:2  error_code:0  api_keys.0:"kafka2.ApiVersion18a  api_key:0  min_version:0  max_version:11"  api_keys.1:"kafka2.ApiVersion18a  api_key:1  min_version:0  max_version:17"  api_keys.2:"kafka2.ApiVersion18a  api_key:2  min_version:0  max
atf_snf.info iframe:000000000188  ts_ns:1609197160255865  ack:1
kafka2.DescribeClusterRequest  request_api_version:0  correlation_id:3  client_id:kafka-ui-admin-1749561100-1  include_cluster_authorized_operations:N  endpoint_type:1  include_fenced_brokers:N
atf_snf.info iframe:000000000189
kafka2.DescribeClusterResponse  request_api_version:0  correlation_id:3  throttle_time_ms:0  error_code:0  endpoint_type:1  cluster_id:dev.ak-8  controller_id:1  brokers.0:"kafka2.DescribeClusterBroker60a  broker_id:1  host:dev.ak-8.kafka-1.ext  port:1031  is_fenced:N"  brokers.1:"kafka2.DescribeClu
atf_snf.info iframe:000000000191  ts_ns:1609197214322470  ack:1
kafka2.DescribeAclsRequest  request_api_version:3  correlation_id:6  client_id:kafka-ui-admin-1749561100-1  resource_type_filter:1  pattern_type_filter:1  operation:1  permission_type:1
atf_snf.info iframe:000000000192
kafka2.DescribeAclsResponse  request_api_version:3  correlation_id:6  throttle_time_ms:0  error_code:0  error_message:""
atf_snf.info iframe:000000000194  ts_ns:1609197222392262  ack:1
kafka2.DescribeClusterRequest  request_api_version:0  correlation_id:7  client_id:kafka-ui-admin-1749561100-1  include_cluster_authorized_operations:Y  endpoint_type:1  include_fenced_brokers:N
atf_snf.info iframe:000000000195
kafka2.DescribeClusterResponse  request_api_version:0  correlation_id:7  throttle_time_ms:0  error_code:0  endpoint_type:1  cluster_id:dev.ak-8  controller_id:4  brokers.0:"kafka2.DescribeClusterBroker60a  broker_id:1  host:dev.ak-8.kafka-1.ext  port:1031  is_fenced:N"  brokers.1:"kafka2.DescribeClu
atf_snf.info iframe:000000000196  ts_ns:1609197230607257  ack:1
kafka2.DescribeLogDirsRequest  request_api_version:4  correlation_id:8  client_id:kafka-ui-admin-1749561100-1
atf_snf.info iframe:000000000197
kafka2.DescribeLogDirsResponse  request_api_version:4  correlation_id:8  throttle_time_ms:0  error_code:0  results.0:"kafka2.DescribeLogDirsResult35a  error_code:0  log_dir:/mnt/data-1/dev.ak-8  total_bytes:1919445725184  usable_bytes:1880836050944"  results.1:"kafka2.DescribeLogDirsResult35a  error
atf_snf.info iframe:000000000198  ts_ns:1609197235500780  ack:1
kafka2.MetadataRequest  request_api_version:12  correlation_id:14  client_id:kafka-ui-admin-1749561100-1  allow_auto_topic_creation:Y  include_cluster_authorized_operations:N  include_topic_authorized_operations:N
atf_snf.info iframe:000000000199
kafka2.MetadataResponse  request_api_version:12  correlation_id:14  throttle_time_ms:0  brokers.0:"kafka2.MetadataResponseBroker3a  node_id:1  host:dev.ak-8.kafka-1.ext  port:1031"  brokers.1:"kafka2.MetadataResponseBroker3a  node_id:2  host:dev.ak-8.kafka-2.ext  port:1039"  brokers.2:"kafka2.Metada
atf_snf.info iframe:000000002834  ts_ns:1609205593284403  ack:1
kafka2.DescribeLogDirsRequest  request_api_version:4  correlation_id:19  client_id:kafka-ui-admin-1749561100-1
atf_snf.info iframe:000000002839
kafka2.DescribeLogDirsResponse  request_api_version:4  correlation_id:19  throttle_time_ms:0  error_code:0  results.0:'kafka2.DescribeLogDirsResult35a  error_code:0  log_dir:/mnt/data-1/dev.ak-8  topics.0:\'kafka2.DescribeLogDirsTopic35a  name:test-topic-0000000-13EYpSs  partitions.0:"kafka2.Describ
atf_snf.info iframe:000000002851  ts_ns:1609205596039884  ack:1
kafka2.MetadataRequest  request_api_version:12  correlation_id:21  client_id:kafka-ui-admin-1749561100-1  allow_auto_topic_creation:Y  include_cluster_authorized_operations:N  include_topic_authorized_operations:N
atf_snf.info iframe:000000002880
kafka2.MetadataResponse  request_api_version:12  correlation_id:21  throttle_time_ms:0  brokers.0:"kafka2.MetadataResponseBroker3a  node_id:1  host:dev.ak-8.kafka-1.ext  port:1031"  brokers.1:"kafka2.MetadataResponseBroker3a  node_id:2  host:dev.ak-8.kafka-2.ext  port:1039"  brokers.2:"kafka2.Metada
atf_snf.info iframe:000000002907  ts_ns:1609205601371014  ack:1
kafka2.MetadataRequest  request_api_version:12  correlation_id:22  client_id:kafka-ui-admin-1749561100-1  allow_auto_topic_creation:Y  include_cluster_authorized_operations:N  include_topic_authorized_operations:N
atf_snf.info iframe:000000002927
kafka2.MetadataResponse  request_api_version:12  correlation_id:22  throttle_time_ms:0  brokers.0:"kafka2.MetadataResponseBroker3a  node_id:1  host:dev.ak-8.kafka-1.ext  port:1031"  brokers.1:"kafka2.MetadataResponseBroker3a  node_id:2  host:dev.ak-8.kafka-2.ext  port:1039"  brokers.2:"kafka2.Metada
atf_snf.info iframe:000000018009  ts_ns:1609235592364889  ack:1
kafka2.DescribeLogDirsRequest  request_api_version:4  correlation_id:28  client_id:kafka-ui-admin-1749561100-1
atf_snf.info iframe:000000018010
kafka2.DescribeLogDirsResponse  request_api_version:4  correlation_id:28  throttle_time_ms:0  error_code:0  results.0:'kafka2.DescribeLogDirsResult35a  error_code:0  log_dir:/mnt/data-1/dev.ak-8  topics.0:\'kafka2.DescribeLogDirsTopic35a  name:test-topic-0000000-13EYpSs  partitions.0:"kafka2.Describ
atf_snf.info iframe:000000033752  ts_ns:1609265586461228  ack:1
kafka2.DescribeLogDirsRequest  request_api_version:4  correlation_id:37  client_id:kafka-ui-admin-1749561100-1
atf_snf.info iframe:000000033753
kafka2.DescribeLogDirsResponse  request_api_version:4  correlation_id:37  throttle_time_ms:0  error_code:0  results.0:'kafka2.DescribeLogDirsResult35a  error_code:0  log_dir:/mnt/data-1/dev.ak-8  topics.0:\'kafka2.DescribeLogDirsTopic35a  name:test-topic-0000000-13EYpSs  partitions.0:"kafka2.Describ
atf_snf.info iframe:000000033755  ts_ns:1609265588368377  ack:1
kafka2.MetadataRequest  request_api_version:12  correlation_id:39  client_id:kafka-ui-admin-1749561100-1  allow_auto_topic_creation:Y  include_cluster_authorized_operations:N  include_topic_authorized_operations:N
atf_snf.info iframe:000000033757
kafka2.MetadataResponse  request_api_version:12  correlation_id:39  throttle_time_ms:0  brokers.0:"kafka2.MetadataResponseBroker3a  node_id:1  host:dev.ak-8.kafka-1.ext  port:1031"  brokers.1:"kafka2.MetadataResponseBroker3a  node_id:2  host:dev.ak-8.kafka-2.ext  port:1039"  brokers.2:"kafka2.Metada
atf_snf.info iframe:000000033759  ts_ns:1609265590483724  ack:1
kafka2.MetadataRequest  request_api_version:12  correlation_id:40  client_id:kafka-ui-admin-1749561100-1  allow_auto_topic_creation:Y  include_cluster_authorized_operations:N  include_topic_authorized_operations:N
atf_snf.info iframe:000000033761
kafka2.MetadataResponse  request_api_version:12  correlation_id:40  throttle_time_ms:0  brokers.0:"kafka2.MetadataResponseBroker3a  node_id:1  host:dev.ak-8.kafka-1.ext  port:1031"  brokers.1:"kafka2.MetadataResponseBroker3a  node_id:2  host:dev.ak-8.kafka-2.ext  port:1039"  brokers.2:"kafka2.Metada
atf_snf.info iframe:000000033763  ts_ns:1609265592839769  ack:1
kafka2.MetadataRequest  request_api_version:12  correlation_id:42  client_id:kafka-ui-admin-1749561100-1  topics.0:"kafka2.MetadataRequestTopic3q  topic_id:00000000-0000-0000-0000-000000000000  name:test-topic-0000000-13EYpSs"  topics.1:"kafka2.MetadataRequestTopic3q  topic_id:00000000-0000-0000-000
atf_snf.info iframe:000000033765
kafka2.MetadataResponse  request_api_version:12  correlation_id:42  throttle_time_ms:0  brokers.0:"kafka2.MetadataResponseBroker3a  node_id:1  host:dev.ak-8.kafka-1.ext  port:1031"  brokers.1:"kafka2.MetadataResponseBroker3a  node_id:2  host:dev.ak-8.kafka-2.ext  port:1039"  brokers.2:"kafka2.Metada
atf_snf.info iframe:000000064590  ts_ns:1609325585782412  ack:1
kafka2.DescribeLogDirsRequest  request_api_version:4  correlation_id:55  client_id:kafka-ui-admin-1749561100-1
atf_snf.info iframe:000000064591
kafka2.DescribeLogDirsResponse  request_api_version:4  correlation_id:55  throttle_time_ms:0  error_code:0  results.0:'kafka2.DescribeLogDirsResult35a  error_code:0  log_dir:/mnt/data-1/dev.ak-8  topics.0:\'kafka2.DescribeLogDirsTopic35a  name:test-topic-0000000-13EYpSs  partitions.0:"kafka2.Describ
atf_snf.info iframe:000000064592  ts_ns:1609325588993280  ack:1
kafka2.DescribeConfigsRequest  request_api_version:4  correlation_id:59  client_id:kafka-ui-admin-1749561100-1  resources.0:"kafka2.DescribeConfigsResource32q  resource_type:2  resource_name:__consumer_offsets"  resources.1:"kafka2.DescribeConfigsResource32q  resource_type:2  resource_name:test-topi
atf_snf.info iframe:000000064596
kafka2.DescribeConfigsResponse  request_api_version:4  correlation_id:59  throttle_time_ms:0  results.0:'kafka2.DescribeConfigsResult32a  error_code:0  error_message:""  resource_type:2  resource_name:__consumer_offsets  configs.0:\'kafka2.DescribeConfigsResourceResult32a  name:compression.type  val
atf_snf.info iframe:000000107063  ts_ns:1609445584955264  ack:1
kafka2.DescribeLogDirsRequest  request_api_version:4  correlation_id:91  client_id:kafka-ui-admin-1749561100-1
atf_snf.info iframe:000000107067
kafka2.DescribeLogDirsResponse  request_api_version:4  correlation_id:91  throttle_time_ms:0  error_code:0  results.0:'kafka2.DescribeLogDirsResult35a  error_code:0  log_dir:/mnt/data-1/dev.ak-8  topics.0:\'kafka2.DescribeLogDirsTopic35a  name:test-topic-0000000-13EYpSs  partitions.0:"kafka2.Describ
atf_snf.info iframe:000000107074  ts_ns:1609445586485484  ack:1
kafka2.MetadataRequest  request_api_version:12  correlation_id:93  client_id:kafka-ui-admin-1749561100-1  allow_auto_topic_creation:Y  include_cluster_authorized_operations:N  include_topic_authorized_operations:N
atf_snf.info iframe:000000107088
kafka2.MetadataResponse  request_api_version:12  correlation_id:93  throttle_time_ms:0  brokers.0:"kafka2.MetadataResponseBroker3a  node_id:1  host:dev.ak-8.kafka-1.ext  port:1031"  brokers.1:"kafka2.MetadataResponseBroker3a  node_id:2  host:dev.ak-8.kafka-2.ext  port:1039"  brokers.2:"kafka2.Metada
atf_snf.info iframe:000000107093  ts_ns:1609445588158508  ack:1
kafka2.MetadataRequest  request_api_version:12  correlation_id:94  client_id:kafka-ui-admin-1749561100-1  allow_auto_topic_creation:Y  include_cluster_authorized_operations:N  include_topic_authorized_operations:N
atf_snf.info iframe:000000107100
kafka2.MetadataResponse  request_api_version:12  correlation_id:94  throttle_time_ms:0  brokers.0:"kafka2.MetadataResponseBroker3a  node_id:1  host:dev.ak-8.kafka-1.ext  port:1031"  brokers.1:"kafka2.MetadataResponseBroker3a  node_id:2  host:dev.ak-8.kafka-2.ext  port:1039"  brokers.2:"kafka2.Metada
atf_snf.info iframe:000000113491  ts_ns:1609475583257977  ack:1
kafka2.DescribeClusterRequest  request_api_version:0  correlation_id:97  client_id:kafka-ui-admin-1749561100-1  include_cluster_authorized_operations:Y  endpoint_type:1  include_fenced_brokers:N
atf_snf.info iframe:000000113499
kafka2.DescribeClusterResponse  request_api_version:0  correlation_id:97  throttle_time_ms:0  error_code:0  endpoint_type:1  cluster_id:dev.ak-8  controller_id:2  brokers.0:"kafka2.DescribeClusterBroker60a  broker_id:1  host:dev.ak-8.kafka-1.ext  port:1031  is_fenced:N"  brokers.1:"kafka2.DescribeCl
atf_snf.info iframe:000000113503  ts_ns:1609475584921036  ack:1
kafka2.DescribeLogDirsRequest  request_api_version:4  correlation_id:100  client_id:kafka-ui-admin-1749561100-1
atf_snf.info iframe:000000113511
kafka2.DescribeLogDirsResponse  request_api_version:4  correlation_id:100  throttle_time_ms:0  error_code:0  results.0:'kafka2.DescribeLogDirsResult35a  error_code:0  log_dir:/mnt/data-1/dev.ak-8  topics.0:\'kafka2.DescribeLogDirsTopic35a  name:test-topic-0000000-13EYpSs  partitions.0:"kafka2.Descri
atf_snf.info iframe:000000113515  ts_ns:1609475586437324  ack:1
kafka2.MetadataRequest  request_api_version:12  correlation_id:102  client_id:kafka-ui-admin-1749561100-1  allow_auto_topic_creation:Y  include_cluster_authorized_operations:N  include_topic_authorized_operations:N
atf_snf.info iframe:000000113524
kafka2.MetadataResponse  request_api_version:12  correlation_id:102  throttle_time_ms:0  brokers.0:"kafka2.MetadataResponseBroker3a  node_id:1  host:dev.ak-8.kafka-1.ext  port:1031"  brokers.1:"kafka2.MetadataResponseBroker3a  node_id:2  host:dev.ak-8.kafka-2.ext  port:1039"  brokers.2:"kafka2.Metad
atf_snf.info iframe:000000113526  ts_ns:1609475588047872  ack:1
kafka2.MetadataRequest  request_api_version:12  correlation_id:103  client_id:kafka-ui-admin-1749561100-1  allow_auto_topic_creation:Y  include_cluster_authorized_operations:N  include_topic_authorized_operations:N
atf_snf.info iframe:000000113528
kafka2.MetadataResponse  request_api_version:12  correlation_id:103  throttle_time_ms:0  brokers.0:"kafka2.MetadataResponseBroker3a  node_id:1  host:dev.ak-8.kafka-1.ext  port:1031"  brokers.1:"kafka2.MetadataResponseBroker3a  node_id:2  host:dev.ak-8.kafka-2.ext  port:1039"  brokers.2:"kafka2.Metad
atf_snf.info iframe:000000134928  ts_ns:1609565583160448  ack:1
kafka2.DescribeClusterRequest  request_api_version:0  correlation_id:125  client_id:kafka-ui-admin-1749561100-1  include_cluster_authorized_operations:Y  endpoint_type:1  include_fenced_brokers:N
atf_snf.info iframe:000000134929
kafka2.DescribeClusterResponse  request_api_version:0  correlation_id:125  throttle_time_ms:0  error_code:0  endpoint_type:1  cluster_id:dev.ak-8  controller_id:1  brokers.0:"kafka2.DescribeClusterBroker60a  broker_id:1  host:dev.ak-8.kafka-1.ext  port:1031  is_fenced:N"  brokers.1:"kafka2.DescribeC
atf_snf.info iframe:000000134930  ts_ns:1609565585102867  ack:1
kafka2.DescribeLogDirsRequest  request_api_version:4  correlation_id:128  client_id:kafka-ui-admin-1749561100-1
atf_snf.info iframe:000000134931
kafka2.DescribeLogDirsResponse  request_api_version:4  correlation_id:128  throttle_time_ms:0  error_code:0  results.0:'kafka2.DescribeLogDirsResult35a  error_code:0  log_dir:/mnt/data-1/dev.ak-8  topics.0:\'kafka2.DescribeLogDirsTopic35a  name:test-topic-0000000-13EYpSs  partitions.0:"kafka2.Descri
atf_snf.info iframe:000000134932  ts_ns:1609565586669017  ack:1
kafka2.MetadataRequest  request_api_version:12  correlation_id:130  client_id:kafka-ui-admin-1749561100-1  allow_auto_topic_creation:Y  include_cluster_authorized_operations:N  include_topic_authorized_operations:N
atf_snf.info iframe:000000134934
kafka2.MetadataResponse  request_api_version:12  correlation_id:130  throttle_time_ms:0  brokers.0:"kafka2.MetadataResponseBroker3a  node_id:1  host:dev.ak-8.kafka-1.ext  port:1031"  brokers.1:"kafka2.MetadataResponseBroker3a  node_id:2  host:dev.ak-8.kafka-2.ext  port:1039"  brokers.2:"kafka2.Metad
atf_snf.info iframe:000000134936  ts_ns:1609565588009881  ack:1
kafka2.MetadataRequest  request_api_version:12  correlation_id:131  client_id:kafka-ui-admin-1749561100-1  allow_auto_topic_creation:Y  include_cluster_authorized_operations:N  include_topic_authorized_operations:N
atf_snf.info iframe:000000134938
kafka2.MetadataResponse  request_api_version:12  correlation_id:131  throttle_time_ms:0  brokers.0:"kafka2.MetadataResponseBroker3a  node_id:1  host:dev.ak-8.kafka-1.ext  port:1031"  brokers.1:"kafka2.MetadataResponseBroker3a  node_id:2  host:dev.ak-8.kafka-2.ext  port:1039"  brokers.2:"kafka2.Metad
atf_snf.info iframe:000000134940  ts_ns:1609565589822566  ack:1
kafka2.MetadataRequest  request_api_version:12  correlation_id:133  client_id:kafka-ui-admin-1749561100-1  topics.0:"kafka2.MetadataRequestTopic3q  topic_id:00000000-0000-0000-0000-000000000000  name:test-topic-0000000-13EYpSs"  topics.1:"kafka2.MetadataRequestTopic3q  topic_id:00000000-0000-0000-00
atf_snf.info iframe:000000134942
kafka2.MetadataResponse  request_api_version:12  correlation_id:133  throttle_time_ms:0  brokers.0:"kafka2.MetadataResponseBroker3a  node_id:1  host:dev.ak-8.kafka-1.ext  port:1031"  brokers.1:"kafka2.MetadataResponseBroker3a  node_id:2  host:dev.ak-8.kafka-2.ext  port:1039"  brokers.2:"kafka2.Metad
