atf_snf.frame_stats  direction:"c->b"  tcp_short:108.1-108.5  tcp_pair_key:192.168.108.1:37842-192.168.108.5:1047  frame_count:31  syn_count:1  fin_count:0  rst_count:0  isn:003777701839  tcp_payload_len_tot:000000000952
atf_snf.frame_err  !!seq_gap_pos_count:1
atf_snf.kafka_stats  client_id_key:kafka-ui-admin-1749647294-1  kafka_count:17  kafka_req_ack_count:17  kafka_count_in_bh:17  pct_non_ack!!!:0  kafka_len_tot:000000000952


atf_snf.info iframe:000000000170  ts_ns:1695389050708268  ack:1
kafka2.ApiVersionsRequest  request_api_version:3  correlation_id:4  client_id:kafka-ui-admin-1749647294-1  client_software_name:apache-kafka-java  client_software_version:3.5.0
atf_snf.info iframe:000000000172
kafka2.ApiVersionsResponse  request_api_version:3  correlation_id:4  error_code:0  api_keys.0:"kafka2.ApiVersion18a  api_key:0  min_version:0  max_version:11"  api_keys.1:"kafka2.ApiVersion18a  api_key:1  min_version:0  max_version:17"  api_keys.2:"kafka2.ApiVersion18a  api_key:2  min_version:0  max_version:9"  api_keys.3:"kafka2.ApiVersion18a  api_key:3  min_version:0  max_version:12"  api_keys.4:"kafka2.ApiVersion18a  api_key:8  min_version:0  max_version:9"  api_keys.5:"kafka2.ApiVersion18a  api_key:9  min_version:0  max_version:9"  api_keys.6:"kafka2.ApiVersion18a  api_key:10  min_version:0  max_version:6"  api_keys.7:"kafka2.ApiVersion18a  api_key:11  min_version:0  max_version:9"  api_keys.8:"kafka2.ApiVersion18a  api_key:12  min_version:0  max_version:4"  api_keys.9:"kafka2.ApiVersion18a  api_key:13  min_version:0  max_version:5"  api_keys.10:"kafka2.ApiVersion18a  api_key:14  min_version:0  max_version:5"  api_keys.11:"kafka2.ApiVersion18a  api_key:15  min_version:0  max_version:5"  api_keys.12:"kafka
atf_snf.info iframe:000000000174  ts_ns:1695389063750720  ack:1
kafka2.DescribeConfigsRequest  request_api_version:4  correlation_id:5  client_id:kafka-ui-admin-1749647294-1  resources.0:"kafka2.DescribeConfigsResource32q  resource_type:4  resource_name:4"  include_synonyms:N  include_documentation:N
atf_snf.info iframe:000000000195
kafka2.DescribeConfigsResponse  request_api_version:4  correlation_id:5  throttle_time_ms:0  results.0:'kafka2.DescribeConfigsResult32a  error_code:0  error_message:""  resource_type:4  resource_name:4  configs.0:"kafka2.DescribeConfigsResourceResult32a  name:log.cleaner.min.compaction.lag.ms  value:0  read_only:N  config_source:5  is_sensitive:N  config_type:5"  configs.1:"kafka2.DescribeConfigsResourceResult32a  name:offsets.topic.num.partitions  value:50  read_only:Y  config_source:5  is_sensitive:N  config_type:3"  configs.2:"kafka2.DescribeConfigsResourceResult32a  name:sasl.oauthbearer.jwks.endpoint.refresh.ms  value:3600000  read_only:Y  config_source:5  is_sensitive:N  config_type:5"  configs.3:"kafka2.DescribeConfigsResourceResult32a  name:remote.log.metadata.manager.listener.name  read_only:Y  config_source:5  is_sensitive:N  config_type:2"  configs.4:"kafka2.DescribeConfigsResourceResult32a  name:log.flush.interval.messages  value:9223372036854775807  read_only:N  config_source:5  is_sensitive:N  c
atf_snf.info iframe:000000000201  ts_ns:1695389112596563  ack:1
kafka2.DescribeClusterRequest  request_api_version:0  correlation_id:7  client_id:kafka-ui-admin-1749647294-1  include_cluster_authorized_operations:Y  endpoint_type:1  include_fenced_brokers:N
atf_snf.info iframe:000000000202
kafka2.DescribeClusterResponse  request_api_version:0  correlation_id:7  throttle_time_ms:0  error_code:0  endpoint_type:1  cluster_id:dev.ak-8  controller_id:3  brokers.0:"kafka2.DescribeClusterBroker60a  broker_id:1  host:dev.ak-8.kafka-1.ext  port:1031  is_fenced:N"  brokers.1:"kafka2.DescribeClusterBroker60a  broker_id:2  host:dev.ak-8.kafka-2.ext  port:1039  is_fenced:N"  brokers.2:"kafka2.DescribeClusterBroker60a  broker_id:3  host:dev.ak-8.kafka-3.ext  port:1043  is_fenced:N"  brokers.3:"kafka2.DescribeClusterBroker60a  broker_id:4  host:dev.ak-8.kafka-4.ext  port:1047  is_fenced:N"  cluster_authorized_operations:8096
atf_snf.info iframe:000000000208  ts_ns:1695389122034406  ack:1
kafka2.DescribeLogDirsRequest  request_api_version:4  correlation_id:9  client_id:kafka-ui-admin-1749647294-1
atf_snf.info iframe:000000000212
kafka2.DescribeLogDirsResponse  request_api_version:4  correlation_id:9  throttle_time_ms:0  error_code:0  results.0:"kafka2.DescribeLogDirsResult35a  error_code:0  log_dir:/mnt/data-1/dev.ak-8  total_bytes:1919445725184  usable_bytes:1880693747712"  results.1:"kafka2.DescribeLogDirsResult35a  error_code:0  log_dir:/mnt/data-2/dev.ak-8  total_bytes:1919445725184  usable_bytes:1882157817856"
atf_snf.info iframe:000000000214  ts_ns:1695389127901632  ack:1
kafka2.MetadataRequest  request_api_version:12  correlation_id:14  client_id:kafka-ui-admin-1749647294-1  allow_auto_topic_creation:Y  include_cluster_authorized_operations:N  include_topic_authorized_operations:N
atf_snf.info iframe:000000000215
kafka2.MetadataResponse  request_api_version:12  correlation_id:14  throttle_time_ms:0  brokers.0:"kafka2.MetadataResponseBroker3a  node_id:1  host:dev.ak-8.kafka-1.ext  port:1031"  brokers.1:"kafka2.MetadataResponseBroker3a  node_id:2  host:dev.ak-8.kafka-2.ext  port:1039"  brokers.2:"kafka2.MetadataResponseBroker3a  node_id:3  host:dev.ak-8.kafka-3.ext  port:1043"  brokers.3:"kafka2.MetadataResponseBroker3a  node_id:4  host:dev.ak-8.kafka-4.ext  port:1047"  cluster_id:dev.ak-8  controller_id:4  cluster_authorized_operations:-2147483648  error_code:0
atf_snf.info iframe:000000106498  ts_ns:1695788719870016  ack:1
kafka2.DescribeClusterRequest  request_api_version:0  correlation_id:134  client_id:kafka-ui-admin-1749647294-1  include_cluster_authorized_operations:Y  endpoint_type:1  include_fenced_brokers:N
atf_snf.info iframe:000000106499
kafka2.DescribeClusterResponse  request_api_version:0  correlation_id:134  throttle_time_ms:0  error_code:0  endpoint_type:1  cluster_id:dev.ak-8  controller_id:2  brokers.0:"kafka2.DescribeClusterBroker60a  broker_id:1  host:dev.ak-8.kafka-1.ext  port:1031  is_fenced:N"  brokers.1:"kafka2.DescribeClusterBroker60a  broker_id:2  host:dev.ak-8.kafka-2.ext  port:1039  is_fenced:N"  brokers.2:"kafka2.DescribeClusterBroker60a  broker_id:3  host:dev.ak-8.kafka-3.ext  port:1043  is_fenced:N"  brokers.3:"kafka2.DescribeClusterBroker60a  broker_id:4  host:dev.ak-8.kafka-4.ext  port:1047  is_fenced:N"  cluster_authorized_operations:8096
atf_snf.info iframe:000000106500  ts_ns:1695788721375059  ack:1
kafka2.DescribeLogDirsRequest  request_api_version:4  correlation_id:137  client_id:kafka-ui-admin-1749647294-1
atf_snf.info iframe:000000106501
kafka2.DescribeLogDirsResponse  request_api_version:4  correlation_id:137  throttle_time_ms:0  error_code:0  results.0:'kafka2.DescribeLogDirsResult35a  error_code:0  log_dir:/mnt/data-1/dev.ak-8  topics.0:\'kafka2.DescribeLogDirsTopic35a  name:test-topic-0000000-LMn-BwI  partitions.0:"kafka2.DescribeLogDirsPartition35a  partition_index:9  partition_size:376178352  offset_lag:0  is_future_key:N"  partitions.1:"kafka2.DescribeLogDirsPartition35a  partition_index:4  partition_size:366046328  offset_lag:0  is_future_key:N"  partitions.2:"kafka2.DescribeLogDirsPartition35a  partition_index:7  partition_size:369012635  offset_lag:0  is_future_key:N"  partitions.3:"kafka2.DescribeLogDirsPartition35a  partition_index:2  partition_size:377085884  offset_lag:0  is_future_key:N"\'  topics.1:\'kafka2.DescribeLogDirsTopic35a  name:__consumer_offsets  partitions.0:"kafka2.DescribeLogDirsPartition35a  partition_index:47  partition_size:45799768  offset_lag:0  is_future_key:N"  partitions.1:"kafka2.DescribeLogDirsPartition3
atf_snf.info iframe:000000106502  ts_ns:1695788726184934  ack:1
kafka2.MetadataRequest  request_api_version:12  correlation_id:142  client_id:kafka-ui-admin-1749647294-1  topics.0:"kafka2.MetadataRequestTopic3q  topic_id:00000000-0000-0000-0000-000000000000  name:test-topic-0000000-LMn-BwI"  topics.1:"kafka2.MetadataRequestTopic3q  topic_id:00000000-0000-0000-0000-000000000000  name:__consumer_offsets"  allow_auto_topic_creation:N  include_cluster_authorized_operations:N  include_topic_authorized_operations:N
atf_snf.info iframe:000000106504
kafka2.MetadataResponse  request_api_version:12  correlation_id:142  throttle_time_ms:0  brokers.0:"kafka2.MetadataResponseBroker3a  node_id:1  host:dev.ak-8.kafka-1.ext  port:1031"  brokers.1:"kafka2.MetadataResponseBroker3a  node_id:2  host:dev.ak-8.kafka-2.ext  port:1039"  brokers.2:"kafka2.MetadataResponseBroker3a  node_id:3  host:dev.ak-8.kafka-3.ext  port:1043"  brokers.3:"kafka2.MetadataResponseBroker3a  node_id:4  host:dev.ak-8.kafka-4.ext  port:1047"  cluster_id:dev.ak-8  controller_id:2  topics.0:'kafka2.MetadataResponseTopic3a  error_code:0  name:test-topic-0000000-LMn-BwI  topic_id:49a91c2f-cdd6-45f0-b8dc-960b6db1b651  is_internal:N  partitions.0:"kafka2.MetadataResponsePartition3a  error_code:0  partition_index:0  leader_id:4  leader_epoch:0  replica_nodes.0:4  replica_nodes.1:1  replica_nodes.2:2  isr_nodes.0:4  isr_nodes.1:1  isr_nodes.2:2"  partitions.1:"kafka2.MetadataResponsePartition3a  error_code:0  partition_index:8  leader_id:1  leader_epoch:0  replica_nodes.0:1  replica_nodes.1:4  repli
atf_snf.info iframe:000000106508  ts_ns:1695818720452934  ack:1
kafka2.DescribeClusterRequest  request_api_version:0  correlation_id:143  client_id:kafka-ui-admin-1749647294-1  include_cluster_authorized_operations:Y  endpoint_type:1  include_fenced_brokers:N
atf_snf.info iframe:000000106509
kafka2.DescribeClusterResponse  request_api_version:0  correlation_id:143  throttle_time_ms:0  error_code:0  endpoint_type:1  cluster_id:dev.ak-8  controller_id:4  brokers.0:"kafka2.DescribeClusterBroker60a  broker_id:1  host:dev.ak-8.kafka-1.ext  port:1031  is_fenced:N"  brokers.1:"kafka2.DescribeClusterBroker60a  broker_id:2  host:dev.ak-8.kafka-2.ext  port:1039  is_fenced:N"  brokers.2:"kafka2.DescribeClusterBroker60a  broker_id:3  host:dev.ak-8.kafka-3.ext  port:1043  is_fenced:N"  brokers.3:"kafka2.DescribeClusterBroker60a  broker_id:4  host:dev.ak-8.kafka-4.ext  port:1047  is_fenced:N"  cluster_authorized_operations:8096
atf_snf.info iframe:000000106510  ts_ns:1695818721960198  ack:1
kafka2.DescribeLogDirsRequest  request_api_version:4  correlation_id:146  client_id:kafka-ui-admin-1749647294-1
atf_snf.info iframe:000000106511
kafka2.DescribeLogDirsResponse  request_api_version:4  correlation_id:146  throttle_time_ms:0  error_code:0  results.0:'kafka2.DescribeLogDirsResult35a  error_code:0  log_dir:/mnt/data-1/dev.ak-8  topics.0:\'kafka2.DescribeLogDirsTopic35a  name:test-topic-0000000-LMn-BwI  partitions.0:"kafka2.DescribeLogDirsPartition35a  partition_index:9  partition_size:376178352  offset_lag:0  is_future_key:N"  partitions.1:"kafka2.DescribeLogDirsPartition35a  partition_index:4  partition_size:366046328  offset_lag:0  is_future_key:N"  partitions.2:"kafka2.DescribeLogDirsPartition35a  partition_index:7  partition_size:369012635  offset_lag:0  is_future_key:N"  partitions.3:"kafka2.DescribeLogDirsPartition35a  partition_index:2  partition_size:377085884  offset_lag:0  is_future_key:N"\'  topics.1:\'kafka2.DescribeLogDirsTopic35a  name:__consumer_offsets  partitions.0:"kafka2.DescribeLogDirsPartition35a  partition_index:47  partition_size:45799768  offset_lag:0  is_future_key:N"  partitions.1:"kafka2.DescribeLogDirsPartition3
atf_snf.info iframe:000000106515  ts_ns:1695848720901676  ack:1
kafka2.DescribeLogDirsRequest  request_api_version:4  correlation_id:155  client_id:kafka-ui-admin-1749647294-1
atf_snf.info iframe:000000106516
kafka2.DescribeLogDirsResponse  request_api_version:4  correlation_id:155  throttle_time_ms:0  error_code:0  results.0:'kafka2.DescribeLogDirsResult35a  error_code:0  log_dir:/mnt/data-1/dev.ak-8  topics.0:\'kafka2.DescribeLogDirsTopic35a  name:test-topic-0000000-LMn-BwI  partitions.0:"kafka2.DescribeLogDirsPartition35a  partition_index:9  partition_size:376178352  offset_lag:0  is_future_key:N"  partitions.1:"kafka2.DescribeLogDirsPartition35a  partition_index:4  partition_size:366046328  offset_lag:0  is_future_key:N"  partitions.2:"kafka2.DescribeLogDirsPartition35a  partition_index:7  partition_size:369012635  offset_lag:0  is_future_key:N"  partitions.3:"kafka2.DescribeLogDirsPartition35a  partition_index:2  partition_size:377085884  offset_lag:0  is_future_key:N"\'  topics.1:\'kafka2.DescribeLogDirsTopic35a  name:__consumer_offsets  partitions.0:"kafka2.DescribeLogDirsPartition35a  partition_index:47  partition_size:45799768  offset_lag:0  is_future_key:N"  partitions.1:"kafka2.DescribeLogDirsPartition3
atf_snf.info iframe:000000106518  ts_ns:1695848722375232  ack:1
kafka2.MetadataRequest  request_api_version:12  correlation_id:157  client_id:kafka-ui-admin-1749647294-1  allow_auto_topic_creation:Y  include_cluster_authorized_operations:N  include_topic_authorized_operations:N
atf_snf.info iframe:000000106520
kafka2.MetadataResponse  request_api_version:12  correlation_id:157  throttle_time_ms:0  brokers.0:"kafka2.MetadataResponseBroker3a  node_id:1  host:dev.ak-8.kafka-1.ext  port:1031"  brokers.1:"kafka2.MetadataResponseBroker3a  node_id:2  host:dev.ak-8.kafka-2.ext  port:1039"  brokers.2:"kafka2.MetadataResponseBroker3a  node_id:3  host:dev.ak-8.kafka-3.ext  port:1043"  brokers.3:"kafka2.MetadataResponseBroker3a  node_id:4  host:dev.ak-8.kafka-4.ext  port:1047"  cluster_id:dev.ak-8  controller_id:4  topics.0:'kafka2.MetadataResponseTopic3a  error_code:0  name:test-topic-0000000-LMn-BwI  topic_id:49a91c2f-cdd6-45f0-b8dc-960b6db1b651  is_internal:N  partitions.0:"kafka2.MetadataResponsePartition3a  error_code:0  partition_index:0  leader_id:4  leader_epoch:0  replica_nodes.0:4  replica_nodes.1:1  replica_nodes.2:2  isr_nodes.0:4  isr_nodes.1:1  isr_nodes.2:2"  partitions.1:"kafka2.MetadataResponsePartition3a  error_code:0  partition_index:8  leader_id:1  leader_epoch:0  replica_nodes.0:1  replica_nodes.1:4  repli
atf_snf.info iframe:000000106522  ts_ns:1695848723829056  ack:1
kafka2.MetadataRequest  request_api_version:12  correlation_id:158  client_id:kafka-ui-admin-1749647294-1  allow_auto_topic_creation:Y  include_cluster_authorized_operations:N  include_topic_authorized_operations:N
atf_snf.info iframe:000000106524
kafka2.MetadataResponse  request_api_version:12  correlation_id:158  throttle_time_ms:0  brokers.0:"kafka2.MetadataResponseBroker3a  node_id:1  host:dev.ak-8.kafka-1.ext  port:1031"  brokers.1:"kafka2.MetadataResponseBroker3a  node_id:2  host:dev.ak-8.kafka-2.ext  port:1039"  brokers.2:"kafka2.MetadataResponseBroker3a  node_id:3  host:dev.ak-8.kafka-3.ext  port:1043"  brokers.3:"kafka2.MetadataResponseBroker3a  node_id:4  host:dev.ak-8.kafka-4.ext  port:1047"  cluster_id:dev.ak-8  controller_id:4  topics.0:'kafka2.MetadataResponseTopic3a  error_code:0  name:test-topic-0000000-LMn-BwI  topic_id:49a91c2f-cdd6-45f0-b8dc-960b6db1b651  is_internal:N  partitions.0:"kafka2.MetadataResponsePartition3a  error_code:0  partition_index:0  leader_id:4  leader_epoch:0  replica_nodes.0:4  replica_nodes.1:1  replica_nodes.2:2  isr_nodes.0:4  isr_nodes.1:1  isr_nodes.2:2"  partitions.1:"kafka2.MetadataResponsePartition3a  error_code:0  partition_index:8  leader_id:1  leader_epoch:0  replica_nodes.0:1  replica_nodes.1:4  repli
atf_snf.info iframe:000000106526  ts_ns:1695848725470067  ack:1
kafka2.MetadataRequest  request_api_version:12  correlation_id:160  client_id:kafka-ui-admin-1749647294-1  topics.0:"kafka2.MetadataRequestTopic3q  topic_id:00000000-0000-0000-0000-000000000000  name:test-topic-0000000-LMn-BwI"  topics.1:"kafka2.MetadataRequestTopic3q  topic_id:00000000-0000-0000-0000-000000000000  name:__consumer_offsets"  allow_auto_topic_creation:N  include_cluster_authorized_operations:N  include_topic_authorized_operations:N
atf_snf.info iframe:000000106528
kafka2.MetadataResponse  request_api_version:12  correlation_id:160  throttle_time_ms:0  brokers.0:"kafka2.MetadataResponseBroker3a  node_id:1  host:dev.ak-8.kafka-1.ext  port:1031"  brokers.1:"kafka2.MetadataResponseBroker3a  node_id:2  host:dev.ak-8.kafka-2.ext  port:1039"  brokers.2:"kafka2.MetadataResponseBroker3a  node_id:3  host:dev.ak-8.kafka-3.ext  port:1043"  brokers.3:"kafka2.MetadataResponseBroker3a  node_id:4  host:dev.ak-8.kafka-4.ext  port:1047"  cluster_id:dev.ak-8  controller_id:1  topics.0:'kafka2.MetadataResponseTopic3a  error_code:0  name:test-topic-0000000-LMn-BwI  topic_id:49a91c2f-cdd6-45f0-b8dc-960b6db1b651  is_internal:N  partitions.0:"kafka2.MetadataResponsePartition3a  error_code:0  partition_index:0  leader_id:4  leader_epoch:0  replica_nodes.0:4  replica_nodes.1:1  replica_nodes.2:2  isr_nodes.0:4  isr_nodes.1:1  isr_nodes.2:2"  partitions.1:"kafka2.MetadataResponsePartition3a  error_code:0  partition_index:8  leader_id:1  leader_epoch:0  replica_nodes.0:1  replica_nodes.1:4  repli
atf_snf.info iframe:000000106532  ts_ns:1695878720473228  ack:1
kafka2.DescribeLogDirsRequest  request_api_version:4  correlation_id:164  client_id:kafka-ui-admin-1749647294-1
atf_snf.info iframe:000000106533
kafka2.DescribeLogDirsResponse  request_api_version:4  correlation_id:164  throttle_time_ms:0  error_code:0  results.0:'kafka2.DescribeLogDirsResult35a  error_code:0  log_dir:/mnt/data-1/dev.ak-8  topics.0:\'kafka2.DescribeLogDirsTopic35a  name:test-topic-0000000-LMn-BwI  partitions.0:"kafka2.DescribeLogDirsPartition35a  partition_index:9  partition_size:376178352  offset_lag:0  is_future_key:N"  partitions.1:"kafka2.DescribeLogDirsPartition35a  partition_index:4  partition_size:366046328  offset_lag:0  is_future_key:N"  partitions.2:"kafka2.DescribeLogDirsPartition35a  partition_index:7  partition_size:369012635  offset_lag:0  is_future_key:N"  partitions.3:"kafka2.DescribeLogDirsPartition35a  partition_index:2  partition_size:377085884  offset_lag:0  is_future_key:N"\'  topics.1:\'kafka2.DescribeLogDirsTopic35a  name:__consumer_offsets  partitions.0:"kafka2.DescribeLogDirsPartition35a  partition_index:47  partition_size:45799768  offset_lag:0  is_future_key:N"  partitions.1:"kafka2.DescribeLogDirsPartition3
atf_snf.info iframe:000000106534  ts_ns:1695878721758579  ack:1
kafka2.MetadataRequest  request_api_version:12  correlation_id:166  client_id:kafka-ui-admin-1749647294-1  allow_auto_topic_creation:Y  include_cluster_authorized_operations:N  include_topic_authorized_operations:N
atf_snf.info iframe:000000106536
kafka2.MetadataResponse  request_api_version:12  correlation_id:166  throttle_time_ms:0  brokers.0:"kafka2.MetadataResponseBroker3a  node_id:1  host:dev.ak-8.kafka-1.ext  port:1031"  brokers.1:"kafka2.MetadataResponseBroker3a  node_id:2  host:dev.ak-8.kafka-2.ext  port:1039"  brokers.2:"kafka2.MetadataResponseBroker3a  node_id:3  host:dev.ak-8.kafka-3.ext  port:1043"  brokers.3:"kafka2.MetadataResponseBroker3a  node_id:4  host:dev.ak-8.kafka-4.ext  port:1047"  cluster_id:dev.ak-8  controller_id:3  topics.0:'kafka2.MetadataResponseTopic3a  error_code:0  name:test-topic-0000000-LMn-BwI  topic_id:49a91c2f-cdd6-45f0-b8dc-960b6db1b651  is_internal:N  partitions.0:"kafka2.MetadataResponsePartition3a  error_code:0  partition_index:0  leader_id:4  leader_epoch:0  replica_nodes.0:4  replica_nodes.1:1  replica_nodes.2:2  isr_nodes.0:4  isr_nodes.1:1  isr_nodes.2:2"  partitions.1:"kafka2.MetadataResponsePartition3a  error_code:0  partition_index:8  leader_id:1  leader_epoch:0  replica_nodes.0:1  replica_nodes.1:4  repli
atf_snf.info iframe:000000106538  ts_ns:1695878723185740  ack:1
kafka2.MetadataRequest  request_api_version:12  correlation_id:167  client_id:kafka-ui-admin-1749647294-1  allow_auto_topic_creation:Y  include_cluster_authorized_operations:N  include_topic_authorized_operations:N
atf_snf.info iframe:000000106540
kafka2.MetadataResponse  request_api_version:12  correlation_id:167  throttle_time_ms:0  brokers.0:"kafka2.MetadataResponseBroker3a  node_id:1  host:dev.ak-8.kafka-1.ext  port:1031"  brokers.1:"kafka2.MetadataResponseBroker3a  node_id:2  host:dev.ak-8.kafka-2.ext  port:1039"  brokers.2:"kafka2.MetadataResponseBroker3a  node_id:3  host:dev.ak-8.kafka-3.ext  port:1043"  brokers.3:"kafka2.MetadataResponseBroker3a  node_id:4  host:dev.ak-8.kafka-4.ext  port:1047"  cluster_id:dev.ak-8  controller_id:2  topics.0:'kafka2.MetadataResponseTopic3a  error_code:0  name:test-topic-0000000-LMn-BwI  topic_id:49a91c2f-cdd6-45f0-b8dc-960b6db1b651  is_internal:N  partitions.0:"kafka2.MetadataResponsePartition3a  error_code:0  partition_index:0  leader_id:4  leader_epoch:0  replica_nodes.0:4  replica_nodes.1:1  replica_nodes.2:2  isr_nodes.0:4  isr_nodes.1:1  isr_nodes.2:2"  partitions.1:"kafka2.MetadataResponsePartition3a  error_code:0  partition_index:8  leader_id:1  leader_epoch:0  replica_nodes.0:1  replica_nodes.1:4  repli
