  === try 1
  
  Compiling thrift v0.17.0
   Compiling libflate v2.2.1
   Compiling toml_edit v0.23.10+spec-1.0.0
   Compiling clap_builder v4.5.58
   Compiling tempfile v3.25.0
error: failed to run custom build command for `rdkafka-sys v4.10.0+2.12.1`

Caused by:
  process didn't exit successfully: `/home/avorovich/kafka-delta-ingest/target/debug/build/rdkafka-sys-d5a4395554767988/build-script-build` (exit status: 1)
  --- stdout
  cargo:rerun-if-env-changed=RDKAFKA_NO_PKG_CONFIG
  cargo:rerun-if-env-changed=PKG_CONFIG_x86_64-unknown-linux-gnu
  cargo:rerun-if-env-changed=PKG_CONFIG_x86_64_unknown_linux_gnu
  cargo:rerun-if-env-changed=HOST_PKG_CONFIG
  cargo:rerun-if-env-changed=PKG_CONFIG
  cargo:rerun-if-env-changed=RDKAFKA_STATIC
  cargo:rerun-if-env-changed=RDKAFKA_DYNAMIC
  cargo:rerun-if-env-changed=PKG_CONFIG_ALL_STATIC
  cargo:rerun-if-env-changed=PKG_CONFIG_ALL_DYNAMIC
  cargo:rerun-if-env-changed=PKG_CONFIG_PATH_x86_64-unknown-linux-gnu
  cargo:rerun-if-env-changed=PKG_CONFIG_PATH_x86_64_unknown_linux_gnu
  cargo:rerun-if-env-changed=HOST_PKG_CONFIG_PATH
  cargo:rerun-if-env-changed=PKG_CONFIG_PATH
  cargo:rerun-if-env-changed=PKG_CONFIG_LIBDIR_x86_64-unknown-linux-gnu
  cargo:rerun-if-env-changed=PKG_CONFIG_LIBDIR_x86_64_unknown_linux_gnu
  cargo:rerun-if-env-changed=HOST_PKG_CONFIG_LIBDIR
  cargo:rerun-if-env-changed=PKG_CONFIG_LIBDIR
  cargo:rerun-if-env-changed=PKG_CONFIG_SYSROOT_DIR_x86_64-unknown-linux-gnu
  cargo:rerun-if-env-changed=PKG_CONFIG_SYSROOT_DIR_x86_64_unknown_linux_gnu
  cargo:rerun-if-env-changed=HOST_PKG_CONFIG_SYSROOT_DIR
  cargo:rerun-if-env-changed=PKG_CONFIG_SYSROOT_DIR

  --- stderr
  librdkafka will be linked dynamically
  librdkafka 2.12.1 cannot be found on the system: 
  pkg-config exited with status code 1
  > PKG_CONFIG_ALLOW_SYSTEM_LIBS=1 PKG_CONFIG_ALLOW_SYSTEM_CFLAGS=1 pkg-config --libs --cflags rdkafka 'rdkafka >= 2.12.1'

  The system library `rdkafka` required by crate `rdkafka-sys` was not found.
  The file `rdkafka.pc` needs to be installed and the PKG_CONFIG_PATH environment variable must contain its parent directory.
  The PKG_CONFIG_PATH environment variable is not set.

  HINT: if you have installed the library, try setting PKG_CONFIG_PATH to the directory containing `rdkafka.pc`.

  Dynamic linking failed. Exiting.
warning: build failed, waiting for other jobs to finish...
[101 Feb 13 09:31:03] avorovich@nj1.sv5:~/kafka-delta-ingest 
$ 


===========try 2

   Compiling deltalake-core v0.26.2
   Compiling deltalake-aws v0.9.1
error: unused import: `error`
 --> src/dead_letters.rs:9:11
  |
9 | use log::{error, info, warn};
  |           ^^^^^
  |
note: the lint level is defined here
 --> src/lib.rs:7:9
  |
7 | #![deny(warnings)]
  |         ^^^^^^^^
  = note: `#[deny(unused_imports)]` implied by `#[deny(warnings)]`

error: unused import: `error`
  --> src/writer.rs:33:11
   |
33 | use log::{error, info, warn};
   |           ^^^^^

error: could not compile `kafka-delta-ingest` (lib) due to 2 previous errors
warning: build failed, waiting for other jobs to finish...