witch(value_GetEnum(parent)) {
        case kafka2_RequestHeaderMsgsCase_kafka2_AddOffsetsToTxnRequest: ret = "kafka2.AddOffsetsToTxnRequest";  break;
        case kafka2_RequestHeaderMsgsCase_kafka2_AddPartitionsToTxnRequest: ret = "kafka2.AddPartitionsToTxnRequest";  break;
        case kafka2_RequestHeaderMsgsCase_kafka2_AddRaftVoterRequest: ret = "kafka2.AddRaftVoterRequest";  break;
        case kafka2_RequestHeaderMsgsCase_kafka2_AllocateProducerIdsRequest: ret = "kafka2.AllocateProducerIdsRequest";  break;
        case kafka2_RequestHeaderMsgsCase_kafka2_AlterClientQuotasRequest: ret = "kafka2.AlterClientQuotasRequest";  break;
        case kafka2_RequestHeaderMsgsCase_kafka2_AlterConfigsRequest: ret = "kafka2.AlterConfigsRequest";  break;
        case kafka2_RequestHeaderMsgsCase_kafka2_AlterPartitionReassignmentsRequest: ret = "kafka2.AlterPartitionReassignmentsRequest";  break;
        case kafka2_RequestHeaderMsgsCase_kafka2_AlterPartitionRequest: ret = "kafka2.AlterPartitionRequest";  break;
        case kafka2_RequestHeaderMsgsCase_kafka2_AlterReplicaLogDirsRequest: ret = "kafka2.AlterReplicaLogDirsRequest";  break;
        case kafka2_RequestHeaderMsgsCase_kafka2_AlterShareGroupOffsetsRequest: ret = "kafka2.AlterShareGroupOffsetsRequest";  break;
        case kafka2_RequestHeaderMsgsCase_kafka2_AlterUserScramCredentialsRequest: ret = "kafka2.AlterUserScramCredentialsRequest";  break;
        case kafka2_RequestHeaderMsgsCase_kafka2_ApiVersionsRequest: ret = "kafka2.ApiVersionsRequest";  break;
        case kafka2_RequestHeaderMsgsCase_kafka2_AssignReplicasToDirsRequest: ret = "kafka2.AssignReplicasToDirsRequest";  break;
        case kafka2_RequestHeaderMsgsCase_kafka2_BeginQuorumEpochRequest: ret = "kafka2.BeginQuorumEpochRequest";  break;
        case kafka2_RequestHeaderMsgsCase_kafka2_BrokerHeartbeatRequest: ret = "kafka2.BrokerHeartbeatRequest";  break;
        case kafka2_RequestHeaderMsgsCase_kafka2_BrokerRegistrationRequest: ret = "kafka2.BrokerRegistrationRequest";  break;
        case kafka2_RequestHeaderMsgsCase_kafka2_ConsumerGroupDescribeRequest: ret = "kafka2.ConsumerGroupDescribeRequest";  break;
        case kafka2_RequestHeaderMsgsCase_kafka2_ConsumerGroupHeartbeatRequest: ret = "kafka2.ConsumerGroupHeartbeatRequest";  break;
        case kafka2_RequestHeaderMsgsCase_kafka2_ControllerRegistrationRequest: ret = "kafka2.ControllerRegistrationRequest";  break;
        case kafka2_RequestHeaderMsgsCase_kafka2_CreateAclsRequest: ret = "kafka2.CreateAclsRequest";  break;
        case kafka2_RequestHeaderMsgsCase_kafka2_CreateDelegationTokenRequest: ret = "kafka2.CreateDelegationTokenRequest";  break;
        case kafka2_RequestHeaderMsgsCase_kafka2_CreatePartitionsRequest: ret = "kafka2.CreatePartitionsRequest";  break;
        case kafka2_RequestHeaderMsgsCase_kafka2_CreateTopicsRequest: ret = "kafka2.CreateTopicsRequest";  break;
        case kafka2_RequestHeaderMsgsCase_kafka2_DeleteAclsRequest: ret = "kafka2.DeleteAclsRequest";  break;
        case kafka2_RequestHeaderMsgsCase_kafka2_DeleteGroupsRequest: ret = "kafka2.DeleteGroupsRequest";  break;
        case kafka2_RequestHeaderMsgsCase_kafka2_DeleteRecordsRequest: ret = "kafka2.DeleteRecordsRequest";  break;
        case kafka2_RequestHeaderMsgsCase_kafka2_DeleteShareGroupOffsetsRequest: ret = "kafka2.DeleteShareGroupOffsetsRequest";  break;
        case kafka2_RequestHeaderMsgsCase_kafka2_DeleteShareGroupStateRequest: ret = "kafka2.DeleteShareGroupStateRequest";  break;
        case kafka2_RequestHeaderMsgsCase_kafka2_DeleteTopicsRequest: ret = "kafka2.DeleteTopicsRequest";  break;
        case kafka2_RequestHeaderMsgsCase_kafka2_DescribeAclsRequest: ret = "kafka2.DescribeAclsRequest";  break;
        case kafka2_RequestHeaderMsgsCase_kafka2_DescribeClientQuotasRequest: ret = "kafka2.DescribeClientQuotasRequest";  break;
        case kafka2_RequestHeaderMsgsCase_kafka2_DescribeClusterRequest: ret = "kafka2.DescribeClusterRequest";  break;
        case kafka2_RequestHeaderMsgsCase_kafka2_DescribeConfigsRequest: ret = "kafka2.DescribeConfigsRequest";  break;
        case kafka2_RequestHeaderMsgsCase_kafka2_DescribeDelegationTokenRequest: ret = "kafka2.DescribeDelegationTokenRequest";  break;
        case kafka2_RequestHeaderMsgsCase_kafka2_DescribeGroupsRequest: ret = "kafka2.DescribeGroupsRequest";  break;
        case kafka2_RequestHeaderMsgsCase_kafka2_DescribeLogDirsRequest: ret = "kafka2.DescribeLogDirsRequest";  break;
        case kafka2_RequestHeaderMsgsCase_kafka2_DescribeProducersRequest: ret = "kafka2.DescribeProducersRequest";  break;
        case kafka2_RequestHeaderMsgsCase_kafka2_DescribeQuorumRequest: ret = "kafka2.DescribeQuorumRequest";  break;
        case kafka2_RequestHeaderMsgsCase_kafka2_DescribeShareGroupOffsetsRequest: ret = "kafka2.DescribeShareGroupOffsetsRequest";  break;
        case kafka2_RequestHeaderMsgsCase_kafka2_DescribeTopicPartitionsRequest: ret = "kafka2.DescribeTopicPartitionsRequest";  break;
        case kafka2_RequestHeaderMsgsCase_kafka2_DescribeTransactionsRequest: ret = "kafka2.DescribeTransactionsRequest";  break;
        case kafka2_RequestHeaderMsgsCase_kafka2_DescribeUserScramCredentialsRequest: ret = "kafka2.DescribeUserScramCredentialsRequest";  break;
        case kafka2_RequestHeaderMsgsCase_kafka2_ElectLeadersRequest: ret = "kafka2.ElectLeadersRequest";  break;
        case kafka2_RequestHeaderMsgsCase_kafka2_EndQuorumEpochRequest: ret = "kafka2.EndQuorumEpochRequest";  break;
        case kafka2_RequestHeaderMsgsCase_kafka2_EndTxnRequest: ret = "kafka2.EndTxnRequest";  break;
        case kafka2_RequestHeaderMsgsCase_kafka2_EnvelopeRequest: ret = "kafka2.EnvelopeRequest";  break;
        case kafka2_RequestHeaderMsgsCase_kafka2_ExpireDelegationTokenRequest: ret = "kafka2.ExpireDelegationTokenRequest";  break;
        case kafka2_RequestHeaderMsgsCase_kafka2_FetchRequest: ret = "kafka2.FetchRequest";  break;
        case kafka2_RequestHeaderMsgsCase_kafka2_FetchSnapshotRequest: ret = "kafka2.FetchSnapshotRequest";  break;
        case kafka2_RequestHeaderMsgsCase_kafka2_FindCoordinatorRequest: ret = "kafka2.FindCoordinatorRequest";  break;
        case kafka2_RequestHeaderMsgsCase_kafka2_GetTelemetrySubscriptionsRequest: ret = "kafka2.GetTelemetrySubscriptionsRequest";  break;
        case kafka2_RequestHeaderMsgsCase_kafka2_HeartbeatRequest: ret = "kafka2.HeartbeatRequest";  break;
        case kafka2_RequestHeaderMsgsCase_kafka2_IncrementalAlterConfigsRequest: ret = "kafka2.IncrementalAlterConfigsRequest";  break;
        case kafka2_RequestHeaderMsgsCase_kafka2_InitProducerIdRequest: ret = "kafka2.InitProducerIdRequest";  break;
        case kafka2_RequestHeaderMsgsCase_kafka2_InitializeShareGroupStateRequest: ret = "kafka2.InitializeShareGroupStateRequest";  break;
        case kafka2_RequestHeaderMsgsCase_kafka2_JoinGroupRequest: ret = "kafka2.JoinGroupRequest";  break;
        case kafka2_RequestHeaderMsgsCase_kafka2_LeaveGroupRequest: ret = "kafka2.LeaveGroupRequest";  break;
        case kafka2_RequestHeaderMsgsCase_kafka2_ListClientMetricsResourcesRequest: ret = "kafka2.ListClientMetricsResourcesRequest";  break;
        case kafka2_RequestHeaderMsgsCase_kafka2_ListGroupsRequest: ret = "kafka2.ListGroupsRequest";  break;
        case kafka2_RequestHeaderMsgsCase_kafka2_ListOffsetsRequest: ret = "kafka2.ListOffsetsRequest";  break;
        case kafka2_RequestHeaderMsgsCase_kafka2_ListPartitionReassignmentsRequest: ret = "kafka2.ListPartitionReassignmentsRequest";  break;
        case kafka2_RequestHeaderMsgsCase_kafka2_ListTransactionsRequest: ret = "kafka2.ListTransactionsRequest";  break;
        case kafka2_RequestHeaderMsgsCase_kafka2_MetadataRequest: ret = "kafka2.MetadataRequest";  break;
        case kafka2_RequestHeaderMsgsCase_kafka2_OffsetCommitRequest: ret = "kafka2.OffsetCommitRequest";  break;
        case kafka2_RequestHeaderMsgsCase_kafka2_OffsetDeleteRequest: ret = "kafka2.OffsetDeleteRequest";  break;
        case kafka2_RequestHeaderMsgsCase_kafka2_OffsetFetchRequest: ret = "kafka2.OffsetFetchRequest";  break;
        case kafka2_RequestHeaderMsgsCase_kafka2_OffsetForLeaderEpochRequest: ret = "kafka2.OffsetForLeaderEpochRequest";  break;
        case kafka2_RequestHeaderMsgsCase_kafka2_ProduceRequest: ret = "kafka2.ProduceRequest";  break;
        case kafka2_RequestHeaderMsgsCase_kafka2_PushTelemetryRequest: ret = "kafka2.PushTelemetryRequest";  break;
        case kafka2_RequestHeaderMsgsCase_kafka2_ReadShareGroupStateRequest: ret = "kafka2.ReadShareGroupStateRequest";  break;
        case kafka2_RequestHeaderMsgsCase_kafka2_ReadShareGroupStateSummaryRequest: ret = "kafka2.ReadShareGroupStateSummaryRequest";  break;
        case kafka2_RequestHeaderMsgsCase_kafka2_RemoveRaftVoterRequest: ret = "kafka2.RemoveRaftVoterRequest";  break;
        case kafka2_RequestHeaderMsgsCase_kafka2_RenewDelegationTokenRequest: ret = "kafka2.RenewDelegationTokenRequest";  break;
        case kafka2_RequestHeaderMsgsCase_kafka2_SaslAuthenticateRequest: ret = "kafka2.SaslAuthenticateRequest";  break;
        case kafka2_RequestHeaderMsgsCase_kafka2_SaslHandshakeRequest: ret = "kafka2.SaslHandshakeRequest";  break;
        case kafka2_RequestHeaderMsgsCase_kafka2_ShareAcknowledgeRequest: ret = "kafka2.ShareAcknowledgeRequest";  break;
        case kafka2_RequestHeaderMsgsCase_kafka2_ShareFetchRequest: ret = "kafka2.ShareFetchRequest";  break;
        case kafka2_RequestHeaderMsgsCase_kafka2_ShareGroupDescribeRequest: ret = "kafka2.ShareGroupDescribeRequest";  break;
        case kafka2_RequestHeaderMsgsCase_kafka2_ShareGroupHeartbeatRequest: ret = "kafka2.ShareGroupHeartbeatRequest";  break;
        case kafka2_RequestHeaderMsgsCase_kafka2_StreamsGroupDescribeRequest: ret = "kafka2.StreamsGroupDescribeRequest";  break;
        case kafka2_RequestHeaderMsgsCase_kafka2_StreamsGroupHeartbeatRequest: ret = "kafka2.StreamsGroupHeartbeatRequest";  break;
        case kafka2_RequestHeaderMsgsCase_kafka2_SyncGroupRequest: ret = "kafka2.SyncGroupRequest";  break;
        case kafka2_RequestHeaderMsgsCase_kafka2_TxnOffsetCommitRequest: ret = "kafka2.TxnOffsetCommitRequest";  break;
        case kafka2_RequestHeaderMsgsCase_kafka2_UnregisterBrokerRequest: ret = "kafka2.UnregisterBrokerRequest";  break;
        case kafka2_RequestHeaderMsgsCase_kafka2_UpdateFeaturesRequest: ret = "kafka2.UpdateFeaturesRequest";  break;
        case kafka2_RequestHeaderMsgsCase_kafka2_UpdateRaftVoterRequest: ret = "kafka2.UpdateRaftVoterRequest";  break;
        case kafka2_RequestHeaderMsgsCase_kafka2_VoteRequest: ret = "kafka2.VoteRequest";  break;
        case kafka2_RequestHeaderMsgsCase_kafka2_WriteShareGroupStateRequest: ret = "kafka2.WriteShareGroupStateRequest";  break;
        case kafka2_RequestHeaderMsgsCase_kafka2_WriteTxnMarkersRequest: ret = "kafka2.WriteTxnMarkersRequest";  break;
    }
    return ret;