atf_snf.frame_stats  direction:"c->b"  tcp_short:108.1-108.5  tcp_pair_key:192.168.108.1:45016-192.168.108.5:1047  frame_count:17  syn_count:1  fin_count:1  rst_count:0  isn:000427299502  tcp_payload_len_tot:000000000226
atf_snf.kafka_stats  client_id_key:redpanda-console  kafka_count:6  kafka_req_ack_count:6  kafka_count_in_bh:6  pct_non_ack!!!:0  kafka_len_tot:000000000226


atf_snf.info iframe:000000000034  ts_ns:1795803204844992  ack:1
kafka2.ApiVersionsRequest  request_api_version:3  correlation_id:0  client_id:redpanda-console  client_software_name:kgo  client_software_version:v1.18.0
atf_snf.info iframe:000000000036
kafka2.ApiVersionsResponse  request_api_version:3  correlation_id:0  error_code:0  api_keys.0:"kafka2.ApiVersion18a  api_key:0  min_version:0  max_version:11"  api_keys.1:"kafka2.ApiVersion18a  api_key:1  min_version:0  max_version:17"  api_keys.2:"kafka2.ApiVersion18a  api_key:2  min_version:0  max_version:9"  api_keys.3:"kafka2.ApiVersion18a  api_key:3  min_version:0  max_version:12"  api_keys.4:"kafka2.ApiVersion18a  api_key:8  min_version:0  max_version:9"  api_keys.5:"kafka2.ApiVersion18a  api_key:9  min_version:0  max_version:9"  api_keys.6:"kafka2.ApiVersion18a  api_key:10  min_version:0  max_version:6"  api_keys.7:"kafka2.ApiVersion18a  api_key:11  min_version:0  max_version:9"  api_keys.8:"kafka2.ApiVersion18a  api_key:12  min_version:0  max_version:4"  api_keys.9:"kafka2.ApiVersion18a  api_key:13  min_version:0  max_version:5"  api_keys.10:"kafka2.ApiVersion18a  api_key:14  min_version:0  max_version:5"  api_keys.11:"kafka2.ApiVersion18a  api_key:15  min_version:0  max_version:5"  api_keys.12:"kafka
atf_snf.info iframe:000000000038  ts_ns:1795803206457760  ack:1
kafka2.MetadataRequest  request_api_version:9  correlation_id:1  client_id:redpanda-console  allow_auto_topic_creation:N  include_cluster_authorized_operations:N  include_topic_authorized_operations:N
atf_snf.info iframe:000000000039
kafka2.MetadataResponse  request_api_version:9  correlation_id:1  throttle_time_ms:0  brokers.0:"kafka2.MetadataResponseBroker3a  node_id:4  host:dev.ak-8.kafka-4.ext  port:1047"  cluster_id:dev.ak-8  controller_id:4  cluster_authorized_operations:-2147483648  error_code:0
atf_snf.info iframe:000000000040  ts_ns:1795803208742662  ack:1
kafka2.DescribeConfigsRequest  request_api_version:3  correlation_id:2  client_id:redpanda-console  resources.0:"kafka2.DescribeConfigsResource32q  resource_type:4  resource_name:4"  include_synonyms:Y  include_documentation:N
atf_snf.info iframe:000000000061
kafka2.DescribeConfigsResponse  request_api_version:3  correlation_id:2  throttle_time_ms:0  results.0:'kafka2.DescribeConfigsResult32a  error_code:0  error_message:""  resource_type:4  resource_name:4  configs.0:\'kafka2.DescribeConfigsResourceResult32a  name:log.cleaner.min.compaction.lag.ms  value:0  read_only:N  config_source:5  is_sensitive:N  synonyms.0:"kafka2.DescribeConfigsSynonym32a  name:log.cleaner.min.compaction.lag.ms  value:0  source:5"  config_type:5\'  configs.1:\'kafka2.DescribeConfigsResourceResult32a  name:offsets.topic.num.partitions  value:50  read_only:Y  config_source:5  is_sensitive:N  synonyms.0:"kafka2.DescribeConfigsSynonym32a  name:offsets.topic.num.partitions  value:50  source:5"  config_type:3\'  configs.2:\'kafka2.DescribeConfigsResourceResult32a  name:sasl.oauthbearer.jwks.endpoint.refresh.ms  value:3600000  read_only:Y  config_source:5  is_sensitive:N  synonyms.0:"kafka2.DescribeConfigsSynonym32a  name:sasl.oauthbearer.jwks.endpoint.refresh.ms  value:3600000  source:5"  confi
atf_snf.info iframe:000000000067  ts_ns:1795803240790342  ack:1
kafka2.DescribeLogDirsRequest  request_api_version:2  correlation_id:3  client_id:redpanda-console
atf_snf.info iframe:000000000068
kafka2.DescribeLogDirsResponse  request_api_version:2  correlation_id:3  throttle_time_ms:0  error_code:0  results.0:"kafka2.DescribeLogDirsResult35a  error_code:0  log_dir:/mnt/data-1/dev.ak-8  total_bytes:-1  usable_bytes:-1"  results.1:"kafka2.DescribeLogDirsResult35a  error_code:0  log_dir:/mnt/data-2/dev.ak-8  total_bytes:-1  usable_bytes:-1"
atf_snf.info iframe:000000000071  ts_ns:1795803247771641  ack:1
kafka2.MetadataRequest  request_api_version:9  correlation_id:4  client_id:redpanda-console  allow_auto_topic_creation:N  include_cluster_authorized_operations:N  include_topic_authorized_operations:N
atf_snf.info iframe:000000000072
kafka2.MetadataResponse  request_api_version:9  correlation_id:4  throttle_time_ms:0  brokers.0:"kafka2.MetadataResponseBroker3a  node_id:4  host:dev.ak-8.kafka-4.ext  port:1047"  cluster_id:dev.ak-8  controller_id:4  cluster_authorized_operations:-2147483648  error_code:0
atf_snf.info iframe:000000000073  ts_ns:1795803248502534  ack:1
kafka2.ListGroupsRequest  request_api_version:4  correlation_id:5  client_id:redpanda-console
atf_snf.info iframe:000000000074
kafka2.ListGroupsResponse  request_api_version:4  correlation_id:5  throttle_time_ms:0  error_code:0
