verbose: kafka2.OffsetFetchRequest  
request_api_version:7  
correlation_id:7  
client_id:my-consumer-1  
group_id:my_group  
topics.0:"kafka2.OffsetFetchRequestTopic9q  
name:test-topic  
partition_indexes.0:0"  
require_stable:Y

verbose: kafka2.OffsetFetchResponse  
request_api_version:7  
correlation_id:7  
throttle_time_ms:0  
topics.0:'kafka2.OffsetFetchResponseTopic9a  
name:test-topic  
partitions.0:"kafka2.OffsetFetchResponsePartition9a  
partition_index:0  
committed_offset:-1  
committed_leader_epoch:-1  
error_code:0"'  
error_code:0


verbose: kafka2.FetchRequest  
request_api_version:11  
correlation_id:3  
client_id:my-consumer-1  
replica_id:-1  
max_wait_ms:500  
min_bytes:1  
max_bytes:52428800  
isolation_level:1  
session_id:0  
session_epoch:-1  
topics.0:'kafka2.FetchTopic1q  
    topic:test-topic  
    topic_id:00000000-0000-0000-0000-000000000000  
    partitions.0:"kafka2.FetchPartition1q  
        partition:0  
        current_leader_epoch:0  
        fetch_offset:2  
        last_fetched_epoch:-1  
        log_start_offset:-1  
        partition_max_bytes:1048576"'  
rack_id:""

verbose: kafka2.FetchResponse  
request_api_version:11  
correlation_id:3  
throttle_time_ms:0  
error_code:0  
session_id:0  
responses.0:"kafka2.FetchableTopicResponse1a  
    topic:test-topic  
    topic_id:b8c1d525-18b3-480d-bf92-4651a0a6b2ea  
    partitions.0:'kafka2.PartitionData1a  
        partition_index:0  
        error_code:0  
        high_watermark:2  
        last_stable_offset:2  
        log_start_offset:-1  
        preferred_read_replica:-1  
        records:\"kafka.RecordBatch  
            base_offset:0  
            partition_leader_epoch:0  
            magic:2  
            crc:0  
            attributes:0  
            last_offset_delta:0  
            base_timestamp:0  
            max_timestamp:0  
            producer_id:-1  
            producer_epoch:-1  
            base_sequence:-1\"'"


    request_api_version:11
    correlation_id:10
    client_id:my-consumer-1
    replica_id:-1
    max_wait_ms:500
    min_bytes:1
    max_bytes:52428800
    isolation_level:1
    session_id:0
    session_epoch:-1
    topics.0:'kafka2.FetchTopic1q
        topic:test-topic
        topic_id:00000000-0000-0000-0000-000000000000
        partitions.0:"kafka2.FetchPartition1q
            partition:0
            current_leader_epoch:0
            fetch_offset:2
            last_fetched_epoch:-1
            log_start_offset:-1
            partition_max_bytes:67108864"'
    rack_id:""