
===== FILE: ./nj1-4.tap-1_ext_0/nj1-4.tap-1_ext_0.log =====
==========================
atf_snf.info  host:nj1.sv2
atf_snf.info  experiment_dir:temp/atf_snf_logs/nj1-4.tap-1_ext_0  comment:"creating experiment directory"
atf_snf.info  directory file list at start
total 0
atf_snf.info  tcp_pair_dir:temp/atf_snf_logs/nj1-4.tap-1_ext_0/tcp_pairs
atf_snf.info  fname:temp/atf_snf_logs/nj1-4.tap-1_ext_0/atf_snf.pcap  comment:"creating pcap file"
atf_snf.info  sll2:N
atf_snf.info  comment:"Parsing kafka req/rsp enabled"
atf_snf.info dev:data0-4T  port:1
atf_snf.info comment:"opened the device"
atf_snf.info comment:"allocated protected domain"
atf_snf.info comment:"created CQ ex"
atf_snf.info comment:"created QP ex"
atf_snf.info comment:"init QP port"
atf_snf.info comment:"QO Ready To Receive"
atf_snf.info comment:"SGE and WR are initialised"
atf_snf.info intfname:data0-4T  port:1  ib:mlx5_10  pci:0000:c5:01.4  comment:"Flow created successfully, sniffing all traffic"
atf_snf.err TCP seq gap  tcp_pair:192.168.104.2:1643-192.168.104.6:47166  frame_count:2  seq_gap:-6  seq:000000000000  seq_next:000000000006  tcp_pay_len:000006
atf_snf.err TCP seq gap  tcp_pair:192.168.104.6:46488-192.168.104.2:1643  frame_count:17  seq_gap:-5645  seq:002253308409  seq_next:002253314054  tcp_pay_len:005645
atf_snf.err TCP seq gap  tcp_pair:192.168.104.6:46488-192.168.104.2:1643  frame_count:32  seq_gap:-8948  seq:002253430378  seq_next:002253439326  tcp_pay_len:008948
atf_snf.info comment:"Received SIGTERM, shutting down gracefully..."
atf_snf.info comment:"snf shutdown"
atf_snf.info comment:"destroying flow"
atf_snf.info comment:"destroying QP"
atf_snf.info comment:"destroying CQ"
atf_snf.info comment:"destroying PD"
atf_snf.info comment:GlobalTcpPairDump
atf_snf.session_stats  current_time:2025-12-24T10:38:16.246576162  elapsed_sec:169.972  iframe_count:12041  tcp_pair_count:184  seq_gap_pos_count:0  seq_gap_neg_count:3  max_pkt_len:9014  "kafka_req_duration_avg (ns)":3173234  kafka_req_count_total:2414  kafka_req_ack_count_total:2414  "kafka_req_duration_total (ns)":7660189139
atf_snf.info fname:temp/atf_snf_logs/nj1-4.tap-1_ext_0/atf_snf.pcap  comment:"closing pcap file"
atf_snf.info fname:temp/atf_snf_logs/nj1-4.tap-1_ext_0/tcp_pairs_all.log  comment:"closing tcp pairs all log file"
exit to OS-101

===== FILE: ./nj1-4.tap-2_ext_0/nj1-4.tap-2_ext_0.log =====
==========================
atf_snf.info  host:nj1.sv3
atf_snf.info  experiment_dir:temp/atf_snf_logs/nj1-4.tap-2_ext_0  comment:"creating experiment directory"
atf_snf.info  directory file list at start
total 0
atf_snf.info  tcp_pair_dir:temp/atf_snf_logs/nj1-4.tap-2_ext_0/tcp_pairs
atf_snf.info  fname:temp/atf_snf_logs/nj1-4.tap-2_ext_0/atf_snf.pcap  comment:"creating pcap file"
atf_snf.info  sll2:N
atf_snf.info  comment:"Parsing kafka req/rsp enabled"
atf_snf.info dev:data0-4T  port:1
atf_snf.info comment:"opened the device"
atf_snf.info comment:"allocated protected domain"
atf_snf.info comment:"created CQ ex"
atf_snf.info comment:"created QP ex"
atf_snf.info comment:"init QP port"
atf_snf.info comment:"QO Ready To Receive"
atf_snf.info comment:"SGE and WR are initialised"
atf_snf.info intfname:data0-4T  port:1  ib:mlx5_10  pci:0000:c5:01.4  comment:"Flow created successfully, sniffing all traffic"
atf_snf.info comment:"Received SIGTERM, shutting down gracefully..."
atf_snf.info comment:"snf shutdown"
atf_snf.info comment:"destroying flow"
atf_snf.info comment:"destroying QP"
atf_snf.info comment:"destroying CQ"
atf_snf.info comment:"destroying PD"
atf_snf.info comment:GlobalTcpPairDump
atf_snf.session_stats  current_time:2025-12-24T10:38:16.556691971  elapsed_sec:169.971  iframe_count:11623  tcp_pair_count:178  seq_gap_pos_count:0  seq_gap_neg_count:0  max_pkt_len:9014  "kafka_req_duration_avg (ns)":2910995  kafka_req_count_total:2426  kafka_req_ack_count_total:2426  "kafka_req_duration_total (ns)":7062075803
atf_snf.info fname:temp/atf_snf_logs/nj1-4.tap-2_ext_0/atf_snf.pcap  comment:"closing pcap file"
atf_snf.info fname:temp/atf_snf_logs/nj1-4.tap-2_ext_0/tcp_pairs_all.log  comment:"closing tcp pairs all log file"
exit to OS-101

===== FILE: ./nj1-4.tap-3_ext_0/nj1-4.tap-3_ext_0.log =====
==========================
atf_snf.info  host:nj1.sv4
atf_snf.info  experiment_dir:temp/atf_snf_logs/nj1-4.tap-3_ext_0  comment:"creating experiment directory"
atf_snf.info  directory file list at start
total 0
atf_snf.info  tcp_pair_dir:temp/atf_snf_logs/nj1-4.tap-3_ext_0/tcp_pairs
atf_snf.info  fname:temp/atf_snf_logs/nj1-4.tap-3_ext_0/atf_snf.pcap  comment:"creating pcap file"
atf_snf.info  sll2:N
atf_snf.info  comment:"Parsing kafka req/rsp enabled"
atf_snf.info dev:data0-4T  port:1
atf_snf.info comment:"opened the device"
atf_snf.info comment:"allocated protected domain"
atf_snf.info comment:"created CQ ex"
atf_snf.info comment:"created QP ex"
atf_snf.info comment:"init QP port"
atf_snf.info comment:"QO Ready To Receive"
atf_snf.info comment:"SGE and WR are initialised"
atf_snf.info intfname:data0-4T  port:1  ib:mlx5_10  pci:0000:c5:01.4  comment:"Flow created successfully, sniffing all traffic"
atf_snf.err  comment:"kafka request not found for response"  kafka_corr_id:1179651  "kafka_rsp->iframe":193  tcp_pair_key_req:192.168.104.4:1657-192.168.104.1:1412
:"destroying QP"
atf_snf.info comment:"destroying CQ"
atf_snf.info comment:"destroying PD"
atf_snf.info comment:GlobalTcpPairDump
atf_snf.session_stats  current_time:2025-12-24T10:35:11.29630113  elapsed_sec:30.5795  iframe_count:1  tcp_pair_count:0  seq_gap_pos_count:0  seq_gap_neg_count:0  max_pkt_len:0  "kafka_req_duration_avg (ns)":0  kafka_req_count_total:0  kafka_req_ack_count_total:0  "kafka_req_duration_total (ns)":0
atf_snf.info fname:temp/atf_snf_logs/nj1-4.tap-3_ext_0/atf_snf.pcap  comment:"closing pcap file"
atf_snf.info fname:temp/atf_snf_logs/nj1-4.tap-3_ext_0/tcp_pairs_all.log  comment:"closing tcp pairs all log file"
exit to OS-101

===== FILE: ./nj1-4.tap-4_ext_0/nj1-4.tap-4_ext_0.log =====
==========================
atf_snf.info  host:nj1.sv5
atf_snf.info  experiment_dir:temp/atf_snf_logs/nj1-4.tap-4_ext_0  comment:"creating experiment directory"
atf_snf.info  directory file list at start
total 0
atf_snf.info  tcp_pair_dir:temp/atf_snf_logs/nj1-4.tap-4_ext_0/tcp_pairs
atf_snf.info  fname:temp/atf_snf_logs/nj1-4.tap-4_ext_0/atf_snf.pcap  comment:"creating pcap file"
atf_snf.info  sll2:N
atf_snf.info  comment:"Parsing kafka req/rsp enabled"
atf_snf.info dev:data0-4T  port:1
atf_snf.info comment:"opened the device"
atf_snf.info comment:"allocated protected domain"
atf_snf.info comment:"created CQ ex"
atf_snf.info comment:"created QP ex"
atf_snf.info comment:"init QP port"
atf_snf.info comment:"QO Ready To Receive"
atf_snf.info comment:"SGE and WR are initialised"
atf_snf.info intfname:data0-4T  port:1  ib:mlx5_10  pci:0000:c5:01.4  comment:"Flow created successfully, sniffing all traffic"
atf_snf.err TCP seq gap  tcp_pair:192.168.104.7:53456-192.168.104.5:1664  frame_count:7  seq_gap:-60  seq:003989827386  seq_next:003989827446  tcp_pay_len:000060
atf_snf.err  comment:"kafka request not found for response"  kafka_corr_id:1179651  "kafka_rsp->iframe":234  tcp_pair_key_req:192.168.104.5:1664-192.168.104.1:1188
duplicate req kafka_corr_id kafka_corr_id:0  "kafka_req->iframe":4  "tcp_pair->frame_count":4
duplicate req kafka_corr_id kafka_corr_id:0  "kafka_req->iframe":4  "tcp_pair->frame_count":4
duplicate req kafka_corr_id kafka_corr_id:0  "kafka_req->iframe":4  "tcp_pair->frame_count":4
duplicate req kafka_corr_id kafka_corr_id:0  "kafka_req->iframe":4  "tcp_pair->frame_count":4
duplicate req kafka_corr_id kafka_corr_id:0  "kafka_req->iframe":4  "tcp_pair->frame_count":4
duplicate req kafka_corr_id kafka_corr_id:0  "kafka_req->iframe":4  "tcp_pair->frame_count":4
duplicate req kafka_corr_id kafka_corr_id:0  "kafka_req->iframe":4  "tcp_pair->frame_count":4
duplicate req kafka_corr_id kafka_corr_id:0  "kafka_req->iframe":4  "tcp_pair->frame_count":4
