-req  iframe:000000003944  ts_ns:1387569032  ack:1
kafka2.DescribeLogDirsRequest  request_api_version:4  correlation_id:20  client_id:kafka-ui-admin-1749165685-1
-rsp  iframe:000000003953
kafka2.DescribeLogDirsResponse  request_api_version:4  correlation_id:20  throttle_time_ms:0  error_code:0  results.0:'kafka2.DescribeLogDirsResult35a  error_code:0  log_dir:/mnt/data-1/dev.ak-8  topi
-req  iframe:000000000187  ts_ns:4226257920  ack:1
kafka2.ApiVersionsRequest  request_api_version:3  correlation_id:4  client_id:kafka-ui-admin-1749165685-1  client_software_name:apache-kafka-java  client_software_version:3.5.0
-rsp  iframe:000000000189
kafka2.ApiVersionsResponse  request_api_version:3  correlation_id:4  error_code:0  api_keys.0:"kafka2.ApiVersion18a  api_key:0  min_version:0  max_version:11"  api_keys.1:"kafka2.ApiVersion18a  api_ke
-req  iframe:000000000191  ts_ns:4228477920  ack:1
kafka2.DescribeConfigsRequest  request_api_version:4  correlation_id:5  client_id:kafka-ui-admin-1749165685-1  resources.0:"kafka2.DescribeConfigsResource32q  resource_type:4  resource_name:4"  includ
-rsp  iframe:000000000201
kafka2.DescribeConfigsResponse  request_api_version:4  correlation_id:5  throttle_time_ms:0  results.0:'kafka2.DescribeConfigsResult32a  error_code:0  error_message:""  resource_type:4  resource_name:
-req  iframe:000000000204  ts_ns:4279737920  ack:1
kafka2.DescribeLogDirsRequest  request_api_version:4  correlation_id:9  client_id:kafka-ui-admin-1749165685-1
-rsp  iframe:000000000205
kafka2.DescribeLogDirsResponse  request_api_version:4  correlation_id:9  throttle_time_ms:0  error_code:0  results.0:"kafka2.DescribeLogDirsResult35a  error_code:0  log_dir:/mnt/data-1/dev.ak-8  total
-req  iframe:000000000206  ts_ns:4285122920  ack:1
kafka2.MetadataRequest  request_api_version:12  correlation_id:13  client_id:kafka-ui-admin-1749165685-1  allow_auto_topic_creation:Y  include_cluster_authorized_operations:N  include_topic_authorized
-rsp  iframe:000000000207
kafka2.MetadataResponse  request_api_version:12  correlation_id:13  throttle_time_ms:0  brokers.0:"kafka2.MetadataResponseBroker3a  node_id:2  host:dev.ak-8.kafka-2.ext  port:1039"  brokers.1:"kafka2.
-req  iframe:000000000208  ts_ns:4286201920  ack:1
kafka2.MetadataRequest  request_api_version:12  correlation_id:14  client_id:kafka-ui-admin-1749165685-1  allow_auto_topic_creation:Y  include_cluster_authorized_operations:N  include_topic_authorized
-rsp  iframe:000000000209
kafka2.MetadataResponse  request_api_version:12  correlation_id:14  throttle_time_ms:0  brokers.0:"kafka2.MetadataResponseBroker3a  node_id:2  host:dev.ak-8.kafka-2.ext  port:1039"  brokers.1:"kafka2.
