ts
ts/website
ts/website/.eslintrc.json
ts/website/hooks
ts/website/hooks/use-media-query.ts
ts/website/hooks/use-audio.ts
ts/website/package.json
ts/website/.gitignore
ts/website/postcss.config.mjs
ts/website/tsconfig.json
ts/website/setup-env.sh
ts/website/app
ts/website/app/terms
ts/website/app/terms/page.tsx
ts/website/app/api
ts/website/app/api/sales
ts/website/app/api/sales/route.ts
ts/website/app/api/waitlist
ts/website/app/api/waitlist/confirm
ts/website/app/api/waitlist/confirm/route.ts
ts/website/app/api/waitlist/route.ts
ts/website/app/robots.ts
ts/website/app/pricing
ts/website/app/pricing/page.tsx
ts/website/app/page.tsx
ts/website/app/blog
ts/website/app/blog/blog.ts
ts/website/app/blog/page.tsx
ts/website/app/blog/[slug]
ts/website/app/blog/[slug]/page.tsx
ts/website/app/blog/posts
ts/website/app/blog/posts/seed-funding-announcement.mdx
ts/website/app/blog/posts/platform-release.mdx
ts/website/app/blog/posts/evolution-of-middleware.mdx
ts/website/app/blog/components
ts/website/app/blog/components/article-in-view.tsx
ts/website/app/blog/components/article.tsx
ts/website/app/blog/components/quote.tsx
ts/website/app/blog/components/stats-block.tsx
ts/website/app/emails
ts/website/app/emails/sales-contact.tsx
ts/website/app/emails/waitlist.tsx
ts/website/app/emails/sales-inquiry.tsx
ts/website/app/sales
ts/website/app/sales/page.tsx
ts/website/app/company
ts/website/app/company/page.tsx
ts/website/app/layout.tsx
ts/website/app/signin
ts/website/app/signin/page.tsx
ts/website/app/confirm-email
ts/website/app/confirm-email/page.tsx
ts/website/app/sitemap.ts
ts/website/app/kafka-api
ts/website/app/kafka-api/page.tsx
ts/website/app/docs
ts/website/app/docs/page.tsx
ts/website/app/not-found.tsx
ts/website/app/globals.css
ts/website/app/fonts.ts
ts/website/app/deck
ts/website/app/deck/page.tsx
ts/website/app/template.tsx
ts/website/app/privacy
ts/website/app/privacy/page.tsx
ts/website/app/market
ts/website/app/market/page.tsx
ts/website/app/favicon.ico
ts/website/app/careers
ts/website/app/careers/careers.ts
ts/website/app/careers/page.tsx
ts/website/app/careers/[slug]
ts/website/app/careers/[slug]/page.tsx
ts/website/app/product
ts/website/app/product/page.tsx
ts/website/public
ts/website/public/twitter-image.png
ts/website/public/audio
ts/website/public/audio/hover.mp3
ts/website/public/audio/lock.mp3
ts/website/public/webgl
ts/website/public/webgl/ob.js
ts/website/public/webgl/style.css
ts/website/public/webgl/font.js
ts/website/public/webgl/glsl.js
ts/website/public/webgl/heap.js
ts/website/public/webgl/index.js
ts/website/public/webgl/index.html
ts/website/public/og-image.png
ts/website/public/video
ts/website/public/video/abstract.mp4
ts/website/public/video/circle.mp4
ts/website/public/images
ts/website/public/images/supermicro.png
ts/website/public/images/seed-funding.png
ts/website/public/images/group.jpeg
ts/website/public/images/new-blog.png
ts/website/public/images/tech.png
ts/website/public/images/dlsr32i.png
ts/website/public/images/smch20i.png
ts/website/public/images/george.jpeg
ts/website/public/images/ui
ts/website/public/images/ui/clusters.png
ts/website/public/images/ui/instances.png
ts/website/public/images/ui/heatmap.png
ts/website/public/images/ui/new.png
ts/website/public/images/vlad.jpeg
ts/website/public/images/xpod.png
ts/website/public/images/nvidia.png
ts/website/public/images/evolution-2.png
ts/website/public/images/dlch4.png
ts/website/public/images/deck-preview.png
ts/website/public/images/smch10.png
ts/website/public/images/alexei.jpeg
ts/website/public/images/product-page-thumbnail.png
ts/website/public/images/evolution.png
ts/website/public/images/dell.png
ts/website/public/logo.png
ts/website/.env.example
ts/website/node_modules
ts/website/node_modules/sonner
ts/website/node_modules/@hookform
ts/website/node_modules/@hookform/resolvers
ts/website/node_modules/react-email
ts/website/node_modules/typescript
ts/website/node_modules/next
ts/website/node_modules/use-debounce
ts/website/node_modules/react-dom
ts/website/node_modules/resend
ts/website/node_modules/tailwindcss
ts/website/node_modules/child_process
ts/website/node_modules/recharts
ts/website/node_modules/next-themes
ts/website/node_modules/vercel
ts/website/node_modules/bcryptjs
ts/website/node_modules/@tailwindcss
ts/website/node_modules/@tailwindcss/typography
ts/website/node_modules/@tailwindcss/postcss
ts/website/node_modules/posthog-js
ts/website/node_modules/prettier
ts/website/node_modules/@eslint
ts/website/node_modules/@eslint/eslintrc
ts/website/node_modules/dotted-map
ts/website/node_modules/posthog-node
ts/website/node_modules/depcheck
ts/website/node_modules/lucide-react
ts/website/node_modules/tailwind-merge
ts/website/node_modules/react-hook-form
ts/website/node_modules/eslint-config-next
ts/website/node_modules/cobe
ts/website/node_modules/tsx
ts/website/node_modules/cmdk
ts/website/node_modules/zod
ts/website/node_modules/clsx
ts/website/node_modules/tw-animate-css
ts/website/node_modules/@react-email
ts/website/node_modules/@react-email/components
ts/website/node_modules/raw-loader
ts/website/node_modules/react-scroll
ts/website/node_modules/tailwindcss-animate
ts/website/node_modules/@types
ts/website/node_modules/@types/nodemailer
ts/website/node_modules/@types/node
ts/website/node_modules/@types/react-dom
ts/website/node_modules/@types/react
ts/website/node_modules/@types/react-google-recaptcha
ts/website/node_modules/postcss
ts/website/node_modules/react
ts/website/node_modules/next-mdx-remote
ts/website/node_modules/sugar-high
ts/website/node_modules/next-safe-action
ts/website/node_modules/motion
ts/website/node_modules/eslint
ts/website/node_modules/react-confetti
ts/website/node_modules/.bin
ts/website/node_modules/.bin/next
ts/website/node_modules/.bin/tsserver
ts/website/node_modules/.bin/vercel
ts/website/node_modules/.bin/vc
ts/website/node_modules/.bin/prettier
ts/website/node_modules/.bin/depcheck
ts/website/node_modules/.bin/email
ts/website/node_modules/.bin/tsx
ts/website/node_modules/.bin/tsc
ts/website/node_modules/.bin/bcrypt
ts/website/node_modules/.bin/eslint
ts/website/node_modules/@next
ts/website/node_modules/@next/third-parties
ts/website/node_modules/firebase
ts/website/node_modules/@number-flow
ts/website/node_modules/@number-flow/react
ts/website/node_modules/react-intersection-observer
ts/website/node_modules/class-variance-authority
ts/website/node_modules/@radix-ui
ts/website/node_modules/@radix-ui/react-progress
ts/website/node_modules/@radix-ui/react-switch
ts/website/node_modules/@radix-ui/react-tabs
ts/website/node_modules/@radix-ui/react-select
ts/website/node_modules/@radix-ui/react-accordion
ts/website/node_modules/@radix-ui/react-tooltip
ts/website/node_modules/@radix-ui/react-collapsible
ts/website/node_modules/@radix-ui/react-checkbox
ts/website/node_modules/@radix-ui/react-popover
ts/website/node_modules/@radix-ui/react-avatar
ts/website/node_modules/@radix-ui/react-toast
ts/website/node_modules/@radix-ui/react-slider
ts/website/node_modules/@radix-ui/react-separator
ts/website/node_modules/@radix-ui/react-radio-group
ts/website/node_modules/@radix-ui/react-dialog
ts/website/node_modules/@radix-ui/react-label
ts/website/node_modules/@radix-ui/react-hover-card
ts/website/node_modules/@radix-ui/react-context-menu
ts/website/node_modules/@radix-ui/react-scroll-area
ts/website/node_modules/@radix-ui/react-dropdown-menu
ts/website/node_modules/@radix-ui/react-aspect-ratio
ts/website/node_modules/@radix-ui/react-slot
ts/website/node_modules/react-google-recaptcha
ts/website/components
ts/website/components/posthog-provider.tsx
ts/website/components/bottleneck-visualization.tsx
ts/website/components/confirm-email-content.tsx
ts/website/components/moving-latency-chart.tsx
ts/website/components/effects
ts/website/components/effects/animation-trigger.tsx
ts/website/components/mdx.tsx
ts/website/components/decorative-cluster-visualization.tsx
ts/website/components/retro-button.tsx
ts/website/components/fragmented-architecture-visualization.tsx
ts/website/components/footer.tsx
ts/website/components/ui
ts/website/components/ui/safari-iframe.tsx
ts/website/components/ui/form.tsx
ts/website/components/ui/button.tsx
ts/website/components/ui/safari-mockup.tsx
ts/website/components/ui/textarea.tsx
ts/website/components/ui/popover.tsx
ts/website/components/ui/card.tsx
ts/website/components/ui/input.tsx
ts/website/components/ui/progress.tsx
ts/website/components/ui/slider.tsx
ts/website/components/ui/tooltip.tsx
ts/website/components/ui/collapsible.tsx
ts/website/components/ui/select.tsx
ts/website/components/ui/aspect-ratio.tsx
ts/website/components/ui/accordion.tsx
ts/website/components/ui/scroll-area.tsx
ts/website/components/ui/sonner.tsx
ts/website/components/ui/switch.tsx
ts/website/components/ui/dot-background.tsx
ts/website/components/ui/separator.tsx
ts/website/components/ui/chart.tsx
ts/website/components/ui/animated-beam.tsx
ts/website/components/ui/tabs.tsx
ts/website/components/ui/label.tsx
ts/website/components/cluster-visualization.tsx
ts/website/components/navigation-wrapper.tsx
ts/website/components/applications-beam.tsx
ts/website/components/evolution-graph.tsx
ts/website/components/protocol-visualization.tsx
ts/website/components/header.tsx
ts/website/components/logo.tsx
ts/website/components/scalability-visualization.tsx
ts/website/lib
ts/website/lib/utils.ts
ts/website/lib/firebase.ts
ts/website/lib/posthog-server.ts
ts/website/next.config.ts
ts/website/react-email-starter
ts/website/react-email-starter/package.json
ts/website/react-email-starter/emails
ts/website/react-email-starter/emails/sales-contact.tsx
ts/website/react-email-starter/emails/waitlist.tsx
ts/website/react-email-starter/emails/sales-inquiry.tsx
ts/website/react-email-starter/readme.md
ts/.npmrc
ts/tsconfig.json
ts/x2write.mjs
ts/x2read.mjs
ts/test
ts/test/package.json
ts/test/tsconfig.json
ts/test/index.test.ts
ts/test/index.ts
ts/test/jest.config.ts
ts/test/node_modules
ts/test/node_modules/typescript
ts/test/node_modules/ts-jest
ts/test/node_modules/zod
ts/test/node_modules/ts-node
ts/test/node_modules/jest
ts/test/node_modules/@types
ts/test/node_modules/@types/node
ts/test/node_modules/@types/jest
ts/test/node_modules/.bin
ts/test/node_modules/.bin/ts-jest
ts/test/node_modules/.bin/tsserver
ts/test/node_modules/.bin/ts-node-script
ts/test/node_modules/.bin/ts-script
ts/test/node_modules/.bin/ts-node
ts/test/node_modules/.bin/tsc
ts/test/node_modules/.bin/jest
ts/test/node_modules/.bin/ts-node-esm
ts/test/node_modules/.bin/ts-node-transpile-only
ts/test/node_modules/.bin/ts-node-cwd
ts/test/dist
ts/test/dist/test
ts/test/dist/test/jest.config.js
ts/test/dist/test/index.js
ts/test/dist/gen
ts/test/dist/gen/ams_gen.js
ts/test/dist/gen/algo_gen.js
ts/test/dist/gen/x2_gen.js
ts/x2ui
ts/x2ui/hooks
ts/x2ui/hooks/use-mobile.ts
ts/x2ui/hooks/use-search.ts
ts/x2ui/package.json
ts/x2ui/x2ui.mjs
ts/x2ui/postcss.config.mjs
ts/x2ui/tsconfig.json
ts/x2ui/.next
ts/x2ui/.next/react-loadable-manifest.json
ts/x2ui/.next/next-server.js.nft.json
ts/x2ui/.next/package.json
ts/x2ui/.next/BUILD_ID
ts/x2ui/.next/next-minimal-server.js.nft.json
ts/x2ui/.next/app-path-routes-manifest.json
ts/x2ui/.next/diagnostics
ts/x2ui/.next/diagnostics/build-diagnostics.json
ts/x2ui/.next/diagnostics/framework.json
ts/x2ui/.next/prerender-manifest.json
ts/x2ui/.next/server
ts/x2ui/.next/server/next-font-manifest.js
ts/x2ui/.next/server/middleware-manifest.json
ts/x2ui/.next/server/server-reference-manifest.js
ts/x2ui/.next/server/middleware-react-loadable-manifest.js
ts/x2ui/.next/server/app
ts/x2ui/.next/server/app/api
ts/x2ui/.next/server/app/api/logout
ts/x2ui/.next/server/app/api/logout/route_client-reference-manifest.js
ts/x2ui/.next/server/app/api/logout/route.js.nft.json
ts/x2ui/.next/server/app/api/logout/route.js
ts/x2ui/.next/server/app/api/websocket
ts/x2ui/.next/server/app/api/websocket/route_client-reference-manifest.js
ts/x2ui/.next/server/app/api/websocket/route.js.nft.json
ts/x2ui/.next/server/app/api/websocket/route.js
ts/x2ui/.next/server/app/api/start-websocket
ts/x2ui/.next/server/app/api/start-websocket/route_client-reference-manifest.js
ts/x2ui/.next/server/app/api/start-websocket/route.js.nft.json
ts/x2ui/.next/server/app/api/start-websocket/route.js
ts/x2ui/.next/server/app/api/login
ts/x2ui/.next/server/app/api/login/route_client-reference-manifest.js
ts/x2ui/.next/server/app/api/login/route.js.nft.json
ts/x2ui/.next/server/app/api/login/route.js
ts/x2ui/.next/server/app/api/live
ts/x2ui/.next/server/app/api/live/route_client-reference-manifest.js
ts/x2ui/.next/server/app/api/live/route.js.nft.json
ts/x2ui/.next/server/app/api/live/route.js
ts/x2ui/.next/server/app/api/health
ts/x2ui/.next/server/app/api/health/route_client-reference-manifest.js
ts/x2ui/.next/server/app/api/health/route.js.nft.json
ts/x2ui/.next/server/app/api/health/route.js
ts/x2ui/.next/server/app/page.js.nft.json
ts/x2ui/.next/server/app/favicon.ico.meta
ts/x2ui/.next/server/app/_not-found
ts/x2ui/.next/server/app/_not-found/page.js.nft.json
ts/x2ui/.next/server/app/_not-found/page_client-reference-manifest.js
ts/x2ui/.next/server/app/_not-found/page.js
ts/x2ui/.next/server/app/performance
ts/x2ui/.next/server/app/performance/monitor
ts/x2ui/.next/server/app/performance/monitor/page.js.nft.json
ts/x2ui/.next/server/app/performance/monitor/page_client-reference-manifest.js
ts/x2ui/.next/server/app/performance/monitor/page.js
ts/x2ui/.next/server/app/performance/cluster
ts/x2ui/.next/server/app/performance/cluster/page.js.nft.json
ts/x2ui/.next/server/app/performance/cluster/page_client-reference-manifest.js
ts/x2ui/.next/server/app/performance/cluster/page.js
ts/x2ui/.next/server/app/performance/network
ts/x2ui/.next/server/app/performance/network/fetches
ts/x2ui/.next/server/app/performance/network/fetches/page.js.nft.json
ts/x2ui/.next/server/app/performance/network/fetches/page_client-reference-manifest.js
ts/x2ui/.next/server/app/performance/network/fetches/page.js
ts/x2ui/.next/server/app/performance/network/connections
ts/x2ui/.next/server/app/performance/network/connections/page.js.nft.json
ts/x2ui/.next/server/app/performance/network/connections/page_client-reference-manifest.js
ts/x2ui/.next/server/app/performance/network/connections/page.js
ts/x2ui/.next/server/app/page_client-reference-manifest.js
ts/x2ui/.next/server/app/favicon.ico.body
ts/x2ui/.next/server/app/platform
ts/x2ui/.next/server/app/platform/connectors
ts/x2ui/.next/server/app/platform/connectors/page.js.nft.json
ts/x2ui/.next/server/app/platform/connectors/page_client-reference-manifest.js
ts/x2ui/.next/server/app/platform/connectors/page.js
ts/x2ui/.next/server/app/platform/schema
ts/x2ui/.next/server/app/platform/schema/page.js.nft.json
ts/x2ui/.next/server/app/platform/schema/page_client-reference-manifest.js
ts/x2ui/.next/server/app/platform/schema/page.js
ts/x2ui/.next/server/app/platform/stream
ts/x2ui/.next/server/app/platform/stream/page.js.nft.json
ts/x2ui/.next/server/app/platform/stream/page_client-reference-manifest.js
ts/x2ui/.next/server/app/platform/stream/page.js
ts/x2ui/.next/server/app/platform/security
ts/x2ui/.next/server/app/platform/security/page.js.nft.json
ts/x2ui/.next/server/app/platform/security/page_client-reference-manifest.js
ts/x2ui/.next/server/app/platform/security/acls
ts/x2ui/.next/server/app/platform/security/acls/page.js.nft.json
ts/x2ui/.next/server/app/platform/security/acls/page_client-reference-manifest.js
ts/x2ui/.next/server/app/platform/security/acls/page.js
ts/x2ui/.next/server/app/platform/security/page.js
ts/x2ui/.next/server/app/platform/security/users
ts/x2ui/.next/server/app/platform/security/users/page.js.nft.json
ts/x2ui/.next/server/app/platform/security/users/page_client-reference-manifest.js
ts/x2ui/.next/server/app/platform/security/users/page.js
ts/x2ui/.next/server/app/page.js
ts/x2ui/.next/server/app/login
ts/x2ui/.next/server/app/login/page.js.nft.json
ts/x2ui/.next/server/app/login/page_client-reference-manifest.js
ts/x2ui/.next/server/app/login/page.js
ts/x2ui/.next/server/app/favicon.ico
ts/x2ui/.next/server/app/favicon.ico/route.js.nft.json
ts/x2ui/.next/server/app/favicon.ico/route.js
ts/x2ui/.next/server/functions-config-manifest.json
ts/x2ui/.next/server/pages
ts/x2ui/.next/server/pages/_app.js
ts/x2ui/.next/server/pages/_error.js
ts/x2ui/.next/server/pages/_error.js.nft.json
ts/x2ui/.next/server/pages/500.html
ts/x2ui/.next/server/pages/_app.js.nft.json
ts/x2ui/.next/server/pages/_document.js.nft.json
ts/x2ui/.next/server/pages/_document.js
ts/x2ui/.next/server/chunks
ts/x2ui/.next/server/chunks/1318.js
ts/x2ui/.next/server/chunks/2168.js
ts/x2ui/.next/server/chunks/5276.js
ts/x2ui/.next/server/chunks/9729.js
ts/x2ui/.next/server/chunks/4404.js
ts/x2ui/.next/server/chunks/7877.js
ts/x2ui/.next/server/chunks/557.js
ts/x2ui/.next/server/chunks/6553.js
ts/x2ui/.next/server/chunks/925.js
ts/x2ui/.next/server/chunks/5660.js
ts/x2ui/.next/server/chunks/1490.js
ts/x2ui/.next/server/chunks/827.js
ts/x2ui/.next/server/chunks/7560.js
ts/x2ui/.next/server/chunks/8360.js
ts/x2ui/.next/server/chunks/490.js
ts/x2ui/.next/server/chunks/2513.js
ts/x2ui/.next/server/chunks/5207.js
ts/x2ui/.next/server/chunks/3351.js
ts/x2ui/.next/server/chunks/4312.js
ts/x2ui/.next/server/chunks/9408.js
ts/x2ui/.next/server/chunks/5220.js
ts/x2ui/.next/server/chunks/8585.js
ts/x2ui/.next/server/chunks/2117.js
ts/x2ui/.next/server/chunks/3581.js
ts/x2ui/.next/server/chunks/2856.js
ts/x2ui/.next/server/chunks/4679.js
ts/x2ui/.next/server/chunks/1616.js
ts/x2ui/.next/server/chunks/3417.js
ts/x2ui/.next/server/chunks/9532.js
ts/x2ui/.next/server/chunks/7925.js
ts/x2ui/.next/server/chunks/3790.js
ts/x2ui/.next/server/chunks/6217.js
ts/x2ui/.next/server/chunks/5119.js
ts/x2ui/.next/server/chunks/5784.js
ts/x2ui/.next/server/chunks/5946.js
ts/x2ui/.next/server/chunks/8584.js
ts/x2ui/.next/server/chunks/1982.js
ts/x2ui/.next/server/chunks/3743.js
ts/x2ui/.next/server/chunks/2737.js
ts/x2ui/.next/server/chunks/7236.js
ts/x2ui/.next/server/chunks/2918.js
ts/x2ui/.next/server/chunks/809.js
ts/x2ui/.next/server/chunks/1111.js
ts/x2ui/.next/server/chunks/8344.js
ts/x2ui/.next/server/chunks/5148.js
ts/x2ui/.next/server/chunks/4051.js
ts/x2ui/.next/server/chunks/3256.js
ts/x2ui/.next/server/chunks/27.js
ts/x2ui/.next/server/chunks/7514.js
ts/x2ui/.next/server/chunks/8339.js
ts/x2ui/.next/server/chunks/9155.js
ts/x2ui/.next/server/chunks/4117.js
ts/x2ui/.next/server/chunks/9184.js
ts/x2ui/.next/server/chunks/6761.js
ts/x2ui/.next/server/chunks/3866.js
ts/x2ui/.next/server/chunks/8563.js
ts/x2ui/.next/server/chunks/7563.js
ts/x2ui/.next/server/chunks/5459.js
ts/x2ui/.next/server/chunks/3863.js
ts/x2ui/.next/server/chunks/4991.js
ts/x2ui/.next/server/chunks/4322.js
ts/x2ui/.next/server/chunks/4395.js
ts/x2ui/.next/server/chunks/6497.js
ts/x2ui/.next/server/chunks/3286.js
ts/x2ui/.next/server/chunks/4600.js
ts/x2ui/.next/server/chunks/3283.js
ts/x2ui/.next/server/chunks/6304.js
ts/x2ui/.next/server/chunks/9938.js
ts/x2ui/.next/server/chunks/2290.js
ts/x2ui/.next/server/chunks/7902.js
ts/x2ui/.next/server/chunks/7111.js
ts/x2ui/.next/server/chunks/8263.js
ts/x2ui/.next/server/chunks/8709.js
ts/x2ui/.next/server/chunks/4944.js
ts/x2ui/.next/server/chunks/2443.js
ts/x2ui/.next/server/chunks/1188.js
ts/x2ui/.next/server/chunks/9556.js
ts/x2ui/.next/server/chunks/2949.js
ts/x2ui/.next/server/chunks/1522.js
ts/x2ui/.next/server/chunks/4821.js
ts/x2ui/.next/server/chunks/275.js
ts/x2ui/.next/server/chunks/9610.js
ts/x2ui/.next/server/chunks/7004.js
ts/x2ui/.next/server/chunks/3818.js
ts/x2ui/.next/server/chunks/6103.js
ts/x2ui/.next/server/chunks/142.js
ts/x2ui/.next/server/chunks/3660.js
ts/x2ui/.next/server/chunks/7184.js
ts/x2ui/.next/server/chunks/7104.js
ts/x2ui/.next/server/chunks/9557.js
ts/x2ui/.next/server/chunks/7453.js
ts/x2ui/.next/server/chunks/8309.js
ts/x2ui/.next/server/chunks/6787.js
ts/x2ui/.next/server/chunks/5689.js
ts/x2ui/.next/server/chunks/858.js
ts/x2ui/.next/server/chunks/4626.js
ts/x2ui/.next/server/chunks/1790.js
ts/x2ui/.next/server/chunks/5875.js
ts/x2ui/.next/server/chunks/1791.js
ts/x2ui/.next/server/chunks/7088.js
ts/x2ui/.next/server/chunks/4604.js
ts/x2ui/.next/server/chunks/6743.js
ts/x2ui/.next/server/chunks/2941.js
ts/x2ui/.next/server/chunks/2612.js
ts/x2ui/.next/server/chunks/873.js
ts/x2ui/.next/server/chunks/3791.js
ts/x2ui/.next/server/chunks/3089.js
ts/x2ui/.next/server/chunks/1122.js
ts/x2ui/.next/server/chunks/1046.js
ts/x2ui/.next/server/chunks/6782.js
ts/x2ui/.next/server/chunks/6933.js
ts/x2ui/.next/server/chunks/2975.js
ts/x2ui/.next/server/chunks/1827.js
ts/x2ui/.next/server/chunks/1682.js
ts/x2ui/.next/server/chunks/5486.js
ts/x2ui/.next/server/chunks/3958.js
ts/x2ui/.next/server/chunks/5934.js
ts/x2ui/.next/server/chunks/3138.js
ts/x2ui/.next/server/chunks/1383.js
ts/x2ui/.next/server/chunks/1853.js
ts/x2ui/.next/server/chunks/2395.js
ts/x2ui/.next/server/chunks/1165.js
ts/x2ui/.next/server/chunks/214.js
ts/x2ui/.next/server/chunks/2811.js
ts/x2ui/.next/server/chunks/4204.js
ts/x2ui/.next/server/chunks/9827.js
ts/x2ui/.next/server/chunks/8222.js
ts/x2ui/.next/server/chunks/7938.js
ts/x2ui/.next/server/chunks/8156.js
ts/x2ui/.next/server/chunks/5948.js
ts/x2ui/.next/server/chunks/8968.js
ts/x2ui/.next/server/chunks/8090.js
ts/x2ui/.next/server/chunks/8491.js
ts/x2ui/.next/server/chunks/2418.js
ts/x2ui/.next/server/chunks/3726.js
ts/x2ui/.next/server/chunks/3762.js
ts/x2ui/.next/server/chunks/4838.js
ts/x2ui/.next/server/chunks/2752.js
ts/x2ui/.next/server/chunks/7237.js
ts/x2ui/.next/server/chunks/4673.js
ts/x2ui/.next/server/chunks/2400.js
ts/x2ui/.next/server/chunks/8841.js
ts/x2ui/.next/server/chunks/8347.js
ts/x2ui/.next/server/chunks/8136.js
ts/x2ui/.next/server/chunks/1227.js
ts/x2ui/.next/server/chunks/5523.js
ts/x2ui/.next/server/chunks/9724.js
ts/x2ui/.next/server/chunks/348.js
ts/x2ui/.next/server/chunks/6071.js
ts/x2ui/.next/server/chunks/8306.js
ts/x2ui/.next/server/chunks/5205.js
ts/x2ui/.next/server/chunks/866.js
ts/x2ui/.next/server/chunks/4677.js
ts/x2ui/.next/server/chunks/2943.js
ts/x2ui/.next/server/chunks/211.js
ts/x2ui/.next/server/chunks/708.js
ts/x2ui/.next/server/chunks/9587.js
ts/x2ui/.next/server/chunks/8526.js
ts/x2ui/.next/server/chunks/8307.js
ts/x2ui/.next/server/chunks/7495.js
ts/x2ui/.next/server/chunks/8717.js
ts/x2ui/.next/server/chunks/3524.js
ts/x2ui/.next/server/chunks/7628.js
ts/x2ui/.next/server/chunks/9243.js
ts/x2ui/.next/server/chunks/2766.js
ts/x2ui/.next/server/chunks/3234.js
ts/x2ui/.next/server/chunks/7072.js
ts/x2ui/.next/server/chunks/9755.js
ts/x2ui/.next/server/chunks/3737.js
ts/x2ui/.next/server/chunks/4281.js
ts/x2ui/.next/server/chunks/4429.js
ts/x2ui/.next/server/chunks/1593.js
ts/x2ui/.next/server/chunks/4298.js
ts/x2ui/.next/server/chunks/5170.js
ts/x2ui/.next/server/chunks/3645.js
ts/x2ui/.next/server/chunks/9103.js
ts/x2ui/.next/server/chunks/7293.js
ts/x2ui/.next/server/chunks/2082.js
ts/x2ui/.next/server/chunks/8257.js
ts/x2ui/.next/server/chunks/7055.js
ts/x2ui/.next/server/chunks/5803.js
ts/x2ui/.next/server/chunks/4390.js
ts/x2ui/.next/server/chunks/4757.js
ts/x2ui/.next/server/chunks/5605.js
ts/x2ui/.next/server/chunks/5331.js
ts/x2ui/.next/server/chunks/8042.js
ts/x2ui/.next/server/chunks/9376.js
ts/x2ui/.next/server/chunks/6346.js
ts/x2ui/.next/server/chunks/1655.js
ts/x2ui/.next/server/chunks/7558.js
ts/x2ui/.next/server/chunks/3416.js
ts/x2ui/.next/server/chunks/6891.js
ts/x2ui/.next/server/chunks/5482.js
ts/x2ui/.next/server/chunks/7618.js
ts/x2ui/.next/server/chunks/5938.js
ts/x2ui/.next/server/chunks/3281.js
ts/x2ui/.next/server/chunks/4302.js
ts/x2ui/.next/server/chunks/2728.js
ts/x2ui/.next/server/chunks/7496.js
ts/x2ui/.next/server/chunks/7129.js
ts/x2ui/.next/server/chunks/8233.js
ts/x2ui/.next/server/chunks/8186.js
ts/x2ui/.next/server/chunks/7908.js
ts/x2ui/.next/server/chunks/7220.js
ts/x2ui/.next/server/chunks/7810.js
ts/x2ui/.next/server/chunks/8908.js
ts/x2ui/.next/server/chunks/6196.js
ts/x2ui/.next/server/chunks/3779.js
ts/x2ui/.next/server/chunks/2782.js
ts/x2ui/.next/server/chunks/9111.js
ts/x2ui/.next/server/chunks/62.js
ts/x2ui/.next/server/chunks/2903.js
ts/x2ui/.next/server/chunks/5463.js
ts/x2ui/.next/server/chunks/9173.js
ts/x2ui/.next/server/chunks/1385.js
ts/x2ui/.next/server/chunks/8218.js
ts/x2ui/.next/server/chunks/2741.js
ts/x2ui/.next/server/chunks/6331.js
ts/x2ui/.next/server/chunks/6319.js
ts/x2ui/.next/server/chunks/5402.js
ts/x2ui/.next/server/chunks/8989.js
ts/x2ui/.next/server/chunks/832.js
ts/x2ui/.next/server/chunks/1877.js
ts/x2ui/.next/server/chunks/1724.js
ts/x2ui/.next/server/chunks/7636.js
ts/x2ui/.next/server/chunks/1735.js
ts/x2ui/.next/server/chunks/4142.js
ts/x2ui/.next/server/chunks/9341.js
ts/x2ui/.next/server/chunks/6118.js
ts/x2ui/.next/server/chunks/90.js
ts/x2ui/.next/server/chunks/8951.js
ts/x2ui/.next/server/chunks/2629.js
ts/x2ui/.next/server/chunks/9200.js
ts/x2ui/.next/server/chunks/6428.js
ts/x2ui/.next/server/chunks/5029.js
ts/x2ui/.next/server/chunks/1822.js
ts/x2ui/.next/server/chunks/9436.js
ts/x2ui/.next/server/chunks/3095.js
ts/x2ui/.next/server/chunks/9078.js
ts/x2ui/.next/server/chunks/1599.js
ts/x2ui/.next/server/chunks/6722.js
ts/x2ui/.next/server/chunks/4613.js
ts/x2ui/.next/server/chunks/7087.js
ts/x2ui/.next/server/chunks/6786.js
ts/x2ui/.next/server/chunks/1642.js
ts/x2ui/.next/server/chunks/6592.js
ts/x2ui/.next/server/chunks/4601.js
ts/x2ui/.next/server/chunks/3167.js
ts/x2ui/.next/server/chunks/5631.js
ts/x2ui/.next/server/chunks/7625.js
ts/x2ui/.next/server/chunks/7830.js
ts/x2ui/.next/server/chunks/7332.js
ts/x2ui/.next/server/chunks/233.js
ts/x2ui/.next/server/chunks/6395.js
ts/x2ui/.next/server/chunks/4072.js
ts/x2ui/.next/server/chunks/5941.js
ts/x2ui/.next/server/chunks/7208.js
ts/x2ui/.next/server/chunks/2662.js
ts/x2ui/.next/server/chunks/2478.js
ts/x2ui/.next/server/chunks/8972.js
ts/x2ui/.next/server/chunks/5181.js
ts/x2ui/.next/server/chunks/3005.js
ts/x2ui/.next/server/chunks/9175.js
ts/x2ui/.next/server/chunks/447.js
ts/x2ui/.next/server/chunks/8548.js
ts/x2ui/.next/server/chunks/363.js
ts/x2ui/.next/server/chunks/3257.js
ts/x2ui/.next/server/chunks/2274.js
ts/x2ui/.next/server/chunks/1568.js
ts/x2ui/.next/server/chunks/1184.js
ts/x2ui/.next/server/chunks/9038.js
ts/x2ui/.next/server/chunks/1964.js
ts/x2ui/.next/server/chunks/9261.js
ts/x2ui/.next/server/chunks/7539.js
ts/x2ui/.next/server/chunks/7381.js
ts/x2ui/.next/server/chunks/453.js
ts/x2ui/.next/server/chunks/910.js
ts/x2ui/.next/server/chunks/1052.js
ts/x2ui/.next/server/chunks/5899.js
ts/x2ui/.next/server/chunks/519.js
ts/x2ui/.next/server/chunks/6735.js
ts/x2ui/.next/server/chunks/2078.js
ts/x2ui/.next/server/chunks/2832.js
ts/x2ui/.next/server/chunks/6241.js
ts/x2ui/.next/server/chunks/2263.js
ts/x2ui/.next/server/chunks/3435.js
ts/x2ui/.next/server/chunks/6808.js
ts/x2ui/.next/server/chunks/2049.js
ts/x2ui/.next/server/chunks/2362.js
ts/x2ui/.next/server/chunks/3546.js
ts/x2ui/.next/server/chunks/7497.js
ts/x2ui/.next/server/chunks/4073.js
ts/x2ui/.next/server/chunks/6127.js
ts/x2ui/.next/server/chunks/5890.js
ts/x2ui/.next/server/chunks/2795.js
ts/x2ui/.next/server/interception-route-rewrite-manifest.js
ts/x2ui/.next/server/server-reference-manifest.json
ts/x2ui/.next/server/middleware-build-manifest.js
ts/x2ui/.next/server/webpack-runtime.js
ts/x2ui/.next/server/pages-manifest.json
ts/x2ui/.next/server/next-font-manifest.json
ts/x2ui/.next/server/app-paths-manifest.json
ts/x2ui/.next/build-manifest.json
ts/x2ui/.next/images-manifest.json
ts/x2ui/.next/types
ts/x2ui/.next/types/package.json
ts/x2ui/.next/types/app
ts/x2ui/.next/types/app/api
ts/x2ui/.next/types/app/api/logout
ts/x2ui/.next/types/app/api/logout/route.ts
ts/x2ui/.next/types/app/api/websocket
ts/x2ui/.next/types/app/api/websocket/route.ts
ts/x2ui/.next/types/app/api/start-websocket
ts/x2ui/.next/types/app/api/start-websocket/route.ts
ts/x2ui/.next/types/app/api/login
ts/x2ui/.next/types/app/api/login/route.ts
ts/x2ui/.next/types/app/api/live
ts/x2ui/.next/types/app/api/live/route.ts
ts/x2ui/.next/types/app/api/health
ts/x2ui/.next/types/app/api/health/route.ts
ts/x2ui/.next/types/app/performance
ts/x2ui/.next/types/app/performance/monitor
ts/x2ui/.next/types/app/performance/monitor/page.ts
ts/x2ui/.next/types/app/performance/cluster
ts/x2ui/.next/types/app/performance/cluster/page.ts
ts/x2ui/.next/types/app/performance/network
ts/x2ui/.next/types/app/performance/network/fetches
ts/x2ui/.next/types/app/performance/network/fetches/page.ts
ts/x2ui/.next/types/app/performance/network/connections
ts/x2ui/.next/types/app/performance/network/connections/page.ts
ts/x2ui/.next/types/app/platform
ts/x2ui/.next/types/app/platform/connectors
ts/x2ui/.next/types/app/platform/connectors/page.ts
ts/x2ui/.next/types/app/platform/schema
ts/x2ui/.next/types/app/platform/schema/page.ts
ts/x2ui/.next/types/app/platform/stream
ts/x2ui/.next/types/app/platform/stream/page.ts
ts/x2ui/.next/types/app/platform/security
ts/x2ui/.next/types/app/platform/security/acls
ts/x2ui/.next/types/app/platform/security/acls/page.ts
ts/x2ui/.next/types/app/platform/security/users
ts/x2ui/.next/types/app/platform/security/users/page.ts
ts/x2ui/.next/types/app/platform/security/page.ts
ts/x2ui/.next/types/app/page.ts
ts/x2ui/.next/types/cache-life.d.ts
ts/x2ui/.next/required-server-files.json
ts/x2ui/.next/trace
ts/x2ui/.next/routes-manifest.json
ts/x2ui/.next/cache
ts/x2ui/.next/cache/.tsbuildinfo
ts/x2ui/.next/cache/webpack
ts/x2ui/.next/cache/webpack/server-production
ts/x2ui/.next/cache/webpack/server-production/0.pack
ts/x2ui/.next/cache/webpack/server-production/index.pack.old
ts/x2ui/.next/cache/webpack/server-production/index.pack
ts/x2ui/.next/cache/webpack/client-production
ts/x2ui/.next/cache/webpack/client-production/0.pack
ts/x2ui/.next/cache/webpack/client-production/index.pack.old
ts/x2ui/.next/cache/webpack/client-production/index.pack
ts/x2ui/.next/cache/webpack/edge-server-production
ts/x2ui/.next/cache/webpack/edge-server-production/0.pack
ts/x2ui/.next/cache/webpack/edge-server-production/index.pack.old
ts/x2ui/.next/cache/webpack/edge-server-production/index.pack
ts/x2ui/.next/cache/config.json
ts/x2ui/.next/cache/swc
ts/x2ui/.next/cache/swc/plugins
ts/x2ui/.next/cache/swc/plugins/v7_linux_x86_64_8.0.0
ts/x2ui/.next/cache/eslint
ts/x2ui/.next/cache/eslint/.cache_d1vxa4
ts/x2ui/.next/export-marker.json
ts/x2ui/.next/app-build-manifest.json
ts/x2ui/.next/static
ts/x2ui/.next/static/css
ts/x2ui/.next/static/css/8b1e6479d7c56255.css
ts/x2ui/.next/static/_GFNZg-GtQMPwLSHQbhVO
ts/x2ui/.next/static/_GFNZg-GtQMPwLSHQbhVO/_buildManifest.js
ts/x2ui/.next/static/_GFNZg-GtQMPwLSHQbhVO/_ssgManifest.js
ts/x2ui/.next/static/chunks
ts/x2ui/.next/static/chunks/46adb7f2.008fa20d6f13bfa6.js
ts/x2ui/.next/static/chunks/main-app-1c75e66481face70.js
ts/x2ui/.next/static/chunks/dc699b7d.8fe98f9379a81cc4.js
ts/x2ui/.next/static/chunks/24679295.c40cef8a8a09f2bf.js
ts/x2ui/.next/static/chunks/25f6456c.9bb87f5a4a4efe09.js
ts/x2ui/.next/static/chunks/432-5c475b77f83988e3.js
ts/x2ui/.next/static/chunks/radix-30b2450243c4de32.js
ts/x2ui/.next/static/chunks/339-e967821f8c42819c.js
ts/x2ui/.next/static/chunks/app
ts/x2ui/.next/static/chunks/app/api
ts/x2ui/.next/static/chunks/app/api/logout
ts/x2ui/.next/static/chunks/app/api/logout/route-97cb71903295562b.js
ts/x2ui/.next/static/chunks/app/api/websocket
ts/x2ui/.next/static/chunks/app/api/websocket/route-b0bbe35bbb78835d.js
ts/x2ui/.next/static/chunks/app/api/start-websocket
ts/x2ui/.next/static/chunks/app/api/start-websocket/route-528744cffcede54f.js
ts/x2ui/.next/static/chunks/app/api/login
ts/x2ui/.next/static/chunks/app/api/login/route-6c1cd59dbfa86c6f.js
ts/x2ui/.next/static/chunks/app/api/live
ts/x2ui/.next/static/chunks/app/api/live/route-c2b7ff8c87c275fa.js
ts/x2ui/.next/static/chunks/app/api/health
ts/x2ui/.next/static/chunks/app/api/health/route-21c7148027b93513.js
ts/x2ui/.next/static/chunks/app/page-2089aed54e8a376b.js
ts/x2ui/.next/static/chunks/app/_not-found
ts/x2ui/.next/static/chunks/app/_not-found/page-c8ab61db86dc8eca.js
ts/x2ui/.next/static/chunks/app/performance
ts/x2ui/.next/static/chunks/app/performance/monitor
ts/x2ui/.next/static/chunks/app/performance/monitor/page-d372f5b30950fc79.js
ts/x2ui/.next/static/chunks/app/performance/cluster
ts/x2ui/.next/static/chunks/app/performance/cluster/page-183dffdf4c6cbc01.js
ts/x2ui/.next/static/chunks/app/performance/network
ts/x2ui/.next/static/chunks/app/performance/network/fetches
ts/x2ui/.next/static/chunks/app/performance/network/fetches/page-54fbdec8047ae07d.js
ts/x2ui/.next/static/chunks/app/performance/network/connections
ts/x2ui/.next/static/chunks/app/performance/network/connections/page-90cbda02064f1a2a.js
ts/x2ui/.next/static/chunks/app/platform
ts/x2ui/.next/static/chunks/app/platform/connectors
ts/x2ui/.next/static/chunks/app/platform/connectors/page-a8937d0cc639ac67.js
ts/x2ui/.next/static/chunks/app/platform/schema
ts/x2ui/.next/static/chunks/app/platform/schema/page-4b9b7e38033610b9.js
ts/x2ui/.next/static/chunks/app/platform/stream
ts/x2ui/.next/static/chunks/app/platform/stream/page-42063cc775c829db.js
ts/x2ui/.next/static/chunks/app/platform/security
ts/x2ui/.next/static/chunks/app/platform/security/page-92bb3bc7aa3630f3.js
ts/x2ui/.next/static/chunks/app/platform/security/acls
ts/x2ui/.next/static/chunks/app/platform/security/acls/page-e3d2d848eae87195.js
ts/x2ui/.next/static/chunks/app/platform/security/users
ts/x2ui/.next/static/chunks/app/platform/security/users/page-487c91e3b34b86b2.js
ts/x2ui/.next/static/chunks/app/layout-6cea1846dd38b587.js
ts/x2ui/.next/static/chunks/app/not-found-40457a11f70d4138.js
ts/x2ui/.next/static/chunks/app/login
ts/x2ui/.next/static/chunks/app/login/page-9aa4b2911afa9061.js
ts/x2ui/.next/static/chunks/main-8f4aedabcd78e25d.js
ts/x2ui/.next/static/chunks/312-66428079f880db02.js
ts/x2ui/.next/static/chunks/5e6e9a31.521207bb2acae3d8.js
ts/x2ui/.next/static/chunks/ed559518.4f4f838a108fc917.js
ts/x2ui/.next/static/chunks/6ab9a874.70da29510faa29e2.js
ts/x2ui/.next/static/chunks/e03b8d41.2a5edb0b2f94c489.js
ts/x2ui/.next/static/chunks/424-7bfc06354f0ef352.js
ts/x2ui/.next/static/chunks/vendors-adcbabf6f61eb7bf.js
ts/x2ui/.next/static/chunks/2c4d324d.0929d86e4185d714.js
ts/x2ui/.next/static/chunks/pages
ts/x2ui/.next/static/chunks/pages/_app-85474f8de27aaf3d.js
ts/x2ui/.next/static/chunks/pages/_error-c8513f6ba58c55d5.js
ts/x2ui/.next/static/chunks/6f6537bd-159414e6d7948a1d.js
ts/x2ui/.next/static/chunks/36-e09a317c3b220e0c.js
ts/x2ui/.next/static/chunks/ab89a8cf.484f3745503184b8.js
ts/x2ui/.next/static/chunks/688-60fb78a7b8f58577.js
ts/x2ui/.next/static/chunks/polyfills-42372ed130431b0a.js
ts/x2ui/.next/static/chunks/webpack-789681c138b0f57d.js
ts/x2ui/.next/static/chunks/602d464e.2c0ff1d39033b3c2.js
ts/x2ui/.next/static/chunks/d65861a1.0d7e8c3d8e638ff4.js
ts/x2ui/.next/static/chunks/framework-06466d76cc61be45.js
ts/x2ui/app
ts/x2ui/app/api
ts/x2ui/app/api/logout
ts/x2ui/app/api/logout/route.tsx
ts/x2ui/app/api/websocket
ts/x2ui/app/api/websocket/route.tsx
ts/x2ui/app/api/start-websocket
ts/x2ui/app/api/start-websocket/route.tsx
ts/x2ui/app/api/login
ts/x2ui/app/api/login/route.tsx
ts/x2ui/app/api/live
ts/x2ui/app/api/live/route.ts
ts/x2ui/app/api/health
ts/x2ui/app/api/health/route.ts
ts/x2ui/app/page.tsx
ts/x2ui/app/performance
ts/x2ui/app/performance/monitor
ts/x2ui/app/performance/monitor/view.tsx
ts/x2ui/app/performance/monitor/page.tsx
ts/x2ui/app/performance/monitor/help.tsx
ts/x2ui/app/performance/monitor/alert.tsx
ts/x2ui/app/performance/monitor/input.tsx
ts/x2ui/app/performance/cluster
ts/x2ui/app/performance/cluster/page.tsx
ts/x2ui/app/performance/cluster/visualization
ts/x2ui/app/performance/cluster/visualization/utils.ts
ts/x2ui/app/performance/cluster/visualization/ethernet.tsx
ts/x2ui/app/performance/cluster/visualization/details.tsx
ts/x2ui/app/performance/cluster/visualization/connectors.tsx
ts/x2ui/app/performance/cluster/visualization/bezel.tsx
ts/x2ui/app/performance/cluster/visualization/cluster-box.tsx
ts/x2ui/app/performance/cluster/visualization/node.tsx
ts/x2ui/app/performance/cluster/visualization/message-counter.tsx
ts/x2ui/app/performance/cluster/visualization/header.tsx
ts/x2ui/app/performance/cluster/visualization/bus.tsx
ts/x2ui/app/performance/network
ts/x2ui/app/performance/network/fetches
ts/x2ui/app/performance/network/fetches/page.tsx
ts/x2ui/app/performance/network/connections
ts/x2ui/app/performance/network/connections/page.tsx
ts/x2ui/app/layout.tsx
ts/x2ui/app/platform
ts/x2ui/app/platform/connectors
ts/x2ui/app/platform/connectors/page.tsx
ts/x2ui/app/platform/schema
ts/x2ui/app/platform/schema/validate-schema.tsx
ts/x2ui/app/platform/schema/create-schema.tsx
ts/x2ui/app/platform/schema/page.tsx
ts/x2ui/app/platform/schema/view-schema.tsx
ts/x2ui/app/platform/stream
ts/x2ui/app/platform/stream/page.tsx
ts/x2ui/app/platform/stream/stream-table-columns.tsx
ts/x2ui/app/platform/stream/stream-table-navigation.tsx
ts/x2ui/app/platform/stream/message.tsx
ts/x2ui/app/platform/stream/messages.tsx
ts/x2ui/app/platform/security
ts/x2ui/app/platform/security/page.tsx
ts/x2ui/app/platform/security/acls
ts/x2ui/app/platform/security/acls/page.tsx
ts/x2ui/app/platform/security/users
ts/x2ui/app/platform/security/users/page.tsx
ts/x2ui/app/not-found.tsx
ts/x2ui/app/globals.css
ts/x2ui/app/login
ts/x2ui/app/login/page.tsx
ts/x2ui/app/login/login-form.tsx
ts/x2ui/app/favicon.ico
ts/x2ui/wsproxy.config.json
ts/x2ui/public
ts/x2ui/public/algox2.png
ts/x2ui/public/video
ts/x2ui/public/video/bh.mp4
ts/x2ui/public/video/circle-bg.mp4
ts/x2ui/.eslintignore
ts/x2ui/sessions
ts/x2ui/sessions/example.json
ts/x2ui/update-password.mjs
ts/x2ui/node_modules
ts/x2ui/node_modules/ws
ts/x2ui/node_modules/sonner
ts/x2ui/node_modules/@hookform
ts/x2ui/node_modules/@hookform/resolvers
ts/x2ui/node_modules/typescript
ts/x2ui/node_modules/ajv
ts/x2ui/node_modules/next
ts/x2ui/node_modules/react-dom
ts/x2ui/node_modules/tailwindcss
ts/x2ui/node_modules/child_process
ts/x2ui/node_modules/chart.js
ts/x2ui/node_modules/next-themes
ts/x2ui/node_modules/bcryptjs
ts/x2ui/node_modules/@tailwindcss
ts/x2ui/node_modules/@tailwindcss/postcss
ts/x2ui/node_modules/@eslint
ts/x2ui/node_modules/@eslint/eslintrc
ts/x2ui/node_modules/lucide-react
ts/x2ui/node_modules/tailwind-merge
ts/x2ui/node_modules/react-hook-form
ts/x2ui/node_modules/eslint-config-next
ts/x2ui/node_modules/avsc
ts/x2ui/node_modules/cmdk
ts/x2ui/node_modules/zod
ts/x2ui/node_modules/clsx
ts/x2ui/node_modules/tw-animate-css
ts/x2ui/node_modules/ajv-formats
ts/x2ui/node_modules/vaul
ts/x2ui/node_modules/@monaco-editor
ts/x2ui/node_modules/@monaco-editor/react
ts/x2ui/node_modules/@types
ts/x2ui/node_modules/@types/node
ts/x2ui/node_modules/@types/react-dom
ts/x2ui/node_modules/@types/react
ts/x2ui/node_modules/react
ts/x2ui/node_modules/@tanstack
ts/x2ui/node_modules/@tanstack/react-table
ts/x2ui/node_modules/protobufjs
ts/x2ui/node_modules/react-resizable-panels
ts/x2ui/node_modules/react-chartjs-2
ts/x2ui/node_modules/motion
ts/x2ui/node_modules/eslint
ts/x2ui/node_modules/.bin
ts/x2ui/node_modules/.bin/next
ts/x2ui/node_modules/.bin/tsserver
ts/x2ui/node_modules/.bin/tsc
ts/x2ui/node_modules/.bin/bcrypt
ts/x2ui/node_modules/.bin/eslint
ts/x2ui/node_modules/@next
ts/x2ui/node_modules/@next/bundle-analyzer
ts/x2ui/node_modules/class-variance-authority
ts/x2ui/node_modules/@radix-ui
ts/x2ui/node_modules/@radix-ui/react-progress
ts/x2ui/node_modules/@radix-ui/react-switch
ts/x2ui/node_modules/@radix-ui/react-tabs
ts/x2ui/node_modules/@radix-ui/react-select
ts/x2ui/node_modules/@radix-ui/react-tooltip
ts/x2ui/node_modules/@radix-ui/react-collapsible
ts/x2ui/node_modules/@radix-ui/react-checkbox
ts/x2ui/node_modules/@radix-ui/react-alert-dialog
ts/x2ui/node_modules/@radix-ui/react-popover
ts/x2ui/node_modules/@radix-ui/react-avatar
ts/x2ui/node_modules/@radix-ui/react-slider
ts/x2ui/node_modules/@radix-ui/react-separator
ts/x2ui/node_modules/@radix-ui/react-radio-group
ts/x2ui/node_modules/@radix-ui/react-dialog
ts/x2ui/node_modules/@radix-ui/react-label
ts/x2ui/node_modules/@radix-ui/react-hover-card
ts/x2ui/node_modules/@radix-ui/react-context-menu
ts/x2ui/node_modules/@radix-ui/react-dropdown-menu
ts/x2ui/node_modules/@radix-ui/react-slot
ts/x2ui/next-env.d.ts
ts/x2ui/components
ts/x2ui/components/sidebar.tsx
ts/x2ui/components/debug.tsx
ts/x2ui/components/current-cluster.tsx
ts/x2ui/components/skeleton.tsx
ts/x2ui/components/ui
ts/x2ui/components/ui/sidebar.tsx
ts/x2ui/components/ui/activity.tsx
ts/x2ui/components/ui/connect.tsx
ts/x2ui/components/ui/form.tsx
ts/x2ui/components/ui/button.tsx
ts/x2ui/components/ui/drawer.tsx
ts/x2ui/components/ui/textarea.tsx
ts/x2ui/components/ui/badge.tsx
ts/x2ui/components/ui/lazy-editor.tsx
ts/x2ui/components/ui/sheet.tsx
ts/x2ui/components/ui/alert.tsx
ts/x2ui/components/ui/popover.tsx
ts/x2ui/components/ui/card.tsx
ts/x2ui/components/ui/input.tsx
ts/x2ui/components/ui/circle-check.tsx
ts/x2ui/components/ui/pagination.tsx
ts/x2ui/components/ui/context-menu.tsx
ts/x2ui/components/ui/skeleton.tsx
ts/x2ui/components/ui/progress.tsx
ts/x2ui/components/ui/resizable.tsx
ts/x2ui/components/ui/slider.tsx
ts/x2ui/components/ui/tooltip.tsx
ts/x2ui/components/ui/collapsible.tsx
ts/x2ui/components/ui/avatar.tsx
ts/x2ui/components/ui/select.tsx
ts/x2ui/components/ui/dialog.tsx
ts/x2ui/components/ui/scroll-area.tsx
ts/x2ui/components/ui/table.tsx
ts/x2ui/components/ui/alert-dialog.tsx
ts/x2ui/components/ui/checkbox.tsx
ts/x2ui/components/ui/sonner.tsx
ts/x2ui/components/ui/code-block.tsx
ts/x2ui/components/ui/hover-card.tsx
ts/x2ui/components/ui/dropdown-menu.tsx
ts/x2ui/components/ui/radio-group.tsx
ts/x2ui/components/ui/switch.tsx
ts/x2ui/components/ui/dot-background.tsx
ts/x2ui/components/ui/separator.tsx
ts/x2ui/components/ui/inline-line-chart.tsx
ts/x2ui/components/ui/command.tsx
ts/x2ui/components/ui/tabs.tsx
ts/x2ui/components/ui/label.tsx
ts/x2ui/components/ui/box-grid.tsx
ts/x2ui/components/userdata.tsx
ts/x2ui/components/section.tsx
ts/x2ui/components/onboarding.tsx
ts/x2ui/components/conn-placeholder.tsx
ts/x2ui/lib
ts/x2ui/lib/utils.ts
ts/x2ui/lib/fps.ts
ts/x2ui/lib/types
ts/x2ui/lib/types/core.types.ts
ts/x2ui/lib/types/connector.types.ts
ts/x2ui/lib/types/network.types.ts
ts/x2ui/lib/types/index.ts
ts/x2ui/lib/types/security.types.ts
ts/x2ui/lib/types/server.types.ts
ts/x2ui/lib/types/cluster.types.ts
ts/x2ui/lib/types/schema.types.ts
ts/x2ui/lib/types/stream.types.ts
ts/x2ui/lib/types/topology.types.ts
ts/x2ui/lib/ws-proxy.mjs
ts/x2ui/lib/server.ts
ts/x2ui/lib/x2ui
ts/x2ui/lib/x2ui/cluster.ts
ts/x2ui/lib/x2ui/schema.ts
ts/x2ui/lib/x2ui/api.ts
ts/x2ui/lib/x2ui/security.ts
ts/x2ui/lib/x2ui/classes.ts
ts/x2ui/lib/x2ui/core.ts
ts/x2ui/lib/x2ui/index.ts
ts/x2ui/lib/x2ui/streams.ts
ts/x2ui/lib/x2ui/websocket.ts
ts/x2ui/lib/x2ui/topology.ts
ts/x2ui/x2ui.config.json
ts/x2ui/next.config.ts
ts/x2ui/wsproxy.mjs
ts/gen
ts/gen/ams_gen.ts
ts/gen/algo_gen.d.ts
ts/gen/ams_gen.d.ts
ts/gen/package.json
ts/gen/x2_gen.ts
ts/gen/ams_gen.js
ts/gen/tsconfig.json
ts/gen/index.d.ts
ts/gen/x2_gen.d.ts
ts/gen/algo_gen.js
ts/gen/index.ts
ts/gen/node_modules
ts/gen/node_modules/typescript
ts/gen/node_modules/.bin
ts/gen/node_modules/.bin/tsserver
ts/gen/node_modules/.bin/tsc
ts/gen/x2_gen.js
ts/gen/index.js
ts/gen/algo_gen.ts
ts/sample
ts/sample/next.config.mjs
ts/sample/package.json
ts/sample/x2ui.mjs
ts/sample/tsconfig.json
ts/sample/app
ts/sample/app/monitor
ts/sample/app/monitor/page.tsx
ts/sample/app/logout
ts/sample/app/logout/page.tsx
ts/sample/app/api
ts/sample/app/api/logout
ts/sample/app/api/logout/route.tsx
ts/sample/app/api/websocket
ts/sample/app/api/websocket/route.tsx
ts/sample/app/api/start-websocket
ts/sample/app/api/start-websocket/route.tsx
ts/sample/app/api/login
ts/sample/app/api/login/route.tsx
ts/sample/app/page.tsx
ts/sample/app/producer
ts/sample/app/producer/page.tsx
ts/sample/app/debug
ts/sample/app/debug/page.tsx
ts/sample/app/topic
ts/sample/app/topic/page.tsx
ts/sample/app/layout.tsx
ts/sample/app/consumer
ts/sample/app/consumer/page.tsx
ts/sample/app/cluster
ts/sample/app/cluster/page.tsx
ts/sample/app/globals.css
ts/sample/app/login
ts/sample/app/login/page.tsx
ts/sample/wsproxy.config.json
ts/sample/public
ts/sample/public/algox2.png
ts/sample/public/file.svg
ts/sample/public/globe.svg
ts/sample/public/window.svg
ts/sample/public/next.svg
ts/sample/public/vercel.svg
ts/sample/globals.css
ts/sample/update-password.mjs
ts/sample/node_modules
ts/sample/node_modules/ws
ts/sample/node_modules/typescript
ts/sample/node_modules/next
ts/sample/node_modules/react-dom
ts/sample/node_modules/tailwindcss
ts/sample/node_modules/child_process
ts/sample/node_modules/mini-css-extract-plugin
ts/sample/node_modules/bcryptjs
ts/sample/node_modules/readline
ts/sample/node_modules/lucide-react
ts/sample/node_modules/autoprefixer
ts/sample/node_modules/@types
ts/sample/node_modules/@types/node
ts/sample/node_modules/@types/react
ts/sample/node_modules/postcss
ts/sample/node_modules/react
ts/sample/node_modules/.bin
ts/sample/node_modules/.bin/next
ts/sample/node_modules/.bin/tailwindcss
ts/sample/node_modules/.bin/tsserver
ts/sample/node_modules/.bin/autoprefixer
ts/sample/node_modules/.bin/tsc
ts/sample/node_modules/.bin/bcrypt
ts/sample/node_modules/.bin/tailwind
ts/sample/postcss.config.js
ts/sample/components
ts/sample/components/ui.tsx
ts/sample/lib
ts/sample/lib/x2ui.tsx
ts/sample/lib/server.tsx
ts/sample/lib/ws-proxy.mjs
ts/sample/x2ui.config.json
ts/sample/wsproxy.mjs
ts/sample/tailwind.config.js
