 prefix
00 00 03 39 >  - len 
00 00 00 06 > -corr_id
payload
00 00 00 00 >  throttle_time_ms
00 ! ?
05 >  4=5-1 count of results  
[  // result/dir list 
   // dir start
   00 00 >  errcode
   22    >  len =33 =34-1
   2f 6d 6e| 74 2f 64 61| 74 61 2d 31| 2f 6b 72 61| 66 74 2d 63| 6f 6d 62 69| 6e 65 64 2d| 6c 6f 67 73| 2d 38  >   log-dir =   "/mnt/data-1/kraft-combined-logs-8
   03  > 2=3-1- count of topics 
   [    topic list
        13 >  18=19-1- len
        5f 5f 63 6f| 6e 73 75 6d| 65 72 5f 6f| 66 66 73 65| 74 73   -name (of topic ?)  > "__consumer_offsets"
        05 > 4=5-1 count of partitions
        [   partition list
            00| 00 00 2d  > patition index
            00| 00 00 00 00| 00 00 00 > partition size
            00| 00 00 00 00| 00 00 00 > offset_lag
            00   > is future (bool)
            00   > num tagged fields
            ,
            00 00 00| 15 > patition index
            00 00 00| 00 00 00 00| 00 > partition size
            00 00 00| 00 00 00 00| 00 >  offset_lag
            00  > is future (bool)
            00  > num tagged fields
            ,
            00| 00 00 1c > patition index
            00| 00 00 00 00| 00 00 00 
            00| 00 00 00 00| 00 00 00 
            00| 
            00 
            ,
            00 00 00| 22 > patition index
            00 00 00| 00 00 00 00| 00 
            00 00 00| 00 00 00 00| 00 
            00 
            00
        ]
        00|  > num of tagged fields
        ,
        1b  >  26=27-1- len
        74 65 73| 74 2d 74 6f| 70 69 63 2d| 30 30 30 30| 30 30 30 2d| 39 48 48 4b| 43 36 30 > - name > "test-topic-0000000-9HHKC60"
        03| > 2=3-1- count of partitions
        [ partition list
          00 00 00 03| partition index
          00 00 00 00| b6 3f 1b 25| partition size
          00 00 00 00| 00 00 00 00| 
          00  > is_fuuture (bool)
          00  >num of tagged fields
          ,
          00 00| 00 04 
          00 00| 00 00 b7 6f| 4c 68  partition size
          00 00| 00 00 00 00| 00 00 
          00
          00
        ]
        00 > num of tagged fields
    ]
    00 > num of tagged fields
    ,
    // dir start
    00 00 > errcode| 
    22    > len =33 =34-1
    2f 6d 6e| 74 2f 64 61| 74 61 2d 32| 2f 6b 72 61| 66 74 2d 63| 6f 6d 62 69| 6e 65 64 2d| 6c 6f 67 73| 2d 38  >  log-dir =  "/mnt/data-2/kraft-combined-logs-8
    03 > 2=3-1- count of topics
    [   topic list
        // topic start
        13|> 18=19-1
        5f 5f 63 6f| 6e 73 75 6d| 65 72 5f 6f| 66 66 73 65| 74 73 > -name (of topic ?)  > "__consumer_offsets"
        04 > 3=4-1 count of partitions
        [   partition list
           00| 00 00 0e  partition index
           00| 00 00 00 00| 00 00 00 
           00| 00 00 00 00| 00 00 00 
           00| 
           00,
           00 00 00| 11  partition index
           00 00 00| 00 00 00 00| 00
           00 00 00| 00 00 00 00| 00 
           00
           00 
           00| 00 00 1a 
           00| 00 00 00 00| 00 00 00 
           00| 00 00 00 00| 00 00 00 
           00| 
           00
        ]
        00  > num of tagged fields
        // topic start
        1b > 26=27-1- len
        74| 65 73 74 2d| 74 6f 70 69| 63 2d 30 30| 30 30 30 30| 30 2d 39 48| 48 4b 43 36| 30 > - name > "test-topic-0000000-9HHKC60"
        03 > 2=3-1
        [ partition list
            00 00| 00 05 -> partition index
            00 00| 00 00 b5 7b| c0 9f
            00 00| 00 00 00 00| 00 00 
            00 
            00| ,
            00 00 00 06|
            00 00 00 00| b7 1b 8a 4f| 
            00 00 00 00| 00 00 00 00|
            00 
            00  > num of tagged fields
        ]
        00  > num of tagged fields
    ]
    00|
    ,
    //
    00 00 > errcode|
    22 > len =33 =34-1
    2f| 6d 6e 74 2f| 64 61 74 61| 2d 33 2f 6b| 72 61 66 74| 2d 63 6f 6d| 62 69 6e 65| 64 2d 6c 6f| 67 73 2d 38| > log-dir = "/mnt/data-3/kraft-combined-logs-8
    03 >  2=3-1- count of topics
    [   topic list
        // topic start
        13|> 18=19-1
        5f 5f 63 6f| 6e 73 75 6d| 65 72 5f 6f| 66 66 73 65| 74 73 > -name (of topic ?) > "__consumer_offsets"
        04 > 3=4-1 count of partitions
        [   partition list
            00 00 00| 0b
            00 00 00| 00 00 00 00| 00 
            00 00 00| 00 00 00 00| 00 
            00 
            00 
            ,
            00| 00 00 31
            00| 00 00 00 00| 00 00 00
            00| 00 00 00 00| 00 00 00
            00|
            00 > num of tagged fields
            ,
            00 00 00| 05
            00 00 00| 00 00 00 00| 00 
            00 00 00| 00 00 00 00| 00 
            00 
            00 
        ]
        00|
        ,
        1b > 26=27-1- len
        74 65 73| 74 2d 74 6f| 70 69 63 2d| 30 30 30 30| 30 30 30 2d| 39 48 48 4b| 43 36 30 > - name > "test-topic-0000000-9HHKC60"
        03|> 2=3-1
        [ partition list
             00 00 00 08|
             00 00 00 00| b6 02 ac 69|
             00 00 00 00| 00 00 00 00|
             00
             00 
              ,
             00 00| 00 01
             00 00| 00 00 b5 d3| dc 72 
             00 00| 00 00 00 00| 00 00 
             00 
             00|
        ]
        00
    ]
    00,
    00 00 > errcode| 
    22 2f 6d 6e| 74 2f 64 61| 74 61 2d 34| 2f 6b 72 61| 66 74 2d 63| 6f 6d 62 69| 6e 65 64 2d| 6c 6f 67 73| 2d 38 03 13| 5f 5f 63 6f| 6e 73 75 6d| 65 72 5f 6f| 66 66 73 65| 74 73 04 00| 00 00 29 00| 00 00 00 00| 00 00 00 00| 00 00 00 00| 00 00 00 00| 00 00 00 00| 00 00 00 00| 00 00 00 00| 00 00 00 00| 00 00 00 00| 00 00 00 00| 00 00 24 00| 00 00 00 00| 00 00 00 00| 00 00 00 00| 00 00 00 00| 00 00 1b 74| 65 73 74 2d| 74 6f 70 69| 63 2d 30 30| 30 30 30 30| 30 2d 39 48| 48 4b 43 36| 30 03 00 00| 00 09 00 00| 00 00 b9 67| 9f 8a 00 00| 00 00 00 00| 00 00 00 00| 00 00 00 02| 00 00 00 00| b4 eb ea 74| 00 00 00 00| 00 00 00 00| 00 00 00 00| 00"
]