atf_snf.info dev:data0-8  port:1  comment:"creating QP"
atf_snf.info comment:"opened the device"
atf_snf.info comment:"allocated protected domain"
atf_snf.info comment:"created CQ ex"
atf_snf.info comment:"created QP ex"
atf_snf.info comment:"init QP port"
atf_snf.info comment:"QO Ready To Receive"
atf_snf.info comment:"SGE and WR are initialised"
atf_snf.info dev:data0-8  port:1  ib:mlx5_15  pci:0000:81:01.0  comment:"Flow created successfully, sniffing all traffic"
atf_snf.info comment:"monitor step"  "elapsed(sec)":0.252553  mon_step_n:1
atf_snf.info comment:"monitor step"  "elapsed(sec)":1.25256  mon_step_n:2
atf_snf.info comment:"monitor step"  "elapsed(sec)":2.25256  mon_step_n:3
atf_snf.info comment:"monitor step"  "elapsed(sec)":3.25256  mon_step_n:4
atf_snf.info comment:"monitor step"  "elapsed(sec)":4.25255  mon_step_n:5
---  iframe:000000000045  tcp_pair_key:192.168.108.1:46032-192.168.108.4:1043  direction:1  th_flags:"SYN  02"  seq_rel:"000000000000:           "  seq_gap:"            "  tsval:000167235259  ts_ns:00000000002803338848  tcp_pay_len:000000
p_pay_hex:""
p_pay_asci:""
---  iframe:000000000046  tcp_pair_key:192.168.108.4:1043-192.168.108.1:46032  direction:2  th_flags:"SYN ACK  12"  seq_rel:"000000000000:           "  seq_gap:"            "  tsval:003939780829  ts_ns:00000000002803410163  tcp_pay_len:000000
p_pay_hex:""
p_pay_asci:""
---  iframe:000000000056  tcp_pair_key:192.168.108.1:46032-192.168.108.4:1043  direction:1  th_flags:"PUSH ACK  18"  seq_rel:000000000001:000000000068  seq_gap:"            "  tsval:000167235262  ts_ns:00000000002806239110  tcp_pay_len:000067
p_pay_hex:" 00 00 00 3f| 00 12 00 03| 00 00 00 0a| 00 1b 6b 61| 66 6b 61 2d| 75 69 2d 61| 64 6d 69 6e| 2d 31 37 34| 34 32 32 34| 39 30 38 2d| 31 00 12 61| 70 61 63 68| 65 2d 6b 61| 66 6b 61 2d| 6a 61 76 61| 06 33 2e 35| 2e 30 00"
p_pay_asci:"...?..........kafka-ui-admin-1744224908-1..apache-kafka-java.3.5.0."
+++++++++++++kafka req
swin_buf_n:67  swin_offset:0
swin_buf_elems:" 00 00 00 3f| 00 12 00 03| 00 00 00 0a| 00 1b 6b 61| 66 6b 61 2d| 75 69 2d 61| 64 6d 69 6e| 2d 31 37 34| 34 32 32 34| 39 30 38 2d| 31 00 12 61| 70 61 63 68| 65 2d 6b 61| 66 6b 61 2d| 6a 61 76 61| 06 33 2e 35| 2e 30 00"
req_hdr_hex___:" 00 00 00 3f| 00 12 00 03| 00 00 00 0a| 00 1b"
fkafka request header req_length:63  api_key:18  api_key_str:"ApiVersions       "  api_version:3  correlation_id:10  client_id_len:27
client_id_key:kafka-ui-admin-1744224908-1
kafka_pay_asci:..apache-kafka-java.3.
kafka_pay_hex:" 00 12 61 70| 61 63 68 65| 2d 6b 61 66| 6b 61 2d 6a| 61 76 61 06| 33 2e"
---  iframe:000000000060  tcp_pair_key:192.168.108.4:1043-192.168.108.1:46032  direction:2  th_flags:"PUSH ACK  18"  seq_rel:000000000001:000000000504  seq_gap:"            "  tsval:003939780833  ts_ns:00000000002806854118  tcp_pay_len:000503
p_pay_hex:" 00 00 01 f3| 00 00 00 0a| 00 00 3e 00| 00 00 00 00| 0b 00 00 01| 00 00 00 11| 00 00 02 00| 00 00 09 00| 00 03 00 00| 00 0c 00 00| 08 00 00 00| 09 00 00 09| 00 00 00 09| 00 00 0a 00| 00 00 06 00| 00 0b 00 00| 00 09 00 00| 0c 00 00 00| 04 00 00 0d| 00 00 00 05| 00 00 0e 00| 00 00 05 00| 00 0f 00 00| 00 05 00 00| 10 00 00 00| 05 00 00 11| 00 00 00 01| 00 00 12 00| 00 00 04 00| 00 13 00 00| 00 07 00 00| 14 00 00 00| 06 00 00 15| 00 00 00 02| 00 00 16 00| 00 00 05 00| 00 17 00 00| 00 04 00 00| 18 00 00 00| 05 00 00 19| 00 00 00 04| 00 00 1a 00| 00 00 04 00| 00 1b 00 00| 00 01 00 00| 1c 00 00 00| 04 00 00 1d| 00 00 00 03| 00 00 1e 00| 00 00 03 00| 00_trunc_"
p_pay_asci:"..........>.............................................................................................................................................................................................._trunc_"
++++++++++++++kafka rsp
swin_buf_n:503  swin_offset:0
swin_buf_elems:" 00 00 01 f3| 00 00 00 0a| 00 00 3e 00| 00 00 00 00| 0b 00 00 01| 00 00 00 11| 00 00 02 00| 00 00 09 00| 00 03 00 00| 00 0c 00 00| 08 00 00 00| 09 00 00 09| 00 00 00 09| 00 00 0a 00| 00 00 06 00| 00 0b 00 00| 00 09 00 00| 0c 00 00 00| 04 00 00 0d| 00 00 00 05| 00 00 0e 00| 00 00 05 00| 00 0f 00 00| 00 05 00 00| 10 00 00 00| 05 00 00 11| 00 00 00 01| 00 00 12 00| 00 00 04 00| 00 13 00 00| 00 07 00 00| 14 00 00 00| 06 00 00 15| 00 00 00 02| 00 00 16 00| 00 00 05 00| 00 17 00 00| 00 04 00 00| 18 00 00 00| 05 00 00 19| 00 00 00 04| 00 00 1a 00| 00 00 04 00| 00 1b 00 00| 00 01 00 00| 1c 00 00 00| 04 00 00 1d| 00 00 00 03| 00 00 1e 00| 00 00 03 00| 00_trunc_"
-----------------
"kafka rsp_hdr_hex  ":" 00 00 01 f3| 00 00 00 0a|"
fkafka response header rsp_length:499  correlation_id:10  swin_buf_n:503  swin_offset:0
kafka_pay_asci:"..>..................................................................................................................................................................................................... _trunc_"
kafka_pay_hex:" 00 00 3e 00| 00 00 00 00| 0b 00 00 01| 00 00 00 11| 00 00 02 00| 00 00 09 00| 00 03 00 00| 00 0c 00 00| 08 00 00 00| 09 00 00 09| 00 00 00 09| 00 00 0a 00| 00 00 06 00| 00 0b 00 00| 00 09 00 00| 0c 00 00 00| 04 00 00 0d| 00 00 00 05| 00 00 0e 00| 00 00 05 00| 00 0f 00 00| 00 05 00 00| 10 00 00 00| 05 00 00 11| 00 00 00 01| 00 00 12 00| 00 00 04 00| 00 13 00 00| 00 07 00 00| 14 00 00 00| 06 00 00 15| 00 00 00 02| 00 00 16 00| 00 00 05 00| 00 17 00 00| 00 04 00 00| 18 00 00 00| 05 00 00 19| 00 00 00 04| 00 00 1a 00| 00 00 04 00| 00 1b 00 00| 00 01 00 00| 1c 00 00 00| 04 00 00 1d| 00 00 00 03| 00 00 1e 00| 00 00 03 00| 00 1f 00 00| 00 03 00 00| 20_trunc_"
---  iframe:000000000064  tcp_pair_key:192.168.108.1:46032-192.168.108.4:1043  direction:1  th_flags:"PUSH ACK  18"  seq_rel:000000000068:000000000112  seq_gap:"            "  tsval:000167235264  ts_ns:00000000002808308396  tcp_pay_len:000044
p_pay_hex:" 00 00 00 28| 00 23 00 04| 00 00 00 0c| 00 1b 6b 61| 66 6b 61 2d| 75 69 2d 61| 64 6d 69 6e| 2d 31 37 34| 34 32 32 34| 39 30 38 2d| 31 00 00 00|"
p_pay_asci:"...(.#........kafka-ui-admin-1744224908-1..."
+++++++++++++kafka req
swin_buf_n:44  swin_offset:0
swin_buf_elems:" 00 00 00 28| 00 23 00 04| 00 00 00 0c| 00 1b 6b 61| 66 6b 61 2d| 75 69 2d 61| 64 6d 69 6e| 2d 31 37 34| 34 32 32 34| 39 30 38 2d| 31 00 00 00|"
req_hdr_hex___:" 00 00 00 28| 00 23 00 04| 00 00 00 0c| 00 1b"
fkafka request header req_length:40  api_key:35  api_key_str:"DescribeLogDirs   "  api_version:4  correlation_id:12  client_id_len:27
client_id_key:kafka-ui-admin-1744224908-1
kafka_pay_asci:""
kafka_pay_hex:""
---  iframe:000000000066  tcp_pair_key:192.168.108.4:1043-192.168.108.1:46032  direction:2  th_flags:"PUSH ACK  18"  seq_rel:000000000504:000000001399  seq_gap:"            "  tsval:003939780835  ts_ns:00000000002809346028  tcp_pay_len:000895
p_pay_hex:" 00 00 03 7b| 00 00 00 0c| 00 00 00 00| 00 00 00 05| 00 00 22 2f| 6d 6e 74 2f| 64 61 74 61| 2d 31 2f 6b| 72 61 66 74| 2d 63 6f 6d| 62 69 6e 65| 64 2d 6c 6f| 67 73 2d 38| 03 13 5f 5f| 63 6f 6e 73| 75 6d 65 72| 5f 6f 66 66| 73 65 74 73| 05 00 00 00| 2d 00 00 00| 00 00 00 00| 00 00 00 00| 00 00 00 00| 00 00 00 00| 00 00 15 00| 00 00 00 00| 00 00 00 00| 00 00 00 00| 00 00 00 00| 00 00 00 00| 1c 00 00 00| 00 00 00 00| 00 00 00 00| 00 00 00 00| 00 00 00 00| 00 00 22 00| 00 00 00 00| 00 00 00 00| 00 00 00 00| 00 00 00 00| 00 00 1b 74| 65 73 74 2d| 74 6f 70 69| 63 2d 30 30| 30 30 30 30| 30 2d 39 48| 48 4b 43 36| 30 03 00 00| 00 03 00 00| 00 00 b6 3f| 1b_trunc_"
p_pay_asci:'...{.............."/mnt/data-1/kraft-combined-logs-8..__consumer_offsets....-................................................................."....................test-topic-0000000-9HHKC60..........?._trunc_'
++++++++++++++kafka rsp
swin_buf_n:895  swin_offset:0
swin_buf_elems:" 00 00 03 7b| 00 00 00 0c| 00 00 00 00| 00 00 00 05| 00 00 22 2f| 6d 6e 74 2f| 64 61 74 61| 2d 31 2f 6b| 72 61 66 74| 2d 63 6f 6d| 62 69 6e 65| 64 2d 6c 6f| 67 73 2d 38| 03 13 5f 5f| 63 6f 6e 73| 75 6d 65 72| 5f 6f 66 66| 73 65 74 73| 05 00 00 00| 2d 00 00 00| 00 00 00 00| 00 00 00 00| 00 00 00 00| 00 00 00 00| 00 00 15 00| 00 00 00 00| 00 00 00 00| 00 00 00 00| 00 00 00 00| 00 00 00 00| 1c 00 00 00| 00 00 00 00| 00 00 00 00| 00 00 00 00| 00 00 00 00| 00 00 22 00| 00 00 00 00| 00 00 00 00| 00 00 00 00| 00 00 00 00| 00 00 1b 74| 65 73 74 2d| 74 6f 70 69| 63 2d 30 30| 30 30 30 30| 30 2d 39 48| 48 4b 43 36| 30 03 00 00| 00 03 00 00| 00 00 b6 3f| 1b_trunc_"
-----------------
"kafka rsp_hdr_hex  ":" 00 00 03 7b| 00 00 00 0c|"
fkafka response header rsp_length:891  correlation_id:12  swin_buf_n:895  swin_offset:0
kafka_pay_asci:'.........."/mnt/data-1/kraft-combined-logs-8..__consumer_offsets....-................................................................."....................test-topic-0000000-9HHKC60..........?.%......._trunc_'
kafka_pay_hex:" 00 00 00 00| 00 00 00 05| 00 00 22 2f| 6d 6e 74 2f| 64 61 74 61| 2d 31 2f 6b| 72 61 66 74| 2d 63 6f 6d| 62 69 6e 65| 64 2d 6c 6f| 67 73 2d 38| 03 13 5f 5f| 63 6f 6e 73| 75 6d 65 72| 5f 6f 66 66| 73 65 74 73| 05 00 00 00| 2d 00 00 00| 00 00 00 00| 00 00 00 00| 00 00 00 00| 00 00 00 00| 00 00 15 00| 00 00 00 00| 00 00 00 00| 00 00 00 00| 00 00 00 00| 00 00 00 00| 1c 00 00 00| 00 00 00 00| 00 00 00 00| 00 00 00 00| 00 00 00 00| 00 00 22 00| 00 00 00 00| 00 00 00 00| 00 00 00 00| 00 00 00 00| 00 00 1b 74| 65 73 74 2d| 74 6f 70 69| 63 2d 30 30| 30 30 30 30| 30 2d 39 48| 48 4b 43 36| 30 03 00 00| 00 03 00 00| 00 00 b6 3f| 1b 25 00 00| 00 00 00 00| 00_trunc_"
---  iframe:000000000071  tcp_pair_key:192.168.108.1:46032-192.168.108.4:1043  direction:1  th_flags:"PUSH ACK  18"  seq_rel:000000000112:000000000158  seq_gap:"            "  tsval:000167235266  ts_ns:00000000002810964025  tcp_pay_len:000046
p_pay_hex:" 00 00 00 2a| 00 03 00 0c| 00 00 00 0f| 00 1b 6b 61| 66 6b 61 2d| 75 69 2d 61| 64 6d 69 6e| 2d 31 37 34| 34 32 32 34| 39 30 38 2d| 31 00 00 01| 00 00"
p_pay_asci:...*..........kafka-ui-admin-1744224908-1.....
+++++++++++++kafka req
swin_buf_n:46  swin_offset:0
swin_buf_elems:" 00 00 00 2a| 00 03 00 0c| 00 00 00 0f| 00 1b 6b 61| 66 6b 61 2d| 75 69 2d 61| 64 6d 69 6e| 2d 31 37 34| 34 32 32 34| 39 30 38 2d| 31 00 00 01| 00 00"
req_hdr_hex___:" 00 00 00 2a| 00 03 00 0c| 00 00 00 0f| 00 1b"
fkafka request header req_length:42  api_key:3  api_key_str:"Metadata          "  api_version:12  correlation_id:15  client_id_len:27
client_id_key:kafka-ui-admin-1744224908-1
kafka_pay_asci:.
kafka_pay_hex:" 00"
---  iframe:000000000073  tcp_pair_key:192.168.108.4:1043-192.168.108.1:46032  direction:2  th_flags:"PUSH ACK  18"  seq_rel:000000002847:000000003348  seq_gap:000000001448  tsval:003939780837  ts_ns:00000000002811372102  tcp_pay_len:000501
p_pay_hex:" 00 00 0e 00| 00 00 03 00| 00 00 0c 02| 00 00 00 03| 02 00 00 00| 03 01 00 80| 00 00 00 00| 00 00 1b 74| 65 73 74 2d| 74 6f 70 69| 63 2d 30 30| 30 30 30 30| 30 2d 39 48| 48 4b 43 36| 30 30 75 f3| 08 81 f5 4f| 9b b4 12 2e| f3 57 de 4b| 9b 00 0b 00| 00 00 00 00| 02 00 00 00| 02 00 00 00| 13 04 00 00| 00 02 00 00| 00 03 00 00| 00 04 04 00| 00 00 03 00| 00 00 04 00| 00 00 02 01| 00 00 00 00| 00 00 06 00| 00 00 03 00| 00 00 10 04| 00 00 00 03| 00 00 00 02| 00 00 00 04| 04 00 00 00| 03 00 00 00| 02 00 00 00| 04 01 00 00| 00 00 00 00| 01 00 00 00| 01 00 00 00| 15 04 00 00| 00 01 00 00| 00 02 00 00| 00 03 04 00| 00 00 01 00| 00 00 02 00| 00 00 03 01| 00_trunc_"
p_pay_asci:...............................test-topic-0000000-9HHKC600u....O.....W.K................................................................................................................................._trunc_
atf_snf.info comment:"monitor step"  "elapsed(sec)":5.25255  mon_step_n:6
atf_snf.info comment:"monitor step"  "elapsed(sec)":6.25255  mon_step_n:7
atf_snf.info comment:"monitor step"  "elapsed(sec)":7.25255  mon_step_n:8
atf_snf.info comment:"monitor step"  "elapsed(sec)":8.25255  mon_step_n:9
atf_snf.info comment:"monitor step"  "elapsed(sec)":9.25255  mon_step_n:10
atf_snf.info comment:"monitor step"  "elapsed(sec)":10.2526  mon_step_n:11
atf_snf.info comment:"monitor step"  "elapsed(sec)":11.2526  mon_step_n:12
atf_snf.info comment:"monitor step"  "elapsed(sec)":12.2526  mon_step_n:13
atf_snf.info comment:"monitor step"  "elapsed(sec)":13.2526  mon_step_n:14
atf_snf.info comment:"monitor step"  "elapsed(sec)":14.2526  mon_step_n:15
atf_snf.info comment:"monitor step"  "elapsed(sec)":15.2526  mon_step_n:16
atf_snf.info comment:"monitor step"  "elapsed(sec)":16.2526  mon_step_n:17
atf_snf.info comment:"monitor step"  "elapsed(sec)":17.2526  mon_step_n:18
atf_snf.info comment:"monitor step"  "elapsed(sec)":18.2526  mon_step_n:19
atf_snf.info comment:"monitor step"  "elapsed(sec)":19.2526  mon_step_n:20
atf_snf.info comment:"monitor step"  "elapsed(sec)":20.2526  mon_step_n:21
atf_snf.info comment:"monitor step"  "elapsed(sec)":21.2526  mon_step_n:22
atf_snf.info comment:"monitor step"  "elapsed(sec)":22.2526  mon_step_n:23
atf_snf.info comment:"monitor step"  "elapsed(sec)":23.2526  mon_step_n:24
atf_snf.info comment:"monitor step"  "elapsed(sec)":24.2526  mon_step_n:25
atf_snf.info comment:"monitor step"  "elapsed(sec)":25.2526  mon_step_n:26
atf_snf.info comment:"monitor step"  "elapsed(sec)":26.2526  mon_step_n:27
atf_snf.info comment:"monitor step"  "elapsed(sec)":27.2526  mon_step_n:28
atf_snf.info comment:"monitor step"  "elapsed(sec)":28.2526  mon_step_n:29
atf_snf.info comment:"monitor step"  "elapsed(sec)":29.2526  mon_step_n:30
atf_snf.info comment:"monitor step"  "elapsed(sec)":30.2526  mon_step_n:31
atf_snf.info comment:"monitor step"  "elapsed(sec)":31.2526  mon_step_n:32
---  iframe:000000000086  tcp_pair_key:192.168.108.1:46032-192.168.108.4:1043  direction:1  th_flags:"PUSH ACK  18"  seq_rel:000000000158:000000000202  seq_gap:"            "  tsval:000167264355  ts_ns:00000000001834974560  tcp_pay_len:000044
p_pay_hex:" 00 00 00 28| 00 3c 00 00| 00 00 00 12| 00 1b 6b 61| 66 6b 61 2d| 75 69 2d 61| 64 6d 69 6e| 2d 31 37 34| 34 32 32 34| 39 30 38 2d| 31 00 01 00|"
p_pay_asci:"...(.<........kafka-ui-admin-1744224908-1..."
+++++++++++++kafka req
swin_buf_n:44  swin_offset:0
swin_buf_elems:" 00 00 00 28| 00 3c 00 00| 00 00 00 12| 00 1b 6b 61| 66 6b 61 2d| 75 69 2d 61| 64 6d 69 6e| 2d 31 37 34| 34 32 32 34| 39 30 38 2d| 31 00 01 00|"
req_hdr_hex___:" 00 00 00 28| 00 3c 00 00| 00 00 00 12| 00 1b"
fkafka request header req_length:40  api_key:60  api_key_str:"DescribeCluster   "  api_version:0  correlation_id:18  client_id_len:27
client_id_key:kafka-ui-admin-1744224908-1
kafka_pay_asci:""
kafka_pay_hex:""
---  iframe:000000000087  tcp_pair_key:192.168.108.4:1043-192.168.108.1:46032  direction:2  th_flags:"PUSH ACK  18"  seq_rel:000000003348:000000003487  seq_gap:"            "  tsval:003939809927  ts_ns:00000000001835546412  tcp_pay_len:000139
p_pay_hex:" 00 00 00 87| 00 00 00 12| 00 00 00 00| 00 00 00 00| 09 64 65 76| 2e 61 6b 2d| 38 00 00 00| 03 05 00 00| 00 01 10 64| 65 76 2e 61| 6b 2d 38 2e| 62 31 2e 65| 78 74 00 00| 04 07 00 00| 00 00 00 02| 10 64 65 76| 2e 61 6b 2d| 38 2e 62 32| 2e 65 78 74| 00 00 04 0f| 00 00 00 00| 00 03 10 64| 65 76 2e 61| 6b 2d 38 2e| 62 33 2e 65| 78 74 00 00| 04 13 00 00| 00 00 00 04| 10 64 65 76| 2e 61 6b 2d| 38 2e 62 34| 2e 65 78 74| 00 00 04 17| 00 00 00 00| 1f a0 00"
p_pay_asci:.................dev.ak-8..........dev.ak-8.b1.ext...........dev.ak-8.b2.ext...........dev.ak-8.b3.ext...........dev.ak-8.b4.ext...........
---  iframe:000000000090  tcp_pair_key:192.168.108.1:46032-192.168.108.4:1043  direction:1  th_flags:"PUSH ACK  18"  seq_rel:000000000202:000000000246  seq_gap:"            "  tsval:000167264357  ts_ns:00000000001836538585  tcp_pay_len:000044
p_pay_hex:" 00 00 00 28| 00 23 00 04| 00 00 00 13| 00 1b 6b 61| 66 6b 61 2d| 75 69 2d 61| 64 6d 69 6e| 2d 31 37 34| 34 32 32 34| 39 30 38 2d| 31 00 00 00|"
p_pay_asci:"...(.#........kafka-ui-admin-1744224908-1..."
+++++++++++++kafka req
swin_buf_n:44  swin_offset:0
swin_buf_elems:" 00 00 00 28| 00 23 00 04| 00 00 00 13| 00 1b 6b 61| 66 6b 61 2d| 75 69 2d 61| 64 6d 69 6e| 2d 31 37 34| 34 32 32 34| 39 30 38 2d| 31 00 00 00|"
req_hdr_hex___:" 00 00 00 28| 00 23 00 04| 00 00 00 13| 00 1b"
fkafka request header req_length:40  api_key:35  api_key_str:"DescribeLogDirs   "  api_version:4  correlation_id:19  client_id_len:27
client_id_key:kafka-ui-admin-1744224908-1
kafka_pay_asci:""
kafka_pay_hex:""
---  iframe:000000000095  tcp_pair_key:192.168.108.4:1043-192.168.108.1:46032  direction:2  th_flags:"PUSH ACK  18"  seq_rel:000000003487:000000004382  seq_gap:"            "  tsval:003939809929  ts_ns:00000000001837646208  tcp_pay_len:000895
p_pay_hex:" 00 00 03 7b| 00 00 00 13| 00 00 00 00| 00 00 00 05| 00 00 22 2f| 6d 6e 74 2f| 64 61 74 61| 2d 31 2f 6b| 72 61 66 74| 2d 63 6f 6d| 62 69 6e 65| 64 2d 6c 6f| 67 73 2d 38| 03 13 5f 5f| 63 6f 6e 73| 75 6d 65 72| 5f 6f 66 66| 73 65 74 73| 05 00 00 00| 2d 00 00 00| 00 00 00 00| 00 00 00 00| 00 00 00 00| 00 00 00 00| 00 00 15 00| 00 00 00 00| 00 00 00 00| 00 00 00 00| 00 00 00 00| 00 00 00 00| 1c 00 00 00| 00 00 00 00| 00 00 00 00| 00 00 00 00| 00 00 00 00| 00 00 22 00| 00 00 00 00| 00 00 00 00| 00 00 00 00| 00 00 00 00| 00 00 1b 74| 65 73 74 2d| 74 6f 70 69| 63 2d 30 30| 30 30 30 30| 30 2d 39 48| 48 4b 43 36| 30 03 00 00| 00 03 00 00| 00 00 b6 3f| 1b_trunc_"
p_pay_asci:'...{.............."/mnt/data-1/kraft-combined-logs-8..__consumer_offsets....-................................................................."....................test-topic-0000000-9HHKC60..........?._trunc_'
---  iframe:000000000111  tcp_pair_key:192.168.108.1:46032-192.168.108.4:1043  direction:1  th_flags:"PUSH ACK  18"  seq_rel:000000000246:000000000372  seq_gap:"            "  tsval:000167264360  ts_ns:00000000001840161504  tcp_pay_len:000126
p_pay_hex:" 00 00 00 7a| 00 03 00 0c| 00 00 00 1a| 00 1b 6b 61| 66 6b 61 2d| 75 69 2d 61| 64 6d 69 6e| 2d 31 37 34| 34 32 32 34| 39 30 38 2d| 31 00 03 00| 00 00 00 00| 00 00 00 00| 00 00 00 00| 00 00 00 13| 5f 5f 63 6f| 6e 73 75 6d| 65 72 5f 6f| 66 66 73 65| 74 73 00 00| 00 00 00 00| 00 00 00 00| 00 00 00 00| 00 00 00 1b| 74 65 73 74| 2d 74 6f 70| 69 63 2d 30| 30 30 30 30| 30 30 2d 39| 48 48 4b 43| 36 30 00 00| 00 00"
p_pay_asci:...z..........kafka-ui-admin-1744224908-1...................__consumer_offsets..................test-topic-0000000-9HHKC60....
+++++++++++++kafka req
swin_buf_n:126  swin_offset:0
swin_buf_elems:" 00 00 00 7a| 00 03 00 0c| 00 00 00 1a| 00 1b 6b 61| 66 6b 61 2d| 75 69 2d 61| 64 6d 69 6e| 2d 31 37 34| 34 32 32 34| 39 30 38 2d| 31 00 03 00| 00 00 00 00| 00 00 00 00| 00 00 00 00| 00 00 00 13| 5f 5f 63 6f| 6e 73 75 6d| 65 72 5f 6f| 66 66 73 65| 74 73 00 00| 00 00 00 00| 00 00 00 00| 00 00 00 00| 00 00 00 1b| 74 65 73 74| 2d 74 6f 70| 69 63 2d 30| 30 30 30 30| 30 30 2d 39| 48 48 4b 43| 36 30 00 00| 00 00"
req_hdr_hex___:" 00 00 00 7a| 00 03 00 0c| 00 00 00 1a| 00 1b"
fkafka request header req_length:122  api_key:3  api_key_str:"Metadata          "  api_version:12  correlation_id:26  client_id_len:27
client_id_key:kafka-ui-admin-1744224908-1
kafka_pay_asci:...................__consumer_offsets..................test-topic-0000000-9HHKC60
kafka_pay_hex:" 00 03 00 00| 00 00 00 00| 00 00 00 00| 00 00 00 00| 00 00 13 5f| 5f 63 6f 6e| 73 75 6d 65| 72 5f 6f 66| 66 73 65 74| 73 00 00 00| 00 00 00 00| 00 00 00 00| 00 00 00 00| 00 00 1b 74| 65 73 74 2d| 74 6f 70 69| 63 2d 30 30| 30 30 30 30| 30 2d 39 48| 48 4b 43 36| 30"
---  iframe:000000000113  tcp_pair_key:192.168.108.4:1043-192.168.108.1:46032  direction:2  th_flags:"PUSH ACK  18"  seq_rel:000000005830:000000006331  seq_gap:000000001448  tsval:003939809932  ts_ns:00000000001840646214  tcp_pay_len:000501
p_pay_hex:" 00 00 0e 00| 00 00 03 00| 00 00 0c 02| 00 00 00 03| 02 00 00 00| 03 01 00 80| 00 00 00 00| 00 00 1b 74| 65 73 74 2d| 74 6f 70 69| 63 2d 30 30| 30 30 30 30| 30 2d 39 48| 48 4b 43 36| 30 30 75 f3| 08 81 f5 4f| 9b b4 12 2e| f3 57 de 4b| 9b 00 0b 00| 00 00 00 00| 02 00 00 00| 02 00 00 00| 13 04 00 00| 00 02 00 00| 00 03 00 00| 00 04 04 00| 00 00 03 00| 00 00 04 00| 00 00 02 01| 00 00 00 00| 00 00 06 00| 00 00 03 00| 00 00 10 04| 00 00 00 03| 00 00 00 02| 00 00 00 04| 04 00 00 00| 03 00 00 00| 02 00 00 00| 04 01 00 00| 00 00 00 00| 01 00 00 00| 01 00 00 00| 15 04 00 00| 00 01 00 00| 00 02 00 00| 00 03 04 00| 00 00 01 00| 00 00 02 00| 00 00 03 01| 00_trunc_"
p_pay_asci:...............................test-topic-0000000-9HHKC600u....O.....W.K................................................................................................................................._trunc_
atf_snf.info comment:"monitor step"  "elapsed(sec)":32.2526  mon_step_n:33
atf_snf.info comment:"monitor step"  "elapsed(sec)":33.2526  mon_step_n:34
atf_snf.info comment:"monitor step"  "elapsed(sec)":34.2526  mon_step_n:35
atf_snf.info comment:"monitor step"  "elapsed(sec)":35.2526  mon_step_n:36
atf_snf.info comment:"monitor step"  "elapsed(sec)":36.2526  mon_step_n:37
atf_snf.info comment:"monitor step"  "elapsed(sec)":37.2526  mon_step_n:38
atf_snf.info comment:"monitor step"  "elapsed(sec)":38.2526  mon_step_n:39
atf_snf.info comment:"monitor step"  "elapsed(sec)":39.2526  mon_step_n:40
atf_snf.info comment:"monitor step"  "elapsed(sec)":40.2526  mon_step_n:41
atf_snf.info comment:"monitor step"  "elapsed(sec)":41.2526  mon_step_n:42
atf_snf.info comment:"monitor step"  "elapsed(sec)":42.2526  mon_step_n:43
atf_snf.info comment:"monitor step"  "elapsed(sec)":43.2526  mon_step_n:44
atf_snf.info comment:"monitor step"  "elapsed(sec)":44.2526  mon_step_n:45
atf_snf.info comment:"monitor step"  "elapsed(sec)":45.2526  mon_step_n:46
atf_snf.info comment:"monitor step"  "elapsed(sec)":46.2526  mon_step_n:47
atf_snf.info comment:"monitor step"  "elapsed(sec)":47.2526  mon_step_n:48
atf_snf.info comment:"monitor step"  "elapsed(sec)":48.2526  mon_step_n:49
atf_snf.info comment:"monitor step"  "elapsed(sec)":49.2526  mon_step_n:50
atf_snf.info comment:"monitor step"  "elapsed(sec)":50.2526  mon_step_n:51
atf_snf.info comment:"monitor step"  "elapsed(sec)":51.2526  mon_step_n:52
atf_snf.info comment:"monitor step"  "elapsed(sec)":52.2526  mon_step_n:53
atf_snf.info comment:"monitor step"  "elapsed(sec)":53.2526  mon_step_n:54
atf_snf.info comment:"monitor step"  "elapsed(sec)":54.2526  mon_step_n:55
atf_snf.info comment:"monitor step"  "elapsed(sec)":55.2526  mon_step_n:56
atf_snf.info comment:"monitor step"  "elapsed(sec)":56.2526  mon_step_n:57
atf_snf.info comment:"monitor step"  "elapsed(sec)":57.2526  mon_step_n:58
atf_snf.info comment:"monitor step"  "elapsed(sec)":58.2526  mon_step_n:59
---  iframe:000000000124  tcp_pair_key:192.168.108.1:46032-192.168.108.4:1043  direction:1  th_flags:"PUSH ACK  18"  seq_rel:000000000372:000000000416  seq_gap:"            "  tsval:000167294356  ts_ns:00000000001770562003  tcp_pay_len:000044
p_pay_hex:" 00 00 00 28| 00 23 00 04| 00 00 00 1c| 00 1b 6b 61| 66 6b 61 2d| 75 69 2d 61| 64 6d 69 6e| 2d 31 37 34| 34 32 32 34| 39 30 38 2d| 31 00 00 00|"
p_pay_asci:"...(.#........kafka-ui-admin-1744224908-1..."
+++++++++++++kafka req
swin_buf_n:44  swin_offset:0
swin_buf_elems:" 00 00 00 28| 00 23 00 04| 00 00 00 1c| 00 1b 6b 61| 66 6b 61 2d| 75 69 2d 61| 64 6d 69 6e| 2d 31 37 34| 34 32 32 34| 39 30 38 2d| 31 00 00 00|"
req_hdr_hex___:" 00 00 00 28| 00 23 00 04| 00 00 00 1c| 00 1b"
fkafka request header req_length:40  api_key:35  api_key_str:"DescribeLogDirs   "  api_version:4  correlation_id:28  client_id_len:27
client_id_key:kafka-ui-admin-1744224908-1
kafka_pay_asci:""
kafka_pay_hex:""
---  iframe:000000000129  tcp_pair_key:192.168.108.4:1043-192.168.108.1:46032  direction:2  th_flags:"PUSH ACK  18"  seq_rel:000000006331:000000007226  seq_gap:"            "  tsval:003939839927  ts_ns:00000000001771353740  tcp_pay_len:000895
p_pay_hex:" 00 00 03 7b| 00 00 00 1c| 00 00 00 00| 00 00 00 05| 00 00 22 2f| 6d 6e 74 2f| 64 61 74 61| 2d 31 2f 6b| 72 61 66 74| 2d 63 6f 6d| 62 69 6e 65| 64 2d 6c 6f| 67 73 2d 38| 03 13 5f 5f| 63 6f 6e 73| 75 6d 65 72| 5f 6f 66 66| 73 65 74 73| 05 00 00 00| 2d 00 00 00| 00 00 00 00| 00 00 00 00| 00 00 00 00| 00 00 00 00| 00 00 15 00| 00 00 00 00| 00 00 00 00| 00 00 00 00| 00 00 00 00| 00 00 00 00| 1c 00 00 00| 00 00 00 00| 00 00 00 00| 00 00 00 00| 00 00 00 00| 00 00 22 00| 00 00 00 00| 00 00 00 00| 00 00 00 00| 00 00 00 00| 00 00 1b 74| 65 73 74 2d| 74 6f 70 69| 63 2d 30 30| 30 30 30 30| 30 2d 39 48| 48 4b 43 36| 30 03 00 00| 00 03 00 00| 00 00 b6 3f| 1b_trunc_"
p_pay_asci:'...{.............."/mnt/data-1/kraft-combined-logs-8..__consumer_offsets....-................................................................."....................test-topic-0000000-9HHKC60..........?._trunc_'
kafka_req not found kafka_corr_id:768
++++++++++++++kafka rsp
swin_buf_n:4379  swin_offset:0
swin_buf_elems:" 00 00 0e 00| 00 00 03 00| 00 00 0c 02| 00 00 00 03| 02 00 00 00| 03 01 00 80| 00 00 00 00| 00 00 1b 74| 65 73 74 2d| 74 6f 70 69| 63 2d 30 30| 30 30 30 30| 30 2d 39 48| 48 4b 43 36| 30 30 75 f3| 08 81 f5 4f| 9b b4 12 2e| f3 57 de 4b| 9b 00 0b 00| 00 00 00 00| 02 00 00 00| 02 00 00 00| 13 04 00 00| 00 02 00 00| 00 03 00 00| 00 04 04 00| 00 00 03 00| 00 00 04 00| 00 00 02 01| 00 00 00 00| 00 00 06 00| 00 00 03 00| 00 00 10 04| 00 00 00 03| 00 00 00 02| 00 00 00 04| 04 00 00 00| 03 00 00 00| 02 00 00 00| 04 01 00 00| 00 00 00 00| 01 00 00 00| 01 00 00 00| 15 04 00 00| 00 01 00 00| 00 02 00 00| 00 03 04 00| 00 00 01 00| 00 00 02 00| 00 00 03 01| 00_trunc_"
-----------------
"kafka rsp_hdr_hex  ":" 00 00 0e 00| 00 00 03 00|"
fkafka response header rsp_length:3584  correlation_id:768  swin_buf_n:4379  swin_offset:0
kafka_pay_asci:.......................test-topic-0000000-9HHKC600u....O.....W.K........................................................................................................................................._trunc_
kafka_pay_hex:" 00 00 0c 02| 00 00 00 03| 02 00 00 00| 03 01 00 80| 00 00 00 00| 00 00 1b 74| 65 73 74 2d| 74 6f 70 69| 63 2d 30 30| 30 30 30 30| 30 2d 39 48| 48 4b 43 36| 30 30 75 f3| 08 81 f5 4f| 9b b4 12 2e| f3 57 de 4b| 9b 00 0b 00| 00 00 00 00| 02 00 00 00| 02 00 00 00| 13 04 00 00| 00 02 00 00| 00 03 00 00| 00 04 04 00| 00 00 03 00| 00 00 04 00| 00 00 02 01| 00 00 00 00| 00 00 06 00| 00 00 03 00| 00 00 10 04| 00 00 00 03| 00 00 00 02| 00 00 00 04| 04 00 00 00| 03 00 00 00| 02 00 00 00| 04 01 00 00| 00 00 00 00| 01 00 00 00| 01 00 00 00| 15 04 00 00| 00 01 00 00| 00 02 00 00| 00 03 04 00| 00 00 01 00| 00 00 02 00| 00 00 03 01| 00 00 00 00| 00 00 04 00| 00_trunc_"
---  iframe:000000000140  tcp_pair_key:192.168.108.1:46032-192.168.108.4:1043  direction:1  th_flags:"PUSH ACK  18"  seq_rel:000000000416:000000000542  seq_gap:"            "  tsval:000167294359  ts_ns:00000000001773824576  tcp_pay_len:000126
p_pay_hex:" 00 00 00 7a| 00 03 00 0c| 00 00 00 23| 00 1b 6b 61| 66 6b 61 2d| 75 69 2d 61| 64 6d 69 6e| 2d 31 37 34| 34 32 32 34| 39 30 38 2d| 31 00 03 00| 00 00 00 00| 00 00 00 00| 00 00 00 00| 00 00 00 13| 5f 5f 63 6f| 6e 73 75 6d| 65 72 5f 6f| 66 66 73 65| 74 73 00 00| 00 00 00 00| 00 00 00 00| 00 00 00 00| 00 00 00 1b| 74 65 73 74| 2d 74 6f 70| 69 63 2d 30| 30 30 30 30| 30 30 2d 39| 48 48 4b 43| 36 30 00 00| 00 00"
p_pay_asci:"...z.......#..kafka-ui-admin-1744224908-1...................__consumer_offsets..................test-topic-0000000-9HHKC60...."
+++++++++++++kafka req
swin_buf_n:126  swin_offset:0
swin_buf_elems:" 00 00 00 7a| 00 03 00 0c| 00 00 00 23| 00 1b 6b 61| 66 6b 61 2d| 75 69 2d 61| 64 6d 69 6e| 2d 31 37 34| 34 32 32 34| 39 30 38 2d| 31 00 03 00| 00 00 00 00| 00 00 00 00| 00 00 00 00| 00 00 00 13| 5f 5f 63 6f| 6e 73 75 6d| 65 72 5f 6f| 66 66 73 65| 74 73 00 00| 00 00 00 00| 00 00 00 00| 00 00 00 00| 00 00 00 1b| 74 65 73 74| 2d 74 6f 70| 69 63 2d 30| 30 30 30 30| 30 30 2d 39| 48 48 4b 43| 36 30 00 00| 00 00"
req_hdr_hex___:" 00 00 00 7a| 00 03 00 0c| 00 00 00 23| 00 1b"
fkafka request header req_length:122  api_key:3  api_key_str:"Metadata          "  api_version:12  correlation_id:35  client_id_len:27
client_id_key:kafka-ui-admin-1744224908-1
kafka_pay_asci:...................__consumer_offsets..................test-topic-0000000-9HHKC60
kafka_pay_hex:" 00 03 00 00| 00 00 00 00| 00 00 00 00| 00 00 00 00| 00 00 13 5f| 5f 63 6f 6e| 73 75 6d 65| 72 5f 6f 66| 66 73 65 74| 73 00 00 00| 00 00 00 00| 00 00 00 00| 00 00 00 00| 00 00 1b 74| 65 73 74 2d| 74 6f 70 69| 63 2d 30 30| 30 30 30 30| 30 2d 39 48| 48 4b 43 36| 30"
---  iframe:000000000146  tcp_pair_key:192.168.108.4:1043-192.168.108.1:46032  direction:2  th_flags:"PUSH ACK  18"  seq_rel:000000008674:000000009175  seq_gap:000000001448  tsval:003939839930  ts_ns:00000000001774248633  tcp_pay_len:000501
p_pay_hex:" 00 00 0e 00| 00 00 03 00| 00 00 0c 02| 00 00 00 03| 02 00 00 00| 03 01 00 80| 00 00 00 00| 00 00 1b 74| 65 73 74 2d| 74 6f 70 69| 63 2d 30 30| 30 30 30 30| 30 2d 39 48| 48 4b 43 36| 30 30 75 f3| 08 81 f5 4f| 9b b4 12 2e| f3 57 de 4b| 9b 00 0b 00| 00 00 00 00| 02 00 00 00| 02 00 00 00| 13 04 00 00| 00 02 00 00| 00 03 00 00| 00 04 04 00| 00 00 03 00| 00 00 04 00| 00 00 02 01| 00 00 00 00| 00 00 06 00| 00 00 03 00| 00 00 10 04| 00 00 00 03| 00 00 00 02| 00 00 00 04| 04 00 00 00| 03 00 00 00| 02 00 00 00| 04 01 00 00| 00 00 00 00| 01 00 00 00| 01 00 00 00| 15 04 00 00| 00 01 00 00| 00 02 00 00| 00 03 04 00| 00 00 01 00| 00 00 02 00| 00 00 03 01| 00_trunc_"
p_pay_asci:...............................test-topic-0000000-9HHKC600u....O.....W.K................................................................................................................................._trunc_
kafka_req not found kafka_corr_id:182
++++++++++++++kafka rsp
swin_buf_n:2653  swin_offset:0
swin_buf_elems:" 00 00 03 00| 00 00 00 b6| 3f 1b 25 00| 00 00 00 00| 00 00 00 00| 00 00 00 00| 04 00 00 00| 00 b7 6f 4c| 68 00 00 00| 00 00 00 00| 00 00 00 00| 00 00 01 be| e7 e1 70 00| 00 00 01 b2| ec a8 50 00| 00 00 00 22| 2f 6d 6e 74| 2f 64 61 74| 61 2d 32 2f| 6b 72 61 66| 74 2d 63 6f| 6d 62 69 6e| 65 64 2d 6c| 6f 67 73 2d| 38 03 13 5f| 5f 63 6f 6e| 73 75 6d 65| 72 5f 6f 66| 66 73 65 74| 73 04 00 00| 00 0e 00 00| 00 00 00 00| 00 00 00 00| 00 00 00 00| 00 00 00 00| 00 00 00 11| 00 00 00 00| 00 00 00 00| 00 00 00 00| 00 00 00 00| 00 00 00 00| 00 1a 00 00| 00 00 00 00| 00 00 00 00| 00 00 00 00| 00 00 00 00| 00 1b 74 65| 73 74 2d 74| 6f 70 69 63| 2d 30 30 30| 30_trunc_"
-----------------
"kafka rsp_hdr_hex  ":" 00 00 03 00| 00 00 00 b6|"
fkafka response header rsp_length:768  correlation_id:182  swin_buf_n:2653  swin_offset:0
kafka_pay_asci:'?.%...................oLh.................p.......P...."/mnt/data-2/kraft-combined-logs-8..__consumer_offsets.....................................................................test-topic-0000000-9HHK_trunc_'
kafka_pay_hex:" 3f 1b 25 00| 00 00 00 00| 00 00 00 00| 00 00 00 00| 04 00 00 00| 00 b7 6f 4c| 68 00 00 00| 00 00 00 00| 00 00 00 00| 00 00 01 be| e7 e1 70 00| 00 00 01 b2| ec a8 50 00| 00 00 00 22| 2f 6d 6e 74| 2f 64 61 74| 61 2d 32 2f| 6b 72 61 66| 74 2d 63 6f| 6d 62 69 6e| 65 64 2d 6c| 6f 67 73 2d| 38 03 13 5f| 5f 63 6f 6e| 73 75 6d 65| 72 5f 6f 66| 66 73 65 74| 73 04 00 00| 00 0e 00 00| 00 00 00 00| 00 00 00 00| 00 00 00 00| 00 00 00 00| 00 00 00 11| 00 00 00 00| 00 00 00 00| 00 00 00 00| 00 00 00 00| 00 00 00 00| 00 1a 00 00| 00 00 00 00| 00 00 00 00| 00 00 00 00| 00 00 00 00| 00 1b 74 65| 73 74 2d 74| 6f 70 69 63| 2d 30 30 30| 30 30 30 30| 2d 39 48 48| 4b_trunc_"
kafka_req not found kafka_corr_id:3
++++++++++++++kafka rsp
swin_buf_n:2653  swin_offset:2151
swin_buf_elems:" 00 00 03 00| 00 00 00 b6| 3f 1b 25 00| 00 00 00 00| 00 00 00 00| 00 00 00 00| 04 00 00 00| 00 b7 6f 4c| 68 00 00 00| 00 00 00 00| 00 00 00 00| 00 00 01 be| e7 e1 70 00| 00 00 01 b2| ec a8 50 00| 00 00 00 22| 2f 6d 6e 74| 2f 64 61 74| 61 2d 32 2f| 6b 72 61 66| 74 2d 63 6f| 6d 62 69 6e| 65 64 2d 6c| 6f 67 73 2d| 38 03 13 5f| 5f 63 6f 6e| 73 75 6d 65| 72 5f 6f 66| 66 73 65 74| 73 04 00 00| 00 0e 00 00| 00 00 00 00| 00 00 00 00| 00 00 00 00| 00 00 00 00| 00 00 00 11| 00 00 00 00| 00 00 00 00| 00 00 00 00| 00 00 00 00| 00 00 00 00| 00 1a 00 00| 00 00 00 00| 00 00 00 00| 00 00 00 00| 00 00 00 00| 00 1b 74 65| 73 74 2d 74| 6f 70 69 63| 2d 30 30 30| 30_trunc_"
-----------------
"kafka rsp_hdr_hex  ":" 00 00 00 0e| 00 00 00 03|"
fkafka response header rsp_length:14  correlation_id:3  swin_buf_n:2653  swin_offset:2151
kafka_pay_asci:......
kafka_pay_hex:" 00 00 00 0c| 02 00"
atf_snf.info comment:"monitor step"  "elapsed(sec)":59.2526  mon_step_n:60
atf_snf.info comment:"monitor step"  "elapsed(sec)":60.2526  mon_step_n:61
atf_snf.info comment:"monitor step"  "elapsed(sec)":61.2526  mon_step_n:62
  
 comment:"Enter an option:"
 comment:"q - query"
 comment:"x - exit"
 comment:"r - resume"
 comment:"tp - toggle poll"
 comment:"tc - toggle clean"
 comment:"rc - run clean"
 comment:Exiting...

=============tcp_pairs req with matching rsp
  
==frame stats  direction:"c->b"  tcp_short:108.1-108.4  tcp_pair_key:192.168.108.1:46032-192.168.108.4:1043  frame_count:9  syn_count:1  fin_count:0  rst_count:0  isn:002107342221  tcp_payload_len_tot:000000000541
  kafka req stats  kafka_count:8  kafka_req_ack_count:2  kafka_count_in_bh:8  pct_non_ack!!!:0.666667  kafka_len_tot:000000000541
..client_id_key:kafka-ui-admin-1744224908-1
  -req  kafka_corr_id:10  ack:1  iframe:000000000056  api_key_str:"ApiVersions       "  kafka_len:63  mon_step_age:57
   kafka_buf_n:67  kafka_buf:"...?..........kafka-ui-admin-1744224908-1..apache-kafka-java.3.5.0."
  -rsp  kafka_corr_id:10  ack:1  iframe:000000000060  kafka_len:499  mon_step_age:57
   kafka_buf_n:503  kafka_buf:"..........>.............................................................................................................................................................................................._trunc_"

  -req  kafka_corr_id:12  ack:1  iframe:000000000064  api_key_str:"DescribeLogDirs   "  kafka_len:40  mon_step_age:57
   kafka_buf_n:44  kafka_buf:"...(.#........kafka-ui-admin-1744224908-1..."
  -rsp  kafka_corr_id:12  ack:1  iframe:000000000066  kafka_len:891  mon_step_age:57
   kafka_buf_n:895  kafka_buf:'...{.............."/mnt/data-1/kraft-combined-logs-8..__consumer_offsets....-................................................................."....................test-topic-0000000-9HHKC60..........?._trunc_'

  -req  kafka_corr_id:15  ack:0  iframe:000000000071  api_key_str:"Metadata          "  kafka_len:42  mon_step_age:57
   kafka_buf_n:46  kafka_buf:...*..........kafka-ui-admin-1744224908-1.....
  - response not found

  -req  kafka_corr_id:18  ack:0  iframe:000000000086  api_key_str:"DescribeCluster   "  kafka_len:40  mon_step_age:30
   kafka_buf_n:44  kafka_buf:"...(.<........kafka-ui-admin-1744224908-1..."
  - response not found

  -req  kafka_corr_id:19  ack:0  iframe:000000000090  api_key_str:"DescribeLogDirs   "  kafka_len:40  mon_step_age:30
   kafka_buf_n:44  kafka_buf:"...(.#........kafka-ui-admin-1744224908-1..."
  - response not found

  -req  kafka_corr_id:26  ack:0  iframe:000000000111  api_key_str:"Metadata          "  kafka_len:122  mon_step_age:30
   kafka_buf_n:126  kafka_buf:...z..........kafka-ui-admin-1744224908-1...................__consumer_offsets..................test-topic-0000000-9HHKC60....
  - response not found

  -req  kafka_corr_id:28  ack:0  iframe:000000000124  api_key_str:"DescribeLogDirs   "  kafka_len:40  mon_step_age:3
   kafka_buf_n:44  kafka_buf:"...(.#........kafka-ui-admin-1744224908-1..."
  - response not found

  -req  kafka_corr_id:35  ack:0  iframe:000000000140  api_key_str:"Metadata          "  kafka_len:122  mon_step_age:3
   kafka_buf_n:126  kafka_buf:"...z.......#..kafka-ui-admin-1744224908-1...................__consumer_offsets..................test-topic-0000000-9HHKC60...."
  - response not found

==frame stats  direction:"b->c"  tcp_short:108.4-108.1  tcp_pair_key:192.168.108.4:1043-192.168.108.1:46032  frame_count:9  syn_count:1  fin_count:0  rst_count:0  isn:000828823012  tcp_payload_len_tot:000000004830
  gaps_pos!!!  seq_gap_pos_count:3
  kafka rsp stats  kafka_count:5  kafka_count_in_bh:5  kafka_len_tot:000000005776

=============tcp_pairs rsp without req 

==========================================batch stats
"elapsed(sec)":64.0602  iframe_count:149  kafka_req_count_total:8  kafka_req_ack_count_total:2  "kafka_duration_avg (ns)":826320  ind_tcp_pair_n:2  max_pkt_len:1514
Kafka Non-ACK(BAD - request without response) Ratio Histogram:
range:70-80%  count_of_tcp_pairs:1
