verbose: SysCmdExec.info  cmd:"rm -rf /home/avorovich/pcap/rdp_del_top"
verbose: bash  -c 'rm -rf /home/avorovich/pcap/rdp_del_top'
verbose: SysCmdExec.info  cmd:"mkdir -p /home/avorovich/pcap/rdp_del_top"
verbose: bash  -c 'mkdir -p /home/avorovich/pcap/rdp_del_top'
verbose: SysCmdExec.info  cmd:"mkdir -p /home/avorovich/pcap/rdp_del_top/tests"
verbose: bash  -c 'mkdir -p /home/avorovich/pcap/rdp_del_top/tests'
output tests_dir:/home/avorovich/pcap/rdp_del_top/tests
verbose: SysCmdExec.info  cmd:"mkdir -p /home/avorovich/pcap/rdp_del_top/tcp_pairs"
verbose: bash  -c 'mkdir -p /home/avorovich/pcap/rdp_del_top/tcp_pairs'
output tcp_pair_dir:/home/avorovich/pcap/rdp_del_top/tcp_pairs
verbose: SysCmdExec.info  cmd:"mkdir -p /home/avorovich/pcap/rdp_del_top/logs"
verbose: bash  -c 'mkdir -p /home/avorovich/pcap/rdp_del_top/logs'
output omnodes_logs_dir:/home/avorovich/pcap/rdp_del_top/logs
verbose: SysCmdExec.info  cmd:"sudo chmod -R 777 /home/avorovich/pcap/\n"
verbose: bash  -c $'sudo chmod -R 777 /home/avorovich/pcap/\n'
verbose: bash  -c $' PCI_CLAUSE=$(basename $(readlink -f /sys/class/infiniband/mlx5_1/device))\n INTERFACE=$(ls /sys/bus/pci/devices/$PCI_CLAUSE/net/ 2>/dev/null)\n echo $PCI_CLAUSE $INTERFACE\n' >&7
verbose: bash  -c $' PCI_CLAUSE=$(basename $(readlink -f /sys/class/infiniband/mlx5_0/device))\n INTERFACE=$(ls /sys/bus/pci/devices/$PCI_CLAUSE/net/ 2>/dev/null)\n echo $PCI_CLAUSE $INTERFACE\n' >&7
verbose: bash  -c $' PCI_CLAUSE=$(basename $(readlink -f /sys/class/infiniband/mlx5_3/device))\n INTERFACE=$(ls /sys/bus/pci/devices/$PCI_CLAUSE/net/ 2>/dev/null)\n echo $PCI_CLAUSE $INTERFACE\n' >&7
verbose: bash  -c $' PCI_CLAUSE=$(basename $(readlink -f /sys/class/infiniband/mlx5_4/device))\n INTERFACE=$(ls /sys/bus/pci/devices/$PCI_CLAUSE/net/ 2>/dev/null)\n echo $PCI_CLAUSE $INTERFACE\n' >&7
verbose: bash  -c $' PCI_CLAUSE=$(basename $(readlink -f /sys/class/infiniband/mlx5_5/device))\n INTERFACE=$(ls /sys/bus/pci/devices/$PCI_CLAUSE/net/ 2>/dev/null)\n echo $PCI_CLAUSE $INTERFACE\n' >&7
verbose: bash  -c $' PCI_CLAUSE=$(basename $(readlink -f /sys/class/infiniband/mlx5_6/device))\n INTERFACE=$(ls /sys/bus/pci/devices/$PCI_CLAUSE/net/ 2>/dev/null)\n echo $PCI_CLAUSE $INTERFACE\n' >&7
verbose: bash  -c $' PCI_CLAUSE=$(basename $(readlink -f /sys/class/infiniband/mlx5_7/device))\n INTERFACE=$(ls /sys/bus/pci/devices/$PCI_CLAUSE/net/ 2>/dev/null)\n echo $PCI_CLAUSE $INTERFACE\n' >&7
verbose: bash  -c $' PCI_CLAUSE=$(basename $(readlink -f /sys/class/infiniband/mlx5_8/device))\n INTERFACE=$(ls /sys/bus/pci/devices/$PCI_CLAUSE/net/ 2>/dev/null)\n echo $PCI_CLAUSE $INTERFACE\n' >&7
verbose: bash  -c $' PCI_CLAUSE=$(basename $(readlink -f /sys/class/infiniband/mlx5_9/device))\n INTERFACE=$(ls /sys/bus/pci/devices/$PCI_CLAUSE/net/ 2>/dev/null)\n echo $PCI_CLAUSE $INTERFACE\n' >&7
verbose: bash  -c $' PCI_CLAUSE=$(basename $(readlink -f /sys/class/infiniband/mlx5_10/device))\n INTERFACE=$(ls /sys/bus/pci/devices/$PCI_CLAUSE/net/ 2>/dev/null)\n echo $PCI_CLAUSE $INTERFACE\n' >&7
verbose: bash  -c $' PCI_CLAUSE=$(basename $(readlink -f /sys/class/infiniband/mlx5_11/device))\n INTERFACE=$(ls /sys/bus/pci/devices/$PCI_CLAUSE/net/ 2>/dev/null)\n echo $PCI_CLAUSE $INTERFACE\n' >&7
verbose: bash  -c $' PCI_CLAUSE=$(basename $(readlink -f /sys/class/infiniband/mlx5_12/device))\n INTERFACE=$(ls /sys/bus/pci/devices/$PCI_CLAUSE/net/ 2>/dev/null)\n echo $PCI_CLAUSE $INTERFACE\n' >&7
verbose: bash  -c $' PCI_CLAUSE=$(basename $(readlink -f /sys/class/infiniband/mlx5_13/device))\n INTERFACE=$(ls /sys/bus/pci/devices/$PCI_CLAUSE/net/ 2>/dev/null)\n echo $PCI_CLAUSE $INTERFACE\n' >&7
verbose: bash  -c $' PCI_CLAUSE=$(basename $(readlink -f /sys/class/infiniband/mlx5_14/device))\n INTERFACE=$(ls /sys/bus/pci/devices/$PCI_CLAUSE/net/ 2>/dev/null)\n echo $PCI_CLAUSE $INTERFACE\n' >&7
verbose: bash  -c $' PCI_CLAUSE=$(basename $(readlink -f /sys/class/infiniband/mlx5_15/device))\n INTERFACE=$(ls /sys/bus/pci/devices/$PCI_CLAUSE/net/ 2>/dev/null)\n echo $PCI_CLAUSE $INTERFACE\n' >&7
verbose: bash  -c $' PCI_CLAUSE=$(basename $(readlink -f /sys/class/infiniband/mlx5_16/device))\n INTERFACE=$(ls /sys/bus/pci/devices/$PCI_CLAUSE/net/ 2>/dev/null)\n echo $PCI_CLAUSE $INTERFACE\n' >&7
verbose: bash  -c $' PCI_CLAUSE=$(basename $(readlink -f /sys/class/infiniband/mlx5_17/device))\n INTERFACE=$(ls /sys/bus/pci/devices/$PCI_CLAUSE/net/ 2>/dev/null)\n echo $PCI_CLAUSE $INTERFACE\n' >&7
verbose: bash  -c $' PCI_CLAUSE=$(basename $(readlink -f /sys/class/infiniband/mlx5_18/device))\n INTERFACE=$(ls /sys/bus/pci/devices/$PCI_CLAUSE/net/ 2>/dev/null)\n echo $PCI_CLAUSE $INTERFACE\n' >&7
verbose: bash  -c $' PCI_CLAUSE=$(basename $(readlink -f /sys/class/infiniband/mlx5_2/device))\n INTERFACE=$(ls /sys/bus/pci/devices/$PCI_CLAUSE/net/ 2>/dev/null)\n echo $PCI_CLAUSE $INTERFACE\n' >&7
verbose: bash  -c $' PCI_CLAUSE=$(basename $(readlink -f /sys/class/infiniband/mlx5_19/device))\n INTERFACE=$(ls /sys/bus/pci/devices/$PCI_CLAUSE/net/ 2>/dev/null)\n echo $PCI_CLAUSE $INTERFACE\n' >&7
verbose: bash  -c $' PCI_CLAUSE=$(basename $(readlink -f /sys/class/infiniband/mlx5_20/device))\n INTERFACE=$(ls /sys/bus/pci/devices/$PCI_CLAUSE/net/ 2>/dev/null)\n echo $PCI_CLAUSE $INTERFACE\n' >&7
verbose: bash  -c $' PCI_CLAUSE=$(basename $(readlink -f /sys/class/infiniband/mlx5_21/device))\n INTERFACE=$(ls /sys/bus/pci/devices/$PCI_CLAUSE/net/ 2>/dev/null)\n echo $PCI_CLAUSE $INTERFACE\n' >&7
verbose: bash  -c $' PCI_CLAUSE=$(basename $(readlink -f /sys/class/infiniband/mlx5_22/device))\n INTERFACE=$(ls /sys/bus/pci/devices/$PCI_CLAUSE/net/ 2>/dev/null)\n echo $PCI_CLAUSE $INTERFACE\n' >&7
verbose: bash  -c $' PCI_CLAUSE=$(basename $(readlink -f /sys/class/infiniband/mlx5_23/device))\n INTERFACE=$(ls /sys/bus/pci/devices/$PCI_CLAUSE/net/ 2>/dev/null)\n echo $PCI_CLAUSE $INTERFACE\n' >&7
verbose: bash  -c $' PCI_CLAUSE=$(basename $(readlink -f /sys/class/infiniband/mlx5_24/device))\n INTERFACE=$(ls /sys/bus/pci/devices/$PCI_CLAUSE/net/ 2>/dev/null)\n echo $PCI_CLAUSE $INTERFACE\n' >&7
verbose: bash  -c $' PCI_CLAUSE=$(basename $(readlink -f /sys/class/infiniband/mlx5_25/device))\n INTERFACE=$(ls /sys/bus/pci/devices/$PCI_CLAUSE/net/ 2>/dev/null)\n echo $PCI_CLAUSE $INTERFACE\n' >&7
verbose: bash  -c $' PCI_CLAUSE=$(basename $(readlink -f /sys/class/infiniband/mlx5_26/device))\n INTERFACE=$(ls /sys/bus/pci/devices/$PCI_CLAUSE/net/ 2>/dev/null)\n echo $PCI_CLAUSE $INTERFACE\n' >&7
verbose: bash  -c $' PCI_CLAUSE=$(basename $(readlink -f /sys/class/infiniband/mlx5_27/device))\n INTERFACE=$(ls /sys/bus/pci/devices/$PCI_CLAUSE/net/ 2>/dev/null)\n echo $PCI_CLAUSE $INTERFACE\n' >&7
verbose: bash  -c $' PCI_CLAUSE=$(basename $(readlink -f /sys/class/infiniband/mlx5_28/device))\n INTERFACE=$(ls /sys/bus/pci/devices/$PCI_CLAUSE/net/ 2>/dev/null)\n echo $PCI_CLAUSE $INTERFACE\n' >&7
verbose: bash  -c $' PCI_CLAUSE=$(basename $(readlink -f /sys/class/infiniband/mlx5_29/device))\n INTERFACE=$(ls /sys/bus/pci/devices/$PCI_CLAUSE/net/ 2>/dev/null)\n echo $PCI_CLAUSE $INTERFACE\n' >&7
verbose: bash  -c $' PCI_CLAUSE=$(basename $(readlink -f /sys/class/infiniband/mlx5_30/device))\n INTERFACE=$(ls /sys/bus/pci/devices/$PCI_CLAUSE/net/ 2>/dev/null)\n echo $PCI_CLAUSE $INTERFACE\n' >&7
verbose: bash  -c $' PCI_CLAUSE=$(basename $(readlink -f /sys/class/infiniband/mlx5_31/device))\n INTERFACE=$(ls /sys/bus/pci/devices/$PCI_CLAUSE/net/ 2>/dev/null)\n echo $PCI_CLAUSE $INTERFACE\n' >&7
verbose: bash  -c $' PCI_CLAUSE=$(basename $(readlink -f /sys/class/infiniband/mlx5_32/device))\n INTERFACE=$(ls /sys/bus/pci/devices/$PCI_CLAUSE/net/ 2>/dev/null)\n echo $PCI_CLAUSE $INTERFACE\n' >&7
verbose: bash  -c $' PCI_CLAUSE=$(basename $(readlink -f /sys/class/infiniband/mlx5_33/device))\n INTERFACE=$(ls /sys/bus/pci/devices/$PCI_CLAUSE/net/ 2>/dev/null)\n echo $PCI_CLAUSE $INTERFACE\n' >&7
verbose: bash  -c $' PCI_CLAUSE=$(basename $(readlink -f /sys/class/infiniband/mlx5_34/device))\n INTERFACE=$(ls /sys/bus/pci/devices/$PCI_CLAUSE/net/ 2>/dev/null)\n echo $PCI_CLAUSE $INTERFACE\n' >&7
verbose: bash  -c $' PCI_CLAUSE=$(basename $(readlink -f /sys/class/infiniband/mlx5_35/device))\n INTERFACE=$(ls /sys/bus/pci/devices/$PCI_CLAUSE/net/ 2>/dev/null)\n echo $PCI_CLAUSE $INTERFACE\n' >&7
verbose: bash  -c $' PCI_CLAUSE=$(basename $(readlink -f /sys/class/infiniband/mlx5_36/device))\n INTERFACE=$(ls /sys/bus/pci/devices/$PCI_CLAUSE/net/ 2>/dev/null)\n echo $PCI_CLAUSE $INTERFACE\n' >&7
verbose: bash  -c $' PCI_CLAUSE=$(basename $(readlink -f /sys/class/infiniband/mlx5_37/device))\n INTERFACE=$(ls /sys/bus/pci/devices/$PCI_CLAUSE/net/ 2>/dev/null)\n echo $PCI_CLAUSE $INTERFACE\n' >&7
verbose: bash  -c $' PCI_CLAUSE=$(basename $(readlink -f /sys/class/infiniband/mlx5_38/device))\n INTERFACE=$(ls /sys/bus/pci/devices/$PCI_CLAUSE/net/ 2>/dev/null)\n echo $PCI_CLAUSE $INTERFACE\n' >&7
verbose: bash  -c $' PCI_CLAUSE=$(basename $(readlink -f /sys/class/infiniband/mlx5_39/device))\n INTERFACE=$(ls /sys/bus/pci/devices/$PCI_CLAUSE/net/ 2>/dev/null)\n echo $PCI_CLAUSE $INTERFACE\n' >&7
verbose: bash  -c $' PCI_CLAUSE=$(basename $(readlink -f /sys/class/infiniband/mlx5_40/device))\n INTERFACE=$(ls /sys/bus/pci/devices/$PCI_CLAUSE/net/ 2>/dev/null)\n echo $PCI_CLAUSE $INTERFACE\n' >&7
verbose: bash  -c $' PCI_CLAUSE=$(basename $(readlink -f /sys/class/infiniband/mlx5_41/device))\n INTERFACE=$(ls /sys/bus/pci/devices/$PCI_CLAUSE/net/ 2>/dev/null)\n echo $PCI_CLAUSE $INTERFACE\n' >&7
verbose: bash  -c $' PCI_CLAUSE=$(basename $(readlink -f /sys/class/infiniband/mlx5_42/device))\n INTERFACE=$(ls /sys/bus/pci/devices/$PCI_CLAUSE/net/ 2>/dev/null)\n echo $PCI_CLAUSE $INTERFACE\n' >&7
atf_snf.info dev:data0-8T  port:1
verbose: lsof /dev/infiniband/uverbs18
verbose: bash  -c 'lsof /dev/infiniband/uverbs18' >&5
atf_snf.info comment:"opened the device"
atf_snf.info comment:"allocated protected domain"
atf_snf.info comment:"created CQ ex"
atf_snf.info comment:"created QP ex"
atf_snf.info comment:"init QP port"
atf_snf.info comment:"QO Ready To Receive"
atf_snf.info comment:"SGE and WR are initialised"
atf_snf.info intfname:data0-8T  port:1  ib:mlx5_18  pci:0000:c5:02.0  comment:"Flow created successfully, sniffing all traffic"
  
 comment:"Enter an option:"
 comment:"q - query"
 comment:"x - exit"
 comment:"r - resume"
 comment:"tp - toggle poll"
 comment:"tc - toggle clean"
 comment:"rc - run clean"
 comment:"Exiting.. Disable steps/mainloop...."
atf_snf.info comment:"snf shutdown"
atf_snf.info comment:"destroying flow"
atf_snf.info comment:"destroying QP"
atf_snf.info comment:"destroying CQ"
atf_snf.info comment:"destroying PD"
PcapOutFileClose  fname:rdp_del_top.pcap
issue chmod command  cmd:"chmod 666 /home/avorovich/pcap/rdp_del_top.pcap"
verbose: bash  -c 'chmod 666 /home/avorovich/pcap/rdp_del_top.pcap'

=============tcp_pairs req with matching rsp
==  
atf_snf.frame_stats  direction:"c->b"  tcp_short:108.1-108.5  tcp_pair_key:192.168.108.1:44504-192.168.108.5:1047  frame_count:28  syn_count:1  fin_count:0  rst_count:0  isn:001327824060  tcp_payload_len_tot:000000000632
atf_snf.kafka_stats  client_id_key:redpanda-console  kafka_count:15  kafka_req_ack_count:15  kafka_count_in_bh:15  pct_non_ack!!!:0  kafka_len_tot:000000000632

atf_snf.frame_stats  direction:"b->c"  tcp_short:108.5-108.1  tcp_pair_key:192.168.108.5:1047-192.168.108.1:44504  frame_count:17  syn_count:1  fin_count:0  rst_count:0  isn:003665812647  tcp_payload_len_tot:000000003667
atf_snf.kafka_stats  kafka_count:15  kafka_count_in_bh:15  kafka_len_tot:000000003667
==  
atf_snf.frame_stats  direction:"c->b"  tcp_short:108.1-108.5  tcp_pair_key:192.168.108.1:44510-192.168.108.5:1047  frame_count:47  syn_count:1  fin_count:0  rst_count:0  isn:004107860783  tcp_payload_len_tot:000000000964
atf_snf.frame_err  !!seq_gap_neg_count:1
atf_snf.kafka_stats  client_id_key:redpanda-console  kafka_count:25  kafka_req_ack_count:25  kafka_count_in_bh:25  pct_non_ack!!!:0  kafka_len_tot:000000000928

atf_snf.frame_stats  direction:"b->c"  tcp_short:108.5-108.1  tcp_pair_key:192.168.108.5:1047-192.168.108.1:44510  frame_count:92  syn_count:1  fin_count:0  rst_count:0  isn:002794631952  tcp_payload_len_tot:000000096776
atf_snf.kafka_stats  kafka_count:25  kafka_count_in_bh:25  kafka_len_tot:000000096776
==  
atf_snf.frame_stats  direction:"c->b"  tcp_short:108.1-108.5  tcp_pair_key:192.168.108.1:44512-192.168.108.5:1047  frame_count:11  syn_count:1  fin_count:0  rst_count:0  isn:001060330553  tcp_payload_len_tot:000000000196
atf_snf.kafka_stats  client_id_key:redpanda-console  kafka_count:5  kafka_req_ack_count:5  kafka_count_in_bh:5  pct_non_ack!!!:0  kafka_len_tot:000000000196

atf_snf.frame_stats  direction:"b->c"  tcp_short:108.5-108.1  tcp_pair_key:192.168.108.5:1047-192.168.108.1:44512  frame_count:9  syn_count:1  fin_count:0  rst_count:0  isn:000102319826  tcp_payload_len_tot:000000001204
atf_snf.kafka_stats  kafka_count:5  kafka_count_in_bh:5  kafka_len_tot:000000001204
==  
atf_snf.frame_stats  direction:"c->b"  tcp_short:108.1-108.5  tcp_pair_key:192.168.108.1:44526-192.168.108.5:1047  frame_count:15  syn_count:1  fin_count:0  rst_count:0  isn:001754758951  tcp_payload_len_tot:000000000226
atf_snf.kafka_stats  client_id_key:redpanda-console  kafka_count:6  kafka_req_ack_count:6  kafka_count_in_bh:6  pct_non_ack!!!:0  kafka_len_tot:000000000226

atf_snf.frame_stats  direction:"b->c"  tcp_short:108.5-108.1  tcp_pair_key:192.168.108.5:1047-192.168.108.1:44526  frame_count:28  syn_count:1  fin_count:0  rst_count:0  isn:002757831493  tcp_payload_len_tot:000000028179
atf_snf.kafka_stats  kafka_count:6  kafka_count_in_bh:6  kafka_len_tot:000000028179
==  
atf_snf.frame_stats  direction:"c->b"  tcp_short:108.1-108.5  tcp_pair_key:192.168.108.1:36798-192.168.108.5:1047  frame_count:6  syn_count:1  fin_count:0  rst_count:0  isn:002029948266  tcp_payload_len_tot:000000000115
atf_snf.kafka_stats  client_id_key:redpanda-console  kafka_count:2  kafka_req_ack_count:2  kafka_count_in_bh:2  pct_non_ack!!!:0  kafka_len_tot:000000000115

atf_snf.frame_stats  direction:"b->c"  tcp_short:108.5-108.1  tcp_pair_key:192.168.108.5:1047-192.168.108.1:36798  frame_count:5  syn_count:1  fin_count:0  rst_count:0  isn:000685914745  tcp_payload_len_tot:000000001281
atf_snf.kafka_stats  kafka_count:2  kafka_count_in_bh:2  kafka_len_tot:000000001281

=============tcp_pairs rsp without req 

==========================================batch stats
TCP_FILTER.ATTENTION!!!!:N
  "elapsed(sec)":43.702  iframe_count:259  seq_gap_pos_count:0  seq_gap_neg_count:1  kafka_req_count_total:53  kafka_req_ack_count_total:53  kafka_solo_err_count:0  "kafka_duration_avg (ns)":4475122  ind_tcp_pair_n:10  max_pkt_len:1514
Kafka Non-ACK(BAD - request without response) Ratio Histogram:
range:00-00%  count_of_tcp_pairs:5
verbose: SysCmdExec.info  cmd:"sudo chmod -R 777 /home/avorovich/pcap/\n"
verbose: bash  -c $'sudo chmod -R 777 /home/avorovich/pcap/\n'
exit to OS
