logging standalone files in out_solo_dir_full:/home/avorovich/pcap/
logging tcp_pairs log files tcp_pair_dir:/home/avorovich/pcap//tcp_pairs
atf_snf.info dev:data0-8T  port:1
atf_snf.info comment:"opened the device"
atf_snf.info comment:"allocated protected domain"
atf_snf.info comment:"created CQ ex"
atf_snf.info comment:"created QP ex"
atf_snf.info comment:"init QP port"
atf_snf.info comment:"QO Ready To Receive"
atf_snf.info comment:"SGE and WR are initialised"
atf_snf.info intfname:data0-8T  port:1  ib:mlx5_18  pci:0000:c5:02.0  comment:"Flow created successfully, sniffing all traffic"
  
 comment:"Enter an option:"
 comment:"q - query"
 comment:"x - exit"
 comment:"r - resume"
 comment:"tp - toggle poll"
 comment:"tc - toggle clean"
 comment:"rc - run clean"
 comment:"Exiting.. Disable steps/mainloop...."
atf_snf.info comment:"snf shutdown"
atf_snf.info comment:"destroying flow"
atf_snf.info comment:"destroying QP"
atf_snf.info comment:"destroying CQ"
atf_snf.info comment:"destroying PD"
PcapOutFileClose  fname:wrk_full.pcap

=============tcp_pairs req with matching rsp

=============tcp_pairs rsp without req 

==========================================batch stats
TCP_FILTER.ATTENTION!!!!:N
  "elapsed(sec)":93.7568  iframe_count:2  kafka_req_count_total:0  kafka_req_ack_count_total:0  kafka_solo_err_count:0  "kafka_duration_avg (ns)":0  ind_tcp_pair_n:0  max_pkt_len:70
Kafka Non-ACK(BAD - request without response) Ratio Histogram:
exit to OS
