atf_snf.info dev:data0-8  port:1  comment:"creating QP"
atf_snf.info comment:"opened the device"
atf_snf.info comment:"allocated protected domain"
atf_snf.info comment:"created CQ ex"
atf_snf.info comment:"created QP ex"
atf_snf.info comment:"init QP port"
atf_snf.info comment:"QO Ready To Receive"
atf_snf.info comment:"SGE and WR are initialised"
atf_snf.info dev:data0-8  port:1  ib:mlx5_15  pci:0000:81:01.0  comment:"Flow created successfully, sniffing all traffic"
atf_snf.info comment:"monitor step"  "elapsed(sec)":0.755059  mon_step_n:1
atf_snf.info comment:"monitor step"  "elapsed(sec)":5.35363  mon_step_n:2
atf_snf.info comment:"monitor step"  "elapsed(sec)":28.233  mon_step_n:3
atf_snf.info comment:"monitor step"  "elapsed(sec)":33.0221  mon_step_n:4
atf_snf.info comment:"monitor step"  "elapsed(sec)":55.7109  mon_step_n:5
atf_snf.info comment:"monitor step"  "elapsed(sec)":60.4693  mon_step_n:6
  
 comment:"Enter an option:"
 comment:"q - query"
 comment:"x - exit"
 comment:"r - resume"
 comment:"tp - toggle poll"
 comment:"tc - toggle clean"
 comment:"rc - run clean"

=============tcp_pairs req with matching rsp
  
==frame stats  direction:"c->b"  tcp_pair_key:192.168.108.1:46228-192.168.108.5:1047  frame_count:8  syn_count:0  fin_count:0  rst_count:0  isn:002977649984  tcp_payload_len_tot:000000000410
  kafka req stats  kafka_count:8  kafka_req_ack_count:2  kafka_count_in_bh:8  pct_non_ack!!!:0.666667  kafka_len_tot:000000000410
..client_id_key:kafka-ui-admin-1744121470-1
  kafka_corr_id:6257  ack:1  iframe:000000000002  api_key_str:"DescribeCluster           "  kafka_len:40  mon_step_age:6
  kafka_corr_id:6260  ack:1  iframe:000000000007  api_key_str:"DescribeLogDirs           "  kafka_len:40  mon_step_age:5
  kafka_corr_id:6262  ack:0  iframe:000000000009  api_key_str:"Metadata                  "  kafka_len:42  mon_step_age:5
  kafka_corr_id:6263  ack:0  iframe:000000000015  api_key_str:"Metadata                  "  kafka_len:42  mon_step_age:5
  kafka_corr_id:6266  ack:0  iframe:000000000038  api_key_str:"DescribeCluster           "  kafka_len:40  mon_step_age:4
  kafka_corr_id:6269  ack:0  iframe:000000000043  api_key_str:"DescribeLogDirs           "  kafka_len:40  mon_step_age:3
  kafka_corr_id:6278  ack:0  iframe:000000000082  api_key_str:"DescribeLogDirs           "  kafka_len:40  mon_step_age:1
  kafka_corr_id:6282  ack:0  iframe:000000000096  api_key_str:"DescribeConfigs           "  kafka_len:94  mon_step_age:1
==frame stats  direction:"b->c"  tcp_pair_key:192.168.108.5:1047-192.168.108.1:46228  frame_count:9  syn_count:0  fin_count:0  rst_count:0  isn:001517886947  tcp_payload_len_tot:000000004318
  gaps_pos!!!  seq_gap_pos_count:3
  gaps_neg!!!  seq_gap_neg_count:1
  kafka rsp stats  kafka_count:3  kafka_count_in_bh:3  kafka_len_tot:000000007186
  kafka_corr_id:6257  ack:1  iframe:000000000003  kafka_len:135  mon_step_age:5
  kafka_corr_id:6260  ack:1  iframe:000000000008  kafka_len:639  mon_step_age:5
  kafka_corr_id:256  ack:0  iframe:000000000103  kafka_len:6400  mon_step_age:1
  
==frame stats  direction:"c->b"  tcp_pair_key:192.168.108.1:40578-192.168.108.2:1031  frame_count:5  syn_count:0  fin_count:0  rst_count:0  isn:003240614242  tcp_payload_len_tot:000000000302
  kafka req stats  kafka_count:5  kafka_req_ack_count:4  kafka_count_in_bh:5  pct_non_ack!!!:0.166667  kafka_len_tot:000000000302
..client_id_key:kafka-ui-admin-1744121470-1
  kafka_corr_id:6259  ack:1  iframe:000000000004  api_key_str:"DescribeLogDirs           "  kafka_len:40  mon_step_age:5
  kafka_corr_id:6268  ack:1  iframe:000000000040  api_key_str:"DescribeLogDirs           "  kafka_len:40  mon_step_age:3
  kafka_corr_id:6275  ack:1  iframe:000000000076  api_key_str:"DescribeCluster           "  kafka_len:40  mon_step_age:2
  kafka_corr_id:6277  ack:1  iframe:000000000079  api_key_str:"DescribeLogDirs           "  kafka_len:40  mon_step_age:1
  kafka_corr_id:6283  ack:0  iframe:000000000097  api_key_str:"Metadata                  "  kafka_len:122  mon_step_age:1
==frame stats  direction:"b->c"  tcp_pair_key:192.168.108.2:1031-192.168.108.1:40578  frame_count:6  syn_count:0  fin_count:0  rst_count:0  isn:000660478961  tcp_payload_len_tot:000000003760
  gaps_pos!!!  seq_gap_pos_count:1
  gaps_neg!!!  seq_gap_neg_count:1
  kafka rsp stats  kafka_count:4  kafka_count_in_bh:4  kafka_len_tot:000000002758
  kafka_corr_id:6259  ack:1  iframe:000000000011  kafka_len:869  mon_step_age:5
  kafka_corr_id:6268  ack:1  iframe:000000000051  kafka_len:869  mon_step_age:3
  kafka_corr_id:6275  ack:1  iframe:000000000077  kafka_len:135  mon_step_age:1
  kafka_corr_id:6277  ack:1  iframe:000000000087  kafka_len:869  mon_step_age:1
  
==frame stats  direction:"c->b"  tcp_pair_key:192.168.108.1:60432-192.168.108.3:1039  frame_count:9  syn_count:0  fin_count:0  rst_count:0  isn:002493849281  tcp_payload_len_tot:000000000540
  kafka req stats  kafka_count:9  kafka_req_ack_count:2  kafka_count_in_bh:9  pct_non_ack!!!:0.7  kafka_len_tot:000000000540
..client_id_key:kafka-ui-admin-1744121470-1
  kafka_corr_id:6261  ack:1  iframe:000000000005  api_key_str:"DescribeLogDirs           "  kafka_len:40  mon_step_age:5
  kafka_corr_id:6264  ack:0  iframe:000000000017  api_key_str:"DescribeConfigs           "  kafka_len:94  mon_step_age:5
  kafka_corr_id:6270  ack:1  iframe:000000000041  api_key_str:"DescribeLogDirs           "  kafka_len:40  mon_step_age:3
  kafka_corr_id:6271  ack:0  iframe:000000000047  api_key_str:"Metadata                  "  kafka_len:42  mon_step_age:3
  kafka_corr_id:6272  ack:0  iframe:000000000052  api_key_str:"Metadata                  "  kafka_len:42  mon_step_age:3
  kafka_corr_id:6274  ack:0  iframe:000000000058  api_key_str:"Metadata                  "  kafka_len:122  mon_step_age:3
  kafka_corr_id:6279  ack:0  iframe:000000000080  api_key_str:"DescribeLogDirs           "  kafka_len:40  mon_step_age:1
  kafka_corr_id:6280  ack:0  iframe:000000000084  api_key_str:"Metadata                  "  kafka_len:42  mon_step_age:1
  kafka_corr_id:6281  ack:0  iframe:000000000092  api_key_str:"Metadata                  "  kafka_len:42  mon_step_age:1
==frame stats  direction:"b->c"  tcp_pair_key:192.168.108.3:1039-192.168.108.1:60432  frame_count:12  syn_count:0  fin_count:0  rst_count:0  isn:000799452567  tcp_payload_len_tot:000000007030
  gaps_pos!!!  seq_gap_pos_count:6
  gaps_neg!!!  seq_gap_neg_count:3
  kafka rsp stats  kafka_count:4  kafka_count_in_bh:4  kafka_len_tot:000000007971
  kafka_corr_id:6261  ack:1  iframe:000000000010  kafka_len:765  mon_step_age:5
  kafka_corr_id:6270  ack:1  iframe:000000000044  kafka_len:765  mon_step_age:3
  kafka_corr_id:256  ack:0  iframe:000000000089  kafka_len:6400  mon_step_age:1
  kafka_corr_id:1  ack:0  iframe:000000000089  kafka_len:25  mon_step_age:1
  
==frame stats  direction:"c->b"  tcp_pair_key:192.168.108.1:40056-192.168.108.4:1043  frame_count:5  syn_count:0  fin_count:0  rst_count:0  isn:000447682834  tcp_payload_len_tot:000000000356
  kafka req stats  kafka_count:5  kafka_req_ack_count:1  kafka_count_in_bh:5  pct_non_ack!!!:0.666667  kafka_len_tot:000000000356
..client_id_key:kafka-ui-admin-1744121470-1
  kafka_corr_id:6258  ack:1  iframe:000000000006  api_key_str:"DescribeLogDirs           "  kafka_len:40  mon_step_age:5
  kafka_corr_id:6265  ack:0  iframe:000000000022  api_key_str:"Metadata                  "  kafka_len:122  mon_step_age:5
  kafka_corr_id:6267  ack:0  iframe:000000000042  api_key_str:"DescribeLogDirs           "  kafka_len:40  mon_step_age:3
  kafka_corr_id:6273  ack:0  iframe:000000000054  api_key_str:"DescribeConfigs           "  kafka_len:94  mon_step_age:3
  kafka_corr_id:6276  ack:0  iframe:000000000081  api_key_str:"DescribeLogDirs           "  kafka_len:40  mon_step_age:1
==frame stats  direction:"b->c"  tcp_pair_key:192.168.108.4:1043-192.168.108.1:40056  frame_count:7  syn_count:0  fin_count:0  rst_count:0  isn:003952984094  tcp_payload_len_tot:000000004903
  gaps_pos!!!  seq_gap_pos_count:2
  gaps_neg!!!  seq_gap_neg_count:2
  kafka rsp stats  kafka_count:2  kafka_count_in_bh:2  kafka_len_tot:000000007299
  kafka_corr_id:6258  ack:1  iframe:000000000016  kafka_len:891  mon_step_age:5
  kafka_corr_id:256  ack:0  iframe:000000000091  kafka_len:6400  mon_step_age:1

=============tcp_pairs rsp without req 

==========================================batch stats
"elapsed(sec)":68.9187  iframe_count:114  kafka_req_count_total:27  kafka_req_ack_count_total:9  "kafka_duration_avg (ns)":734281  ind_tcp_pair_n:8  max_pkt_len:1514
Kafka Non-ACK(BAD - request without response) Ratio Histogram:
range:20-30%  count_of_tcp_pairs:1
range:70-80%  count_of_tcp_pairs:2
range:80-90%  count_of_tcp_pairs:1
  
 comment:"Enter an option:"
 comment:"q - query"
 comment:"x - exit"
 comment:"r - resume"
 comment:"tp - toggle poll"
 comment:"tc - toggle clean"
 comment:"rc - run clean"
atf_snf.error comment:"Invalid "
  
 comment:"Enter an option:"
 comment:"q - query"
 comment:"x - exit"
 comment:"r - resume"
 comment:"tp - toggle poll"
 comment:"tc - toggle clean"
 comment:"rc - run clean"
 comment:Exiting...

=============tcp_pairs req with matching rsp
  
==frame stats  direction:"c->b"  tcp_pair_key:192.168.108.1:46228-192.168.108.5:1047  frame_count:8  syn_count:0  fin_count:0  rst_count:0  isn:002977649984  tcp_payload_len_tot:000000000410
  kafka req stats  kafka_count:8  kafka_req_ack_count:2  kafka_count_in_bh:8  pct_non_ack!!!:0.666667  kafka_len_tot:000000000410
..client_id_key:kafka-ui-admin-1744121470-1
  kafka_corr_id:6257  ack:1  iframe:000000000002  api_key_str:"DescribeCluster           "  kafka_len:40  mon_step_age:6
  kafka_corr_id:6260  ack:1  iframe:000000000007  api_key_str:"DescribeLogDirs           "  kafka_len:40  mon_step_age:5
  kafka_corr_id:6262  ack:0  iframe:000000000009  api_key_str:"Metadata                  "  kafka_len:42  mon_step_age:5
  kafka_corr_id:6263  ack:0  iframe:000000000015  api_key_str:"Metadata                  "  kafka_len:42  mon_step_age:5
  kafka_corr_id:6266  ack:0  iframe:000000000038  api_key_str:"DescribeCluster           "  kafka_len:40  mon_step_age:4
  kafka_corr_id:6269  ack:0  iframe:000000000043  api_key_str:"DescribeLogDirs           "  kafka_len:40  mon_step_age:3
  kafka_corr_id:6278  ack:0  iframe:000000000082  api_key_str:"DescribeLogDirs           "  kafka_len:40  mon_step_age:1
  kafka_corr_id:6282  ack:0  iframe:000000000096  api_key_str:"DescribeConfigs           "  kafka_len:94  mon_step_age:1
==frame stats  direction:"b->c"  tcp_pair_key:192.168.108.5:1047-192.168.108.1:46228  frame_count:9  syn_count:0  fin_count:0  rst_count:0  isn:001517886947  tcp_payload_len_tot:000000004318
  gaps_pos!!!  seq_gap_pos_count:3
  gaps_neg!!!  seq_gap_neg_count:1
  kafka rsp stats  kafka_count:3  kafka_count_in_bh:3  kafka_len_tot:000000007186
  kafka_corr_id:6257  ack:1  iframe:000000000003  kafka_len:135  mon_step_age:5
  kafka_corr_id:6260  ack:1  iframe:000000000008  kafka_len:639  mon_step_age:5
  kafka_corr_id:256  ack:0  iframe:000000000103  kafka_len:6400  mon_step_age:1
  
==frame stats  direction:"c->b"  tcp_pair_key:192.168.108.1:40578-192.168.108.2:1031  frame_count:5  syn_count:0  fin_count:0  rst_count:0  isn:003240614242  tcp_payload_len_tot:000000000302
  kafka req stats  kafka_count:5  kafka_req_ack_count:4  kafka_count_in_bh:5  pct_non_ack!!!:0.166667  kafka_len_tot:000000000302
..client_id_key:kafka-ui-admin-1744121470-1
  kafka_corr_id:6259  ack:1  iframe:000000000004  api_key_str:"DescribeLogDirs           "  kafka_len:40  mon_step_age:5
  kafka_corr_id:6268  ack:1  iframe:000000000040  api_key_str:"DescribeLogDirs           "  kafka_len:40  mon_step_age:3
  kafka_corr_id:6275  ack:1  iframe:000000000076  api_key_str:"DescribeCluster           "  kafka_len:40  mon_step_age:2
  kafka_corr_id:6277  ack:1  iframe:000000000079  api_key_str:"DescribeLogDirs           "  kafka_len:40  mon_step_age:1
  kafka_corr_id:6283  ack:0  iframe:000000000097  api_key_str:"Metadata                  "  kafka_len:122  mon_step_age:1
==frame stats  direction:"b->c"  tcp_pair_key:192.168.108.2:1031-192.168.108.1:40578  frame_count:6  syn_count:0  fin_count:0  rst_count:0  isn:000660478961  tcp_payload_len_tot:000000003760
  gaps_pos!!!  seq_gap_pos_count:1
  gaps_neg!!!  seq_gap_neg_count:1
  kafka rsp stats  kafka_count:4  kafka_count_in_bh:4  kafka_len_tot:000000002758
  kafka_corr_id:6259  ack:1  iframe:000000000011  kafka_len:869  mon_step_age:5
  kafka_corr_id:6268  ack:1  iframe:000000000051  kafka_len:869  mon_step_age:3
  kafka_corr_id:6275  ack:1  iframe:000000000077  kafka_len:135  mon_step_age:1
  kafka_corr_id:6277  ack:1  iframe:000000000087  kafka_len:869  mon_step_age:1
  
==frame stats  direction:"c->b"  tcp_pair_key:192.168.108.1:60432-192.168.108.3:1039  frame_count:9  syn_count:0  fin_count:0  rst_count:0  isn:002493849281  tcp_payload_len_tot:000000000540
  kafka req stats  kafka_count:9  kafka_req_ack_count:2  kafka_count_in_bh:9  pct_non_ack!!!:0.7  kafka_len_tot:000000000540
..client_id_key:kafka-ui-admin-1744121470-1
  kafka_corr_id:6261  ack:1  iframe:000000000005  api_key_str:"DescribeLogDirs           "  kafka_len:40  mon_step_age:5
  kafka_corr_id:6264  ack:0  iframe:000000000017  api_key_str:"DescribeConfigs           "  kafka_len:94  mon_step_age:5
  kafka_corr_id:6270  ack:1  iframe:000000000041  api_key_str:"DescribeLogDirs           "  kafka_len:40  mon_step_age:3
  kafka_corr_id:6271  ack:0  iframe:000000000047  api_key_str:"Metadata                  "  kafka_len:42  mon_step_age:3
  kafka_corr_id:6272  ack:0  iframe:000000000052  api_key_str:"Metadata                  "  kafka_len:42  mon_step_age:3
  kafka_corr_id:6274  ack:0  iframe:000000000058  api_key_str:"Metadata                  "  kafka_len:122  mon_step_age:3
  kafka_corr_id:6279  ack:0  iframe:000000000080  api_key_str:"DescribeLogDirs           "  kafka_len:40  mon_step_age:1
  kafka_corr_id:6280  ack:0  iframe:000000000084  api_key_str:"Metadata                  "  kafka_len:42  mon_step_age:1
  kafka_corr_id:6281  ack:0  iframe:000000000092  api_key_str:"Metadata                  "  kafka_len:42  mon_step_age:1
==frame stats  direction:"b->c"  tcp_pair_key:192.168.108.3:1039-192.168.108.1:60432  frame_count:12  syn_count:0  fin_count:0  rst_count:0  isn:000799452567  tcp_payload_len_tot:000000007030
  gaps_pos!!!  seq_gap_pos_count:6
  gaps_neg!!!  seq_gap_neg_count:3
  kafka rsp stats  kafka_count:4  kafka_count_in_bh:4  kafka_len_tot:000000007971
  kafka_corr_id:6261  ack:1  iframe:000000000010  kafka_len:765  mon_step_age:5
  kafka_corr_id:6270  ack:1  iframe:000000000044  kafka_len:765  mon_step_age:3
  kafka_corr_id:256  ack:0  iframe:000000000089  kafka_len:6400  mon_step_age:1
  kafka_corr_id:1  ack:0  iframe:000000000089  kafka_len:25  mon_step_age:1
  
==frame stats  direction:"c->b"  tcp_pair_key:192.168.108.1:40056-192.168.108.4:1043  frame_count:5  syn_count:0  fin_count:0  rst_count:0  isn:000447682834  tcp_payload_len_tot:000000000356
  kafka req stats  kafka_count:5  kafka_req_ack_count:1  kafka_count_in_bh:5  pct_non_ack!!!:0.666667  kafka_len_tot:000000000356
..client_id_key:kafka-ui-admin-1744121470-1
  kafka_corr_id:6258  ack:1  iframe:000000000006  api_key_str:"DescribeLogDirs           "  kafka_len:40  mon_step_age:5
  kafka_corr_id:6265  ack:0  iframe:000000000022  api_key_str:"Metadata                  "  kafka_len:122  mon_step_age:5
  kafka_corr_id:6267  ack:0  iframe:000000000042  api_key_str:"DescribeLogDirs           "  kafka_len:40  mon_step_age:3
  kafka_corr_id:6273  ack:0  iframe:000000000054  api_key_str:"DescribeConfigs           "  kafka_len:94  mon_step_age:3
  kafka_corr_id:6276  ack:0  iframe:000000000081  api_key_str:"DescribeLogDirs           "  kafka_len:40  mon_step_age:1
==frame stats  direction:"b->c"  tcp_pair_key:192.168.108.4:1043-192.168.108.1:40056  frame_count:7  syn_count:0  fin_count:0  rst_count:0  isn:003952984094  tcp_payload_len_tot:000000004903
  gaps_pos!!!  seq_gap_pos_count:2
  gaps_neg!!!  seq_gap_neg_count:2
  kafka rsp stats  kafka_count:2  kafka_count_in_bh:2  kafka_len_tot:000000007299
  kafka_corr_id:6258  ack:1  iframe:000000000016  kafka_len:891  mon_step_age:5
  kafka_corr_id:256  ack:0  iframe:000000000091  kafka_len:6400  mon_step_age:1

=============tcp_pairs rsp without req 

==========================================batch stats
"elapsed(sec)":140.528  iframe_count:114  kafka_req_count_total:27  kafka_req_ack_count_total:9  "kafka_duration_avg (ns)":734281  ind_tcp_pair_n:8  max_pkt_len:1514
Kafka Non-ACK(BAD - request without response) Ratio Histogram:
range:20-30%  count_of_tcp_pairs:1
range:70-80%  count_of_tcp_pairs:2
range:80-90%  count_of_tcp_pairs:1
