1: lo: <LOOPBACK,UP,LOWER_UP> mtu 65536 qdisc noqueue state UNKNOWN group default qlen 1000
    link/loopback 00:00:00:00:00:00 brd 00:00:00:00:00:00
    inet 127.0.0.1/8 scope host lo
       valid_lft forever preferred_lft forever
    inet6 ::1/128 scope host 
       valid_lft forever preferred_lft forever
2: ipmiaccess: <BROADCAST,MULTICAST,UP,LOWER_UP> mtu 1500 qdisc mq state UP group default qlen 1000
    link/ether 3c:ec:ef:78:e3:e6 brd ff:ff:ff:ff:ff:ff
    altname enp67s0f0np0
    inet 192.168.11.1/24 scope global ipmiaccess
       valid_lft forever preferred_lft forever
    inet6 fe80::3eec:efff:fe78:e3e6/64 scope link 
       valid_lft forever preferred_lft forever
3: ctrl: <BROADCAST,MULTICAST,UP,LOWER_UP> mtu 1500 qdisc mq state UP group default qlen 1000
    link/ether 3c:ec:ef:78:e3:e7 brd ff:ff:ff:ff:ff:ff
    altname enp67s0f1np1
    inet 192.168.10.11/24 scope global ctrl
       valid_lft forever preferred_lft forever
    inet6 fe80::3eec:efff:fe78:e3e7/64 scope link 
       valid_lft forever preferred_lft forever
4: enp4s0f3u2u2c2: <BROADCAST,MULTICAST,UP,LOWER_UP> mtu 1500 qdisc fq_codel state UNKNOWN group default qlen 1000
    link/ether b0:3a:f2:b6:05:9f brd ff:ff:ff:ff:ff:ff
    inet6 fe80::b23a:f2ff:feb6:59f/64 scope link 
       valid_lft forever preferred_lft forever
6: docker0: <BROADCAST,MULTICAST,UP,LOWER_UP> mtu 1500 qdisc noqueue state UP group default 
    link/ether 02:42:09:90:2e:5a brd ff:ff:ff:ff:ff:ff
    inet 172.17.0.1/16 brd 172.17.255.255 scope global docker0
       valid_lft forever preferred_lft forever
    inet6 fe80::42:9ff:fe90:2e5a/64 scope link 
       valid_lft forever preferred_lft forever
48: data0: <BROADCAST,MULTICAST,UP,LOWER_UP> mtu 9000 qdisc mq state UP group default qlen 1000
    link/ether b8:ce:f6:cc:7a:66 brd ff:ff:ff:ff:ff:ff
    inet6 fe80::bace:f6ff:fecc:7a66/64 scope link 
       valid_lft forever preferred_lft forever
65: enp129s0r0: <BROADCAST,MULTICAST,UP,LOWER_UP> mtu 1500 qdisc mq state UP group default qlen 1000
    link/ether 9a:2b:a4:d5:1c:fb brd ff:ff:ff:ff:ff:ff
    inet6 fe80::982b:a4ff:fed5:1cfb/64 scope link 
       valid_lft forever preferred_lft forever
66: enp129s0r1: <BROADCAST,MULTICAST,UP,LOWER_UP> mtu 1500 qdisc mq state UP group default qlen 1000
    link/ether ae:ab:4f:d1:ad:97 brd ff:ff:ff:ff:ff:ff
    inet6 fe80::acab:4fff:fed1:ad97/64 scope link 
       valid_lft forever preferred_lft forever
67: enp129s0r2: <BROADCAST,MULTICAST,UP,LOWER_UP> mtu 1500 qdisc mq state UP group default qlen 1000
    link/ether 56:e8:10:ed:2c:26 brd ff:ff:ff:ff:ff:ff
    inet6 fe80::54e8:10ff:feed:2c26/64 scope link 
       valid_lft forever preferred_lft forever
68: enp129s0r3: <BROADCAST,MULTICAST,UP,LOWER_UP> mtu 1500 qdisc mq state UP group default qlen 1000
    link/ether 56:3e:62:55:98:9e brd ff:ff:ff:ff:ff:ff
    inet6 fe80::543e:62ff:fe55:989e/64 scope link 
       valid_lft forever preferred_lft forever
69: enp129s0r4: <BROADCAST,MULTICAST,UP,LOWER_UP> mtu 1500 qdisc mq state UP group default qlen 1000
    link/ether da:47:57:40:00:56 brd ff:ff:ff:ff:ff:ff
    inet6 fe80::d847:57ff:fe40:56/64 scope link 
       valid_lft forever preferred_lft forever
70: enp129s0r5: <BROADCAST,MULTICAST,UP,LOWER_UP> mtu 1500 qdisc mq state UP group default qlen 1000
    link/ether 3e:c3:e3:66:fe:79 brd ff:ff:ff:ff:ff:ff
    inet6 fe80::3cc3:e3ff:fe66:fe79/64 scope link 
       valid_lft forever preferred_lft forever
71: enp129s0r6: <BROADCAST,MULTICAST,UP,LOWER_UP> mtu 1500 qdisc mq state UP group default qlen 1000
    link/ether ee:2b:c7:8e:c3:5c brd ff:ff:ff:ff:ff:ff
    inet6 fe80::ec2b:c7ff:fe8e:c35c/64 scope link 
       valid_lft forever preferred_lft forever
72: enp129s0r7: <BROADCAST,MULTICAST,UP,LOWER_UP> mtu 1500 qdisc mq state UP group default qlen 1000
    link/ether d6:95:05:60:20:ee brd ff:ff:ff:ff:ff:ff
    inet6 fe80::d495:5ff:fe60:20ee/64 scope link 
       valid_lft forever preferred_lft forever
73: enp129s0r8: <BROADCAST,MULTICAST,UP,LOWER_UP> mtu 1500 qdisc mq state UP group default qlen 1000
    link/ether ee:98:4f:d5:aa:22 brd ff:ff:ff:ff:ff:ff
    inet6 fe80::ec98:4fff:fed5:aa22/64 scope link 
       valid_lft forever preferred_lft forever
74: enp129s0r9: <BROADCAST,MULTICAST,UP,LOWER_UP> mtu 1500 qdisc mq state UP group default qlen 1000
    link/ether 66:fb:ec:0c:30:4a brd ff:ff:ff:ff:ff:ff
    inet6 fe80::64fb:ecff:fe0c:304a/64 scope link 
       valid_lft forever preferred_lft forever
75: enp129s0r10: <BROADCAST,MULTICAST,UP,LOWER_UP> mtu 1500 qdisc mq state UP group default qlen 1000
    link/ether 0e:af:48:d9:b3:26 brd ff:ff:ff:ff:ff:ff
    inet6 fe80::caf:48ff:fed9:b326/64 scope link 
       valid_lft forever preferred_lft forever
76: enp129s0r11: <BROADCAST,MULTICAST,UP,LOWER_UP> mtu 1500 qdisc mq state UP group default qlen 1000
    link/ether 56:97:8f:14:56:5b brd ff:ff:ff:ff:ff:ff
    inet6 fe80::5497:8fff:fe14:565b/64 scope link 
       valid_lft forever preferred_lft forever
77: enp129s0r12: <BROADCAST,MULTICAST,UP,LOWER_UP> mtu 1500 qdisc mq state UP group default qlen 1000
    link/ether 56:b4:cd:05:07:09 brd ff:ff:ff:ff:ff:ff
    inet6 fe80::54b4:cdff:fe05:709/64 scope link 
       valid_lft forever preferred_lft forever
78: enp129s0r13: <BROADCAST,MULTICAST,UP,LOWER_UP> mtu 1500 qdisc mq state UP group default qlen 1000
    link/ether 02:74:4e:98:a6:cf brd ff:ff:ff:ff:ff:ff
    inet6 fe80::74:4eff:fe98:a6cf/64 scope link 
       valid_lft forever preferred_lft forever
79: enp129s0r14: <BROADCAST,MULTICAST,UP,LOWER_UP> mtu 1500 qdisc mq state UP group default qlen 1000
    link/ether 7a:f7:0f:c6:22:12 brd ff:ff:ff:ff:ff:ff
    inet6 fe80::78f7:fff:fec6:2212/64 scope link 
       valid_lft forever preferred_lft forever
80: enp129s0r15: <BROADCAST,MULTICAST,UP,LOWER_UP> mtu 1500 qdisc mq state UP group default qlen 1000
    link/ether 12:73:d7:55:8a:9b brd ff:ff:ff:ff:ff:ff
    inet6 fe80::1073:d7ff:fe55:8a9b/64 scope link 
       valid_lft forever preferred_lft forever
81: data0-1: <BROADCAST,MULTICAST> mtu 9000 qdisc mq state DOWN group default qlen 1000
    link/ether 00:00:00:00:01:01 brd ff:ff:ff:ff:ff:ff permaddr 02:23:18:de:e1:e2
    inet 192.168.110.11/24 scope global data0-1
       valid_lft forever preferred_lft forever
82: enp129s0v8: <BROADCAST,MULTICAST,UP,LOWER_UP> mtu 1500 qdisc mq state UP group default qlen 1000
    link/ether 66:70:98:4d:e6:01 brd ff:ff:ff:ff:ff:ff permaddr 22:5a:8d:de:b8:dc
    inet6 fe80::6470:98ff:fe4d:e601/64 scope link 
       valid_lft forever preferred_lft forever
83: data0-2: <BROADCAST,MULTICAST,UP,LOWER_UP> mtu 9000 qdisc mq state UP group default qlen 1000
    link/ether 00:00:00:00:02:01 brd ff:ff:ff:ff:ff:ff permaddr ae:67:d0:e5:7c:4f
    inet 192.168.110.12/24 scope global data0-2
       valid_lft forever preferred_lft forever
    inet6 fe80::200:ff:fe00:201/64 scope link 
       valid_lft forever preferred_lft forever
84: enp129s0v9: <BROADCAST,MULTICAST,UP,LOWER_UP> mtu 1500 qdisc mq state UP group default qlen 1000
    link/ether da:a5:95:bd:b3:d7 brd ff:ff:ff:ff:ff:ff permaddr e6:f6:5f:bc:e6:c8
    inet6 fe80::d8a5:95ff:febd:b3d7/64 scope link 
       valid_lft forever preferred_lft forever
85: data0-3: <BROADCAST,MULTICAST,UP,LOWER_UP> mtu 9000 qdisc mq state UP group default qlen 1000
    link/ether 00:00:00:00:03:01 brd ff:ff:ff:ff:ff:ff permaddr ee:15:31:d8:71:4b
    inet 192.168.110.13/24 scope global data0-3
       valid_lft forever preferred_lft forever
    inet6 fe80::200:ff:fe00:301/64 scope link 
       valid_lft forever preferred_lft forever
86: enp129s0v10: <BROADCAST,MULTICAST,UP,LOWER_UP> mtu 1500 qdisc mq state UP group default qlen 1000
    link/ether 16:f7:63:dc:c3:d5 brd ff:ff:ff:ff:ff:ff permaddr 5a:dc:f6:45:4f:97
    inet6 fe80::14f7:63ff:fedc:c3d5/64 scope link 
       valid_lft forever preferred_lft forever
87: data0-4: <BROADCAST,MULTICAST,UP,LOWER_UP> mtu 9000 qdisc mq state UP group default qlen 1000
    link/ether 00:00:00:00:04:01 brd ff:ff:ff:ff:ff:ff permaddr a6:db:b8:29:8a:ad
    inet 192.168.110.14/24 scope global data0-4
       valid_lft forever preferred_lft forever
    inet6 fe80::200:ff:fe00:401/64 scope link 
       valid_lft forever preferred_lft forever
88: enp129s0v11: <BROADCAST,MULTICAST,UP,LOWER_UP> mtu 1500 qdisc mq state UP group default qlen 1000
    link/ether 42:6e:72:c1:ae:40 brd ff:ff:ff:ff:ff:ff permaddr 5e:21:55:45:0e:36
    inet6 fe80::406e:72ff:fec1:ae40/64 scope link 
       valid_lft forever preferred_lft forever
89: data0-5: <BROADCAST,MULTICAST,UP,LOWER_UP> mtu 9000 qdisc mq state UP group default qlen 1000
    link/ether 00:00:00:00:05:01 brd ff:ff:ff:ff:ff:ff permaddr 02:a6:76:73:94:57
    inet 192.168.110.15/24 scope global data0-5
       valid_lft forever preferred_lft forever
    inet6 fe80::200:ff:fe00:501/64 scope link 
       valid_lft forever preferred_lft forever
90: enp129s0v12: <BROADCAST,MULTICAST,UP,LOWER_UP> mtu 1500 qdisc mq state UP group default qlen 1000
    link/ether de:92:81:18:5b:cd brd ff:ff:ff:ff:ff:ff permaddr 8a:1f:92:e5:97:53
    inet6 fe80::dc92:81ff:fe18:5bcd/64 scope link 
       valid_lft forever preferred_lft forever
91: data0-6: <BROADCAST,MULTICAST,UP,LOWER_UP> mtu 9000 qdisc mq state UP group default qlen 1000
    link/ether 00:00:00:00:06:01 brd ff:ff:ff:ff:ff:ff permaddr 2e:88:43:9b:96:db
    inet 192.168.110.16/24 scope global data0-6
       valid_lft forever preferred_lft forever
    inet6 fe80::200:ff:fe00:601/64 scope link 
       valid_lft forever preferred_lft forever
92: enp129s0v13: <BROADCAST,MULTICAST,UP,LOWER_UP> mtu 1500 qdisc mq state UP group default qlen 1000
    link/ether 86:a0:41:a3:c4:a2 brd ff:ff:ff:ff:ff:ff permaddr 2e:5e:74:33:77:86
    inet6 fe80::84a0:41ff:fea3:c4a2/64 scope link 
       valid_lft forever preferred_lft forever
93: data0-7: <BROADCAST,MULTICAST,UP,LOWER_UP> mtu 9000 qdisc mq state UP group default qlen 1000
    link/ether 00:00:00:00:07:01 brd ff:ff:ff:ff:ff:ff permaddr 5e:c2:7d:24:55:00
    inet 192.168.110.17/24 scope global data0-7
       valid_lft forever preferred_lft forever
    inet6 fe80::200:ff:fe00:701/64 scope link 
       valid_lft forever preferred_lft forever
94: enp129s0v14: <BROADCAST,MULTICAST,UP,LOWER_UP> mtu 1500 qdisc mq state UP group default qlen 1000
    link/ether 66:4d:60:a9:5a:4b brd ff:ff:ff:ff:ff:ff permaddr 7e:3b:ed:26:77:a3
    inet6 fe80::644d:60ff:fea9:5a4b/64 scope link 
       valid_lft forever preferred_lft forever
95: data0-8: <BROADCAST,MULTICAST,UP,LOWER_UP> mtu 9000 qdisc mq state UP group default qlen 1000
    link/ether 00:00:00:00:08:01 brd ff:ff:ff:ff:ff:ff permaddr 9e:bf:7b:67:16:5b
    inet 192.168.110.18/24 scope global data0-8
       valid_lft forever preferred_lft forever
    inet6 fe80::200:ff:fe00:801/64 scope link 
       valid_lft forever preferred_lft forever
96: enp129s0v15: <BROADCAST,MULTICAST,UP,LOWER_UP> mtu 1500 qdisc mq state UP group default qlen 1000
    link/ether ae:a3:47:3d:6d:6a brd ff:ff:ff:ff:ff:ff permaddr 9a:2e:d0:dd:de:56
    inet6 fe80::aca3:47ff:fe3d:6d6a/64 scope link 
       valid_lft forever preferred_lft forever
100: vethb5bffb5@if99: <BROADCAST,MULTICAST,UP,LOWER_UP> mtu 1500 qdisc noqueue master docker0 state UP group default 
    link/ether 92:54:45:4f:96:20 brd ff:ff:ff:ff:ff:ff link-netnsid 1
    inet6 fe80::9054:45ff:fe4f:9620/64 scope link 
       valid_lft forever preferred_lft forever
102: vethe2907a4@if101: <BROADCAST,MULTICAST,UP,LOWER_UP> mtu 1500 qdisc noqueue master docker0 state UP group default 
    link/ether 02:e6:5e:17:ae:32 brd ff:ff:ff:ff:ff:ff link-netnsid 3
    inet6 fe80::e6:5eff:fe17:ae32/64 scope link 
       valid_lft forever preferred_lft forever
104: vethbdc530e@if103: <BROADCAST,MULTICAST,UP,LOWER_UP> mtu 1500 qdisc noqueue master docker0 state UP group default 
    link/ether ae:06:47:65:de:2c brd ff:ff:ff:ff:ff:ff link-netnsid 5
    inet6 fe80::ac06:47ff:fe65:de2c/64 scope link 
       valid_lft forever preferred_lft forever
106: veth5475f30@if105: <BROADCAST,MULTICAST,UP,LOWER_UP> mtu 1500 qdisc noqueue master docker0 state UP group default 
    link/ether a2:c0:98:ed:4f:6d brd ff:ff:ff:ff:ff:ff link-netnsid 4
    inet6 fe80::a0c0:98ff:feed:4f6d/64 scope link 
       valid_lft forever preferred_lft forever
108: veth0a4a5d8@if107: <BROADCAST,MULTICAST,UP,LOWER_UP> mtu 1500 qdisc noqueue master docker0 state UP group default 
    link/ether 86:89:c1:bd:67:03 brd ff:ff:ff:ff:ff:ff link-netnsid 2
    inet6 fe80::8489:c1ff:febd:6703/64 scope link 
       valid_lft forever preferred_lft forever
110: veth38a1256@if109: <BROADCAST,MULTICAST,UP,LOWER_UP> mtu 1500 qdisc noqueue master docker0 state UP group default 
    link/ether 5a:fd:41:c0:91:dd brd ff:ff:ff:ff:ff:ff link-netnsid 0
    inet6 fe80::58fd:41ff:fec0:91dd/64 scope link 
       valid_lft forever preferred_lft forever
