topics:
  - name: av6
    partitions:
      - partition_index: 0
        leader_id: 3
        leader_epoch: 10
        replica_nodes: [3]
        isr_nodes: [3]
      - partition_index: 2
        leader_id: 1
        leader_epoch: 10
        replica_nodes: [1]
        isr_nodes: [1]
      - partition_index: 1
        leader_id: 4
        leader_epoch: 12
        replica_nodes: [4]
        isr_nodes: [4]
  - name: av5
    partitions:
      - partition_index: 1
        leader_id: 3
        leader_epoch: 12
        replica_nodes: [3]
        isr_nodes: [3]
      - partition_index: 0
        leader_id: 2
        leader_epoch: 12
        replica_nodes: [2]
        isr_nodes: [2]
      - partition_index: 2
        leader_id: 4
        leader_epoch: 14
        replica_nodes: [4]
        isr_nodes: [4]
  - name: av8
    partitions:
      - partition_index: 0
        leader_id: 4
        leader_epoch: 6
        replica_nodes: [4]
        isr_nodes: [4]
      - partition_index: 2
        leader_id: 2
        leader_epoch: 4
        replica_nodes: [2]
        isr_nodes: [2]
      - partition_index: 1
        leader_id: 1
        leader_epoch: 6
        replica_nodes: [1]
        isr_nodes: [1]
  - name: avtopic1
    partitions:
      - partition_index: 2
        leader_id: 1
        leader_epoch: 30
        replica_nodes: [1]
        isr_nodes: [1]
      - partition_index: 0
        leader_id: 3
        leader_epoch: 30
        replica_nodes: [3]
        isr_nodes: [3]
      - partition_index: 1
        leader_id: 4
        leader_epoch: 36
        replica_nodes: [4]
        isr_nodes: [4]
  - name: av7
    partitions:
      - partition_index: 2
        leader_id: 3
        leader_epoch: 8
        replica_nodes: [3]
        isr_nodes: [3]
      - partition_index: 0
        leader_id: 1
        leader_epoch: 6
        replica_nodes: [1]
        isr_nodes: [1]
      - partition_index: 1
        leader_id: 2
        leader_epoch: 4
        replica_nodes: [2]
        isr_nodes: [2]
  - name: kav1
    partitions:
      - partition_index: 0
        leader_id: 3
        leader_epoch: 2
        replica_nodes: [3]
        isr_nodes: [3]
      - partition_index: 1
        leader_id: 4
        leader_epoch: 2
        replica_nodes: [4]
        isr_nodes: [4]
  - name: av2
    partitions:
      - partition_index: 0
        leader_id: 2
        leader_epoch: 16
        replica_nodes: [2]
        isr_nodes: [2]
      - partition_index: 2
        leader_id: 4
        leader_epoch: 20
        replica_nodes: [4]
        isr_nodes: [4]
      - partition_index: 1
        leader_id: 3
        leader_epoch: 18
        replica_nodes: [3]
        isr_nodes: [3]
  - name: __consumer_offsets
    partitions:
      - partition_index: 5
        leader_id: 3
        leader_epoch: 74
        replica_nodes: [3]
        isr_nodes: [3]
      - partition_index: 7
        leader_id: 1
        leader_epoch: 60
        replica_nodes: [1]
        isr_nodes: [1]
      - partition_index: 48
        leader_id: 1
        leader_epoch: 60
        replica_nodes: [1]
        isr_nodes: [1]
      - partition_index: 17
        leader_id: 3
        leader_epoch: 74
        replica_nodes: [3]
        isr_nodes: [3]
      - partition_index: 34
        leader_id: 3
        leader_epoch: 74
        replica_nodes: [3]
        isr_nodes: [3]
      - partition_index: 28
        leader_id: 3
        leader_epoch: 74
        replica_nodes: [3]
        isr_nodes: [3]
      - partition_index: 37
        leader_id: 1
        leader_epoch: 60
        replica_nodes: [1]
        isr_nodes: [1]
      - partition_index: 27
        leader_id: 4
        leader_epoch: 74
        replica_nodes: [4]
        isr_nodes: [4]
      - partition_index: 32
        leader_id: 4
        leader_epoch: 74
        replica_nodes: [4]
        isr_nodes: [4]
      - partition_index: 22
        leader_id: 2
        leader_epoch: 68
        replica_nodes: [2]
        isr_nodes: [2]
      - partition_index: 33
        leader_id: 2
        leader_epoch: 68
        replica_nodes: [2]
        isr_nodes: [2]
      - partition_index: 2
        leader_id: 1
        leader_epoch: 60
        replica_nodes: [1]
        isr_nodes: [1]
      - partition_index: 11
        leader_id: 3
        leader_epoch: 74
        replica_nodes: [3]
        isr_nodes: [3]
      - partition_index: 12
        leader_id: 1
        leader_epoch: 60
        replica_nodes: [1]
        isr_nodes: [1]
      - partition_index: 25
        leader_id: 1
        leader_epoch: 60
        replica_nodes: [1]
        isr_nodes: [1]
      - partition_index: 15
        leader_id: 4
        leader_epoch: 74
        replica_nodes: [4]
        isr_nodes: [4]
      - partition_index: 6
        leader_id: 2
        leader_epoch: 68
        replica_nodes: [2]
        isr_nodes: [2]
      - partition_index: 44
        leader_id: 1
        leader_epoch: 60
        replica_nodes: [1]
        isr_nodes: [1]
      - partition_index: 3
        leader_id: 2
        leader_epoch: 68
        replica_nodes: [2]
        isr_nodes: [2]
      - partition_index: 24
        leader_id: 2
        leader_epoch: 68
        replica_nodes: [2]
        isr_nodes: [2]
      - partition_index: 38
        leader_id: 2
        leader_epoch: 68
        replica_nodes: [2]
        isr_nodes: [2]
      - partition_index: 36
        leader_id: 3
        leader_epoch: 74
        replica_nodes: [3]
        isr_nodes: [3]
      - partition_index: 39
        leader_id: 4
        leader_epoch: 74
        replica_nodes: [4]
        isr_nodes: [4]
      - partition_index: 1
        leader_id: 4
        leader_epoch: 74
        replica_nodes: [4]
        isr_nodes: [4]
      - partition_index: 30
        leader_id: 4
        leader_epoch: 74
        replica_nodes: [4]
        isr_nodes: [4]
      - partition_index: 4
        leader_id: 4
        leader_epoch: 74
        replica_nodes: [4]
        isr_nodes: [4]
      - partition_index: 10
        leader_id: 4
        leader_epoch: 74
        replica_nodes: [4]
        isr_nodes: [4]
      - partition_index: 45
        leader_id: 3
        leader_epoch: 74
        replica_nodes: [3]
        isr_nodes: [3]
      - partition_index: 47
        leader_id: 2
        leader_epoch: 68
        replica_nodes: [2]
        isr_nodes: [2]
      - partition_index: 49
        leader_id: 3
        leader_epoch: 74
        replica_nodes: [3]
        isr_nodes: [3]
      - partition_index: 16
        leader_id: 1
        leader_epoch: 60
        replica_nodes: [1]
        isr_nodes: [1]
      - partition_index: 31
        leader_id: 2
        leader_epoch: 68
        replica_nodes: [2]
        isr_nodes: [2]
      - partition_index: 26
        leader_id: 3
        leader_epoch: 74
        replica_nodes: [3]
        isr_nodes: [3]
      - partition_index: 19
        leader_id: 2
        leader_epoch: 68
        replica_nodes: [2]
        isr_nodes: [2]
      - partition_index: 42
        leader_id: 2
        leader_epoch: 68
        replica_nodes: [2]
        isr_nodes: [2]
      - partition_index: 9
        leader_id: 1
        leader_epoch: 60
        replica_nodes: [1]
        isr_nodes: [1]
      - partition_index: 13
        leader_id: 2
        leader_epoch: 68
        replica_nodes: [2]
        isr_nodes: [2]
      - partition_index: 18
        leader_id: 4
        leader_epoch: 74
        replica_nodes: [4]
        isr_nodes: [4]
      - partition_index: 14
        leader_id: 3
        leader_epoch: 74
        replica_nodes: [3]
        isr_nodes: [3]
      - partition_index: 35
        leader_id: 1
        leader_epoch: 60
        replica_nodes: [1]
        isr_nodes: [1]
      - partition_index: 23
        leader_id: 1
        leader_epoch: 60
        replica_nodes: [1]
        isr_nodes: [1]
      - partition_index: 21
        leader_id: 3
        leader_epoch: 74
        replica_nodes: [3]
        isr_nodes: [3]
      - partition_index: 43
        leader_id: 4
        leader_epoch: 74
        replica_nodes: [4]
        isr_nodes: [4]
      - partition_index: 29
        leader_id: 1
        leader_epoch: 60
        replica_nodes: [1]
        isr_nodes: [1]
      - partition_index: 41
        leader_id: 3
        leader_epoch: 74
        replica_nodes: [3]
        isr_nodes: [3]
      - partition_index: 46
        leader_id: 4
        leader_epoch: 74
        replica_nodes: [4]
        isr_nodes: [4]
      - partition_index: 8
        leader_id: 2
        leader_epoch: 68
        replica_nodes: [2]
        isr_nodes: [2]
      - partition_index: 40
        leader_id: 1
        leader_epoch: 60
        replica_nodes: [1]
        isr_nodes: [1]
      - partition_index: 0
        leader_id: 3
        leader_epoch: 74
        replica_nodes: [3]
        isr_nodes: [3]
      - partition_index: 20
        leader_id: 4
        leader_epoch: 74
        replica_nodes: [4]
        isr_nodes: [4]
  rsp:'kafka2.MetadataResponse  request_api_version:9  correlation_id:0  throttle_time_ms:0  brokers.0:"kafka2.MetadataResponseBroker3a  node_id:1  host:dev.ak-8.b1.ext  port:1031"  brokers.1:"kafka2.MetadataResponseBroker3a  node_id:2  host:dev.ak-8.b2.ext  port:1039"  brokers.2:"kafka2.MetadataResponseBroker3a  node_id:3  host:dev.ak-8.b3.ext  port:1043"  brokers.3:"kafka2.MetadataResponseBroker3a  node_id:4  host:dev.ak-8.b4.ext  port:1047"  cluster_id:dev.ak-8  controller_id:4  topics.0:\'kafka2.MetadataResponseTopic3a  error_code:0  name:av6  topic_id:00000000-0000-0000-0000-000000000000  is_internal:N  partitions.0:"kafka2.MetadataResponsePartition3a  error_code:0  partition_index:0  leader_id:3  leader_epoch:10  replica_nodes.0:3  isr_nodes.0:3"  partitions.1:"kafka2.MetadataResponsePartition3a  error_code:0  partition_index:2  leader_id:1  leader_epoch:10  replica_nodes.0:1  isr_nodes.0:1"  partitions.2:"kafka2.MetadataResponsePartition3a  error_code:0  partition_index:1  leader_id:4  leader_epoch:12  replica_nodes.0:4  isr_nodes.0:4"  topic_authorized_operations:-2147483648\'  topics.1:\'kafka2.MetadataResponseTopic3a  error_code:0  name:av5  topic_id:00000000-0000-0000-0000-000000000000  is_internal:N  partitions.0:"kafka2.MetadataResponsePartition3a  error_code:0  partition_index:1  leader_id:3  leader_epoch:12  replica_nodes.0:3  isr_nodes.0:3"  partitions.1:"kafka2.MetadataResponsePartition3a  error_code:0  partition_index:0  leader_id:2  leader_epoch:12  replica_nodes.0:2  isr_nodes.0:2"  partitions.2:"kafka2.MetadataResponsePartition3a  error_code:0  partition_index:2  leader_id:4  leader_epoch:14  replica_nodes.0:4  isr_nodes.0:4"  topic_authorized_operations:-2147483648\'  topics.2:\'kafka2.MetadataResponseTopic3a  error_code:0  name:av8  topic_id:00000000-0000-0000-0000-000000000000  is_internal:N  partitions.0:"kafka2.MetadataResponsePartition3a  error_code:0  partition_index:0  leader_id:4  leader_epoch:6  replica_nodes.0:4  isr_nodes.0:4"  partitions.1:"kafka2.MetadataResponsePartition3a  error_code:0  partition_index:2  leader_id:2  leader_epoch:4  replica_nodes.0:2  isr_nodes.0:2"  partitions.2:"kafka2.MetadataResponsePartition3a  error_code:0  partition_index:1  leader_id:1  leader_epoch:6  replica_nodes.0:1  isr_nodes.0:1"  topic_authorized_operations:-2147483648\'  topics.3:\'kafka2.MetadataResponseTopic3a  error_code:0  name:avtopic1  topic_id:00000000-0000-0000-0000-000000000000  is_internal:N  partitions.0:"kafka2.MetadataResponsePartition3a  error_code:0  partition_index:2  leader_id:1  leader_epoch:30  replica_nodes.0:1  isr_nodes.0:1"  partitions.1:"kafka2.MetadataResponsePartition3a  error_code:0  partition_index:0  leader_id:3  leader_epoch:30  replica_nodes.0:3  isr_nodes.0:3"  partitions.2:"kafka2.MetadataResponsePartition3a  error_code:0  partition_index:1  leader_id:4  leader_epoch:36  replica_nodes.0:4  isr_nodes.0:4"  topic_authorized_operations:-2147483648\'  topics.4:\'kafka2.MetadataResponseTopic3a  error_code:0  name:av7  topic_id:00000000-0000-0000-0000-000000000000  is_internal:N  partitions.0:"kafka2.MetadataResponsePartition3a  error_code:0  partition_index:2  leader_id:3  leader_epoch:8  replica_nodes.0:3  isr_nodes.0:3"  partitions.1:"kafka2.MetadataResponsePartition3a  error_code:0  partition_index:0  leader_id:1  leader_epoch:6  replica_nodes.0:1  isr_nodes.0:1"  partitions.2:"kafka2.MetadataResponsePartition3a  error_code:0  partition_index:1  leader_id:2  leader_epoch:4  replica_nodes.0:2  isr_nodes.0:2"  topic_authorized_operations:-2147483648\'  topics.5:\'kafka2.MetadataResponseTopic3a  error_code:0  name:kav1  topic_id:00000000-0000-0000-0000-000000000000  is_internal:N  partitions.0:"kafka2.MetadataResponsePartition3a  error_code:0  partition_index:0  leader_id:3  leader_epoch:2  replica_nodes.0:3  isr_nodes.0:3"  partitions.1:"kafka2.MetadataResponsePartition3a  error_code:0  partition_index:1  leader_id:4  leader_epoch:2  replica_nodes.0:4  isr_nodes.0:4"  topic_authorized_operations:-2147483648\'  topics.6:\'kafka2.MetadataResponseTopic3a  error_code:0  name:av2  topic_id:00000000-0000-0000-0000-000000000000  is_internal:N  partitions.0:"kafka2.MetadataResponsePartition3a  error_code:0  partition_index:0  leader_id:2  leader_epoch:16  replica_nodes.0:2  isr_nodes.0:2"  partitions.1:"kafka2.MetadataResponsePartition3a  error_code:0  partition_index:2  leader_id:4  leader_epoch:20  replica_nodes.0:4  isr_nodes.0:4"  partitions.2:"kafka2.MetadataResponsePartition3a  error_code:0  partition_index:1  leader_id:3  leader_epoch:18  replica_nodes.0:3  isr_nodes.0:3"  topic_authorized_operations:-2147483648\'  topics.7:\'kafka2.MetadataResponseTopic3a  error_code:0  name:__consumer_offsets  topic_id:00000000-0000-0000-0000-000000000000  is_internal:Y  partitions.0:"kafka2.MetadataResponsePartition3a  error_code:0  partition_index:5  leader_id:3  leader_epoch:74  replica_nodes.0:3  isr_nodes.0:3"  partitions.1:"kafka2.MetadataResponsePartition3a  error_code:0  partition_index:7  leader_id:1  leader_epoch:60  replica_nodes.0:1  isr_nodes.0:1"  partitions.2:"kafka2.MetadataResponsePartition3a  error_code:0  partition_index:48  leader_id:1  leader_epoch:60  replica_nodes.0:1  isr_nodes.0:1"  partitions.3:"kafka2.MetadataResponsePartition3a  error_code:0  partition_index:17  leader_id:3  leader_epoch:74  replica_nodes.0:3  isr_nodes.0:3"  partitions.4:"kafka2.MetadataResponsePartition3a  error_code:0  partition_index:34  leader_id:3  leader_epoch:74  replica_nodes.0:3  isr_nodes.0:3"  partitions.5:"kafka2.MetadataResponsePartition3a  error_code:0  partition_index:28  leader_id:3  leader_epoch:74  replica_nodes.0:3  isr_nodes.0:3"  partitions.6:"kafka2.MetadataResponsePartition3a  error_code:0  partition_index:37  leader_id:1  leader_epoch:60  replica_nodes.0:1  isr_nodes.0:1"  partitions.7:"kafka2.MetadataResponsePartition3a  error_code:0  partition_index:27  leader_id:4  leader_epoch:74  replica_nodes.0:4  isr_nodes.0:4"  partitions.8:"kafka2.MetadataResponsePartition3a  error_code:0  partition_index:32  leader_id:4  leader_epoch:74  replica_nodes.0:4  isr_nodes.0:4"  partitions.9:"kafka2.MetadataResponsePartition3a  error_code:0  partition_index:22  leader_id:2  leader_epoch:68  replica_nodes.0:2  isr_nodes.0:2"  partitions.10:"kafka2.MetadataResponsePartition3a  error_code:0  partition_index:33  leader_id:2  leader_epoch:68  replica_nodes.0:2  isr_nodes.0:2"  partitions.11:"kafka2.MetadataResponsePartition3a  error_code:0  partition_index:2  leader_id:1  leader_epoch:60  replica_nodes.0:1  isr_nodes.0:1"  partitions.12:"kafka2.MetadataResponsePartition3a  error_code:0  partition_index:11  leader_id:3  leader_epoch:74  replica_nodes.0:3  isr_nodes.0:3"  partitions.13:"kafka2.MetadataResponsePartition3a  error_code:0  partition_index:12  leader_id:1  leader_epoch:60  replica_nodes.0:1  isr_nodes.0:1"  partitions.14:"kafka2.MetadataResponsePartition3a  error_code:0  partition_index:25  leader_id:1  leader_epoch:60  replica_nodes.0:1  isr_nodes.0:1"  partitions.15:"kafka2.MetadataResponsePartition3a  error_code:0  partition_index:15  leader_id:4  leader_epoch:74  replica_nodes.0:4  isr_nodes.0:4"  partitions.16:"kafka2.MetadataResponsePartition3a  error_code:0  partition_index:6  leader_id:2  leader_epoch:68  replica_nodes.0:2  isr_nodes.0:2"  partitions.17:"kafka2.MetadataResponsePartition3a  error_code:0  partition_index:44  leader_id:1  leader_epoch:60  replica_nodes.0:1  isr_nodes.0:1"  partitions.18:"kafka2.MetadataResponsePartition3a  error_code:0  partition_index:3  leader_id:2  leader_epoch:68  replica_nodes.0:2  isr_nodes.0:2"  partitions.19:"kafka2.MetadataResponsePartition3a  error_code:0  partition_index:24  leader_id:2  leader_epoch:68  replica_nodes.0:2  isr_nodes.0:2"  partitions.20:"kafka2.MetadataResponsePartition3a  error_code:0  partition_index:38  leader_id:2  leader_epoch:68  replica_nodes.0:2  isr_nodes.0:2"  partitions.21:"kafka2.MetadataResponsePartition3a  error_code:0  partition_index:36  leader_id:3  leader_epoch:74  replica_nodes.0:3  isr_nodes.0:3"  partitions.22:"kafka2.MetadataResponsePartition3a  error_code:0  partition_index:39  leader_id:4  leader_epoch:74  replica_nodes.0:4  isr_nodes.0:4"  partitions.23:"kafka2.MetadataResponsePartition3a  error_code:0  partition_index:1  leader_id:4  leader_epoch:74  replica_nodes.0:4  isr_nodes.0:4"  partitions.24:"kafka2.MetadataResponsePartition3a  error_code:0  partition_index:30  leader_id:4  leader_epoch:74  replica_nodes.0:4  isr_nodes.0:4"  partitions.25:"kafka2.MetadataResponsePartition3a  error_code:0  partition_index:4  leader_id:4  leader_epoch:74  replica_nodes.0:4  isr_nodes.0:4"  partitions.26:"kafka2.MetadataResponsePartition3a  error_code:0  partition_index:10  leader_id:4  leader_epoch:74  replica_nodes.0:4  isr_nodes.0:4"  partitions.27:"kafka2.MetadataResponsePartition3a  error_code:0  partition_index:45  leader_id:3  leader_epoch:74  replica_nodes.0:3  isr_nodes.0:3"  partitions.28:"kafka2.MetadataResponsePartition3a  error_code:0  partition_index:47  leader_id:2  leader_epoch:68  replica_nodes.0:2  isr_nodes.0:2"  partitions.29:"kafka2.MetadataResponsePartition3a  error_code:0  partition_index:49  leader_id:3  leader_epoch:74  replica_nodes.0:3  isr_nodes.0:3"  partitions.30:"kafka2.MetadataResponsePartition3a  error_code:0  partition_index:16  leader_id:1  leader_epoch:60  replica_nodes.0:1  isr_nodes.0:1"  partitions.31:"kafka2.MetadataResponsePartition3a  error_code:0  partition_index:31  leader_id:2  leader_epoch:68  replica_nodes.0:2  isr_nodes.0:2"  partitions.32:"kafka2.MetadataResponsePartition3a  error_code:0  partition_index:26  leader_id:3  leader_epoch:74  replica_nodes.0:3  isr_nodes.0:3"  partitions.33:"kafka2.MetadataResponsePartition3a  error_code:0  partition_index:19  leader_id:2  leader_epoch:68  replica_nodes.0:2  isr_nodes.0:2"  partitions.34:"kafka2.MetadataResponsePartition3a  error_code:0  partition_index:42  leader_id:2  leader_epoch:68  replica_nodes.0:2  isr_nodes.0:2"  partitions.35:"kafka2.MetadataResponsePartition3a  error_code:0  partition_index:9  leader_id:1  leader_epoch:60  replica_nodes.0:1  isr_nodes.0:1"  partitions.36:"kafka2.MetadataResponsePartition3a  error_code:0  partition_index:13  leader_id:2  leader_epoch:68  replica_nodes.0:2  isr_nodes.0:2"  partitions.37:"kafka2.MetadataResponsePartition3a  error_code:0  partition_index:18  leader_id:4  leader_epoch:74  replica_nodes.0:4  isr_nodes.0:4"  partitions.38:"kafka2.MetadataResponsePartition3a  error_code:0  partition_index:14  leader_id:3  leader_epoch:74  replica_nodes.0:3  isr_nodes.0:3"  partitions.39:"kafka2.MetadataResponsePartition3a  error_code:0  partition_index:35  leader_id:1  leader_epoch:60  replica_nodes.0:1  isr_nodes.0:1"  partitions.40:"kafka2.MetadataResponsePartition3a  error_code:0  partition_index:23  leader_id:1  leader_epoch:60  replica_nodes.0:1  isr_nodes.0:1"  partitions.41:"kafka2.MetadataResponsePartition3a  error_code:0  partition_index:21  leader_id:3  leader_epoch:74  replica_nodes.0:3  isr_nodes.0:3"  partitions.42:"kafka2.MetadataResponsePartition3a  error_code:0  partition_index:43  leader_id:4  leader_epoch:74  replica_nodes.0:4  isr_nodes.0:4"  partitions.43:"kafka2.MetadataResponsePartition3a  error_code:0  partition_index:29  leader_id:1  leader_epoch:60  replica_nodes.0:1  isr_nodes.0:1"  partitions.44:"kafka2.MetadataResponsePartition3a  error_code:0  partition_index:41  leader_id:3  leader_epoch:74  replica_nodes.0:3  isr_nodes.0:3"  partitions.45:"kafka2.MetadataResponsePartition3a  error_code:0  partition_index:46  leader_id:4  leader_epoch:74  replica_nodes.0:4  isr_nodes.0:4"  partitions.46:"kafka2.MetadataResponsePartition3a  error_code:0  partition_index:8  leader_id:2  leader_epoch:68  replica_nodes.0:2  isr_nodes.0:2"  partitions.47:"kafka2.MetadataResponsePartition3a  error_code:0  partition_index:40  leader_id:1  leader_epoch:60  replica_nodes.0:1  isr_nodes.0:1"  partitions.48:"kafka2.MetadataResponsePartition3a  error_code:0  partition_index:0  leader_id:3  leader_epoch:74  replica_nodes.0:3  isr_nodes.0:3"  partitions.49:"kafka2.MetadataResponsePartition3a  error_code:0  partition_index:20  leader_id:4  leader_epoch:74  replica_nodes.0:4  isr_nodes.0:4"  topic_authorized_operations:-2147483648\'  topics.8:\'kafka2.MetadataResponseTopic3a  error_code:0  name:test-topic-0000000-9HHKC60  topic_id:00000000-0000-0000-0000-000000000000  is_internal:N  partitions.0:"kafka2.MetadataResponsePartition3a  error_code:0  partition_index:9  leader_id:2  leader_epoch:144  replica_nodes.0:2  replica_nodes.1:3  replica_nodes.2:1  isr_nodes.0:1  isr_nodes.1:3  isr_nodes.2:2"  partitions.1:"kafka2.MetadataResponsePartition3a  error_code:0  partition_index:0  leader_id:4  leader_epoch:146  replica_nodes.0:4  replica_nodes.1:1  replica_nodes.2:2  isr_nodes.0:1  isr_nodes.1:2  isr_nodes.2:4"  partitions.2:"kafka2.MetadataResponsePartition3a  error_code:0  partition_index:1  leader_id:1  leader_epoch:138  replica_nodes.0:1  replica_nodes.1:2  replica_nodes.2:3  isr_nodes.0:1  isr_nodes.1:2  isr_nodes.2:3"  partitions.3:"kafka2.MetadataResponsePartition3a  error_code:0  partition_index:5  leader_id:1  leader_epoch:138  replica_nodes.0:1  replica_nodes.1:3  replica_nodes.2:2  isr_nodes.0:1  isr_nodes.1:3  isr_nodes.2:2"  partitions.4:"kafka2.MetadataResponsePartition3a  error_code:0  partition_index:7  leader_id:2  leader_epoch:152  replica_nodes.0:2  replica_nodes.1:4  replica_nodes.2:1  isr_nodes.0:1  isr_nodes.1:2  isr_nodes.2:4"  partitions.5:"kafka2.MetadataResponsePartition3a  error_code:0  partition_index:4  leader_id:4  leader_epoch:160  replica_nodes.0:4  replica_nodes.1:1  replica_nodes.2:3  isr_nodes.0:1  isr_nodes.1:3  isr_nodes.2:4"  partitions.6:"kafka2.MetadataResponsePartition3a  error_code:0  partition_index:2  leader_id:2  leader_epoch:146  replica_nodes.0:2  replica_nodes.1:3  replica_nodes.2:4  isr_nodes.0:3  isr_nodes.1:2  isr_nodes.2:4"  partitions.7:"kafka2.MetadataResponsePartition3a  error_code:0  partition_index:3  leader_id:3  leader_epoch:121  replica_nodes.0:3  replica_nodes.1:4  replica_nodes.2:1  isr_nodes.0:1  isr_nodes.1:3  isr_nodes.2:4"  partitions.8:"kafka2.MetadataResponsePartition3a  error_code:0  partition_index:6  leader_id:3  leader_epoch:120  replica_nodes.0:3  replica_nodes.1:2  replica_nodes.2:4  isr_nodes.0:3  isr_nodes.1:2  isr_nodes.2:4"  partitions.9:"kafka2.MetadataResponsePartition3a  error_code:0  partition_index:8  leader_id:4  leader_epoch:149  replica_nodes.0:4  replica_nodes.1:2  replica_nodes.2:3  isr_nodes.0:3  isr_nodes.1:4  isr_nodes.2:2"  topic_authorized_operations:-2147483648\'  topics.9:\'kafka2.MetadataResponseTopic3a  error_code:0  name:av3  topic_id:00000000-0000-0000-0000-000000000000  is_internal:N  partitions.0:"kafka2.MetadataResponsePartition3a  error_code:0  partition_index:2  leader_id:2  leader_epoch:2  replica_nodes.0:2  isr_nodes.0:2"  partitions.1:"kafka2.MetadataResponsePartition3a  error_code:0  partition_index:0  leader_id:4  leader_epoch:4  replica_nodes.0:4  isr_nodes.0:4"  partitions.2:"kafka2.MetadataResponsePartition3a  error_code:0  partition_index:1  leader_id:1  leader_epoch:2  replica_nodes.0:1  isr_nodes.0:1"  topic_authorized_operations:-2147483648\'  cluster_authorized_operations:-2147483648  error_code:0'

=============tcp_pairs req with matching rsp

=============tcp_pairs rsp without req 

==========================================batch stats
TCP_FILTER.ATTENTION!!!!:N
  "elapsed(sec)":0.000558447  iframe_count:1  kafka_req_count_total:0  kafka_req_ack_count_total:0  "kafka_duration_avg (ns)":0  ind_tcp_pair_n:0  max_pkt_len:0
Kafka Non-ACK(BAD - request without response) Ratio Histogram:
exit to OS
