                 U abort@GLIBC_2.2.5
                 U calloc@GLIBC_2.2.5
                 U close@GLIBC_2.2.5
                 w __cxa_finalize@GLIBC_2.2.5
                 U __errno_location@GLIBC_2.2.5
                 U eventfd@GLIBC_2.7
                 U execute_ioctl@IBVERBS_PRIVATE_34
                 U fclose@GLIBC_2.2.5
                 U fgets@GLIBC_2.2.5
                 U fopen@GLIBC_2.2.5
                 U __fprintf_chk@GLIBC_2.3.4
                 U fputc@GLIBC_2.2.5
                 U free@GLIBC_2.2.5
                 U fwrite@GLIBC_2.2.5
                 U getenv@GLIBC_2.2.5
                 U gethostname@GLIBC_2.2.5
                 U getpid@GLIBC_2.2.5
                 U getrandom@GLIBC_2.25
                 U gettimeofday@GLIBC_2.2.5
                 w __gmon_start__
                 U ibv_alloc_pd@IBVERBS_1.1
                 U ibv_cmd_advise_mr@IBVERBS_PRIVATE_34
                 U ibv_cmd_alloc_dm@IBVERBS_PRIVATE_34
                 U ibv_cmd_alloc_mw@IBVERBS_PRIVATE_34
                 U ibv_cmd_alloc_pd@IBVERBS_PRIVATE_34
                 U ibv_cmd_attach_mcast@IBVERBS_PRIVATE_34
                 U ibv_cmd_close_xrcd@IBVERBS_PRIVATE_34
                 U ibv_cmd_create_ah@IBVERBS_PRIVATE_34
                 U ibv_cmd_create_counters@IBVERBS_PRIVATE_34
                 U ibv_cmd_create_cq_ex2@IBVERBS_PRIVATE_34
                 U ibv_cmd_create_flow@IBVERBS_PRIVATE_34
                 U ibv_cmd_create_flow_action_esp@IBVERBS_PRIVATE_34
                 U ibv_cmd_create_qp_ex@IBVERBS_PRIVATE_34
                 U ibv_cmd_create_qp_ex2@IBVERBS_PRIVATE_34
                 U ibv_cmd_create_rwq_ind_table@IBVERBS_PRIVATE_34
                 U ibv_cmd_create_srq@IBVERBS_PRIVATE_34
                 U ibv_cmd_create_srq_ex@IBVERBS_PRIVATE_34
                 U ibv_cmd_create_wq@IBVERBS_PRIVATE_34
                 U ibv_cmd_dealloc_mw@IBVERBS_PRIVATE_34
                 U ibv_cmd_dealloc_pd@IBVERBS_PRIVATE_34
                 U ibv_cmd_dereg_mr@IBVERBS_PRIVATE_34
                 U ibv_cmd_destroy_ah@IBVERBS_PRIVATE_34
                 U ibv_cmd_destroy_counters@IBVERBS_PRIVATE_34
                 U ibv_cmd_destroy_cq@IBVERBS_PRIVATE_34
                 U ibv_cmd_destroy_flow@IBVERBS_PRIVATE_34
                 U ibv_cmd_destroy_flow_action@IBVERBS_PRIVATE_34
                 U ibv_cmd_destroy_qp@IBVERBS_PRIVATE_34
                 U ibv_cmd_destroy_rwq_ind_table@IBVERBS_PRIVATE_34
                 U ibv_cmd_destroy_srq@IBVERBS_PRIVATE_34
                 U ibv_cmd_destroy_wq@IBVERBS_PRIVATE_34
                 U ibv_cmd_detach_mcast@IBVERBS_PRIVATE_34
                 U ibv_cmd_free_dm@IBVERBS_PRIVATE_34
                 U ibv_cmd_get_context@IBVERBS_PRIVATE_34
                 U ibv_cmd_modify_cq@IBVERBS_PRIVATE_34
                 U ibv_cmd_modify_flow_action_esp@IBVERBS_PRIVATE_34
                 U ibv_cmd_modify_qp@IBVERBS_PRIVATE_34
                 U ibv_cmd_modify_qp_ex@IBVERBS_PRIVATE_34
                 U ibv_cmd_modify_srq@IBVERBS_PRIVATE_34
                 U ibv_cmd_modify_wq@IBVERBS_PRIVATE_34
                 U ibv_cmd_open_qp@IBVERBS_PRIVATE_34
                 U ibv_cmd_open_xrcd@IBVERBS_PRIVATE_34
                 U ibv_cmd_query_context@IBVERBS_PRIVATE_34
                 U ibv_cmd_query_device_any@IBVERBS_PRIVATE_34
                 U ibv_cmd_query_mr@IBVERBS_PRIVATE_34
                 U ibv_cmd_query_port@IBVERBS_PRIVATE_34
                 U ibv_cmd_query_qp@IBVERBS_PRIVATE_34
                 U ibv_cmd_query_srq@IBVERBS_PRIVATE_34
                 U ibv_cmd_read_counters@IBVERBS_PRIVATE_34
                 U ibv_cmd_reg_dmabuf_mr@IBVERBS_PRIVATE_34
                 U ibv_cmd_reg_dm_mr@IBVERBS_PRIVATE_34
                 U ibv_cmd_reg_mr@IBVERBS_PRIVATE_34
                 U ibv_cmd_rereg_mr@IBVERBS_PRIVATE_34
                 U ibv_cmd_resize_cq@IBVERBS_PRIVATE_34
                 U ibv_create_cq@IBVERBS_1.1
                 U ibv_dealloc_pd@IBVERBS_1.1
                 U ibv_dereg_mr@IBVERBS_1.1
                 U ibv_destroy_cq@IBVERBS_1.1
                 U ibv_dofork_range@IBVERBS_1.1
                 U ibv_dontfork_range@IBVERBS_1.1
                 U ibv_get_device_name@IBVERBS_1.1
                 U ibv_qp_to_qp_ex@IBVERBS_1.6
                 U ibv_query_device@IBVERBS_1.1
                 U ibv_query_gid_type@IBVERBS_PRIVATE_34
                 U ibv_query_port@IBVERBS_1.1
                 U ibv_reg_mr@IBVERBS_1.1
                 U ibv_resolve_eth_l2_from_gid@IBVERBS_1.1
                 U ioctl@GLIBC_2.2.5
                 U __isoc23_sscanf@GLIBC_2.38
                 U __isoc23_strtol@GLIBC_2.38
                 U __isoc23_strtoul@GLIBC_2.38
                 w _ITM_deregisterTMCloneTable
                 w _ITM_registerTMCloneTable
                 U malloc@GLIBC_2.2.5
                 U memcmp@GLIBC_2.2.5
                 U memcpy@GLIBC_2.14
                 U __memcpy_chk@GLIBC_2.3.4
                 U memset@GLIBC_2.2.5
0000000000000000 A MLX5_1.0
0000000000000000 A MLX5_1.1
0000000000000000 A MLX5_1.10
0000000000000000 A MLX5_1.11
0000000000000000 A MLX5_1.12
0000000000000000 A MLX5_1.13
0000000000000000 A MLX5_1.14
0000000000000000 A MLX5_1.15
0000000000000000 A MLX5_1.16
0000000000000000 A MLX5_1.17
0000000000000000 A MLX5_1.18
0000000000000000 A MLX5_1.19
0000000000000000 A MLX5_1.2
0000000000000000 A MLX5_1.20
0000000000000000 A MLX5_1.21
0000000000000000 A MLX5_1.22
0000000000000000 A MLX5_1.23
0000000000000000 A MLX5_1.24
0000000000000000 A MLX5_1.25
0000000000000000 A MLX5_1.3
0000000000000000 A MLX5_1.4
0000000000000000 A MLX5_1.5
0000000000000000 A MLX5_1.6
0000000000000000 A MLX5_1.7
0000000000000000 A MLX5_1.8
0000000000000000 A MLX5_1.9
000000000006fd50 T mlx5dv_alloc_dm@@MLX5_1.10
0000000000074a40 T mlx5dv_alloc_var@@MLX5_1.12
00000000000663c0 T mlx5dv_create_cq@@MLX5_1.1
000000000006fee0 T mlx5dv_create_flow@@MLX5_1.6
000000000006fa80 T mlx5dv_create_flow_action_esp@@MLX5_1.5
000000000006faf0 T mlx5dv_create_flow_action_modify_header@@MLX5_1.7
000000000006fb60 T mlx5dv_create_flow_action_packet_reformat@@MLX5_1.7
000000000006fe10 T mlx5dv_create_flow_matcher@@MLX5_1.6
0000000000073220 T mlx5dv_create_mkey@@MLX5_1.10
000000000006f990 T mlx5dv_create_qp@@MLX5_1.3
000000000006ff60 T mlx5dv_create_steering_anchor@@MLX5_1.24
000000000006fa10 T mlx5dv_create_wq@@MLX5_1.3
0000000000073430 T mlx5dv_crypto_login@@MLX5_1.21
0000000000073550 T mlx5dv_crypto_login_create@@MLX5_1.24
0000000000073630 T mlx5dv_crypto_login_destroy@@MLX5_1.24
00000000000735c0 T mlx5dv_crypto_login_query@@MLX5_1.24
0000000000073490 T mlx5dv_crypto_login_query_state@@MLX5_1.21
00000000000734f0 T mlx5dv_crypto_logout@@MLX5_1.21
000000000004faa0 T mlx5dv_dci_stream_id_reset@@MLX5_1.21
00000000000736a0 T mlx5dv_dek_create@@MLX5_1.21
00000000000749d0 T mlx5dv_dek_destroy@@MLX5_1.21
0000000000073710 T mlx5dv_dek_query@@MLX5_1.21
000000000006fe80 T mlx5dv_destroy_flow_matcher@@MLX5_1.6
00000000000732a0 T mlx5dv_destroy_mkey@@MLX5_1.10
000000000006ffd0 T mlx5dv_destroy_steering_anchor@@MLX5_1.24
0000000000074be0 T mlx5dv_devx_alloc_msi_vector@@MLX5_1.23
0000000000071e90 T mlx5dv_devx_alloc_uar@@MLX5_1.7
0000000000072020 T mlx5dv_devx_cq_modify@@MLX5_1.8
0000000000071fc0 T mlx5dv_devx_cq_query@@MLX5_1.8
0000000000072f00 T mlx5dv_devx_create_cmd_comp@@MLX5_1.9
0000000000074cb0 T mlx5dv_devx_create_eq@@MLX5_1.23
0000000000072fa0 T mlx5dv_devx_create_event_channel@@MLX5_1.11
0000000000072f70 T mlx5dv_devx_destroy_cmd_comp@@MLX5_1.9
0000000000074d30 T mlx5dv_devx_destroy_eq@@MLX5_1.23
0000000000073010 T mlx5dv_devx_destroy_event_channel@@MLX5_1.11
0000000000074c50 T mlx5dv_devx_free_msi_vector@@MLX5_1.23
0000000000071f00 T mlx5dv_devx_free_uar@@MLX5_1.7
00000000000714b0 T mlx5dv_devx_general_cmd@@MLX5_1.7
00000000000731b0 T mlx5dv_devx_get_async_cmd_comp@@MLX5_1.9
00000000000731e0 T mlx5dv_devx_get_event@@MLX5_1.11
0000000000072ea0 T mlx5dv_devx_ind_tbl_modify@@MLX5_1.8
0000000000072e40 T mlx5dv_devx_ind_tbl_query@@MLX5_1.8
0000000000070180 T mlx5dv_devx_obj_create@@MLX5_1.7
0000000000070bc0 T mlx5dv_devx_obj_destroy@@MLX5_1.7
0000000000070b60 T mlx5dv_devx_obj_modify@@MLX5_1.7
0000000000070860 T mlx5dv_devx_obj_query@@MLX5_1.7
0000000000073150 T mlx5dv_devx_obj_query_async@@MLX5_1.9
0000000000072230 T mlx5dv_devx_qp_modify@@MLX5_1.8
0000000000072080 T mlx5dv_devx_qp_query@@MLX5_1.8
0000000000071f60 T mlx5dv_devx_query_eqn@@MLX5_1.7
0000000000072d20 T mlx5dv_devx_srq_modify@@MLX5_1.8
0000000000072cc0 T mlx5dv_devx_srq_query@@MLX5_1.8
0000000000073070 T mlx5dv_devx_subscribe_devx_event@@MLX5_1.11
00000000000730e0 T mlx5dv_devx_subscribe_devx_event_fd@@MLX5_1.11
0000000000070120 T mlx5dv_devx_umem_dereg@@MLX5_1.7
00000000000700b0 T mlx5dv_devx_umem_reg@@MLX5_1.7
0000000000070040 T mlx5dv_devx_umem_reg_ex@@MLX5_1.19
0000000000072de0 T mlx5dv_devx_wq_modify@@MLX5_1.8
0000000000072d80 T mlx5dv_devx_wq_query@@MLX5_1.8
000000000006fbe0 T mlx5dv_dm_map_op_addr@@MLX5_1.19
0000000000024870 T mlx5dv_dr_action_create_aso@@MLX5_1.17
00000000000246a0 T mlx5dv_dr_action_create_default_miss@@MLX5_1.14
00000000000254a0 T mlx5dv_dr_action_create_dest_array@@MLX5_1.16
0000000000024740 T mlx5dv_dr_action_create_dest_devx_tir@@MLX5_1.15
0000000000026bf0 T mlx5dv_dr_action_create_dest_ib_port@@MLX5_1.21
00000000000246e0 T mlx5dv_dr_action_create_dest_ibv_qp@@MLX5_1.10
0000000000025860 T mlx5dv_dr_action_create_dest_root_table@@MLX5_1.24
00000000000247a0 T mlx5dv_dr_action_create_dest_table@@MLX5_1.10
0000000000024b50 T mlx5dv_dr_action_create_dest_vport@@MLX5_1.10
0000000000024660 T mlx5dv_dr_action_create_drop@@MLX5_1.10
0000000000024810 T mlx5dv_dr_action_create_flow_counter@@MLX5_1.10
0000000000026710 T mlx5dv_dr_action_create_flow_meter@@MLX5_1.12
00000000000272a0 T mlx5dv_dr_action_create_flow_sampler@@MLX5_1.16
0000000000025f80 T mlx5dv_dr_action_create_modify_header@@MLX5_1.10
0000000000025aa0 T mlx5dv_dr_action_create_packet_reformat@@MLX5_1.10
0000000000024aa0 T mlx5dv_dr_action_create_pop_vlan@@MLX5_1.17
0000000000024ae0 T mlx5dv_dr_action_create_push_vlan@@MLX5_1.17
0000000000024a50 T mlx5dv_dr_action_create_tag@@MLX5_1.10
0000000000026e70 T mlx5dv_dr_action_destroy@@MLX5_1.10
0000000000024500 T mlx5dv_dr_action_modify_aso@@MLX5_1.17
00000000000265f0 T mlx5dv_dr_action_modify_flow_meter@@MLX5_1.12
0000000000046a60 T mlx5dv_dr_aso_other_domain_link@@MLX5_1.22
0000000000046aa0 T mlx5dv_dr_aso_other_domain_unlink@@MLX5_1.22
000000000002f5a0 T mlx5dv_dr_domain_allow_duplicate_rules@@MLX5_1.20
000000000003c050 T mlx5dv_dr_domain_create@@MLX5_1.10
000000000003a620 T mlx5dv_dr_domain_destroy@@MLX5_1.10
000000000002f4d0 T mlx5dv_dr_domain_set_reclaim_device_memory@@MLX5_1.14
0000000000030ed0 T mlx5dv_dr_domain_sync@@MLX5_1.10
0000000000039d80 T mlx5dv_dr_matcher_create@@MLX5_1.10
0000000000039a60 T mlx5dv_dr_matcher_destroy@@MLX5_1.10
00000000000368f0 T mlx5dv_dr_matcher_set_layout@@MLX5_1.21
0000000000039580 T mlx5dv_dr_rule_create@@MLX5_1.10
000000000002f880 T mlx5dv_dr_rule_destroy@@MLX5_1.10
000000000004b670 T mlx5dv_dr_table_create@@MLX5_1.10
000000000004d9c0 T mlx5dv_dr_table_destroy@@MLX5_1.10
0000000000024da0 T mlx5dv_dump_dr_domain@@MLX5_1.12
0000000000025190 T mlx5dv_dump_dr_matcher@@MLX5_1.12
0000000000025330 T mlx5dv_dump_dr_rule@@MLX5_1.12
0000000000024fb0 T mlx5dv_dump_dr_table@@MLX5_1.12
0000000000074ab0 T mlx5dv_free_var@@MLX5_1.12
0000000000053060 T mlx5dv_get_clock_info@@MLX5_1.4
000000000006fcf0 T mlx5dv_get_data_direct_sysfs_path@@MLX5_1.25
00000000000544e0 T mlx5dv_get_vfio_device_list@@MLX5_1.21
000000000004ce60 T mlx5dv_init_obj@MLX5_1.0
000000000004cd40 T mlx5dv_init_obj@@MLX5_1.2
00000000000530c0 T mlx5dv_is_supported@@MLX5_1.8
000000000006f930 T mlx5dv_map_ah_to_qp@@MLX5_1.20
0000000000073310 T _mlx5dv_mkey_check@@MLX5_1.20
000000000004c8a0 T mlx5dv_modify_qp_lag_port@@MLX5_1.14
000000000004cc20 T mlx5dv_modify_qp_sched_elem@@MLX5_1.17
000000000004c910 T mlx5dv_modify_qp_udp_sport@@MLX5_1.17
00000000000530e0 T mlx5dv_open_device@@MLX5_1.7
0000000000074b10 T mlx5dv_pp_alloc@@MLX5_1.13
0000000000074b80 T mlx5dv_pp_free@@MLX5_1.13
0000000000066710 T mlx5dv_qp_cancel_posted_send_wrs@@MLX5_1.20
000000000006fa00 T mlx5dv_qp_ex_from_ibv_qp_ex@@MLX5_1.10
000000000004c7e0 T mlx5dv_query_device@@MLX5_1.0
0000000000071e30 T _mlx5dv_query_port@@MLX5_1.19
000000000004c840 T mlx5dv_query_qp_lag_port@@MLX5_1.14
000000000006fc60 T mlx5dv_reg_dmabuf_mr@@MLX5_1.25
000000000004cc80 T mlx5dv_reserved_qpn_alloc@@MLX5_1.18
000000000004cce0 T mlx5dv_reserved_qpn_dealloc@@MLX5_1.18
000000000004c9f0 T mlx5dv_sched_leaf_create@@MLX5_1.17
000000000004cbb0 T mlx5dv_sched_leaf_destroy@@MLX5_1.17
000000000004cad0 T mlx5dv_sched_leaf_modify@@MLX5_1.17
000000000004c980 T mlx5dv_sched_node_create@@MLX5_1.17
000000000004cb40 T mlx5dv_sched_node_destroy@@MLX5_1.17
000000000004ca60 T mlx5dv_sched_node_modify@@MLX5_1.17
000000000004cea0 T mlx5dv_set_context_attr@@MLX5_1.2
00000000000544d0 T mlx5dv_vfio_get_events_fd@@MLX5_1.21
000000000005b500 T mlx5dv_vfio_process_events@@MLX5_1.21
                 U mmap@GLIBC_2.2.5
                 U munmap@GLIBC_2.2.5
                 U open@GLIBC_2.2.5
                 U poll@GLIBC_2.2.5
                 U posix_memalign@GLIBC_2.2.5
                 U __pread_chk@GLIBC_2.4
                 U pthread_mutex_destroy@GLIBC_2.2.5
                 U pthread_mutex_init@GLIBC_2.2.5
                 U pthread_mutex_lock@GLIBC_2.2.5
                 U pthread_mutex_unlock@GLIBC_2.2.5
                 U pthread_spin_destroy@GLIBC_2.34
                 U pthread_spin_init@GLIBC_2.34
                 U pthread_spin_lock@GLIBC_2.34
                 U pthread_spin_unlock@GLIBC_2.34
                 U pwrite@GLIBC_2.2.5
                 U rand_r@GLIBC_2.2.5
                 U read@GLIBC_2.2.5
                 U readlink@GLIBC_2.2.5
                 U realloc@GLIBC_2.2.5
                 U sched_getaffinity@GLIBC_2.3.4
                 U sched_yield@GLIBC_2.2.5
                 U shmat@GLIBC_2.2.5
                 U shmctl@GLIBC_2.2.5
                 U shmdt@GLIBC_2.2.5
                 U shmget@GLIBC_2.2.5
                 U sleep@GLIBC_2.2.5
                 U __snprintf_chk@GLIBC_2.3.4
                 U __sprintf_chk@GLIBC_2.3.4
                 U __stack_chk_fail@GLIBC_2.4
                 U stat@GLIBC_2.33
                 U stderr@GLIBC_2.2.5
                 U strcasecmp@GLIBC_2.2.5
                 U strchr@GLIBC_2.2.5
                 U strdup@GLIBC_2.2.5
                 U strerror@GLIBC_2.2.5
                 U strlen@GLIBC_2.2.5
                 U __strncat_chk@GLIBC_2.3.4
                 U strncpy@GLIBC_2.2.5
                 U strrchr@GLIBC_2.2.5
                 U strtol@GLIBC_2.2.5
                 U sysconf@GLIBC_2.2.5
                 U time@GLIBC_2.2.5
                 U usleep@GLIBC_2.2.5
                 U verbs_allow_disassociate_destroy@IBVERBS_PRIVATE_34
                 U _verbs_init_and_alloc_context@IBVERBS_PRIVATE_34
                 U verbs_init_cq@IBVERBS_PRIVATE_34
                 U verbs_open_device@IBVERBS_PRIVATE_34
                 U verbs_register_driver_34@IBVERBS_PRIVATE_34
                 U verbs_set_ops@IBVERBS_PRIVATE_34
                 U verbs_uninit_context@IBVERBS_PRIVATE_34
                 U __vfprintf_chk@GLIBC_2.3.4
                 U write@GLIBC_2.2.5
                 U __xpg_basename@GLIBC_2.2.5
