00:00.0 Host bridge: Advanced Micro Devices, Inc. [AMD] Starship/Matisse Root Complex
	Subsystem: Super Micro Computer Inc Starship/Matisse Root Complex
	Flags: fast devsel

00:00.2 IOMMU: Advanced Micro Devices, Inc. [AMD] Starship/Matisse IOMMU
	Subsystem: Advanced Micro Devices, Inc. [AMD] Starship/Matisse IOMMU
	Flags: fast devsel
	Capabilities: [40] Secure device <?>
	Capabilities: [64] MSI: Enable- Count=1/4 Maskable- 64bit+
	Capabilities: [74] HyperTransport: MSI Mapping Enable+ Fixed+
	Capabilities: [c8] Vendor Specific Information: Len=18 <?>

00:01.0 Host bridge: Advanced Micro Devices, Inc. [AMD] Starship/Matisse PCIe Dummy Host Bridge
	Flags: fast devsel, IOMMU group 73

00:01.1 PCI bridge: Advanced Micro Devices, Inc. [AMD] Starship/Matisse GPP Bridge (prog-if 00 [Normal decode])
	Subsystem: Advanced Micro Devices, Inc. [AMD] Starship/Matisse GPP Bridge
	Flags: bus master, fast devsel, latency 0, IRQ 58, IOMMU group 74
	Bus: primary=00, secondary=01, subordinate=01, sec-latency=0
	I/O behind bridge: [disabled] [32-bit]
	Memory behind bridge: f6500000-f65fffff [size=1M] [32-bit]
	Prefetchable memory behind bridge: 3807e000000-3807fffffff [size=32M] [32-bit]
	Capabilities: [50] Power Management version 3
	Capabilities: [58] Express Root Port (Slot+), MSI 00
	Capabilities: [a0] MSI: Enable+ Count=1/1 Maskable- 64bit+
	Capabilities: [c0] Subsystem: Advanced Micro Devices, Inc. [AMD] Starship/Matisse GPP Bridge
	Capabilities: [c8] HyperTransport: MSI Mapping Enable+ Fixed+
	Capabilities: [100] Vendor Specific Information: ID=0001 Rev=1 Len=010 <?>
	Capabilities: [150] Advanced Error Reporting
	Capabilities: [270] Secondary PCI Express
	Capabilities: [2a0] Access Control Services
	Capabilities: [370] L1 PM Substates
	Capabilities: [380] Downstream Port Containment
	Capabilities: [400] Data Link Feature <?>
	Capabilities: [410] Physical Layer 16.0 GT/s <?>
	Capabilities: [440] Lane Margining at the Receiver <?>
	Kernel driver in use: pcieport

00:02.0 Host bridge: Advanced Micro Devices, Inc. [AMD] Starship/Matisse PCIe Dummy Host Bridge
	Flags: fast devsel, IOMMU group 75

00:03.0 Host bridge: Advanced Micro Devices, Inc. [AMD] Starship/Matisse PCIe Dummy Host Bridge
	Flags: fast devsel, IOMMU group 76

00:03.3 PCI bridge: Advanced Micro Devices, Inc. [AMD] Starship/Matisse GPP Bridge (prog-if 00 [Normal decode])
	Subsystem: Advanced Micro Devices, Inc. [AMD] Starship/Matisse GPP Bridge
	Flags: bus master, fast devsel, latency 0, IRQ 59, IOMMU group 76
	Bus: primary=00, secondary=02, subordinate=02, sec-latency=0
	I/O behind bridge: 1000-1fff [size=4K] [16-bit]
	Memory behind bridge: f6400000-f64fffff [size=1M] [32-bit]
	Prefetchable memory behind bridge: 28081000000-280811fffff [size=2M] [32-bit]
	Capabilities: [50] Power Management version 3
	Capabilities: [58] Express Root Port (Slot+), MSI 00
	Capabilities: [a0] MSI: Enable+ Count=1/1 Maskable- 64bit+
	Capabilities: [c0] Subsystem: Advanced Micro Devices, Inc. [AMD] Starship/Matisse GPP Bridge
	Capabilities: [c8] HyperTransport: MSI Mapping Enable+ Fixed+
	Capabilities: [100] Vendor Specific Information: ID=0001 Rev=1 Len=010 <?>
	Capabilities: [150] Advanced Error Reporting
	Capabilities: [270] Secondary PCI Express
	Capabilities: [2a0] Access Control Services
	Capabilities: [370] L1 PM Substates
	Capabilities: [380] Downstream Port Containment
	Capabilities: [400] Data Link Feature <?>
	Capabilities: [410] Physical Layer 16.0 GT/s <?>
	Capabilities: [440] Lane Margining at the Receiver <?>
	Kernel driver in use: pcieport

00:03.4 PCI bridge: Advanced Micro Devices, Inc. [AMD] Starship/Matisse GPP Bridge (prog-if 00 [Normal decode])
	Subsystem: Advanced Micro Devices, Inc. [AMD] Starship/Matisse GPP Bridge
	Flags: bus master, fast devsel, latency 0, IRQ 60, IOMMU group 76
	Bus: primary=00, secondary=03, subordinate=03, sec-latency=0
	I/O behind bridge: 2000-2fff [size=4K] [16-bit]
	Memory behind bridge: f6300000-f63fffff [size=1M] [32-bit]
	Prefetchable memory behind bridge: 28081200000-280813fffff [size=2M] [32-bit]
	Capabilities: [50] Power Management version 3
	Capabilities: [58] Express Root Port (Slot+), MSI 00
	Capabilities: [a0] MSI: Enable+ Count=1/1 Maskable- 64bit+
	Capabilities: [c0] Subsystem: Advanced Micro Devices, Inc. [AMD] Starship/Matisse GPP Bridge
	Capabilities: [c8] HyperTransport: MSI Mapping Enable+ Fixed+
	Capabilities: [100] Vendor Specific Information: ID=0001 Rev=1 Len=010 <?>
	Capabilities: [150] Advanced Error Reporting
	Capabilities: [270] Secondary PCI Express
	Capabilities: [2a0] Access Control Services
	Capabilities: [370] L1 PM Substates
	Capabilities: [380] Downstream Port Containment
	Capabilities: [400] Data Link Feature <?>
	Capabilities: [410] Physical Layer 16.0 GT/s <?>
	Capabilities: [440] Lane Margining at the Receiver <?>
	Kernel driver in use: pcieport

00:04.0 Host bridge: Advanced Micro Devices, Inc. [AMD] Starship/Matisse PCIe Dummy Host Bridge
	Flags: fast devsel, IOMMU group 77

00:05.0 Host bridge: Advanced Micro Devices, Inc. [AMD] Starship/Matisse PCIe Dummy Host Bridge
	Flags: fast devsel, IOMMU group 78

00:07.0 Host bridge: Advanced Micro Devices, Inc. [AMD] Starship/Matisse PCIe Dummy Host Bridge
	Flags: fast devsel, IOMMU group 79

00:07.1 PCI bridge: Advanced Micro Devices, Inc. [AMD] Starship/Matisse Internal PCIe GPP Bridge 0 to bus[E:B] (prog-if 00 [Normal decode])
	Subsystem: Advanced Micro Devices, Inc. [AMD] Starship/Matisse Internal PCIe GPP Bridge 0 to bus[E:B]
	Flags: bus master, fast devsel, latency 0, IRQ 62, IOMMU group 80
	Bus: primary=00, secondary=04, subordinate=04, sec-latency=0
	I/O behind bridge: [disabled] [32-bit]
	Memory behind bridge: f6200000-f62fffff [size=1M] [32-bit]
	Prefetchable memory behind bridge: [disabled] [64-bit]
	Capabilities: [50] Power Management version 3
	Capabilities: [58] Express Root Port (Slot-), MSI 00
	Capabilities: [a0] MSI: Enable+ Count=1/1 Maskable- 64bit+
	Capabilities: [c0] Subsystem: Advanced Micro Devices, Inc. [AMD] Starship/Matisse Internal PCIe GPP Bridge 0 to bus[E:B]
	Capabilities: [c8] HyperTransport: MSI Mapping Enable+ Fixed+
	Capabilities: [100] Vendor Specific Information: ID=0001 Rev=1 Len=010 <?>
	Capabilities: [150] Advanced Error Reporting
	Capabilities: [270] Secondary PCI Express
	Capabilities: [2a0] Access Control Services
	Capabilities: [400] Data Link Feature <?>
	Capabilities: [410] Physical Layer 16.0 GT/s <?>
	Capabilities: [440] Lane Margining at the Receiver <?>
	Kernel driver in use: pcieport

00:08.0 Host bridge: Advanced Micro Devices, Inc. [AMD] Starship/Matisse PCIe Dummy Host Bridge
	Flags: fast devsel, IOMMU group 81

00:08.1 PCI bridge: Advanced Micro Devices, Inc. [AMD] Starship/Matisse Internal PCIe GPP Bridge 0 to bus[E:B] (prog-if 00 [Normal decode])
	Subsystem: Advanced Micro Devices, Inc. [AMD] Starship/Matisse Internal PCIe GPP Bridge 0 to bus[E:B]
	Flags: bus master, fast devsel, latency 0, IRQ 63, IOMMU group 82
	Bus: primary=00, secondary=05, subordinate=05, sec-latency=0
	I/O behind bridge: [disabled] [32-bit]
	Memory behind bridge: f6000000-f61fffff [size=2M] [32-bit]
	Prefetchable memory behind bridge: [disabled] [64-bit]
	Capabilities: [50] Power Management version 3
	Capabilities: [58] Express Root Port (Slot-), MSI 00
	Capabilities: [a0] MSI: Enable+ Count=1/1 Maskable- 64bit+
	Capabilities: [c0] Subsystem: Advanced Micro Devices, Inc. [AMD] Starship/Matisse Internal PCIe GPP Bridge 0 to bus[E:B]
	Capabilities: [c8] HyperTransport: MSI Mapping Enable+ Fixed+
	Capabilities: [100] Vendor Specific Information: ID=0001 Rev=1 Len=010 <?>
	Capabilities: [150] Advanced Error Reporting
	Capabilities: [270] Secondary PCI Express
	Capabilities: [2a0] Access Control Services
	Capabilities: [400] Data Link Feature <?>
	Capabilities: [410] Physical Layer 16.0 GT/s <?>
	Capabilities: [440] Lane Margining at the Receiver <?>
	Kernel driver in use: pcieport

00:14.0 SMBus: Advanced Micro Devices, Inc. [AMD] FCH SMBus Controller (rev 61)
	Subsystem: Super Micro Computer Inc H12SSL-i
	Flags: 66MHz, medium devsel, IOMMU group 83
	Kernel driver in use: piix4_smbus
	Kernel modules: i2c_piix4, sp5100_tco

00:14.3 ISA bridge: Advanced Micro Devices, Inc. [AMD] FCH LPC Bridge (rev 51)
	Subsystem: Super Micro Computer Inc H12SSL-i
	Flags: bus master, 66MHz, medium devsel, latency 0, IOMMU group 83

00:18.0 Host bridge: Advanced Micro Devices, Inc. [AMD] Starship Device 24; Function 0
	Flags: fast devsel, IOMMU group 84

00:18.1 Host bridge: Advanced Micro Devices, Inc. [AMD] Starship Device 24; Function 1
	Flags: fast devsel, IOMMU group 84

00:18.2 Host bridge: Advanced Micro Devices, Inc. [AMD] Starship Device 24; Function 2
	Flags: fast devsel, IOMMU group 84

00:18.3 Host bridge: Advanced Micro Devices, Inc. [AMD] Starship Device 24; Function 3
	Flags: fast devsel, IOMMU group 84
	Kernel driver in use: k10temp
	Kernel modules: k10temp

00:18.4 Host bridge: Advanced Micro Devices, Inc. [AMD] Starship Device 24; Function 4
	Flags: fast devsel, IOMMU group 84

00:18.5 Host bridge: Advanced Micro Devices, Inc. [AMD] Starship Device 24; Function 5
	Flags: fast devsel, IOMMU group 84

00:18.6 Host bridge: Advanced Micro Devices, Inc. [AMD] Starship Device 24; Function 6
	Flags: fast devsel, IOMMU group 84

00:18.7 Host bridge: Advanced Micro Devices, Inc. [AMD] Starship Device 24; Function 7
	Flags: fast devsel, IOMMU group 84

01:00.0 Ethernet controller: Mellanox Technologies MT28908 Family [ConnectX-6]
	Subsystem: Mellanox Technologies MT28908 Family [ConnectX-6]
	Flags: bus master, fast devsel, latency 0, IRQ 351, IOMMU group 85
	Memory at 3807e000000 (64-bit, prefetchable) [size=32M]
	Expansion ROM at f6500000 [disabled] [size=1M]
	Capabilities: [60] Express Endpoint, MSI 00
	Capabilities: [48] Vital Product Data
	Capabilities: [9c] MSI-X: Enable+ Count=64 Masked-
	Capabilities: [c0] Vendor Specific Information: Len=18 <?>
	Capabilities: [40] Power Management version 3
	Capabilities: [100] Advanced Error Reporting
	Capabilities: [150] Alternative Routing-ID Interpretation (ARI)
	Capabilities: [1c0] Secondary PCI Express
	Capabilities: [320] Lane Margining at the Receiver <?>
	Capabilities: [370] Physical Layer 16.0 GT/s <?>
	Capabilities: [420] Data Link Feature <?>
	Kernel driver in use: mlx5_core
	Kernel modules: mlx5_core

04:00.0 Non-Essential Instrumentation [1300]: Advanced Micro Devices, Inc. [AMD] Starship/Matisse PCIe Dummy Function
	Subsystem: Advanced Micro Devices, Inc. [AMD] Starship/Matisse PCIe Dummy Function
	Flags: fast devsel, IOMMU group 86
	Capabilities: [48] Vendor Specific Information: Len=08 <?>
	Capabilities: [50] Power Management version 3
	Capabilities: [64] Express Endpoint, MSI 00
	Capabilities: [100] Vendor Specific Information: ID=0001 Rev=1 Len=010 <?>
	Capabilities: [150] Advanced Error Reporting
	Capabilities: [270] Secondary PCI Express
	Capabilities: [2a0] Access Control Services
	Capabilities: [400] Data Link Feature <?>
	Capabilities: [410] Physical Layer 16.0 GT/s <?>
	Capabilities: [440] Lane Margining at the Receiver <?>

04:00.2 Encryption controller: Advanced Micro Devices, Inc. [AMD] Starship/Matisse PTDMA
	Subsystem: Advanced Micro Devices, Inc. [AMD] Starship/Matisse PTDMA
	Flags: bus master, fast devsel, latency 0, IRQ 61, IOMMU group 87
	Memory at f6200000 (32-bit, non-prefetchable) [size=512K]
	Memory at f6280000 (32-bit, non-prefetchable) [size=8K]
	Capabilities: [48] Vendor Specific Information: Len=08 <?>
	Capabilities: [50] Power Management version 3
	Capabilities: [64] Express Endpoint, MSI 00
	Capabilities: [a0] MSI: Enable- Count=1/2 Maskable- 64bit+
	Capabilities: [c0] MSI-X: Enable+ Count=1 Masked-
	Capabilities: [100] Vendor Specific Information: ID=0001 Rev=1 Len=010 <?>
	Capabilities: [150] Advanced Error Reporting
	Capabilities: [2a0] Access Control Services
	Kernel driver in use: ptdma
	Kernel modules: ptdma

05:00.0 Non-Essential Instrumentation [1300]: Advanced Micro Devices, Inc. [AMD] Starship/Matisse Reserved SPP
	Subsystem: Advanced Micro Devices, Inc. [AMD] Starship/Matisse Reserved SPP
	Flags: fast devsel, IOMMU group 88
	Capabilities: [48] Vendor Specific Information: Len=08 <?>
	Capabilities: [50] Power Management version 3
	Capabilities: [64] Express Endpoint, MSI 00
	Capabilities: [100] Vendor Specific Information: ID=0001 Rev=1 Len=010 <?>
	Capabilities: [150] Advanced Error Reporting
	Capabilities: [270] Secondary PCI Express
	Capabilities: [2a0] Access Control Services
	Capabilities: [400] Data Link Feature <?>
	Capabilities: [410] Physical Layer 16.0 GT/s <?>
	Capabilities: [440] Lane Margining at the Receiver <?>

05:00.2 Encryption controller: Advanced Micro Devices, Inc. [AMD] Starship/Matisse PTDMA
	Subsystem: Advanced Micro Devices, Inc. [AMD] Starship/Matisse PTDMA
	Flags: bus master, fast devsel, latency 0, IRQ 426, IOMMU group 89
	Memory at f6100000 (32-bit, non-prefetchable) [size=512K]
	Memory at f6180000 (32-bit, non-prefetchable) [size=8K]
	Capabilities: [48] Vendor Specific Information: Len=08 <?>
	Capabilities: [50] Power Management version 3
	Capabilities: [64] Express Endpoint, MSI 00
	Capabilities: [a0] MSI: Enable- Count=1/2 Maskable- 64bit+
	Capabilities: [c0] MSI-X: Enable+ Count=1 Masked-
	Capabilities: [100] Vendor Specific Information: ID=0001 Rev=1 Len=010 <?>
	Capabilities: [150] Advanced Error Reporting
	Capabilities: [2a0] Access Control Services
	Kernel driver in use: ptdma
	Kernel modules: ptdma

05:00.3 USB controller: Advanced Micro Devices, Inc. [AMD] Starship USB 3.0 Host Controller (prog-if 30 [XHCI])
	Subsystem: Super Micro Computer Inc H12SSL-i
	Flags: bus master, fast devsel, latency 0, IRQ 76, IOMMU group 90
	Memory at f6000000 (64-bit, non-prefetchable) [size=1M]
	Capabilities: [48] Vendor Specific Information: Len=08 <?>
	Capabilities: [50] Power Management version 3
	Capabilities: [64] Express Endpoint, MSI 00
	Capabilities: [a0] MSI: Enable- Count=1/8 Maskable- 64bit+
	Capabilities: [c0] MSI-X: Enable+ Count=8 Masked-
	Capabilities: [100] Vendor Specific Information: ID=0001 Rev=1 Len=010 <?>
	Capabilities: [150] Advanced Error Reporting
	Capabilities: [2a0] Access Control Services
	Kernel driver in use: xhci_hcd
	Kernel modules: xhci_pci

40:00.0 Host bridge: Advanced Micro Devices, Inc. [AMD] Starship/Matisse Root Complex
	Subsystem: Super Micro Computer Inc Starship/Matisse Root Complex
	Flags: fast devsel

40:00.2 IOMMU: Advanced Micro Devices, Inc. [AMD] Starship/Matisse IOMMU
	Subsystem: Advanced Micro Devices, Inc. [AMD] Starship/Matisse IOMMU
	Flags: fast devsel
	Capabilities: [40] Secure device <?>
	Capabilities: [64] MSI: Enable- Count=1/4 Maskable- 64bit+
	Capabilities: [74] HyperTransport: MSI Mapping Enable+ Fixed+
	Capabilities: [c8] Vendor Specific Information: Len=18 <?>

40:01.0 Host bridge: Advanced Micro Devices, Inc. [AMD] Starship/Matisse PCIe Dummy Host Bridge
	Flags: fast devsel, IOMMU group 44

40:01.3 PCI bridge: Advanced Micro Devices, Inc. [AMD] Starship/Matisse GPP Bridge (prog-if 00 [Normal decode])
	Subsystem: Advanced Micro Devices, Inc. [AMD] Starship/Matisse GPP Bridge
	Flags: bus master, fast devsel, latency 0, IRQ 64, IOMMU group 44
	Bus: primary=40, secondary=41, subordinate=41, sec-latency=0
	I/O behind bridge: 4000-4fff [size=4K] [16-bit]
	Memory behind bridge: b1d00000-b1dfffff [size=1M] [32-bit]
	Prefetchable memory behind bridge: 20081000000-200811fffff [size=2M] [32-bit]
	Capabilities: [50] Power Management version 3
	Capabilities: [58] Express Root Port (Slot+), MSI 00
	Capabilities: [a0] MSI: Enable+ Count=1/1 Maskable- 64bit+
	Capabilities: [c0] Subsystem: Advanced Micro Devices, Inc. [AMD] Starship/Matisse GPP Bridge
	Capabilities: [c8] HyperTransport: MSI Mapping Enable+ Fixed+
	Capabilities: [100] Vendor Specific Information: ID=0001 Rev=1 Len=010 <?>
	Capabilities: [150] Advanced Error Reporting
	Capabilities: [270] Secondary PCI Express
	Capabilities: [2a0] Access Control Services
	Capabilities: [370] L1 PM Substates
	Capabilities: [380] Downstream Port Containment
	Capabilities: [400] Data Link Feature <?>
	Capabilities: [410] Physical Layer 16.0 GT/s <?>
	Capabilities: [440] Lane Margining at the Receiver <?>
	Kernel driver in use: pcieport

40:01.4 PCI bridge: Advanced Micro Devices, Inc. [AMD] Starship/Matisse GPP Bridge (prog-if 00 [Normal decode])
	Subsystem: Advanced Micro Devices, Inc. [AMD] Starship/Matisse GPP Bridge
	Flags: bus master, fast devsel, latency 0, IRQ 65, IOMMU group 44
	Bus: primary=40, secondary=42, subordinate=42, sec-latency=0
	I/O behind bridge: 5000-5fff [size=4K] [16-bit]
	Memory behind bridge: b1c00000-b1cfffff [size=1M] [32-bit]
	Prefetchable memory behind bridge: 20081200000-200813fffff [size=2M] [32-bit]
	Capabilities: [50] Power Management version 3
	Capabilities: [58] Express Root Port (Slot+), MSI 00
	Capabilities: [a0] MSI: Enable+ Count=1/1 Maskable- 64bit+
	Capabilities: [c0] Subsystem: Advanced Micro Devices, Inc. [AMD] Starship/Matisse GPP Bridge
	Capabilities: [c8] HyperTransport: MSI Mapping Enable+ Fixed+
	Capabilities: [100] Vendor Specific Information: ID=0001 Rev=1 Len=010 <?>
	Capabilities: [150] Advanced Error Reporting
	Capabilities: [270] Secondary PCI Express
	Capabilities: [2a0] Access Control Services
	Capabilities: [370] L1 PM Substates
	Capabilities: [380] Downstream Port Containment
	Capabilities: [400] Data Link Feature <?>
	Capabilities: [410] Physical Layer 16.0 GT/s <?>
	Capabilities: [440] Lane Margining at the Receiver <?>
	Kernel driver in use: pcieport

40:02.0 Host bridge: Advanced Micro Devices, Inc. [AMD] Starship/Matisse PCIe Dummy Host Bridge
	Flags: fast devsel, IOMMU group 45

40:03.0 Host bridge: Advanced Micro Devices, Inc. [AMD] Starship/Matisse PCIe Dummy Host Bridge
	Flags: fast devsel, IOMMU group 46

40:03.1 PCI bridge: Advanced Micro Devices, Inc. [AMD] Starship/Matisse GPP Bridge (prog-if 00 [Normal decode])
	Subsystem: Advanced Micro Devices, Inc. [AMD] Starship/Matisse GPP Bridge
	Flags: bus master, fast devsel, latency 0, IRQ 66, IOMMU group 47
	Bus: primary=40, secondary=43, subordinate=43, sec-latency=0
	I/O behind bridge: [disabled] [32-bit]
	Memory behind bridge: b1b00000-b1bfffff [size=1M] [32-bit]
	Prefetchable memory behind bridge: 28080d00000-28080ffffff [size=3M] [32-bit]
	Capabilities: [50] Power Management version 3
	Capabilities: [58] Express Root Port (Slot+), MSI 00
	Capabilities: [a0] MSI: Enable+ Count=1/1 Maskable- 64bit+
	Capabilities: [c0] Subsystem: Advanced Micro Devices, Inc. [AMD] Starship/Matisse GPP Bridge
	Capabilities: [c8] HyperTransport: MSI Mapping Enable+ Fixed+
	Capabilities: [100] Vendor Specific Information: ID=0001 Rev=1 Len=010 <?>
	Capabilities: [150] Advanced Error Reporting
	Capabilities: [270] Secondary PCI Express
	Capabilities: [2a0] Access Control Services
	Capabilities: [370] L1 PM Substates
	Capabilities: [380] Downstream Port Containment
	Capabilities: [400] Data Link Feature <?>
	Capabilities: [410] Physical Layer 16.0 GT/s <?>
	Capabilities: [440] Lane Margining at the Receiver <?>
	Kernel driver in use: pcieport

40:03.2 PCI bridge: Advanced Micro Devices, Inc. [AMD] Starship/Matisse GPP Bridge (prog-if 00 [Normal decode])
	Subsystem: Advanced Micro Devices, Inc. [AMD] Starship/Matisse GPP Bridge
	Flags: bus master, fast devsel, latency 0, IRQ 67, IOMMU group 48
	Bus: primary=40, secondary=44, subordinate=44, sec-latency=0
	I/O behind bridge: 7000-7fff [size=4K] [16-bit]
	Memory behind bridge: b1a00000-b1afffff [size=1M] [32-bit]
	Prefetchable memory behind bridge: [disabled] [64-bit]
	Capabilities: [50] Power Management version 3
	Capabilities: [58] Express Root Port (Slot+), MSI 00
	Capabilities: [a0] MSI: Enable+ Count=1/1 Maskable- 64bit+
	Capabilities: [c0] Subsystem: Advanced Micro Devices, Inc. [AMD] Starship/Matisse GPP Bridge
	Capabilities: [c8] HyperTransport: MSI Mapping Enable+ Fixed+
	Capabilities: [100] Vendor Specific Information: ID=0001 Rev=1 Len=010 <?>
	Capabilities: [150] Advanced Error Reporting
	Capabilities: [270] Secondary PCI Express
	Capabilities: [2a0] Access Control Services
	Capabilities: [370] L1 PM Substates
	Capabilities: [380] Downstream Port Containment
	Capabilities: [400] Data Link Feature <?>
	Capabilities: [410] Physical Layer 16.0 GT/s <?>
	Capabilities: [440] Lane Margining at the Receiver <?>
	Kernel driver in use: pcieport

40:03.3 PCI bridge: Advanced Micro Devices, Inc. [AMD] Starship/Matisse GPP Bridge (prog-if 00 [Normal decode])
	Subsystem: Advanced Micro Devices, Inc. [AMD] Starship/Matisse GPP Bridge
	Flags: bus master, fast devsel, latency 0, IRQ 68, IOMMU group 49
	Bus: primary=40, secondary=45, subordinate=45, sec-latency=0
	I/O behind bridge: [disabled] [32-bit]
	Memory behind bridge: b1900000-b19fffff [size=1M] [32-bit]
	Prefetchable memory behind bridge: [disabled] [64-bit]
	Capabilities: [50] Power Management version 3
	Capabilities: [58] Express Root Port (Slot+), MSI 00
	Capabilities: [a0] MSI: Enable+ Count=1/1 Maskable- 64bit+
	Capabilities: [c0] Subsystem: Advanced Micro Devices, Inc. [AMD] Starship/Matisse GPP Bridge
	Capabilities: [c8] HyperTransport: MSI Mapping Enable+ Fixed+
	Capabilities: [100] Vendor Specific Information: ID=0001 Rev=1 Len=010 <?>
	Capabilities: [150] Advanced Error Reporting
	Capabilities: [270] Secondary PCI Express
	Capabilities: [2a0] Access Control Services
	Capabilities: [370] L1 PM Substates
	Capabilities: [380] Downstream Port Containment
	Capabilities: [400] Data Link Feature <?>
	Capabilities: [410] Physical Layer 16.0 GT/s <?>
	Capabilities: [440] Lane Margining at the Receiver <?>
	Kernel driver in use: pcieport

40:03.4 PCI bridge: Advanced Micro Devices, Inc. [AMD] Starship/Matisse GPP Bridge (prog-if 00 [Normal decode])
	Subsystem: Advanced Micro Devices, Inc. [AMD] Starship/Matisse GPP Bridge
	Flags: bus master, fast devsel, latency 0, IRQ 69, IOMMU group 50
	Bus: primary=40, secondary=46, subordinate=46, sec-latency=0
	I/O behind bridge: [disabled] [32-bit]
	Memory behind bridge: b1800000-b18fffff [size=1M] [32-bit]
	Prefetchable memory behind bridge: [disabled] [64-bit]
	Capabilities: [50] Power Management version 3
	Capabilities: [58] Express Root Port (Slot+), MSI 00
	Capabilities: [a0] MSI: Enable+ Count=1/1 Maskable- 64bit+
	Capabilities: [c0] Subsystem: Advanced Micro Devices, Inc. [AMD] Starship/Matisse GPP Bridge
	Capabilities: [c8] HyperTransport: MSI Mapping Enable+ Fixed+
	Capabilities: [100] Vendor Specific Information: ID=0001 Rev=1 Len=010 <?>
	Capabilities: [150] Advanced Error Reporting
	Capabilities: [270] Secondary PCI Express
	Capabilities: [2a0] Access Control Services
	Capabilities: [370] L1 PM Substates
	Capabilities: [380] Downstream Port Containment
	Capabilities: [400] Data Link Feature <?>
	Capabilities: [410] Physical Layer 16.0 GT/s <?>
	Capabilities: [440] Lane Margining at the Receiver <?>
	Kernel driver in use: pcieport

40:03.5 PCI bridge: Advanced Micro Devices, Inc. [AMD] Starship/Matisse GPP Bridge (prog-if 00 [Normal decode])
	Subsystem: Advanced Micro Devices, Inc. [AMD] Starship/Matisse GPP Bridge
	Flags: bus master, fast devsel, latency 0, IRQ 70, IOMMU group 51
	Bus: primary=40, secondary=47, subordinate=48, sec-latency=0
	I/O behind bridge: 6000-6fff [size=4K] [16-bit]
	Memory behind bridge: b0000000-b10fffff [size=17M] [32-bit]
	Prefetchable memory behind bridge: [disabled] [64-bit]
	Capabilities: [50] Power Management version 3
	Capabilities: [58] Express Root Port (Slot+), MSI 00
	Capabilities: [a0] MSI: Enable+ Count=1/1 Maskable- 64bit+
	Capabilities: [c0] Subsystem: Advanced Micro Devices, Inc. [AMD] Starship/Matisse GPP Bridge
	Capabilities: [c8] HyperTransport: MSI Mapping Enable+ Fixed+
	Capabilities: [100] Vendor Specific Information: ID=0001 Rev=1 Len=010 <?>
	Capabilities: [150] Advanced Error Reporting
	Capabilities: [270] Secondary PCI Express
	Capabilities: [2a0] Access Control Services
	Capabilities: [370] L1 PM Substates
	Capabilities: [380] Downstream Port Containment
	Capabilities: [400] Data Link Feature <?>
	Capabilities: [410] Physical Layer 16.0 GT/s <?>
	Capabilities: [440] Lane Margining at the Receiver <?>
	Kernel driver in use: pcieport

40:04.0 Host bridge: Advanced Micro Devices, Inc. [AMD] Starship/Matisse PCIe Dummy Host Bridge
	Flags: fast devsel, IOMMU group 52

40:05.0 Host bridge: Advanced Micro Devices, Inc. [AMD] Starship/Matisse PCIe Dummy Host Bridge
	Flags: fast devsel, IOMMU group 53

40:07.0 Host bridge: Advanced Micro Devices, Inc. [AMD] Starship/Matisse PCIe Dummy Host Bridge
	Flags: fast devsel, IOMMU group 54

40:07.1 PCI bridge: Advanced Micro Devices, Inc. [AMD] Starship/Matisse Internal PCIe GPP Bridge 0 to bus[E:B] (prog-if 00 [Normal decode])
	Subsystem: Advanced Micro Devices, Inc. [AMD] Starship/Matisse Internal PCIe GPP Bridge 0 to bus[E:B]
	Flags: bus master, fast devsel, latency 0, IRQ 72, IOMMU group 55
	Bus: primary=40, secondary=49, subordinate=49, sec-latency=0
	I/O behind bridge: [disabled] [32-bit]
	Memory behind bridge: b1700000-b17fffff [size=1M] [32-bit]
	Prefetchable memory behind bridge: [disabled] [64-bit]
	Capabilities: [50] Power Management version 3
	Capabilities: [58] Express Root Port (Slot-), MSI 00
	Capabilities: [a0] MSI: Enable+ Count=1/1 Maskable- 64bit+
	Capabilities: [c0] Subsystem: Advanced Micro Devices, Inc. [AMD] Starship/Matisse Internal PCIe GPP Bridge 0 to bus[E:B]
	Capabilities: [c8] HyperTransport: MSI Mapping Enable+ Fixed+
	Capabilities: [100] Vendor Specific Information: ID=0001 Rev=1 Len=010 <?>
	Capabilities: [150] Advanced Error Reporting
	Capabilities: [270] Secondary PCI Express
	Capabilities: [2a0] Access Control Services
	Capabilities: [400] Data Link Feature <?>
	Capabilities: [410] Physical Layer 16.0 GT/s <?>
	Capabilities: [440] Lane Margining at the Receiver <?>
	Kernel driver in use: pcieport

40:08.0 Host bridge: Advanced Micro Devices, Inc. [AMD] Starship/Matisse PCIe Dummy Host Bridge
	Flags: fast devsel, IOMMU group 56

40:08.1 PCI bridge: Advanced Micro Devices, Inc. [AMD] Starship/Matisse Internal PCIe GPP Bridge 0 to bus[E:B] (prog-if 00 [Normal decode])
	Subsystem: Advanced Micro Devices, Inc. [AMD] Starship/Matisse Internal PCIe GPP Bridge 0 to bus[E:B]
	Flags: bus master, fast devsel, latency 0, IRQ 73, IOMMU group 57
	Bus: primary=40, secondary=4a, subordinate=4a, sec-latency=0
	I/O behind bridge: [disabled] [32-bit]
	Memory behind bridge: b1200000-b14fffff [size=3M] [32-bit]
	Prefetchable memory behind bridge: [disabled] [64-bit]
	Capabilities: [50] Power Management version 3
	Capabilities: [58] Express Root Port (Slot-), MSI 00
	Capabilities: [a0] MSI: Enable+ Count=1/1 Maskable- 64bit+
	Capabilities: [c0] Subsystem: Advanced Micro Devices, Inc. [AMD] Starship/Matisse Internal PCIe GPP Bridge 0 to bus[E:B]
	Capabilities: [c8] HyperTransport: MSI Mapping Enable+ Fixed+
	Capabilities: [100] Vendor Specific Information: ID=0001 Rev=1 Len=010 <?>
	Capabilities: [150] Advanced Error Reporting
	Capabilities: [270] Secondary PCI Express
	Capabilities: [2a0] Access Control Services
	Capabilities: [400] Data Link Feature <?>
	Capabilities: [410] Physical Layer 16.0 GT/s <?>
	Capabilities: [440] Lane Margining at the Receiver <?>
	Kernel driver in use: pcieport

40:08.2 PCI bridge: Advanced Micro Devices, Inc. [AMD] Starship/Matisse Internal PCIe GPP Bridge 0 to bus[E:B] (prog-if 00 [Normal decode])
	Subsystem: Advanced Micro Devices, Inc. [AMD] Starship/Matisse Internal PCIe GPP Bridge 0 to bus[E:B]
	Flags: bus master, fast devsel, latency 0, IRQ 74, IOMMU group 58
	Bus: primary=40, secondary=4b, subordinate=4b, sec-latency=0
	I/O behind bridge: [disabled] [32-bit]
	Memory behind bridge: b1600000-b16fffff [size=1M] [32-bit]
	Prefetchable memory behind bridge: [disabled] [64-bit]
	Capabilities: [50] Power Management version 3
	Capabilities: [58] Express Root Port (Slot-), MSI 00
	Capabilities: [a0] MSI: Enable+ Count=1/1 Maskable- 64bit+
	Capabilities: [c0] Subsystem: Advanced Micro Devices, Inc. [AMD] Starship/Matisse Internal PCIe GPP Bridge 0 to bus[E:B]
	Capabilities: [c8] HyperTransport: MSI Mapping Enable+ Fixed+
	Capabilities: [100] Vendor Specific Information: ID=0001 Rev=1 Len=010 <?>
	Capabilities: [150] Advanced Error Reporting
	Capabilities: [270] Secondary PCI Express
	Capabilities: [2a0] Access Control Services
	Capabilities: [400] Data Link Feature <?>
	Capabilities: [410] Physical Layer 16.0 GT/s <?>
	Capabilities: [440] Lane Margining at the Receiver <?>
	Kernel driver in use: pcieport

40:08.3 PCI bridge: Advanced Micro Devices, Inc. [AMD] Starship/Matisse Internal PCIe GPP Bridge 0 to bus[E:B] (prog-if 00 [Normal decode])
	Subsystem: Advanced Micro Devices, Inc. [AMD] Starship/Matisse Internal PCIe GPP Bridge 0 to bus[E:B]
	Flags: bus master, fast devsel, latency 0, IRQ 75, IOMMU group 59
	Bus: primary=40, secondary=4c, subordinate=4c, sec-latency=0
	I/O behind bridge: [disabled] [32-bit]
	Memory behind bridge: b1500000-b15fffff [size=1M] [32-bit]
	Prefetchable memory behind bridge: [disabled] [64-bit]
	Capabilities: [50] Power Management version 3
	Capabilities: [58] Express Root Port (Slot-), MSI 00
	Capabilities: [a0] MSI: Enable+ Count=1/1 Maskable- 64bit+
	Capabilities: [c0] Subsystem: Advanced Micro Devices, Inc. [AMD] Starship/Matisse Internal PCIe GPP Bridge 0 to bus[E:B]
	Capabilities: [c8] HyperTransport: MSI Mapping Enable+ Fixed+
	Capabilities: [100] Vendor Specific Information: ID=0001 Rev=1 Len=010 <?>
	Capabilities: [150] Advanced Error Reporting
	Capabilities: [270] Secondary PCI Express
	Capabilities: [2a0] Access Control Services
	Capabilities: [400] Data Link Feature <?>
	Capabilities: [410] Physical Layer 16.0 GT/s <?>
	Capabilities: [440] Lane Margining at the Receiver <?>
	Kernel driver in use: pcieport

43:00.0 Ethernet controller: Broadcom Inc. and subsidiaries BCM57416 NetXtreme-E Dual-Media 10G RDMA Ethernet Controller (rev 01)
	DeviceName: Broadcom 10G Ethernet #1
	Subsystem: Super Micro Computer Inc BCM57416 NetXtreme-E Dual-Media 10G RDMA Ethernet Controller
	Flags: bus master, fast devsel, latency 0, IRQ 94, IOMMU group 60
	Memory at 28080f10000 (64-bit, prefetchable) [size=64K]
	Memory at 28080e00000 (64-bit, prefetchable) [size=1M]
	Memory at 28080f22000 (64-bit, prefetchable) [size=8K]
	Expansion ROM at b1b40000 [disabled] [size=256K]
	Capabilities: [48] Power Management version 3
	Capabilities: [50] Vital Product Data
	Capabilities: [58] MSI: Enable- Count=1/8 Maskable- 64bit+
	Capabilities: [a0] MSI-X: Enable+ Count=255 Masked-
	Capabilities: [ac] Express Endpoint, MSI 00
	Capabilities: [100] Advanced Error Reporting
	Capabilities: [13c] Device Serial Number 3c-ec-ef-ff-fe-78-e5-1a
	Capabilities: [150] Power Budgeting <?>
	Capabilities: [160] Virtual Channel
	Capabilities: [180] Vendor Specific Information: ID=0000 Rev=0 Len=020 <?>
	Capabilities: [1b0] Latency Tolerance Reporting
	Capabilities: [1b8] Alternative Routing-ID Interpretation (ARI)
	Capabilities: [230] Transaction Processing Hints
	Capabilities: [300] Secondary PCI Express
	Capabilities: [200] Precision Time Measurement
	Kernel driver in use: bnxt_en
	Kernel modules: bnxt_en

43:00.1 Ethernet controller: Broadcom Inc. and subsidiaries BCM57416 NetXtreme-E Dual-Media 10G RDMA Ethernet Controller (rev 01)
	DeviceName: Broadcom 10G Ethernet #2
	Subsystem: Super Micro Computer Inc BCM57416 NetXtreme-E Dual-Media 10G RDMA Ethernet Controller
	Flags: bus master, fast devsel, latency 0, IRQ 145, IOMMU group 60
	Memory at 28080f00000 (64-bit, prefetchable) [size=64K]
	Memory at 28080d00000 (64-bit, prefetchable) [size=1M]
	Memory at 28080f20000 (64-bit, prefetchable) [size=8K]
	Expansion ROM at b1b00000 [disabled] [size=256K]
	Capabilities: [48] Power Management version 3
	Capabilities: [50] Vital Product Data
	Capabilities: [58] MSI: Enable- Count=1/8 Maskable- 64bit+
	Capabilities: [a0] MSI-X: Enable+ Count=255 Masked-
	Capabilities: [ac] Express Endpoint, MSI 00
	Capabilities: [100] Advanced Error Reporting
	Capabilities: [13c] Device Serial Number 3c-ec-ef-ff-fe-78-e5-1a
	Capabilities: [150] Power Budgeting <?>
	Capabilities: [180] Vendor Specific Information: ID=0000 Rev=0 Len=020 <?>
	Capabilities: [1b8] Alternative Routing-ID Interpretation (ARI)
	Capabilities: [230] Transaction Processing Hints
	Kernel driver in use: bnxt_en
	Kernel modules: bnxt_en

44:00.0 SATA controller: ASMedia Technology Inc. ASM1061/ASM1062 Serial ATA Controller (rev 02) (prog-if 01 [AHCI 1.0])
	DeviceName: ASMedia SATA 6G
	Subsystem: Super Micro Computer Inc ASM1062 Serial ATA Controller
	Flags: bus master, fast devsel, latency 0, IRQ 91, IOMMU group 61
	I/O ports at 7050 [size=8]
	I/O ports at 7040 [size=4]
	I/O ports at 7030 [size=8]
	I/O ports at 7020 [size=4]
	I/O ports at 7000 [size=32]
	Memory at b1a00000 (32-bit, non-prefetchable) [size=512]
	Capabilities: [50] MSI: Enable+ Count=1/1 Maskable- 64bit-
	Capabilities: [78] Power Management version 3
	Capabilities: [80] Express Legacy Endpoint, MSI 00
	Capabilities: [100] Virtual Channel
	Kernel driver in use: ahci
	Kernel modules: ahci

45:00.0 USB controller: ASMedia Technology Inc. ASM1042A USB 3.0 Host Controller (prog-if 30 [XHCI])
	DeviceName: ASMedia USB 3.1 #1
	Subsystem: Super Micro Computer Inc ASM1042A USB 3.0 Host Controller
	Flags: bus master, fast devsel, latency 0, IRQ 85, IOMMU group 62
	Memory at b1900000 (64-bit, non-prefetchable) [size=32K]
	Capabilities: [50] MSI: Enable- Count=1/8 Maskable- 64bit+
	Capabilities: [68] MSI-X: Enable+ Count=8 Masked-
	Capabilities: [78] Power Management version 3
	Capabilities: [80] Express Legacy Endpoint, MSI 00
	Capabilities: [100] Virtual Channel
	Kernel driver in use: xhci_hcd
	Kernel modules: xhci_pci

46:00.0 USB controller: ASMedia Technology Inc. ASM1042A USB 3.0 Host Controller (prog-if 30 [XHCI])
	DeviceName: ASMedia USB 3.1 #2
	Subsystem: Super Micro Computer Inc ASM1042A USB 3.0 Host Controller
	Flags: bus master, fast devsel, latency 0, IRQ 144, IOMMU group 63
	Memory at b1800000 (64-bit, non-prefetchable) [size=32K]
	Capabilities: [50] MSI: Enable- Count=1/8 Maskable- 64bit+
	Capabilities: [68] MSI-X: Enable+ Count=8 Masked-
	Capabilities: [78] Power Management version 3
	Capabilities: [80] Express Legacy Endpoint, MSI 00
	Capabilities: [100] Virtual Channel
	Kernel driver in use: xhci_hcd
	Kernel modules: xhci_pci

47:00.0 PCI bridge: ASPEED Technology, Inc. AST1150 PCI-to-PCI Bridge (rev 04) (prog-if 00 [Normal decode])
	Subsystem: ASPEED Technology, Inc. AST1150 PCI-to-PCI Bridge
	Flags: bus master, fast devsel, latency 0, IRQ 429, IOMMU group 64
	Bus: primary=47, secondary=48, subordinate=48, sec-latency=32
	I/O behind bridge: 6000-6fff [size=4K] [16-bit]
	Memory behind bridge: b0000000-b10fffff [size=17M] [32-bit]
	Prefetchable memory behind bridge: [disabled] [64-bit]
	Capabilities: [50] MSI: Enable- Count=1/1 Maskable- 64bit+
	Capabilities: [78] Power Management version 3
	Capabilities: [80] Express PCI-Express to PCI/PCI-X Bridge, MSI 00
	Capabilities: [c0] Subsystem: ASPEED Technology, Inc. AST1150 PCI-to-PCI Bridge
	Capabilities: [100] Virtual Channel
	Capabilities: [800] Advanced Error Reporting

48:00.0 VGA compatible controller: ASPEED Technology, Inc. ASPEED Graphics Family (rev 41) (prog-if 00 [VGA controller])
	DeviceName: ASPEED Video AST2500
	Subsystem: Super Micro Computer Inc ASPEED Graphics Family
	Flags: medium devsel, IRQ 429, IOMMU group 64
	Memory at b0000000 (32-bit, non-prefetchable) [size=16M]
	Memory at b1000000 (32-bit, non-prefetchable) [size=128K]
	I/O ports at 6000 [size=128]
	Capabilities: [40] Power Management version 3
	Capabilities: [50] MSI: Enable- Count=1/2 Maskable- 64bit+
	Kernel driver in use: ast
	Kernel modules: ast

49:00.0 Non-Essential Instrumentation [1300]: Advanced Micro Devices, Inc. [AMD] Starship/Matisse PCIe Dummy Function
	Subsystem: Advanced Micro Devices, Inc. [AMD] Starship/Matisse PCIe Dummy Function
	Flags: fast devsel, IOMMU group 65
	Capabilities: [48] Vendor Specific Information: Len=08 <?>
	Capabilities: [50] Power Management version 3
	Capabilities: [64] Express Endpoint, MSI 00
	Capabilities: [100] Vendor Specific Information: ID=0001 Rev=1 Len=010 <?>
	Capabilities: [150] Advanced Error Reporting
	Capabilities: [270] Secondary PCI Express
	Capabilities: [2a0] Access Control Services
	Capabilities: [400] Data Link Feature <?>
	Capabilities: [410] Physical Layer 16.0 GT/s <?>
	Capabilities: [440] Lane Margining at the Receiver <?>

49:00.2 Encryption controller: Advanced Micro Devices, Inc. [AMD] Starship/Matisse PTDMA
	Subsystem: Advanced Micro Devices, Inc. [AMD] Starship/Matisse PTDMA
	Flags: bus master, fast devsel, latency 0, IRQ 71, IOMMU group 66
	Memory at b1700000 (32-bit, non-prefetchable) [size=512K]
	Memory at b1780000 (32-bit, non-prefetchable) [size=8K]
	Capabilities: [48] Vendor Specific Information: Len=08 <?>
	Capabilities: [50] Power Management version 3
	Capabilities: [64] Express Endpoint, MSI 00
	Capabilities: [a0] MSI: Enable- Count=1/2 Maskable- 64bit+
	Capabilities: [c0] MSI-X: Enable+ Count=1 Masked-
	Capabilities: [100] Vendor Specific Information: ID=0001 Rev=1 Len=010 <?>
	Capabilities: [150] Advanced Error Reporting
	Capabilities: [2a0] Access Control Services
	Kernel driver in use: ptdma
	Kernel modules: ptdma

4a:00.0 Non-Essential Instrumentation [1300]: Advanced Micro Devices, Inc. [AMD] Starship/Matisse Reserved SPP
	Subsystem: Advanced Micro Devices, Inc. [AMD] Starship/Matisse Reserved SPP
	Flags: fast devsel, IOMMU group 67
	Capabilities: [48] Vendor Specific Information: Len=08 <?>
	Capabilities: [50] Power Management version 3
	Capabilities: [64] Express Endpoint, MSI 00
	Capabilities: [100] Vendor Specific Information: ID=0001 Rev=1 Len=010 <?>
	Capabilities: [150] Advanced Error Reporting
	Capabilities: [270] Secondary PCI Express
	Capabilities: [2a0] Access Control Services
	Capabilities: [400] Data Link Feature <?>
	Capabilities: [410] Physical Layer 16.0 GT/s <?>
	Capabilities: [440] Lane Margining at the Receiver <?>

4a:00.1 Encryption controller: Advanced Micro Devices, Inc. [AMD] Starship/Matisse Cryptographic Coprocessor PSPCPP
	Subsystem: Advanced Micro Devices, Inc. [AMD] Starship/Matisse Cryptographic Coprocessor PSPCPP
	Flags: bus master, fast devsel, latency 0, IRQ 419, IOMMU group 68
	Memory at b1300000 (32-bit, non-prefetchable) [size=1M]
	Memory at b1482000 (32-bit, non-prefetchable) [size=8K]
	Capabilities: [48] Vendor Specific Information: Len=08 <?>
	Capabilities: [50] Power Management version 3
	Capabilities: [64] Express Endpoint, MSI 00
	Capabilities: [a0] MSI: Enable- Count=1/1 Maskable- 64bit+
	Capabilities: [c0] MSI-X: Enable+ Count=2 Masked-
	Capabilities: [100] Vendor Specific Information: ID=0001 Rev=1 Len=010 <?>
	Capabilities: [150] Advanced Error Reporting
	Capabilities: [2a0] Access Control Services
	Kernel driver in use: ccp
	Kernel modules: ccp

4a:00.2 Encryption controller: Advanced Micro Devices, Inc. [AMD] Starship/Matisse PTDMA
	Subsystem: Advanced Micro Devices, Inc. [AMD] Starship/Matisse PTDMA
	Flags: bus master, fast devsel, latency 0, IRQ 429, IOMMU group 69
	Memory at b1400000 (32-bit, non-prefetchable) [size=512K]
	Memory at b1480000 (32-bit, non-prefetchable) [size=8K]
	Capabilities: [48] Vendor Specific Information: Len=08 <?>
	Capabilities: [50] Power Management version 3
	Capabilities: [64] Express Endpoint, MSI 00
	Capabilities: [a0] MSI: Enable- Count=1/2 Maskable- 64bit+
	Capabilities: [c0] MSI-X: Enable+ Count=1 Masked-
	Capabilities: [100] Vendor Specific Information: ID=0001 Rev=1 Len=010 <?>
	Capabilities: [150] Advanced Error Reporting
	Capabilities: [2a0] Access Control Services
	Kernel driver in use: ptdma
	Kernel modules: ptdma

4a:00.3 USB controller: Advanced Micro Devices, Inc. [AMD] Starship USB 3.0 Host Controller (prog-if 30 [XHCI])
	Subsystem: Super Micro Computer Inc H12SSL-i
	Flags: bus master, fast devsel, latency 0, IRQ 154, IOMMU group 70
	Memory at b1200000 (64-bit, non-prefetchable) [size=1M]
	Capabilities: [48] Vendor Specific Information: Len=08 <?>
	Capabilities: [50] Power Management version 3
	Capabilities: [64] Express Endpoint, MSI 00
	Capabilities: [a0] MSI: Enable- Count=1/8 Maskable- 64bit+
	Capabilities: [c0] MSI-X: Enable+ Count=8 Masked-
	Capabilities: [100] Vendor Specific Information: ID=0001 Rev=1 Len=010 <?>
	Capabilities: [150] Advanced Error Reporting
	Capabilities: [2a0] Access Control Services
	Kernel driver in use: xhci_hcd
	Kernel modules: xhci_pci

4b:00.0 SATA controller: Advanced Micro Devices, Inc. [AMD] FCH SATA Controller [AHCI mode] (rev 51) (prog-if 01 [AHCI 1.0])
	Subsystem: Super Micro Computer Inc H12SSL-i
	Flags: bus master, fast devsel, latency 0, IRQ 93, IOMMU group 71
	Memory at b1600000 (32-bit, non-prefetchable) [size=2K]
	Capabilities: [48] Vendor Specific Information: Len=08 <?>
	Capabilities: [50] Power Management version 3
	Capabilities: [64] Express Endpoint, MSI 00
	Capabilities: [a0] MSI: Enable+ Count=1/16 Maskable- 64bit+
	Capabilities: [d0] SATA HBA v1.0
	Capabilities: [100] Vendor Specific Information: ID=0001 Rev=1 Len=010 <?>
	Capabilities: [150] Advanced Error Reporting
	Capabilities: [270] Secondary PCI Express
	Capabilities: [2a0] Access Control Services
	Capabilities: [400] Data Link Feature <?>
	Capabilities: [410] Physical Layer 16.0 GT/s <?>
	Capabilities: [440] Lane Margining at the Receiver <?>
	Kernel driver in use: ahci
	Kernel modules: ahci

4c:00.0 SATA controller: Advanced Micro Devices, Inc. [AMD] FCH SATA Controller [AHCI mode] (rev 51) (prog-if 01 [AHCI 1.0])
	Subsystem: Super Micro Computer Inc H12SSL-i
	Flags: bus master, fast devsel, latency 0, IRQ 206, IOMMU group 72
	Memory at b1500000 (32-bit, non-prefetchable) [size=2K]
	Capabilities: [48] Vendor Specific Information: Len=08 <?>
	Capabilities: [50] Power Management version 3
	Capabilities: [64] Express Endpoint, MSI 00
	Capabilities: [a0] MSI: Enable+ Count=16/16 Maskable- 64bit+
	Capabilities: [d0] SATA HBA v1.0
	Capabilities: [100] Vendor Specific Information: ID=0001 Rev=1 Len=010 <?>
	Capabilities: [150] Advanced Error Reporting
	Capabilities: [270] Secondary PCI Express
	Capabilities: [2a0] Access Control Services
	Capabilities: [400] Data Link Feature <?>
	Capabilities: [410] Physical Layer 16.0 GT/s <?>
	Capabilities: [440] Lane Margining at the Receiver <?>
	Kernel driver in use: ahci
	Kernel modules: ahci

80:00.0 Host bridge: Advanced Micro Devices, Inc. [AMD] Starship/Matisse Root Complex
	Subsystem: Super Micro Computer Inc Starship/Matisse Root Complex
	Flags: fast devsel

80:00.2 IOMMU: Advanced Micro Devices, Inc. [AMD] Starship/Matisse IOMMU
	Subsystem: Advanced Micro Devices, Inc. [AMD] Starship/Matisse IOMMU
	Flags: fast devsel
	Capabilities: [40] Secure device <?>
	Capabilities: [64] MSI: Enable- Count=1/4 Maskable- 64bit+
	Capabilities: [74] HyperTransport: MSI Mapping Enable+ Fixed+
	Capabilities: [c8] Vendor Specific Information: Len=18 <?>

80:01.0 Host bridge: Advanced Micro Devices, Inc. [AMD] Starship/Matisse PCIe Dummy Host Bridge
	Flags: fast devsel, IOMMU group 23

80:01.1 PCI bridge: Advanced Micro Devices, Inc. [AMD] Starship/Matisse GPP Bridge (prog-if 00 [Normal decode])
	Subsystem: Advanced Micro Devices, Inc. [AMD] Starship/Matisse GPP Bridge
	Flags: bus master, fast devsel, latency 0, IRQ 47, IOMMU group 24
	Bus: primary=80, secondary=81, subordinate=81, sec-latency=0
	I/O behind bridge: [disabled] [32-bit]
	Memory behind bridge: f0800000-f08fffff [size=1M] [32-bit]
	Prefetchable memory behind bridge: 2001e000000-2001fffffff [size=32M] [32-bit]
	Capabilities: [50] Power Management version 3
	Capabilities: [58] Express Root Port (Slot+), MSI 00
	Capabilities: [a0] MSI: Enable+ Count=1/1 Maskable- 64bit+
	Capabilities: [c0] Subsystem: Advanced Micro Devices, Inc. [AMD] Starship/Matisse GPP Bridge
	Capabilities: [c8] HyperTransport: MSI Mapping Enable+ Fixed+
	Capabilities: [100] Vendor Specific Information: ID=0001 Rev=1 Len=010 <?>
	Capabilities: [150] Advanced Error Reporting
	Capabilities: [270] Secondary PCI Express
	Capabilities: [2a0] Access Control Services
	Capabilities: [370] L1 PM Substates
	Capabilities: [380] Downstream Port Containment
	Capabilities: [400] Data Link Feature <?>
	Capabilities: [410] Physical Layer 16.0 GT/s <?>
	Capabilities: [440] Lane Margining at the Receiver <?>
	Kernel driver in use: pcieport

80:02.0 Host bridge: Advanced Micro Devices, Inc. [AMD] Starship/Matisse PCIe Dummy Host Bridge
	Flags: fast devsel, IOMMU group 25

80:03.0 Host bridge: Advanced Micro Devices, Inc. [AMD] Starship/Matisse PCIe Dummy Host Bridge
	Flags: fast devsel, IOMMU group 26

80:03.1 PCI bridge: Advanced Micro Devices, Inc. [AMD] Starship/Matisse GPP Bridge (prog-if 00 [Normal decode])
	Subsystem: Advanced Micro Devices, Inc. [AMD] Starship/Matisse GPP Bridge
	Flags: bus master, fast devsel, latency 0, IRQ 48, IOMMU group 26
	Bus: primary=80, secondary=82, subordinate=82, sec-latency=0
	I/O behind bridge: 8000-8fff [size=4K] [16-bit]
	Memory behind bridge: f0700000-f07fffff [size=1M] [32-bit]
	Prefetchable memory behind bridge: 18021000000-180211fffff [size=2M] [32-bit]
	Capabilities: [50] Power Management version 3
	Capabilities: [58] Express Root Port (Slot+), MSI 00
	Capabilities: [a0] MSI: Enable+ Count=1/1 Maskable- 64bit+
	Capabilities: [c0] Subsystem: Advanced Micro Devices, Inc. [AMD] Starship/Matisse GPP Bridge
	Capabilities: [c8] HyperTransport: MSI Mapping Enable+ Fixed+
	Capabilities: [100] Vendor Specific Information: ID=0001 Rev=1 Len=010 <?>
	Capabilities: [150] Advanced Error Reporting
	Capabilities: [270] Secondary PCI Express
	Capabilities: [2a0] Access Control Services
	Capabilities: [370] L1 PM Substates
	Capabilities: [380] Downstream Port Containment
	Capabilities: [400] Data Link Feature <?>
	Capabilities: [410] Physical Layer 16.0 GT/s <?>
	Capabilities: [440] Lane Margining at the Receiver <?>
	Kernel driver in use: pcieport

80:03.2 PCI bridge: Advanced Micro Devices, Inc. [AMD] Starship/Matisse GPP Bridge (prog-if 00 [Normal decode])
	Subsystem: Advanced Micro Devices, Inc. [AMD] Starship/Matisse GPP Bridge
	Flags: bus master, fast devsel, latency 0, IRQ 49, IOMMU group 26
	Bus: primary=80, secondary=83, subordinate=83, sec-latency=0
	I/O behind bridge: 9000-9fff [size=4K] [16-bit]
	Memory behind bridge: f0600000-f06fffff [size=1M] [32-bit]
	Prefetchable memory behind bridge: 18021200000-180213fffff [size=2M] [32-bit]
	Capabilities: [50] Power Management version 3
	Capabilities: [58] Express Root Port (Slot+), MSI 00
	Capabilities: [a0] MSI: Enable+ Count=1/1 Maskable- 64bit+
	Capabilities: [c0] Subsystem: Advanced Micro Devices, Inc. [AMD] Starship/Matisse GPP Bridge
	Capabilities: [c8] HyperTransport: MSI Mapping Enable+ Fixed+
	Capabilities: [100] Vendor Specific Information: ID=0001 Rev=1 Len=010 <?>
	Capabilities: [150] Advanced Error Reporting
	Capabilities: [270] Secondary PCI Express
	Capabilities: [2a0] Access Control Services
	Capabilities: [370] L1 PM Substates
	Capabilities: [380] Downstream Port Containment
	Capabilities: [400] Data Link Feature <?>
	Capabilities: [410] Physical Layer 16.0 GT/s <?>
	Capabilities: [440] Lane Margining at the Receiver <?>
	Kernel driver in use: pcieport

80:03.3 PCI bridge: Advanced Micro Devices, Inc. [AMD] Starship/Matisse GPP Bridge (prog-if 00 [Normal decode])
	Subsystem: Advanced Micro Devices, Inc. [AMD] Starship/Matisse GPP Bridge
	Flags: bus master, fast devsel, latency 0, IRQ 50, IOMMU group 27
	Bus: primary=80, secondary=84, subordinate=84, sec-latency=0
	I/O behind bridge: a000-afff [size=4K] [16-bit]
	Memory behind bridge: f0500000-f05fffff [size=1M] [32-bit]
	Prefetchable memory behind bridge: 18021400000-180215fffff [size=2M] [32-bit]
	Capabilities: [50] Power Management version 3
	Capabilities: [58] Express Root Port (Slot+), MSI 00
	Capabilities: [a0] MSI: Enable+ Count=1/1 Maskable- 64bit+
	Capabilities: [c0] Subsystem: Advanced Micro Devices, Inc. [AMD] Starship/Matisse GPP Bridge
	Capabilities: [c8] HyperTransport: MSI Mapping Enable+ Fixed+
	Capabilities: [100] Vendor Specific Information: ID=0001 Rev=1 Len=010 <?>
	Capabilities: [150] Advanced Error Reporting
	Capabilities: [270] Secondary PCI Express
	Capabilities: [2a0] Access Control Services
	Capabilities: [370] L1 PM Substates
	Capabilities: [380] Downstream Port Containment
	Capabilities: [400] Data Link Feature <?>
	Capabilities: [410] Physical Layer 16.0 GT/s <?>
	Capabilities: [440] Lane Margining at the Receiver <?>
	Kernel driver in use: pcieport

80:03.4 PCI bridge: Advanced Micro Devices, Inc. [AMD] Starship/Matisse GPP Bridge (prog-if 00 [Normal decode])
	Subsystem: Advanced Micro Devices, Inc. [AMD] Starship/Matisse GPP Bridge
	Flags: bus master, fast devsel, latency 0, IRQ 51, IOMMU group 28
	Bus: primary=80, secondary=85, subordinate=85, sec-latency=0
	I/O behind bridge: b000-bfff [size=4K] [16-bit]
	Memory behind bridge: f0400000-f04fffff [size=1M] [32-bit]
	Prefetchable memory behind bridge: 18021600000-180217fffff [size=2M] [32-bit]
	Capabilities: [50] Power Management version 3
	Capabilities: [58] Express Root Port (Slot+), MSI 00
	Capabilities: [a0] MSI: Enable+ Count=1/1 Maskable- 64bit+
	Capabilities: [c0] Subsystem: Advanced Micro Devices, Inc. [AMD] Starship/Matisse GPP Bridge
	Capabilities: [c8] HyperTransport: MSI Mapping Enable+ Fixed+
	Capabilities: [100] Vendor Specific Information: ID=0001 Rev=1 Len=010 <?>
	Capabilities: [150] Advanced Error Reporting
	Capabilities: [270] Secondary PCI Express
	Capabilities: [2a0] Access Control Services
	Capabilities: [370] L1 PM Substates
	Capabilities: [380] Downstream Port Containment
	Capabilities: [400] Data Link Feature <?>
	Capabilities: [410] Physical Layer 16.0 GT/s <?>
	Capabilities: [440] Lane Margining at the Receiver <?>
	Kernel driver in use: pcieport

80:04.0 Host bridge: Advanced Micro Devices, Inc. [AMD] Starship/Matisse PCIe Dummy Host Bridge
	Flags: fast devsel, IOMMU group 29

80:05.0 Host bridge: Advanced Micro Devices, Inc. [AMD] Starship/Matisse PCIe Dummy Host Bridge
	Flags: fast devsel, IOMMU group 30

80:07.0 Host bridge: Advanced Micro Devices, Inc. [AMD] Starship/Matisse PCIe Dummy Host Bridge
	Flags: fast devsel, IOMMU group 31

80:07.1 PCI bridge: Advanced Micro Devices, Inc. [AMD] Starship/Matisse Internal PCIe GPP Bridge 0 to bus[E:B] (prog-if 00 [Normal decode])
	Subsystem: Advanced Micro Devices, Inc. [AMD] Starship/Matisse Internal PCIe GPP Bridge 0 to bus[E:B]
	Flags: bus master, fast devsel, latency 0, IRQ 53, IOMMU group 32
	Bus: primary=80, secondary=86, subordinate=86, sec-latency=0
	I/O behind bridge: [disabled] [32-bit]
	Memory behind bridge: f0300000-f03fffff [size=1M] [32-bit]
	Prefetchable memory behind bridge: [disabled] [64-bit]
	Capabilities: [50] Power Management version 3
	Capabilities: [58] Express Root Port (Slot-), MSI 00
	Capabilities: [a0] MSI: Enable+ Count=1/1 Maskable- 64bit+
	Capabilities: [c0] Subsystem: Advanced Micro Devices, Inc. [AMD] Starship/Matisse Internal PCIe GPP Bridge 0 to bus[E:B]
	Capabilities: [c8] HyperTransport: MSI Mapping Enable+ Fixed+
	Capabilities: [100] Vendor Specific Information: ID=0001 Rev=1 Len=010 <?>
	Capabilities: [150] Advanced Error Reporting
	Capabilities: [270] Secondary PCI Express
	Capabilities: [2a0] Access Control Services
	Capabilities: [400] Data Link Feature <?>
	Capabilities: [410] Physical Layer 16.0 GT/s <?>
	Capabilities: [440] Lane Margining at the Receiver <?>
	Kernel driver in use: pcieport

80:08.0 Host bridge: Advanced Micro Devices, Inc. [AMD] Starship/Matisse PCIe Dummy Host Bridge
	Flags: fast devsel, IOMMU group 33

80:08.1 PCI bridge: Advanced Micro Devices, Inc. [AMD] Starship/Matisse Internal PCIe GPP Bridge 0 to bus[E:B] (prog-if 00 [Normal decode])
	Subsystem: Advanced Micro Devices, Inc. [AMD] Starship/Matisse Internal PCIe GPP Bridge 0 to bus[E:B]
	Flags: bus master, fast devsel, latency 0, IRQ 55, IOMMU group 34
	Bus: primary=80, secondary=87, subordinate=87, sec-latency=0
	I/O behind bridge: [disabled] [32-bit]
	Memory behind bridge: f0200000-f02fffff [size=1M] [32-bit]
	Prefetchable memory behind bridge: [disabled] [64-bit]
	Capabilities: [50] Power Management version 3
	Capabilities: [58] Express Root Port (Slot-), MSI 00
	Capabilities: [a0] MSI: Enable+ Count=1/1 Maskable- 64bit+
	Capabilities: [c0] Subsystem: Advanced Micro Devices, Inc. [AMD] Starship/Matisse Internal PCIe GPP Bridge 0 to bus[E:B]
	Capabilities: [c8] HyperTransport: MSI Mapping Enable+ Fixed+
	Capabilities: [100] Vendor Specific Information: ID=0001 Rev=1 Len=010 <?>
	Capabilities: [150] Advanced Error Reporting
	Capabilities: [270] Secondary PCI Express
	Capabilities: [2a0] Access Control Services
	Capabilities: [400] Data Link Feature <?>
	Capabilities: [410] Physical Layer 16.0 GT/s <?>
	Capabilities: [440] Lane Margining at the Receiver <?>
	Kernel driver in use: pcieport

80:08.2 PCI bridge: Advanced Micro Devices, Inc. [AMD] Starship/Matisse Internal PCIe GPP Bridge 0 to bus[E:B] (prog-if 00 [Normal decode])
	Subsystem: Advanced Micro Devices, Inc. [AMD] Starship/Matisse Internal PCIe GPP Bridge 0 to bus[E:B]
	Flags: bus master, fast devsel, latency 0, IRQ 56, IOMMU group 35
	Bus: primary=80, secondary=88, subordinate=88, sec-latency=0
	I/O behind bridge: [disabled] [32-bit]
	Memory behind bridge: f0100000-f01fffff [size=1M] [32-bit]
	Prefetchable memory behind bridge: [disabled] [64-bit]
	Capabilities: [50] Power Management version 3
	Capabilities: [58] Express Root Port (Slot-), MSI 00
	Capabilities: [a0] MSI: Enable+ Count=1/1 Maskable- 64bit+
	Capabilities: [c0] Subsystem: Advanced Micro Devices, Inc. [AMD] Starship/Matisse Internal PCIe GPP Bridge 0 to bus[E:B]
	Capabilities: [c8] HyperTransport: MSI Mapping Enable+ Fixed+
	Capabilities: [100] Vendor Specific Information: ID=0001 Rev=1 Len=010 <?>
	Capabilities: [150] Advanced Error Reporting
	Capabilities: [270] Secondary PCI Express
	Capabilities: [2a0] Access Control Services
	Capabilities: [400] Data Link Feature <?>
	Capabilities: [410] Physical Layer 16.0 GT/s <?>
	Capabilities: [440] Lane Margining at the Receiver <?>
	Kernel driver in use: pcieport

80:08.3 PCI bridge: Advanced Micro Devices, Inc. [AMD] Starship/Matisse Internal PCIe GPP Bridge 0 to bus[E:B] (prog-if 00 [Normal decode])
	Subsystem: Advanced Micro Devices, Inc. [AMD] Starship/Matisse Internal PCIe GPP Bridge 0 to bus[E:B]
	Flags: bus master, fast devsel, latency 0, IRQ 57, IOMMU group 36
	Bus: primary=80, secondary=89, subordinate=89, sec-latency=0
	I/O behind bridge: [disabled] [32-bit]
	Memory behind bridge: f0000000-f00fffff [size=1M] [32-bit]
	Prefetchable memory behind bridge: [disabled] [64-bit]
	Capabilities: [50] Power Management version 3
	Capabilities: [58] Express Root Port (Slot-), MSI 00
	Capabilities: [a0] MSI: Enable+ Count=1/1 Maskable- 64bit+
	Capabilities: [c0] Subsystem: Advanced Micro Devices, Inc. [AMD] Starship/Matisse Internal PCIe GPP Bridge 0 to bus[E:B]
	Capabilities: [c8] HyperTransport: MSI Mapping Enable+ Fixed+
	Capabilities: [100] Vendor Specific Information: ID=0001 Rev=1 Len=010 <?>
	Capabilities: [150] Advanced Error Reporting
	Capabilities: [270] Secondary PCI Express
	Capabilities: [2a0] Access Control Services
	Capabilities: [400] Data Link Feature <?>
	Capabilities: [410] Physical Layer 16.0 GT/s <?>
	Capabilities: [440] Lane Margining at the Receiver <?>
	Kernel driver in use: pcieport

81:00.0 Infiniband controller: Mellanox Technologies MT28908 Family [ConnectX-6]
	Subsystem: Mellanox Technologies MT28908 Family [ConnectX-6]
	Flags: bus master, fast devsel, latency 0, IRQ 286, IOMMU group 37
	Memory at 2001e000000 (64-bit, prefetchable) [size=32M]
	Expansion ROM at f0800000 [disabled] [size=1M]
	Capabilities: [60] Express Endpoint, MSI 00
	Capabilities: [48] Vital Product Data
	Capabilities: [9c] MSI-X: Enable+ Count=64 Masked-
	Capabilities: [c0] Vendor Specific Information: Len=18 <?>
	Capabilities: [40] Power Management version 3
	Capabilities: [100] Advanced Error Reporting
	Capabilities: [150] Alternative Routing-ID Interpretation (ARI)
	Capabilities: [1c0] Secondary PCI Express
	Capabilities: [320] Lane Margining at the Receiver <?>
	Capabilities: [370] Physical Layer 16.0 GT/s <?>
	Capabilities: [420] Data Link Feature <?>
	Kernel driver in use: mlx5_core
	Kernel modules: mlx5_core

83:00.0 Non-Volatile memory controller: Samsung Electronics Co Ltd NVMe SSD Controller PM9A1/PM9A3/980PRO (prog-if 02 [NVM Express])
	Subsystem: Samsung Electronics Co Ltd General DC NVMe PM9A3
	Physical Slot: 6-1
	Flags: bus master, fast devsel, latency 0, IRQ 433, IOMMU group 17
	Memory at f0610000 (64-bit, non-prefetchable) [size=16K]
	Expansion ROM at f0600000 [virtual] [disabled] [size=64K]
	Capabilities: [40] Power Management version 3
	Capabilities: [50] MSI: Enable- Count=1/32 Maskable- 64bit+
	Capabilities: [70] Express Endpoint, MSI 00
	Capabilities: [b0] MSI-X: Enable+ Count=130 Masked-
	Capabilities: [100] Advanced Error Reporting
	Capabilities: [168] Alternative Routing-ID Interpretation (ARI)
	Capabilities: [178] Secondary PCI Express
	Capabilities: [198] Physical Layer 16.0 GT/s <?>
	Capabilities: [1bc] Lane Margining at the Receiver <?>
	Capabilities: [3a0] Data Link Feature <?>
	Kernel driver in use: nvme
	Kernel modules: nvme

86:00.0 Non-Essential Instrumentation [1300]: Advanced Micro Devices, Inc. [AMD] Starship/Matisse PCIe Dummy Function
	Subsystem: Advanced Micro Devices, Inc. [AMD] Starship/Matisse PCIe Dummy Function
	Flags: fast devsel, IOMMU group 38
	Capabilities: [48] Vendor Specific Information: Len=08 <?>
	Capabilities: [50] Power Management version 3
	Capabilities: [64] Express Endpoint, MSI 00
	Capabilities: [100] Vendor Specific Information: ID=0001 Rev=1 Len=010 <?>
	Capabilities: [150] Advanced Error Reporting
	Capabilities: [270] Secondary PCI Express
	Capabilities: [2a0] Access Control Services
	Capabilities: [400] Data Link Feature <?>
	Capabilities: [410] Physical Layer 16.0 GT/s <?>
	Capabilities: [440] Lane Margining at the Receiver <?>

86:00.2 Encryption controller: Advanced Micro Devices, Inc. [AMD] Starship/Matisse PTDMA
	Subsystem: Advanced Micro Devices, Inc. [AMD] Starship/Matisse PTDMA
	Flags: bus master, fast devsel, latency 0, IRQ 52, IOMMU group 39
	Memory at f0300000 (32-bit, non-prefetchable) [size=512K]
	Memory at f0380000 (32-bit, non-prefetchable) [size=8K]
	Capabilities: [48] Vendor Specific Information: Len=08 <?>
	Capabilities: [50] Power Management version 3
	Capabilities: [64] Express Endpoint, MSI 00
	Capabilities: [a0] MSI: Enable- Count=1/2 Maskable- 64bit+
	Capabilities: [c0] MSI-X: Enable+ Count=1 Masked-
	Capabilities: [100] Vendor Specific Information: ID=0001 Rev=1 Len=010 <?>
	Capabilities: [150] Advanced Error Reporting
	Capabilities: [2a0] Access Control Services
	Kernel driver in use: ptdma
	Kernel modules: ptdma

87:00.0 Non-Essential Instrumentation [1300]: Advanced Micro Devices, Inc. [AMD] Starship/Matisse Reserved SPP
	Subsystem: Advanced Micro Devices, Inc. [AMD] Starship/Matisse Reserved SPP
	Flags: fast devsel, IOMMU group 40
	Capabilities: [48] Vendor Specific Information: Len=08 <?>
	Capabilities: [50] Power Management version 3
	Capabilities: [64] Express Endpoint, MSI 00
	Capabilities: [100] Vendor Specific Information: ID=0001 Rev=1 Len=010 <?>
	Capabilities: [150] Advanced Error Reporting
	Capabilities: [270] Secondary PCI Express
	Capabilities: [2a0] Access Control Services
	Capabilities: [400] Data Link Feature <?>
	Capabilities: [410] Physical Layer 16.0 GT/s <?>
	Capabilities: [440] Lane Margining at the Receiver <?>

87:00.2 Encryption controller: Advanced Micro Devices, Inc. [AMD] Starship/Matisse PTDMA
	Subsystem: Advanced Micro Devices, Inc. [AMD] Starship/Matisse PTDMA
	Flags: bus master, fast devsel, latency 0, IRQ 423, IOMMU group 41
	Memory at f0200000 (32-bit, non-prefetchable) [size=512K]
	Memory at f0280000 (32-bit, non-prefetchable) [size=8K]
	Capabilities: [48] Vendor Specific Information: Len=08 <?>
	Capabilities: [50] Power Management version 3
	Capabilities: [64] Express Endpoint, MSI 00
	Capabilities: [a0] MSI: Enable- Count=1/2 Maskable- 64bit+
	Capabilities: [c0] MSI-X: Enable+ Count=1 Masked-
	Capabilities: [100] Vendor Specific Information: ID=0001 Rev=1 Len=010 <?>
	Capabilities: [150] Advanced Error Reporting
	Capabilities: [2a0] Access Control Services
	Kernel driver in use: ptdma
	Kernel modules: ptdma

88:00.0 SATA controller: Advanced Micro Devices, Inc. [AMD] FCH SATA Controller [AHCI mode] (rev 51) (prog-if 01 [AHCI 1.0])
	Subsystem: Super Micro Computer Inc H12SSL-i
	Flags: bus master, fast devsel, latency 0, IRQ 87, IOMMU group 42
	Memory at f0100000 (32-bit, non-prefetchable) [size=2K]
	Capabilities: [48] Vendor Specific Information: Len=08 <?>
	Capabilities: [50] Power Management version 3
	Capabilities: [64] Express Endpoint, MSI 00
	Capabilities: [a0] MSI: Enable+ Count=1/16 Maskable- 64bit+
	Capabilities: [d0] SATA HBA v1.0
	Capabilities: [100] Vendor Specific Information: ID=0001 Rev=1 Len=010 <?>
	Capabilities: [150] Advanced Error Reporting
	Capabilities: [270] Secondary PCI Express
	Capabilities: [2a0] Access Control Services
	Capabilities: [400] Data Link Feature <?>
	Capabilities: [410] Physical Layer 16.0 GT/s <?>
	Capabilities: [440] Lane Margining at the Receiver <?>
	Kernel driver in use: ahci
	Kernel modules: ahci

89:00.0 SATA controller: Advanced Micro Devices, Inc. [AMD] FCH SATA Controller [AHCI mode] (rev 51) (prog-if 01 [AHCI 1.0])
	Subsystem: Super Micro Computer Inc H12SSL-i
	Flags: bus master, fast devsel, latency 0, IRQ 89, IOMMU group 43
	Memory at f0000000 (32-bit, non-prefetchable) [size=2K]
	Capabilities: [48] Vendor Specific Information: Len=08 <?>
	Capabilities: [50] Power Management version 3
	Capabilities: [64] Express Endpoint, MSI 00
	Capabilities: [a0] MSI: Enable+ Count=1/16 Maskable- 64bit+
	Capabilities: [d0] SATA HBA v1.0
	Capabilities: [100] Vendor Specific Information: ID=0001 Rev=1 Len=010 <?>
	Capabilities: [150] Advanced Error Reporting
	Capabilities: [270] Secondary PCI Express
	Capabilities: [2a0] Access Control Services
	Capabilities: [400] Data Link Feature <?>
	Capabilities: [410] Physical Layer 16.0 GT/s <?>
	Capabilities: [440] Lane Margining at the Receiver <?>
	Kernel driver in use: ahci
	Kernel modules: ahci

c0:00.0 Host bridge: Advanced Micro Devices, Inc. [AMD] Starship/Matisse Root Complex
	Subsystem: Super Micro Computer Inc Starship/Matisse Root Complex
	Flags: fast devsel

c0:00.2 IOMMU: Advanced Micro Devices, Inc. [AMD] Starship/Matisse IOMMU
	Subsystem: Advanced Micro Devices, Inc. [AMD] Starship/Matisse IOMMU
	Flags: fast devsel
	Capabilities: [40] Secure device <?>
	Capabilities: [64] MSI: Enable- Count=1/4 Maskable- 64bit+
	Capabilities: [74] HyperTransport: MSI Mapping Enable+ Fixed+
	Capabilities: [c8] Vendor Specific Information: Len=18 <?>

c0:01.0 Host bridge: Advanced Micro Devices, Inc. [AMD] Starship/Matisse PCIe Dummy Host Bridge
	Flags: fast devsel, IOMMU group 0

c0:01.1 PCI bridge: Advanced Micro Devices, Inc. [AMD] Starship/Matisse GPP Bridge (prog-if 00 [Normal decode])
	Subsystem: Advanced Micro Devices, Inc. [AMD] Starship/Matisse GPP Bridge
	Flags: bus master, fast devsel, latency 0, IRQ 38, IOMMU group 1
	Bus: primary=c0, secondary=c1, subordinate=c1, sec-latency=0
	I/O behind bridge: [disabled] [32-bit]
	Memory behind bridge: b6600000-b66fffff [size=1M] [32-bit]
	Prefetchable memory behind bridge: 10021000000-100211fffff [size=2M] [32-bit]
	Capabilities: [50] Power Management version 3
	Capabilities: [58] Express Root Port (Slot+), MSI 00
	Capabilities: [a0] MSI: Enable+ Count=1/1 Maskable- 64bit+
	Capabilities: [c0] Subsystem: Advanced Micro Devices, Inc. [AMD] Starship/Matisse GPP Bridge
	Capabilities: [c8] HyperTransport: MSI Mapping Enable+ Fixed+
	Capabilities: [100] Vendor Specific Information: ID=0001 Rev=1 Len=010 <?>
	Capabilities: [150] Advanced Error Reporting
	Capabilities: [270] Secondary PCI Express
	Capabilities: [2a0] Access Control Services
	Capabilities: [370] L1 PM Substates
	Capabilities: [380] Downstream Port Containment
	Capabilities: [400] Data Link Feature <?>
	Capabilities: [410] Physical Layer 16.0 GT/s <?>
	Capabilities: [440] Lane Margining at the Receiver <?>
	Kernel driver in use: pcieport

c0:01.2 PCI bridge: Advanced Micro Devices, Inc. [AMD] Starship/Matisse GPP Bridge (prog-if 00 [Normal decode])
	Subsystem: Advanced Micro Devices, Inc. [AMD] Starship/Matisse GPP Bridge
	Flags: bus master, fast devsel, latency 0, IRQ 39, IOMMU group 2
	Bus: primary=c0, secondary=c2, subordinate=c2, sec-latency=0
	I/O behind bridge: e000-efff [size=4K] [16-bit]
	Memory behind bridge: b6500000-b65fffff [size=1M] [32-bit]
	Prefetchable memory behind bridge: 10021200000-100213fffff [size=2M] [32-bit]
	Capabilities: [50] Power Management version 3
	Capabilities: [58] Express Root Port (Slot+), MSI 00
	Capabilities: [a0] MSI: Enable+ Count=1/1 Maskable- 64bit+
	Capabilities: [c0] Subsystem: Advanced Micro Devices, Inc. [AMD] Starship/Matisse GPP Bridge
	Capabilities: [c8] HyperTransport: MSI Mapping Enable+ Fixed+
	Capabilities: [100] Vendor Specific Information: ID=0001 Rev=1 Len=010 <?>
	Capabilities: [150] Advanced Error Reporting
	Capabilities: [270] Secondary PCI Express
	Capabilities: [2a0] Access Control Services
	Capabilities: [370] L1 PM Substates
	Capabilities: [380] Downstream Port Containment
	Capabilities: [400] Data Link Feature <?>
	Capabilities: [410] Physical Layer 16.0 GT/s <?>
	Capabilities: [440] Lane Margining at the Receiver <?>
	Kernel driver in use: pcieport

c0:01.3 PCI bridge: Advanced Micro Devices, Inc. [AMD] Starship/Matisse GPP Bridge (prog-if 00 [Normal decode])
	Subsystem: Advanced Micro Devices, Inc. [AMD] Starship/Matisse GPP Bridge
	Flags: bus master, fast devsel, latency 0, IRQ 40, IOMMU group 3
	Bus: primary=c0, secondary=c3, subordinate=c3, sec-latency=0
	I/O behind bridge: d000-dfff [size=4K] [16-bit]
	Memory behind bridge: b6400000-b64fffff [size=1M] [32-bit]
	Prefetchable memory behind bridge: 10021400000-100215fffff [size=2M] [32-bit]
	Capabilities: [50] Power Management version 3
	Capabilities: [58] Express Root Port (Slot+), MSI 00
	Capabilities: [a0] MSI: Enable+ Count=1/1 Maskable- 64bit+
	Capabilities: [c0] Subsystem: Advanced Micro Devices, Inc. [AMD] Starship/Matisse GPP Bridge
	Capabilities: [c8] HyperTransport: MSI Mapping Enable+ Fixed+
	Capabilities: [100] Vendor Specific Information: ID=0001 Rev=1 Len=010 <?>
	Capabilities: [150] Advanced Error Reporting
	Capabilities: [270] Secondary PCI Express
	Capabilities: [2a0] Access Control Services
	Capabilities: [370] L1 PM Substates
	Capabilities: [380] Downstream Port Containment
	Capabilities: [400] Data Link Feature <?>
	Capabilities: [410] Physical Layer 16.0 GT/s <?>
	Capabilities: [440] Lane Margining at the Receiver <?>
	Kernel driver in use: pcieport

c0:01.4 PCI bridge: Advanced Micro Devices, Inc. [AMD] Starship/Matisse GPP Bridge (prog-if 00 [Normal decode])
	Subsystem: Advanced Micro Devices, Inc. [AMD] Starship/Matisse GPP Bridge
	Flags: bus master, fast devsel, latency 0, IRQ 41, IOMMU group 4
	Bus: primary=c0, secondary=c4, subordinate=c4, sec-latency=0
	I/O behind bridge: c000-cfff [size=4K] [16-bit]
	Memory behind bridge: b6300000-b63fffff [size=1M] [32-bit]
	Prefetchable memory behind bridge: 10021600000-100217fffff [size=2M] [32-bit]
	Capabilities: [50] Power Management version 3
	Capabilities: [58] Express Root Port (Slot+), MSI 00
	Capabilities: [a0] MSI: Enable+ Count=1/1 Maskable- 64bit+
	Capabilities: [c0] Subsystem: Advanced Micro Devices, Inc. [AMD] Starship/Matisse GPP Bridge
	Capabilities: [c8] HyperTransport: MSI Mapping Enable+ Fixed+
	Capabilities: [100] Vendor Specific Information: ID=0001 Rev=1 Len=010 <?>
	Capabilities: [150] Advanced Error Reporting
	Capabilities: [270] Secondary PCI Express
	Capabilities: [2a0] Access Control Services
	Capabilities: [370] L1 PM Substates
	Capabilities: [380] Downstream Port Containment
	Capabilities: [400] Data Link Feature <?>
	Capabilities: [410] Physical Layer 16.0 GT/s <?>
	Capabilities: [440] Lane Margining at the Receiver <?>
	Kernel driver in use: pcieport

c0:02.0 Host bridge: Advanced Micro Devices, Inc. [AMD] Starship/Matisse PCIe Dummy Host Bridge
	Flags: fast devsel, IOMMU group 5

c0:03.0 Host bridge: Advanced Micro Devices, Inc. [AMD] Starship/Matisse PCIe Dummy Host Bridge
	Flags: fast devsel, IOMMU group 6

c0:03.1 PCI bridge: Advanced Micro Devices, Inc. [AMD] Starship/Matisse GPP Bridge (prog-if 00 [Normal decode])
	Subsystem: Advanced Micro Devices, Inc. [AMD] Starship/Matisse GPP Bridge
	Flags: bus master, fast devsel, latency 0, IRQ 42, IOMMU group 7
	Bus: primary=c0, secondary=c5, subordinate=c5, sec-latency=0
	I/O behind bridge: [disabled] [32-bit]
	Memory behind bridge: b6200000-b62fffff [size=1M] [32-bit]
	Prefetchable memory behind bridge: 1801e000000-1801fffffff [size=32M] [32-bit]
	Capabilities: [50] Power Management version 3
	Capabilities: [58] Express Root Port (Slot+), MSI 00
	Capabilities: [a0] MSI: Enable+ Count=1/1 Maskable- 64bit+
	Capabilities: [c0] Subsystem: Advanced Micro Devices, Inc. [AMD] Starship/Matisse GPP Bridge
	Capabilities: [c8] HyperTransport: MSI Mapping Enable+ Fixed+
	Capabilities: [100] Vendor Specific Information: ID=0001 Rev=1 Len=010 <?>
	Capabilities: [150] Advanced Error Reporting
	Capabilities: [270] Secondary PCI Express
	Capabilities: [2a0] Access Control Services
	Capabilities: [370] L1 PM Substates
	Capabilities: [380] Downstream Port Containment
	Capabilities: [400] Data Link Feature <?>
	Capabilities: [410] Physical Layer 16.0 GT/s <?>
	Capabilities: [440] Lane Margining at the Receiver <?>
	Kernel driver in use: pcieport

c0:04.0 Host bridge: Advanced Micro Devices, Inc. [AMD] Starship/Matisse PCIe Dummy Host Bridge
	Flags: fast devsel, IOMMU group 8

c0:05.0 Host bridge: Advanced Micro Devices, Inc. [AMD] Starship/Matisse PCIe Dummy Host Bridge
	Flags: fast devsel, IOMMU group 9

c0:07.0 Host bridge: Advanced Micro Devices, Inc. [AMD] Starship/Matisse PCIe Dummy Host Bridge
	Flags: fast devsel, IOMMU group 10

c0:07.1 PCI bridge: Advanced Micro Devices, Inc. [AMD] Starship/Matisse Internal PCIe GPP Bridge 0 to bus[E:B] (prog-if 00 [Normal decode])
	Subsystem: Advanced Micro Devices, Inc. [AMD] Starship/Matisse Internal PCIe GPP Bridge 0 to bus[E:B]
	Flags: bus master, fast devsel, latency 0, IRQ 44, IOMMU group 11
	Bus: primary=c0, secondary=c6, subordinate=c6, sec-latency=0
	I/O behind bridge: [disabled] [32-bit]
	Memory behind bridge: b6100000-b61fffff [size=1M] [32-bit]
	Prefetchable memory behind bridge: [disabled] [64-bit]
	Capabilities: [50] Power Management version 3
	Capabilities: [58] Express Root Port (Slot-), MSI 00
	Capabilities: [a0] MSI: Enable+ Count=1/1 Maskable- 64bit+
	Capabilities: [c0] Subsystem: Advanced Micro Devices, Inc. [AMD] Starship/Matisse Internal PCIe GPP Bridge 0 to bus[E:B]
	Capabilities: [c8] HyperTransport: MSI Mapping Enable+ Fixed+
	Capabilities: [100] Vendor Specific Information: ID=0001 Rev=1 Len=010 <?>
	Capabilities: [150] Advanced Error Reporting
	Capabilities: [270] Secondary PCI Express
	Capabilities: [2a0] Access Control Services
	Capabilities: [400] Data Link Feature <?>
	Capabilities: [410] Physical Layer 16.0 GT/s <?>
	Capabilities: [440] Lane Margining at the Receiver <?>
	Kernel driver in use: pcieport

c0:08.0 Host bridge: Advanced Micro Devices, Inc. [AMD] Starship/Matisse PCIe Dummy Host Bridge
	Flags: fast devsel, IOMMU group 12

c0:08.1 PCI bridge: Advanced Micro Devices, Inc. [AMD] Starship/Matisse Internal PCIe GPP Bridge 0 to bus[E:B] (prog-if 00 [Normal decode])
	Subsystem: Advanced Micro Devices, Inc. [AMD] Starship/Matisse Internal PCIe GPP Bridge 0 to bus[E:B]
	Flags: bus master, fast devsel, latency 0, IRQ 46, IOMMU group 13
	Bus: primary=c0, secondary=c7, subordinate=c7, sec-latency=0
	I/O behind bridge: [disabled] [32-bit]
	Memory behind bridge: b6000000-b60fffff [size=1M] [32-bit]
	Prefetchable memory behind bridge: [disabled] [64-bit]
	Capabilities: [50] Power Management version 3
	Capabilities: [58] Express Root Port (Slot-), MSI 00
	Capabilities: [a0] MSI: Enable+ Count=1/1 Maskable- 64bit+
	Capabilities: [c0] Subsystem: Advanced Micro Devices, Inc. [AMD] Starship/Matisse Internal PCIe GPP Bridge 0 to bus[E:B]
	Capabilities: [c8] HyperTransport: MSI Mapping Enable+ Fixed+
	Capabilities: [100] Vendor Specific Information: ID=0001 Rev=1 Len=010 <?>
	Capabilities: [150] Advanced Error Reporting
	Capabilities: [270] Secondary PCI Express
	Capabilities: [2a0] Access Control Services
	Capabilities: [400] Data Link Feature <?>
	Capabilities: [410] Physical Layer 16.0 GT/s <?>
	Capabilities: [440] Lane Margining at the Receiver <?>
	Kernel driver in use: pcieport

c1:00.0 Non-Volatile memory controller: Samsung Electronics Co Ltd NVMe SSD Controller PM9A1/PM9A3/980PRO (prog-if 02 [NVM Express])
	Subsystem: Samsung Electronics Co Ltd General DC NVMe PM9A3
	Physical Slot: 5
	Flags: bus master, fast devsel, latency 0, IRQ 431, IOMMU group 14
	Memory at b6610000 (64-bit, non-prefetchable) [size=16K]
	Expansion ROM at b6600000 [disabled] [size=64K]
	Capabilities: [40] Power Management version 3
	Capabilities: [50] MSI: Enable- Count=1/32 Maskable- 64bit+
	Capabilities: [70] Express Endpoint, MSI 00
	Capabilities: [b0] MSI-X: Enable+ Count=130 Masked-
	Capabilities: [100] Advanced Error Reporting
	Capabilities: [168] Alternative Routing-ID Interpretation (ARI)
	Capabilities: [178] Secondary PCI Express
	Capabilities: [198] Physical Layer 16.0 GT/s <?>
	Capabilities: [1bc] Lane Margining at the Receiver <?>
	Capabilities: [3a0] Data Link Feature <?>
	Kernel driver in use: nvme
	Kernel modules: nvme

c2:00.0 Non-Volatile memory controller: Samsung Electronics Co Ltd NVMe SSD Controller PM9A1/PM9A3/980PRO (prog-if 02 [NVM Express])
	Subsystem: Samsung Electronics Co Ltd General DC NVMe PM9A3
	Physical Slot: 6
	Flags: bus master, fast devsel, latency 0, IRQ 432, IOMMU group 15
	Memory at b6510000 (64-bit, non-prefetchable) [size=16K]
	Expansion ROM at b6500000 [disabled] [size=64K]
	Capabilities: [40] Power Management version 3
	Capabilities: [50] MSI: Enable- Count=1/32 Maskable- 64bit+
	Capabilities: [70] Express Endpoint, MSI 00
	Capabilities: [b0] MSI-X: Enable+ Count=130 Masked-
	Capabilities: [100] Advanced Error Reporting
	Capabilities: [168] Alternative Routing-ID Interpretation (ARI)
	Capabilities: [178] Secondary PCI Express
	Capabilities: [198] Physical Layer 16.0 GT/s <?>
	Capabilities: [1bc] Lane Margining at the Receiver <?>
	Capabilities: [3a0] Data Link Feature <?>
	Kernel driver in use: nvme
	Kernel modules: nvme

c3:00.0 Non-Volatile memory controller: Samsung Electronics Co Ltd NVMe SSD Controller PM9A1/PM9A3/980PRO (prog-if 02 [NVM Express])
	Subsystem: Samsung Electronics Co Ltd General DC NVMe PM9A3
	Physical Slot: 238
	Flags: bus master, fast devsel, latency 0, IRQ 435, IOMMU group 16
	Memory at b6410000 (64-bit, non-prefetchable) [size=16K]
	Expansion ROM at b6400000 [disabled] [size=64K]
	Capabilities: [40] Power Management version 3
	Capabilities: [50] MSI: Enable- Count=1/32 Maskable- 64bit+
	Capabilities: [70] Express Endpoint, MSI 00
	Capabilities: [b0] MSI-X: Enable+ Count=130 Masked-
	Capabilities: [100] Advanced Error Reporting
	Capabilities: [168] Alternative Routing-ID Interpretation (ARI)
	Capabilities: [178] Secondary PCI Express
	Capabilities: [198] Physical Layer 16.0 GT/s <?>
	Capabilities: [1bc] Lane Margining at the Receiver <?>
	Capabilities: [3a0] Data Link Feature <?>
	Kernel driver in use: nvme
	Kernel modules: nvme

c5:00.0 Ethernet controller: Mellanox Technologies MT28908 Family [ConnectX-6]
	Subsystem: Mellanox Technologies MT28908 Family [ConnectX-6]
	Flags: bus master, fast devsel, latency 0, IRQ 204, IOMMU group 18
	Memory at 1801e000000 (64-bit, prefetchable) [size=32M]
	Expansion ROM at b6200000 [disabled] [size=1M]
	Capabilities: [60] Express Endpoint, MSI 00
	Capabilities: [48] Vital Product Data
	Capabilities: [9c] MSI-X: Enable+ Count=64 Masked-
	Capabilities: [c0] Vendor Specific Information: Len=18 <?>
	Capabilities: [40] Power Management version 3
	Capabilities: [100] Advanced Error Reporting
	Capabilities: [150] Alternative Routing-ID Interpretation (ARI)
	Capabilities: [1c0] Secondary PCI Express
	Capabilities: [320] Lane Margining at the Receiver <?>
	Capabilities: [370] Physical Layer 16.0 GT/s <?>
	Capabilities: [420] Data Link Feature <?>
	Kernel driver in use: mlx5_core
	Kernel modules: mlx5_core

c6:00.0 Non-Essential Instrumentation [1300]: Advanced Micro Devices, Inc. [AMD] Starship/Matisse PCIe Dummy Function
	Subsystem: Advanced Micro Devices, Inc. [AMD] Starship/Matisse PCIe Dummy Function
	Flags: fast devsel, IOMMU group 19
	Capabilities: [48] Vendor Specific Information: Len=08 <?>
	Capabilities: [50] Power Management version 3
	Capabilities: [64] Express Endpoint, MSI 00
	Capabilities: [100] Vendor Specific Information: ID=0001 Rev=1 Len=010 <?>
	Capabilities: [150] Advanced Error Reporting
	Capabilities: [270] Secondary PCI Express
	Capabilities: [2a0] Access Control Services
	Capabilities: [400] Data Link Feature <?>
	Capabilities: [410] Physical Layer 16.0 GT/s <?>
	Capabilities: [440] Lane Margining at the Receiver <?>

c6:00.2 Encryption controller: Advanced Micro Devices, Inc. [AMD] Starship/Matisse PTDMA
	Subsystem: Advanced Micro Devices, Inc. [AMD] Starship/Matisse PTDMA
	Flags: bus master, fast devsel, latency 0, IRQ 43, IOMMU group 20
	Memory at b6100000 (32-bit, non-prefetchable) [size=512K]
	Memory at b6180000 (32-bit, non-prefetchable) [size=8K]
	Capabilities: [48] Vendor Specific Information: Len=08 <?>
	Capabilities: [50] Power Management version 3
	Capabilities: [64] Express Endpoint, MSI 00
	Capabilities: [a0] MSI: Enable- Count=1/2 Maskable- 64bit+
	Capabilities: [c0] MSI-X: Enable+ Count=1 Masked-
	Capabilities: [100] Vendor Specific Information: ID=0001 Rev=1 Len=010 <?>
	Capabilities: [150] Advanced Error Reporting
	Capabilities: [2a0] Access Control Services
	Kernel driver in use: ptdma
	Kernel modules: ptdma

c7:00.0 Non-Essential Instrumentation [1300]: Advanced Micro Devices, Inc. [AMD] Starship/Matisse Reserved SPP
	Subsystem: Advanced Micro Devices, Inc. [AMD] Starship/Matisse Reserved SPP
	Flags: fast devsel, IOMMU group 21
	Capabilities: [48] Vendor Specific Information: Len=08 <?>
	Capabilities: [50] Power Management version 3
	Capabilities: [64] Express Endpoint, MSI 00
	Capabilities: [100] Vendor Specific Information: ID=0001 Rev=1 Len=010 <?>
	Capabilities: [150] Advanced Error Reporting
	Capabilities: [270] Secondary PCI Express
	Capabilities: [2a0] Access Control Services
	Capabilities: [400] Data Link Feature <?>
	Capabilities: [410] Physical Layer 16.0 GT/s <?>
	Capabilities: [440] Lane Margining at the Receiver <?>

c7:00.2 Encryption controller: Advanced Micro Devices, Inc. [AMD] Starship/Matisse PTDMA
	Subsystem: Advanced Micro Devices, Inc. [AMD] Starship/Matisse PTDMA
	Flags: bus master, fast devsel, latency 0, IRQ 417, IOMMU group 22
	Memory at b6000000 (32-bit, non-prefetchable) [size=512K]
	Memory at b6080000 (32-bit, non-prefetchable) [size=8K]
	Capabilities: [48] Vendor Specific Information: Len=08 <?>
	Capabilities: [50] Power Management version 3
	Capabilities: [64] Express Endpoint, MSI 00
	Capabilities: [a0] MSI: Enable- Count=1/2 Maskable- 64bit+
	Capabilities: [c0] MSI-X: Enable+ Count=1 Masked-
	Capabilities: [100] Vendor Specific Information: ID=0001 Rev=1 Len=010 <?>
	Capabilities: [150] Advanced Error Reporting
	Capabilities: [2a0] Access Control Services
	Kernel driver in use: ptdma
	Kernel modules: ptdma

