====--PcapFileProcess  fname:/home/avorovich/pcap/o1_fixed_redp_lost_rsp.pcap
PcapFileProcess -EOF

=============tcp_pairs req with matching rsp
  
==frame stats  direction:"c->b"  tcp_short:108.1-108.4  tcp_pair_key:192.168.108.1:51280-192.168.108.4:1043  frame_count:14  syn_count:1  fin_count:1  rst_count:0  isn:002850279656  tcp_payload_len_tot:000000000240
  kafka req stats  kafka_count:5  kafka_req_ack_count:5  kafka_count_in_bh:5  pct_non_ack!!!:0  kafka_len_tot:000000000240
..client_id_key:redpanda-console
  -req  kafka_corr_id:0  ack:1  iframe:000000000045  api_key_str:99  api_key:18  api_version:3  kafka_len:40  mon_step_age:0
   kafka_buf_n:44  kafka_buf:"...(..........redpanda-console..kgo.v1.18.0."
   kafka_buf_hex:" 00 00 00 28| 00 12 00 03| 00 00 00 00| 00 10 72 65| 64 70 61 6e| 64 61 2d 63| 6f 6e 73 6f| 6c 65 00 04| 6b 67 6f 08| 76 31 2e 31| 38 2e 30 00|"
  -rsp  kafka_corr_id:0  ack:1  iframe:000000000047  kafka_len:499  mon_step_age:0
   kafka_buf_n:503  kafka_buf:"..........>.............................................................................................................................................................................................._trunc_"
   kafka_buf_hex:" 00 00 01 f3| 00 00 00 00| 00 00 3e 00| 00 00 00 00| 0b 00 00 01| 00 00 00 11| 00 00 02 00| 00 00 09 00| 00 03 00 00| 00 0c 00 00| 08 00 00 00| 09 00 00 09| 00 00 00 09| 00 00 0a 00| 00 00 06 00| 00 0b 00 00| 00 09 00 00| 0c 00 00 00| 04 00 00 0d| 00 00 00 05| 00 00 0e 00| 00 00 05 00| 00 0f 00 00| 00 05 00 00| 10 00 00 00| 05 00 00 11| 00 00 00 01| 00 00 12 00| 00 00 04 00| 00 13 00 00| 00 07 00 00| 14 00 00 00| 06 00 00 15| 00 00 00 02| 00 00 16 00| 00 00 05 00| 00 17 00 00| 00 04 00 00| 18 00 00 00| 05 00 00 19| 00 00 00 04| 00 00 1a 00| 00 00 04 00| 00 1b 00 00| 00 01 00 00| 1c 00 00 00| 04 00 00 1d| 00 00 00 03| 00 00 1e 00| 00 00 03 00| 00_trunc_"

  -req  kafka_corr_id:1  ack:1  iframe:000000000049  api_key_str:99  api_key:3  api_version:9  kafka_len:32  mon_step_age:0
   kafka_buf_n:36  kafka_buf:"... ..........redpanda-console......"
   kafka_buf_hex:" 00 00 00 20| 00 03 00 09| 00 00 00 01| 00 10 72 65| 64 70 61 6e| 64 61 2d 63| 6f 6e 73 6f| 6c 65 00 01| 00 00 00 00|"
  -rsp  kafka_corr_id:1  ack:1  iframe:000000000050  kafka_len:133  mon_step_age:0
   kafka_buf_n:137  kafka_buf:...................dev.ak-8.b1.ext...........dev.ak-8.b2.ext...........dev.ak-8.b3.ext...........dev.ak-8.b4.ext.......dev.ak-8..........
   kafka_buf_hex:" 00 00 00 85| 00 00 00 01| 00 00 00 00| 00 05 00 00| 00 01 10 64| 65 76 2e 61| 6b 2d 38 2e| 62 31 2e 65| 78 74 00 00| 04 07 00 00| 00 00 00 02| 10 64 65 76| 2e 61 6b 2d| 38 2e 62 32| 2e 65 78 74| 00 00 04 0f| 00 00 00 00| 00 03 10 64| 65 76 2e 61| 6b 2d 38 2e| 62 33 2e 65| 78 74 00 00| 04 13 00 00| 00 00 00 04| 10 64 65 76| 2e 61 6b 2d| 38 2e 62 34| 2e 65 78 74| 00 00 04 17| 00 00 09 64| 65 76 2e 61| 6b 2d 38 00| 00 00 03 01| 80 00 00 00| 00"

  -req  kafka_corr_id:2  ack:1  iframe:000000000088  api_key_str:99  api_key:35  api_version:2  kafka_len:29  mon_step_age:0
   kafka_buf_n:33  kafka_buf:".....#........redpanda-console..."
   kafka_buf_hex:" 00 00 00 1d| 00 23 00 02| 00 00 00 02| 00 10 72 65| 64 70 61 6e| 64 61 2d 63| 6f 6e 73 6f| 6c 65 00 00| 00"
  -rsp  kafka_corr_id:2  ack:1  iframe:000000000107  kafka_len:825  mon_step_age:0
   kafka_buf_n:829  kafka_buf:'...9............"/mnt/data-1/kraft-combined-logs-8..__consumer_offsets....-................................................................."....................test-topic-0000000-9HHKC60.............._trunc_'
   kafka_buf_hex:" 00 00 03 39| 00 00 00 02| 00 00 00 00| 00 05 00 00| 22 2f 6d 6e| 74 2f 64 61| 74 61 2d 31| 2f 6b 72 61| 66 74 2d 63| 6f 6d 62 69| 6e 65 64 2d| 6c 6f 67 73| 2d 38 03 13| 5f 5f 63 6f| 6e 73 75 6d| 65 72 5f 6f| 66 66 73 65| 74 73 05 00| 00 00 2d 00| 00 00 00 00| 00 00 00 00| 00 00 00 00| 00 00 00 00| 00 00 00 00| 15 00 00 00| 00 00 00 00| 00 00 00 00| 00 00 00 00| 00 00 00 00| 00 00 1c 00| 00 00 00 00| 00 00 00 00| 00 00 00 00| 00 00 00 00| 00 00 00 00| 22 00 00 00| 00 00 00 00| 00 00 00 00| 00 00 00 00| 00 00 00 00| 1b 74 65 73| 74 2d 74 6f| 70 69 63 2d| 30 30 30 30| 30 30 30 2d| 39 48 48 4b| 43 36 30 03| 00 00 00 03| 00 00 00 00| 00 00 00 00| 00_trunc_"

  -req  kafka_corr_id:3  ack:1  iframe:000000000121  api_key_str:99  api_key:32  api_version:3  kafka_len:90  mon_step_age:0
   kafka_buf_n:94  kafka_buf:"...Z. ........redpanda-console.......__consumer_offsets.......test-topic-0000000-9HHKC60......"
   kafka_buf_hex:" 00 00 00 5a| 00 20 00 03| 00 00 00 03| 00 10 72 65| 64 70 61 6e| 64 61 2d 63| 6f 6e 73 6f| 6c 65 00 00| 00 02 02 00| 12 5f 5f 63| 6f 6e 73 75| 6d 65 72 5f| 6f 66 66 73| 65 74 73 ff| ff ff ff 02| 00 1a 74 65| 73 74 2d 74| 6f 70 69 63| 2d 30 30 30| 30 30 30 30| 2d 39 48 48| 4b 43 36 30| ff ff ff ff| 01 00"
  -rsp  kafka_corr_id:3  ack:1  iframe:000000000125  kafka_len:5379  mon_step_age:0
   kafka_buf_n:5383  kafka_buf:.......................__consumer_offsets...$..compression.type..producer.........compression.type..producer...compression.type..producer......remote.log.delete.on.disable..false...........%leader.repl_trunc_
   kafka_buf_hex:" 00 00 15 03| 00 00 00 03| 00 00 00 00| 00 00 00 02| 00 00 00 00| 02 00 12 5f| 5f 63 6f 6e| 73 75 6d 65| 72 5f 6f 66| 66 73 65 74| 73 00 00 00| 24 00 10 63| 6f 6d 70 72| 65 73 73 69| 6f 6e 2e 74| 79 70 65 00| 08 70 72 6f| 64 75 63 65| 72 00 01 00| 00 00 00 02| 00 10 63 6f| 6d 70 72 65| 73 73 69 6f| 6e 2e 74 79| 70 65 00 08| 70 72 6f 64| 75 63 65 72| 01 00 10 63| 6f 6d 70 72| 65 73 73 69| 6f 6e 2e 74| 79 70 65 00| 08 70 72 6f| 64 75 63 65| 72 05 02 ff| ff 00 1c 72| 65 6d 6f 74| 65 2e 6c 6f| 67 2e 64 65| 6c 65 74 65| 2e 6f 6e 2e| 64 69 73 61| 62 6c 65 00| 05 66 61 6c| 73 65 00 05| 00 00 00 00| 00 01 ff ff| 00 25 6c 65| 61 64 65 72| 2e 72 65 70| 6c_trunc_"

  -req  kafka_corr_id:4  ack:1  iframe:000000000133  api_key_str:99  api_key:16  api_version:4  kafka_len:29  mon_step_age:0
   kafka_buf_n:33  kafka_buf:..............redpanda-console...
   kafka_buf_hex:" 00 00 00 1d| 00 10 00 04| 00 00 00 04| 00 10 72 65| 64 70 61 6e| 64 61 2d 63| 6f 6e 73 6f| 6c 65 00 01| 00"
  -rsp  kafka_corr_id:4  ack:1  iframe:000000000136  kafka_len:13  mon_step_age:0
   kafka_buf_n:17  kafka_buf:.................
   kafka_buf_hex:" 00 00 00 0d| 00 00 00 04| 00 00 00 00| 00 00 00 01| 00"

==frame stats  direction:"b->c"  tcp_short:108.4-108.1  tcp_pair_key:192.168.108.4:1043-192.168.108.1:51280  frame_count:13  syn_count:1  fin_count:1  rst_count:0  isn:004185437575  tcp_payload_len_tot:000000006869
  kafka rsp stats  kafka_count:5  kafka_count_in_bh:5  kafka_len_tot:000000006869
  
==frame stats  direction:"c->b"  tcp_short:108.1-108.4  tcp_pair_key:192.168.108.1:51282-192.168.108.4:1043  frame_count:10  syn_count:1  fin_count:1  rst_count:0  isn:000651658107  tcp_payload_len_tot:000000000080
  kafka req stats  kafka_count:2  kafka_req_ack_count:2  kafka_count_in_bh:2  pct_non_ack!!!:0  kafka_len_tot:000000000080
..client_id_key:redpanda-console
  -req  kafka_corr_id:0  ack:1  iframe:000000000113  api_key_str:99  api_key:18  api_version:3  kafka_len:40  mon_step_age:0
   kafka_buf_n:44  kafka_buf:"...(..........redpanda-console..kgo.v1.18.0."
   kafka_buf_hex:" 00 00 00 28| 00 12 00 03| 00 00 00 00| 00 10 72 65| 64 70 61 6e| 64 61 2d 63| 6f 6e 73 6f| 6c 65 00 04| 6b 67 6f 08| 76 31 2e 31| 38 2e 30 00|"
  -rsp  kafka_corr_id:0  ack:1  iframe:000000000115  kafka_len:499  mon_step_age:0
   kafka_buf_n:503  kafka_buf:"..........>.............................................................................................................................................................................................._trunc_"
   kafka_buf_hex:" 00 00 01 f3| 00 00 00 00| 00 00 3e 00| 00 00 00 00| 0b 00 00 01| 00 00 00 11| 00 00 02 00| 00 00 09 00| 00 03 00 00| 00 0c 00 00| 08 00 00 00| 09 00 00 09| 00 00 00 09| 00 00 0a 00| 00 00 06 00| 00 0b 00 00| 00 09 00 00| 0c 00 00 00| 04 00 00 0d| 00 00 00 05| 00 00 0e 00| 00 00 05 00| 00 0f 00 00| 00 05 00 00| 10 00 00 00| 05 00 00 11| 00 00 00 01| 00 00 12 00| 00 00 04 00| 00 13 00 00| 00 07 00 00| 14 00 00 00| 06 00 00 15| 00 00 00 02| 00 00 16 00| 00 00 05 00| 00 17 00 00| 00 04 00 00| 18 00 00 00| 05 00 00 19| 00 00 00 04| 00 00 1a 00| 00 00 04 00| 00 1b 00 00| 00 01 00 00| 1c 00 00 00| 04 00 00 1d| 00 00 00 03| 00 00 1e 00| 00 00 03 00| 00_trunc_"

  -req  kafka_corr_id:1  ack:1  iframe:000000000117  api_key_str:99  api_key:3  api_version:9  kafka_len:32  mon_step_age:0
   kafka_buf_n:36  kafka_buf:"... ..........redpanda-console......"
   kafka_buf_hex:" 00 00 00 20| 00 03 00 09| 00 00 00 01| 00 10 72 65| 64 70 61 6e| 64 61 2d 63| 6f 6e 73 6f| 6c 65 00 00| 00 00 00 00|"
  -rsp  kafka_corr_id:1  ack:1  iframe:000000000119  kafka_len:1917  mon_step_age:0
   kafka_buf_n:1921  kafka_buf:'...}...............dev.ak-8.b1.ext...........dev.ak-8.b2.ext...........dev.ak-8.b3.ext...........dev.ak-8.b4.ext.......dev.ak-8........__consumer_offsets.3.....".......$.........................$......_trunc_'
   kafka_buf_hex:" 00 00 07 7d| 00 00 00 01| 00 00 00 00| 00 05 00 00| 00 01 10 64| 65 76 2e 61| 6b 2d 38 2e| 62 31 2e 65| 78 74 00 00| 04 07 00 00| 00 00 00 02| 10 64 65 76| 2e 61 6b 2d| 38 2e 62 32| 2e 65 78 74| 00 00 04 0f| 00 00 00 00| 00 03 10 64| 65 76 2e 61| 6b 2d 38 2e| 62 33 2e 65| 78 74 00 00| 04 13 00 00| 00 00 00 04| 10 64 65 76| 2e 61 6b 2d| 38 2e 62 34| 2e 65 78 74| 00 00 04 17| 00 00 09 64| 65 76 2e 61| 6b 2d 38 00| 00 00 01 03| 00 00 13 5f| 5f 63 6f 6e| 73 75 6d 65| 72 5f 6f 66| 66 73 65 74| 73 01 33 00| 00 00 00 00| 22 00 00 00| 03 00 00 00| 24 02 00 00| 00 03 02 00| 00 00 03 01| 00 00 00 00| 00 00 1c 00| 00 00 03 00| 00 00 24 02| 00 00 00 03| 02_trunc_"

==frame stats  direction:"b->c"  tcp_short:108.4-108.1  tcp_pair_key:192.168.108.4:1043-192.168.108.1:51282  frame_count:8  syn_count:1  fin_count:1  rst_count:0  isn:002414171407  tcp_payload_len_tot:000000002424
  kafka rsp stats  kafka_count:2  kafka_count_in_bh:2  kafka_len_tot:000000002424

=============tcp_pairs rsp without req 

==========================================batch stats
"elapsed(sec)":0.00416226  iframe_count:227  kafka_req_count_total:7  kafka_req_ack_count_total:7  "kafka_duration_avg (ns)":5777571  ind_tcp_pair_n:4  max_pkt_len:1514
Kafka Non-ACK(BAD - request without response) Ratio Histogram:
range:00-00%  count_of_tcp_pairs:2
exit to OS
