len 00 00 08 00 | corr id 00 00 01 00 | api key 00 00| api vers 00 00| cleint id len  00 00| 53 00 00 00 a2 01 00 |00 00 |66 00 01 00 | 0f |73 75 62 2d 30 30 30 2d 6e 4f 6b 67 46 76 30| 00 1a 74 65 73 74 2d 74 6f 70 69 63 2d 30 30 30 30 30 30 30 2d
34 4a 41 2d 49 70 51 00 00 00 07 30 00 03 00 00 00 00 00 1d 66 3e ff ff ff ff 00 00 00 00 01 94 f2 7d 09 16 00 00 00 b1 00 00 00 00 00 54 00 00 00 aa 6a 28 51 90 00 00 00 00 00 00 00 00 00 00
00 01 00 00 00 ef db 27 81 00 00 00 00 00 00 00 00 00 00 00 00 16 09 7d f2 94 01 00 00 16 09 7d f2 94 01 00 00 ff ff ff ff ff ff ff ff ff ff ff ff ff ff 01 00 00 00 00 00 08 00 00 00 01 00 00 00
00 00 00 00 53 00 00 00 a2 01 00 00 00 66 00 01 00 0f 73 75 62 2d 30 30 30 2d 6e 4f 6b 67 46 76 30 00 1a 74 65 73 74 2d 74 6f 70 69 63 2d 30 30 30 30 30 30 30 2d 34 4a 41 2d 49 70 51 00 00 00
28 30 00 03 00 00 00 00 00 1d 75 4f ff ff ff ff 00 00 00 00 01 94 f2 7d 09 16 00 00 00 b1 00 00 00 00 00 54 00 00 00 25 23 95 cb 90 00 00 00 00 00 00 00 00 00 00 00 01 00 00 00 45 d6 0d e4 00
00 00 00 00 00 00 00 00 00 00 00 17 09 7d f2 94 01 00 00 17 09 7d f2 94 01 00 00 ff ff ff ff ff ff ff ff ff ff ff ff ff ff 01 00 00 00 00 00 08 00 00 00 01 00 00 00 00 00 00 00 53 00 00 00 a2
01 00 00 00 66 00 01 00 0f 73 75 62 2d 30 30 30 2d 6e 4f 6b 67 46 76 30 00 1a 74 65 73 74 2d 74 6f 70 69 63 2d 30 30 30 30 30 30 30 2d 34 4a 41 2d 49 70 51 00 00 00 28 30 00 03 00 00 00 00 00
1d 77 43 ff ff ff ff 00 00 00 00 01 94 f2 7d 09 17 00 00 00 b1 00 00 00 00 00 54 00 00 00 70 9c 6d 30 90 00 00 00 00 00 00 00 00 00 00 00 01 00 00 00 ba 11 b3 71 00 00 00 00 00 00 00 00 00 00
00 00 17 09 7d f2 94 01 00 00 17 09 7d f2 94 01 00 00 ff ff ff ff ff ff ff ff ff ff ff ff ff ff 01 00 00 00 00 00 08 00 00 00 01 00 00 00 00 00 00 00 53 00 00 00 a2 01 00 00 00 66 00 01 00 0f
73 75 62 2d 30 30 30 2d 6e 4f 6b 67 46 76 30 00 1a 74 65 73 74 2d 74 6f 70 69 63 2d 30 30 30 30 30 30 30 2d 34 4a 41 2d 49 70 51 00 00 00 0d 30 00 03 00 00 00 00 00 1c ad 48 ff ff ff ff 00 00
00 00 01 94 f2 7d 09 17 00 00 00 b1 00 00 00 00 00 54 00 00 00 4e 12 01 6a 90 00 00 00 00 00 00 00 00 00 00 00 01 00 00 00 d3 4e 63 c3 00 00 00 00 00 00 00 00 00 00 00 00 17 09 7d f2 94 01
00 00 17 09 7d f2 94 01 00 00 ff ff ff ff ff ff ff ff ff ff ff ff ff ff 01 00 00 00 00 00 08 00 00 00 01 00 00 00 00 00 00 00 53 00 00 00 a2 01 00 00 00 66 00 01 00 0f 73 75 62 2d 30 30 30 2d
6e 4f 6b 67 46 76 30 00 1a 74 65 73 74 2d 74 6f 70 69 63 2d 30 30 30 30 30 30 30 2d 34 4a 41 2d 49 70 51 00 00 00 28 30 00 03 00 00 00 00 00 1d 79 53 ff ff ff ff 00 00 00 00 01 94 f2 7d 09
17 00 00 00 b1 00 00 00 00 00 54 00 00 00 35 ab 5d 10 90 00 00 00 00 00 00 00 00 00 00 00 01 00 00 00 43 e9 da f0 00 00 00 00 00 00 00 00 00 00 00 00 17 09 7d f2 94 01 00 00 17 09 7d f2 94
01 00 00 ff ff ff ff ff ff ff ff ff ff ff ff ff ff 01 00 00 00 00 00 08 00 00 00 01 00 00 00 00 00 00 00 53 00 00 00 a2 01 00 00 00 66 00 01 00 0f 73 75 62 2d 30 30 30 2d 6e 4f 6b 67 46 76 30
00 1a 74 65 73 74 2d 74 6f 70 69 63 2d 30 30 30 30 30 30 30 2d 34 4a 41 2d 49 70 51 00 00 00 18 30 00 03 00 00 00 00 00 1c 71 2e ff ff ff ff 00 00 00 00 01 94 f2 7d 09 17 00 00 00 b1 00 00
00 00 00 54 00 00 00 9d d9 97 d9 90 00 00 00 00 00 00 00 00 00 00 00 01 00 00 00 1e 15 25 95 00 00 00 00 00 00 00 00 00 00 00 00 18 09 7d f2 94 01 00 00 18 09 7d f2 94 01 00 00 ff ff ff ff
ff ff ff ff ff ff ff ff ff ff 01 00 00 00 00 00 08 00 00 00 01 00 00 00 00 00 00 00 53 00 00 00 a2 01 00 00 00 66 00 01 00 0f 73 75 62 2d 30 30 30 2d 6e 4f 6b 67 46 76 30 00 1a 74 65 73 74
2d 74 6f 70 69 63 2d 30 30 30 30 30 30 30 2d 34 4a 41 2d 49 70 51 00 00 00 0d 30 00 03 00 00 00 00 00 1c af 3c ff ff ff ff 00 00 00 00 01 94 f2 7d 09 18 00 00 00 b1 00 00 00 00 00 54 00 00
00 72 1a b3 2a 90 00 00 00 00 00 00 00 00 00 00 00 01 00 00 00 c5 0f 27 d0 00 00 00 00 00 00 00 00 00 00 00 00 18 09 7d f2 94 01 00 00 18 09 7d f2 94 01 00 00 ff ff ff ff ff ff ff ff ff ff
ff ff ff ff 01 00 00 00 00 00 08 00 00 00 01 00 00 00 00 00 00 00 53 00 00 00 a2 01 00 00 00 66 00 01 00 0f 73 75 62 2d 30 30 30 2d 6e 4f 6b 67 46 76 30 00 1a 74 65 73 74 2d 74 6f 70 69 63
2d 30 30 30 30 30 30 30 2d 34 4a 41 2d 49 70 51 00 00 00 0d 30 00 03 00 00 00 00 00 1c af 4a ff ff ff ff 00 00 00 00 01 94 f2 7d 09 18 00 00 00 b1 00 00 00 00 00 54 00 00 00 78 9f 43 75 90
00 00 00 00 00 00 00 00 00 00 00 01 00 00 00 2e a4 68 5a 00 00 00 00 00 00 00 00 00 00 00 00 18 09 7d f2 94 01 00 00 18 09 7d f2 94 01 00 00 ff ff ff ff ff ff ff ff ff ff ff ff ff ff 01 00
00 00 00 00 08 00 00 00 01 00 00 00 00 00 00 00 53 00 00 00 a2 01 00 00 00 66 00 01 00 0f 73 75 62 2d 30 30 30 2d 6e 4f 6b 67 46 76 30 00 1a 74 65 73 74 2d 74 6f 70 69 63 2d 30 30 30 30 30
30 30 2d 34 4a 41 2d 49 70 51 00 00 00 18 30 00 03 00 00 00 00 00 1c 73 22 ff ff ff ff 00 00 00 00 01 94 f2 7d 09 18 00 00 00 b1 00 00 00 00 00 54 00 00 00 a9 d2 0b dc 90 00 00 00 00 00 00
00 00 00 00 00 01 00 00 00 9c e1 ba ad 00 00 00 00 00 00 00 00 00 00 00 00 18 09 7d f2 94 01 00 00 18 09 7d f2 94 01 00 00 ff ff ff ff ff ff ff ff ff ff ff ff ff ff 01 00 00 00 00

..............S........f....sub-000-nOkgFv0..test-topic-0000000-4JA-IpQ....0........f>...........}...........T....j(Q..................'...............}.......}.....................................S........f....sub-000-nOkgFv0..test-topic-0000000-4JA-IpQ...(0........uO...........}...........T...%#..................E.................}.......}.....................................S........f....sub-000-nOkgFv0..test-topic-0000000-4JA-IpQ...(0........wC...........}...........T...p.m0...................q..............}.......}.....................................S........f....sub-000-nOkgFv0..test-topic-0000000-4JA-IpQ...(0........y7...........}...........T....81.................i.................}.......}.....................................S........f....sub-000-nOkgFv0..test-topic-0000000-4JA-IpQ....0.........H...........}...........T...N..j.................Nc...............}.......}.....................................S........f....sub-000-nOkgFv0..test-topic-0000000-4JA-IpQ...(0........yS...........}...........T...5.].................C.................}.......}.....................................S........f....sub-000-nOkgFv0..test-topic-0000000-4JA-IpQ....0........q............}...........T.........................%...............}.......}.....................................S........f....sub-000-nOkgFv0..test-topic-0000000-4JA-IpQ....0.........<...........}...........T...r..*..................'...............}.......}.....................................S........f....sub-000-nOkgFv0..test-topic-0000000-4JA-IpQ....0.........J...........}...........T...x.Cu..................hZ..............}.......}.....................................S........f....sub-000-nOkgFv0..test-topic-0000000-4JA-IpQ....0........s\"...........}...........T.........................................}.......}.....................................S........f....sub-000-nOkgFv0..test-topic-0000000-4JA-IpQ....0........s0...........}...........T...jo....................`s..............}.......}.....................................S........f....sub-000"