Hello, World!333
====--ProcessPcapFile  fname:/home/avorovich/pcap/rp_tap2.pcap
tcp_pair  tcp_pair_key:192.168.210.51:1092-192.168.210.21:62720  count:331  syn_count:1  fin_count:0  isn:697969602  "seq_gap_count %":30
zd_frames_n:331
iframe:1276446  seq:"000697969602:           "  seq_gap:""  p_pay_n:000000  th_flags:"SYN ACK "  p_pay_hex:""
iframe:1276657  seq:000000000001:000000000079  seq_gap:-697969601  p_pay_n:000078  th_flags:"PSH ACK "  p_pay_hex:"30 62 61 30 32 35 62 30 38 35 37 33 65 34 30 33 65 34 61 62"
iframe:1279471  seq:000000000079:000000000451  seq_gap:0000  p_pay_n:000372  th_flags:"PSH ACK "  p_pay_hex:"33 63 39 62 31 31 66 39 61 33 32 36 32 61 34 66 30 33 34 34"
iframe:1281652  seq:000000000823:000000001195  seq_gap:0372  p_pay_n:000372  th_flags:"PSH ACK "  p_pay_hex:"61 39 34 66 38 37 62 66 30 62 61 30 32 35 62 30 38 35 37 33"
iframe:1281893  seq:000000001195:000000001567  seq_gap:0000  p_pay_n:000372  th_flags:"PSH ACK "  p_pay_hex:"39 30 37 37 37 35 36 65 37 64 38 64 39 64 65 64 39 64 35 38"
iframe:1282117  seq:000000001567:000000001939  seq_gap:0000  p_pay_n:000372  th_flags:"PSH ACK "  p_pay_hex:"31 64 66 32 66 39 35 61 34 31 34 65 37 63 66 65 65 62 37 66"
iframe:1283508  seq:000000002052:000000002165  seq_gap:0113  p_pay_n:000113  th_flags:"PSH ACK "  p_pay_hex:"65 63 64 38 62 31 65 34 32 35 30 31 62 32 32 38 32 37 37 34"
iframe:1283720  seq:000000002165:000000002278  seq_gap:0000  p_pay_n:000113  th_flags:"PSH ACK "  p_pay_hex:"33 32 62 39 33 34 65 35 65 63 30 65 37 62 33 39 36 63 32 65"
iframe:1283768  seq:000000002278:000000002391  seq_gap:0000  p_pay_n:000113  th_flags:"PSH ACK "  p_pay_hex:"34 66 38 37 62 66 30 62 61 30 32 35 62 30 38 35 37 33 65 34"
iframe:1283808  seq:000000002391:000000002504  seq_gap:0000  p_pay_n:000113  th_flags:"PSH ACK "  p_pay_hex:"65 31 36 65 33 62 66 31 33 34 63 38 37 63 66 64 37 31 38 37"
iframe:1283925  seq:000000002504:000000002617  seq_gap:0000  p_pay_n:000113  th_flags:"PSH ACK "  p_pay_hex:"37 37 37 35 36 65 37 64 38 64 39 64 65 64 39 64 35 38 36 66"
iframe:1283973  seq:000000002617:000000002730  seq_gap:0000  p_pay_n:000113  th_flags:"PSH ACK "  p_pay_hex:"30 39 30 36 35 30 61 34 32 32 30 37 32 35 35 35 64 65 65 37"
iframe:1284222  seq:000000002730:000000003169  seq_gap:0000  p_pay_n:000439  th_flags:"PSH ACK "  p_pay_hex:"62 39 33 34 65 35 65 63 30 65 37 62 33 39 36 63 32 65 66 33"
iframe:1285785  seq:000000003282:000000003721  seq_gap:0113  p_pay_n:000439  th_flags:"PSH ACK "  p_pay_hex:"62 66 30 62 61 30 32 35 62 30 38 35 37 33 65 34 30 33 65 34"
iframe:1286811  seq:000000003721:000000004160  seq_gap:0000  p_pay_n:000439  th_flags:"PSH ACK "  p_pay_hex:"35 62 32 37 30 65 63 64 38 62 31 65 34 32 35 30 31 62 32 32"
iframe:1288717  seq:000000004160:000000004599  seq_gap:0000  p_pay_n:000439  th_flags:"PSH ACK "  p_pay_hex:"34 63 39 36 32 66 64 34 62 36 65 34 35 66 62 33 34 62 34 31"
iframe:1289853  seq:000000004599:000000004712  seq_gap:0000  p_pay_n:000113  th_flags:"PSH ACK "  p_pay_hex:"63 38 37 63 66 64 37 31 38 37 39 65 64 30 34 37 66 30 66 64"
iframe:1289912  seq:000000004712:000000004825  seq_gap:0000  p_pay_n:000113  th_flags:"PSH ACK "  p_pay_hex:"37 36 66 62 33 34 39 39 39 30 31 34 36 66 61 36 33 62 63 35"
iframe:1290457  seq:000000004825:000000004938  seq_gap:0000  p_pay_n:000113  th_flags:"PSH ACK "  p_pay_hex:"63 63 64 32 33 62 64 65 63 33 64 65 37 33 34 32 31 31 65 36"
iframe:1290465  seq:000000004938:000000005051  seq_gap:0000  p_pay_n:000113  th_flags:"PSH ACK "  p_pay_hex:"63 38 37 63 66 64 37 31 38 37 39 65 64 30 34 37 66 30 66 64"
iframe:1291125  seq:000000005390:000000005503  seq_gap:0339  p_pay_n:000113  th_flags:"PSH ACK "  p_pay_hex:"63 35 37 39 65 38 39 37 66 36 63 34 39 30 32 32 30 33 62 65"
iframe:1291131  seq:000000005503:000000005616  seq_gap:0000  p_pay_n:000113  th_flags:"PSH ACK "  p_pay_hex:"35 63 66 30 63 64 61 30 32 64 31 36 37 39 64 36 63 63 64 32"
iframe:1291679  seq:000000005616:000000006055  seq_gap:0000  p_pay_n:000439  th_flags:"PSH ACK "  p_pay_hex:"63 38 37 63 66 64 37 31 38 37 39 65 64 30 34 37 66 30 66 64"
iframe:1291959  seq:000000006055:000000006494  seq_gap:0000  p_pay_n:000439  th_flags:"PSH ACK "  p_pay_hex:"35 37 66 34 31 30 34 63 64 33 34 63 39 36 32 66 64 34 62 36"
iframe:1293012  seq:000000006933:000000007046  seq_gap:0439  p_pay_n:000113  th_flags:"PSH ACK "  p_pay_hex:"30 62 61 30 32 35 62 30 38 35 37 33 65 34 30 33 65 34 61 62"
iframe:1293279  seq:000000007046:000000007159  seq_gap:0000  p_pay_n:000113  th_flags:"PSH ACK "  p_pay_hex:"36 30 39 62 61 66 37 38 37 66 65 32 38 65 62 33 34 39 62 64"
iframe:1293392  seq:000000007159:000000007272  seq_gap:0000  p_pay_n:000113  th_flags:"PSH ACK "  p_pay_hex:"30 62 61 30 32 35 62 30 38 35 37 33 65 34 30 33 65 34 61 62"
iframe:1294435  seq:000000007272:000000007711  seq_gap:0000  p_pay_n:000439  th_flags:"PSH ACK "  p_pay_hex:"35 34 63 65 33 30 66 37 34 35 63 63 39 37 63 37 62 64 39 32"
iframe:1295912  seq:000000007711:000000008150  seq_gap:0000  p_pay_n:000439  th_flags:"PSH ACK "  p_pay_hex:"38 64 63 32 34 30 61 39 34 66 38 37 62 66 30 62 61 30 32 35"
iframe:1297594  seq:000000008150:000000008589  seq_gap:0000  p_pay_n:000439  th_flags:"PSH ACK "  p_pay_hex:"34 30 36 31 38 66 35 39 66 37 62 34 62 30 30 39 39 64 31 65"
iframe:1298717  seq:000000008589:000000009028  seq_gap:0000  p_pay_n:000439  th_flags:"PSH ACK "  p_pay_hex:"33 34 39 39 39 30 31 34 36 66 61 36 33 62 63 35 37 39 65 38"
iframe:1300391  seq:000000009467:000000009839  seq_gap:0439  p_pay_n:000372  th_flags:"PSH ACK "  p_pay_hex:"37 66 65 32 38 65 62 33 34 39 62 64 64 65 66 36 31 62 64 39"
iframe:1300568  seq:000000009839:000000010211  seq_gap:0000  p_pay_n:000372  th_flags:"PSH ACK "  p_pay_hex:"37 66 65 32 38 65 62 33 34 39 62 64 64 65 66 36 31 62 64 39"
iframe:1301690  seq:000000010211:000000010583  seq_gap:0000  p_pay_n:000372  th_flags:"PSH ACK "  p_pay_hex:"37 32 63 61 33 35 34 30 64 34 33 34 35 64 65 63 39 39 39 36"
iframe:1302502  seq:000000010583:000000010955  seq_gap:0000  p_pay_n:000372  th_flags:"PSH ACK "  p_pay_hex:"37 38 37 66 65 32 38 65 62 33 34 39 62 64 64 65 66 36 31 62"
iframe:1304474  seq:000000011440:000000011553  seq_gap:0485  p_pay_n:000113  th_flags:"PSH ACK "  p_pay_hex:"33 62 63 35 37 39 65 38 39 37 66 36 63 34 39 30 32 32 30 33"
iframe:1304595  seq:000000011553:000000011666  seq_gap:0000  p_pay_n:000113  th_flags:"PSH ACK "  p_pay_hex:"62 36 65 34 35 66 62 33 34 62 34 31 34 31 66 63 63 66 63 64"
iframe:1304607  seq:000000011666:000000011779  seq_gap:0000  p_pay_n:000113  th_flags:"PSH ACK "  p_pay_hex:"35 37 66 34 31 30 34 63 64 33 34 63 39 36 32 66 64 34 62 36"
iframe:1304608  seq:000000011779:000000011892  seq_gap:0000  p_pay_n:000113  th_flags:"PSH ACK "  p_pay_hex:"35 37 66 34 31 30 34 63 64 33 34 63 39 36 32 66 64 34 62 36"
iframe:1304645  seq:000000011892:000000012005  seq_gap:0000  p_pay_n:000113  th_flags:"PSH ACK "  p_pay_hex:"35 37 66 34 31 30 34 63 64 33 34 63 39 36 32 66 64 34 62 36"
iframe:1304828  seq:000000012005:000000012118  seq_gap:0000  p_pay_n:000113  th_flags:"PSH ACK "  p_pay_hex:"63 38 37 63 66 64 37 31 38 37 39 65 64 30 34 37 66 30 66 64"
iframe:1304829  seq:000000012118:000000012231  seq_gap:0000  p_pay_n:000113  th_flags:"PSH ACK "  p_pay_hex:"63 38 37 63 66 64 37 31 38 37 39 65 64 30 34 37 66 30 66 64"
iframe:1304984  seq:000000012344:000000012457  seq_gap:0113  p_pay_n:000113  th_flags:"PSH ACK "  p_pay_hex:"37 64 38 64 39 64 65 64 39 64 35 38 36 66 39 30 33 39 66 34"
iframe:1305193  seq:000000012457:000000012570  seq_gap:0000  p_pay_n:000113  th_flags:"PSH ACK "  p_pay_hex:"64 62 34 33 36 35 37 33 36 66 37 61 62 31 34 37 36 32 63 32"
iframe:1305214  seq:000000012570:000000012683  seq_gap:0000  p_pay_n:000113  th_flags:"PSH ACK "  p_pay_hex:"64 31 65 61 36 61 61 65 31 31 33 39 30 61 34 32 63 34 36 31"
iframe:1306906  seq:000000012683:000000012796  seq_gap:0000  p_pay_n:000113  th_flags:"PSH ACK "  p_pay_hex:"31 34 37 36 32 63 32 34 30 39 35 62 32 37 30 65 63 64 38 62"
iframe:1309509  seq:000000012909:000000013348  seq_gap:0113  p_pay_n:000439  th_flags:"PSH ACK "  p_pay_hex:"37 64 38 64 39 64 65 64 39 64 35 38 36 66 39 30 33 39 66 34"
iframe:1310670  seq:000000013348:000000013787  seq_gap:0000  p_pay_n:000439  th_flags:"PSH ACK "  p_pay_hex:"63 38 37 63 66 64 37 31 38 37 39 65 64 30 34 37 66 30 66 64"
iframe:1311658  seq:000000013787:000000014226  seq_gap:0000  p_pay_n:000439  th_flags:"PSH ACK "  p_pay_hex:"65 64 39 64 35 38 36 66 39 30 33 39 66 34 66 39 65 35 35 38"
iframe:1312407  seq:000000014226:000000014339  seq_gap:0000  p_pay_n:000113  th_flags:"PSH ACK "  p_pay_hex:"36 65 37 64 38 64 39 64 65 64 39 64 35 38 36 66 39 30 33 39"
iframe:1313029  seq:000000014339:000000014778  seq_gap:0000  p_pay_n:000439  th_flags:"PSH ACK "  p_pay_hex:"37 36 66 62 33 34 39 39 39 30 31 34 36 66 61 36 33 62 63 35"
iframe:1314491  seq:000000014778:000000015217  seq_gap:0000  p_pay_n:000439  th_flags:"PSH ACK "  p_pay_hex:"62 66 30 62 61 30 32 35 62 30 38 35 37 33 65 34 30 33 65 34"
iframe:1315060  seq:000000015217:000000015656  seq_gap:0000  p_pay_n:000439  th_flags:"PSH ACK "  p_pay_hex:"39 36 33 64 32 31 65 36 38 35 30 32 37 61 61 66 64 31 32 33"
iframe:1318724  seq:000000016467:000000016839  seq_gap:0811  p_pay_n:000372  th_flags:"PSH ACK "  p_pay_hex:"32 31 65 36 38 35 30 32 37 61 61 66 64 31 32 33 66 65 61 31"
iframe:1319599  seq:000000016839:000000017211  seq_gap:0000  p_pay_n:000372  th_flags:"PSH ACK "  p_pay_hex:"37 64 38 64 39 64 65 64 39 64 35 38 36 66 39 30 33 39 66 34"
iframe:1320786  seq:000000017211:000000017583  seq_gap:0000  p_pay_n:000372  th_flags:"PSH ACK "  p_pay_hex:"39 35 31 32 32 33 65 39 62 33 64 30 30 36 63 61 30 64 61 34"
iframe:1321719  seq:000000017583:000000017955  seq_gap:0000  p_pay_n:000372  th_flags:"PSH ACK "  p_pay_hex:"39 31 39 38 38 61 64 64 30 31 33 32 62 39 33 34 65 35 65 63"
iframe:1322405  seq:000000017955:000000018327  seq_gap:0000  p_pay_n:000372  th_flags:"PSH ACK "  p_pay_hex:"36 36 35 30 35 36 31 30 39 39 38 34 65 62 63 66 33 30 36 31"
iframe:1324105  seq:000000020414:000000020853  seq_gap:2087  p_pay_n:000439  th_flags:"PSH ACK "  p_pay_hex:"37 36 66 62 33 34 39 39 39 30 31 34 36 66 61 36 33 62 63 35"
iframe:1324266  seq:000000020853:000000020966  seq_gap:0000  p_pay_n:000113  th_flags:"PSH ACK "  p_pay_hex:"62 35 36 30 39 62 61 66 37 38 37 66 65 32 38 65 62 33 34 39"
iframe:1326154  seq:000000024004:000000024443  seq_gap:3038  p_pay_n:000439  th_flags:"PSH ACK "  p_pay_hex:"33 34 34 34 34 35 31 66 30 31 66 32 37 30 30 33 65 38 34 64"
iframe:1328547  seq:000000024882:000000025321  seq_gap:0439  p_pay_n:000439  th_flags:"PSH ACK "  p_pay_hex:"64 62 34 33 36 35 37 33 36 66 37 61 62 31 34 37 36 32 63 32"
iframe:1330563  seq:000000028379:000000028492  seq_gap:3058  p_pay_n:000113  th_flags:"PSH ACK "  p_pay_hex:"30 33 65 38 34 64 63 33 34 36 39 65 36 31 64 64 63 66 61 64"
iframe:1332924  seq:000000031157:000000031529  seq_gap:2665  p_pay_n:000372  th_flags:"PSH ACK "  p_pay_hex:"64 64 30 31 33 32 62 39 33 34 65 35 65 63 30 65 37 62 33 39"
iframe:1333854  seq:000000032273:000000032645  seq_gap:0744  p_pay_n:000372  th_flags:"PSH ACK "  p_pay_hex:"64 62 34 33 36 35 37 33 36 66 37 61 62 31 34 37 36 32 63 32"
iframe:1334890  seq:000000033582:000000033695  seq_gap:0937  p_pay_n:000113  th_flags:"PSH ACK "  p_pay_hex:"64 62 32 31 65 34 35 34 63 65 33 30 66 37 34 35 63 63 39 37"
iframe:1334979  seq:000000033695:000000033808  seq_gap:0000  p_pay_n:000113  th_flags:"PSH ACK "  p_pay_hex:"65 33 63 65 62 62 39 38 64 36 64 34 36 66 62 63 63 35 38 31"
iframe:1335351  seq:000000034034:000000034147  seq_gap:0226  p_pay_n:000113  th_flags:"PSH ACK "  p_pay_hex:"63 38 37 63 66 64 37 31 38 37 39 65 64 30 34 37 66 30 66 64"
iframe:1335381  seq:000000034147:000000034260  seq_gap:0000  p_pay_n:000113  th_flags:"PSH ACK "  p_pay_hex:"33 62 64 65 63 33 64 65 37 33 34 32 31 31 65 36 35 37 66 34"
iframe:1335441  seq:000000034260:000000034373  seq_gap:0000  p_pay_n:000113  th_flags:"PSH ACK "  p_pay_hex:"63 32 34 30 39 35 62 32 37 30 65 63 64 38 62 31 65 34 32 35"
iframe:1335505  seq:000000034486:000000034599  seq_gap:0113  p_pay_n:000113  th_flags:"PSH ACK "  p_pay_hex:"62 33 34 39 62 64 64 65 66 36 31 62 64 39 61 36 64 33 30 34"
iframe:1335710  seq:000000034938:000000035051  seq_gap:0339  p_pay_n:000113  th_flags:"PSH ACK "  p_pay_hex:"34 30 36 31 38 66 35 39 66 37 62 34 62 30 30 39 39 64 31 65"
iframe:1335749  seq:000000035051:000000035164  seq_gap:0000  p_pay_n:000113  th_flags:"PSH ACK "  p_pay_hex:"31 30 34 63 64 33 34 63 39 36 32 66 64 34 62 36 65 34 35 66"
iframe:1335760  seq:000000035164:000000035277  seq_gap:0000  p_pay_n:000113  th_flags:"PSH ACK "  p_pay_hex:"63 35 37 39 65 38 39 37 66 36 63 34 39 30 32 32 30 33 62 65"
iframe:1337172  seq:000000036168:000000036281  seq_gap:0891  p_pay_n:000113  th_flags:"PSH ACK "  p_pay_hex:"39 37 63 37 62 64 39 32 31 64 39 30 64 62 35 39 32 65 37 36"
iframe:1337465  seq:000000036281:000000036394  seq_gap:0000  p_pay_n:000113  th_flags:"PSH ACK "  p_pay_hex:"61 38 65 35 65 31 39 30 63 39 36 65 62 35 64 31 64 66 32 66"
iframe:1338059  seq:000000036959:000000037072  seq_gap:0565  p_pay_n:000113  th_flags:"PSH ACK "  p_pay_hex:"36 35 37 33 36 66 37 61 62 31 34 37 36 32 63 32 34 30 39 35"
iframe:1338836  seq:000000037072:000000037444  seq_gap:0000  p_pay_n:000372  th_flags:"PSH ACK "  p_pay_hex:"63 38 37 63 66 64 37 31 38 37 39 65 64 30 34 37 66 30 66 64"
iframe:1340272  seq:000000038188:000000038560  seq_gap:0744  p_pay_n:000372  th_flags:"PSH ACK "  p_pay_hex:"64 64 30 31 33 32 62 39 33 34 65 35 65 63 30 65 37 62 33 39"
iframe:1340530  seq:000000038560:000000038932  seq_gap:0000  p_pay_n:000372  th_flags:"PSH ACK "  p_pay_hex:"63 32 34 30 61 39 34 66 38 37 62 66 30 62 61 30 32 35 62 30"
iframe:1341204  seq:000000039304:000000039676  seq_gap:0372  p_pay_n:000372  th_flags:"PSH ACK "  p_pay_hex:"61 66 37 38 37 66 65 32 38 65 62 33 34 39 62 64 64 65 66 36"
iframe:1341415  seq:000000039676:000000040048  seq_gap:0000  p_pay_n:000372  th_flags:"PSH ACK "  p_pay_hex:"33 32 62 39 33 34 65 35 65 63 30 65 37 62 33 39 36 63 32 65"
iframe:1341656  seq:000000040048:000000040420  seq_gap:0000  p_pay_n:000372  th_flags:"PSH ACK "  p_pay_hex:"32 34 36 31 61 38 65 35 65 31 39 30 63 39 36 65 62 35 64 31"
iframe:1342151  seq:000000040420:000000040792  seq_gap:0000  p_pay_n:000372  th_flags:"PSH ACK "  p_pay_hex:"39 31 39 38 38 61 64 64 30 31 33 32 62 39 33 34 65 35 65 63"
iframe:1342445  seq:000000040792:000000041164  seq_gap:0000  p_pay_n:000372  th_flags:"PSH ACK "  p_pay_hex:"36 64 36 31 36 61 32 65 33 39 64 36 37 34 62 37 33 63 39 62"
iframe:1342738  seq:000000041164:000000041536  seq_gap:0000  p_pay_n:000372  th_flags:"PSH ACK "  p_pay_hex:"61 36 33 62 63 35 37 39 65 38 39 37 66 36 63 34 39 30 32 32"
iframe:1343677  seq:000000041536:000000041908  seq_gap:0000  p_pay_n:000372  th_flags:"PSH ACK "  p_pay_hex:"36 30 39 62 61 66 37 38 37 66 65 32 38 65 62 33 34 39 62 64"
iframe:1343901  seq:000000041908:000000042280  seq_gap:0000  p_pay_n:000372  th_flags:"PSH ACK "  p_pay_hex:"37 39 65 38 39 37 66 36 63 34 39 30 32 32 30 33 62 65 32 30"
iframe:1344954  seq:000000042280:000000042652  seq_gap:0000  p_pay_n:000372  th_flags:"PSH ACK "  p_pay_hex:"62 65 32 30 38 35 37 61 30 37 39 34 39 37 30 64 35 38 64 62"
iframe:1346227  seq:000000042652:000000043024  seq_gap:0000  p_pay_n:000372  th_flags:"PSH ACK "  p_pay_hex:"39 37 63 37 62 64 39 32 31 64 39 30 64 62 35 39 32 65 37 36"
iframe:1347628  seq:000000043024:000000043396  seq_gap:0000  p_pay_n:000372  th_flags:"PSH ACK "  p_pay_hex:"38 64 63 32 34 30 61 39 34 66 38 37 62 66 30 62 61 30 32 35"
iframe:1348835  seq:000000043396:000000043768  seq_gap:0000  p_pay_n:000372  th_flags:"PSH ACK "  p_pay_hex:"37 38 37 66 65 32 38 65 62 33 34 39 62 64 64 65 66 36 31 62"
iframe:1349746  seq:000000043768:000000043881  seq_gap:0000  p_pay_n:000113  th_flags:"PSH ACK "  p_pay_hex:"66 31 36 36 37 32 36 35 38 65 32 66 37 62 36 61 64 38 36 64"
iframe:1349778  seq:000000043994:000000044107  seq_gap:0113  p_pay_n:000113  th_flags:"PSH ACK "  p_pay_hex:"63 38 37 63 66 64 37 31 38 37 39 65 64 30 34 37 66 30 66 64"
iframe:1354845  seq:000000045190:000000045562  seq_gap:1083  p_pay_n:000372  th_flags:"PSH ACK "  p_pay_hex:"37 39 65 38 39 37 66 36 63 34 39 30 32 32 30 33 62 65 32 30"
iframe:1355474  seq:000000045562:000000045934  seq_gap:0000  p_pay_n:000372  th_flags:"PSH ACK "  p_pay_hex:"61 39 34 66 38 37 62 66 30 62 61 30 32 35 62 30 38 35 37 33"
iframe:1356034  seq:000000045934:000000046306  seq_gap:0000  p_pay_n:000372  th_flags:"PSH ACK "  p_pay_hex:"64 62 34 33 36 35 37 33 36 66 37 61 62 31 34 37 36 32 63 32"
iframe:1356879  seq:000000046306:000000046678  seq_gap:0000  p_pay_n:000372  th_flags:"PSH ACK "  p_pay_hex:"35 31 39 33 39 61 64 35 66 38 36 36 61 65 30 64 32 61 61 65"
iframe:1358393  seq:000000046678:000000047050  seq_gap:0000  p_pay_n:000372  th_flags:"PSH ACK "  p_pay_hex:"37 39 65 38 39 37 66 36 63 34 39 30 32 32 30 33 62 65 32 30"
iframe:1359377  seq:000000047050:000000047422  seq_gap:0000  p_pay_n:000372  th_flags:"PSH ACK "  p_pay_hex:"66 36 63 34 39 30 32 32 30 33 62 65 32 30 38 35 37 61 30 37"
iframe:1360174  seq:000000047422:000000047794  seq_gap:0000  p_pay_n:000372  th_flags:"PSH ACK "  p_pay_hex:"33 63 39 62 31 31 66 39 61 33 32 36 32 61 34 66 30 33 34 34"
iframe:1360240  seq:000000047794:000000047907  seq_gap:0000  p_pay_n:000113  th_flags:"PSH ACK "  p_pay_hex:"37 64 38 64 39 64 65 64 39 64 35 38 36 66 39 30 33 39 66 34"
iframe:1360291  seq:000000047907:000000048020  seq_gap:0000  p_pay_n:000113  th_flags:"PSH ACK "  p_pay_hex:"64 39 64 35 38 36 66 39 30 33 39 66 34 66 39 65 35 35 38 30"
iframe:1360313  seq:000000048020:000000048133  seq_gap:0000  p_pay_n:000113  th_flags:"PSH ACK "  p_pay_hex:"65 31 36 65 33 62 66 31 33 34 63 38 37 63 66 64 37 31 38 37"
iframe:1360358  seq:000000048133:000000048246  seq_gap:0000  p_pay_n:000113  th_flags:"PSH ACK "  p_pay_hex:"64 39 64 35 38 36 66 39 30 33 39 66 34 66 39 65 35 35 38 30"
iframe:1360482  seq:000000048472:000000048585  seq_gap:0226  p_pay_n:000113  th_flags:"PSH ACK "  p_pay_hex:"61 66 37 38 37 66 65 32 38 65 62 33 34 39 62 64 64 65 66 36"
iframe:1360643  seq:000000049037:000000049150  seq_gap:0452  p_pay_n:000113  th_flags:"PSH ACK "  p_pay_hex:"61 66 37 38 37 66 65 32 38 65 62 33 34 39 62 64 64 65 66 36"
iframe:1360721  seq:000000049263:000000049376  seq_gap:0113  p_pay_n:000113  th_flags:"PSH ACK "  p_pay_hex:"62 65 61 36 33 38 35 64 31 35 66 61 61 64 63 36 63 63 38 33"
iframe:1360786  seq:000000049489:000000049602  seq_gap:0113  p_pay_n:000113  th_flags:"PSH ACK "  p_pay_hex:"63 64 32 33 62 64 65 63 33 64 65 37 33 34 32 31 31 65 36 35"
iframe:1360961  seq:000000050280:000000050393  seq_gap:0678  p_pay_n:000113  th_flags:"PSH ACK "  p_pay_hex:"61 36 64 36 31 36 61 32 65 33 39 64 36 37 34 62 37 33 63 39"
iframe:1361042  seq:000000050619:000000050732  seq_gap:0226  p_pay_n:000113  th_flags:"PSH ACK "  p_pay_hex:"64 64 63 66 61 64 39 63 32 62 63 37 63 35 39 31 39 38 38 61"
iframe:1361107  seq:000000050845:000000050958  seq_gap:0113  p_pay_n:000113  th_flags:"PSH ACK "  p_pay_hex:"65 31 30 66 35 36 39 34 30 36 31 38 66 35 39 66 37 62 34 62"
iframe:1361431  seq:000000051071:000000051184  seq_gap:0113  p_pay_n:000113  th_flags:"PSH ACK "  p_pay_hex:"62 35 36 30 39 62 61 66 37 38 37 66 65 32 38 65 62 33 34 39"
iframe:1361440  seq:000000051184:000000051410  seq_gap:0000  p_pay_n:000226  th_flags:"PSH ACK "  p_pay_hex:"62 35 36 30 39 62 61 66 37 38 37 66 65 32 38 65 62 33 34 39"
iframe:1364495  seq:000000051410:000000051849  seq_gap:0000  p_pay_n:000439  th_flags:"PSH ACK "  p_pay_hex:"64 33 37 34 38 61 36 32 33 36 64 61 61 63 66 39 63 39 32 37"
iframe:1364803  seq:000000051849:000000052288  seq_gap:0000  p_pay_n:000439  th_flags:"PSH ACK "  p_pay_hex:"64 64 30 31 33 32 62 39 33 34 65 35 65 63 30 65 37 62 33 39"
iframe:1365550  seq:000000052288:000000052727  seq_gap:0000  p_pay_n:000439  th_flags:"PSH ACK "  p_pay_hex:"38 64 63 32 34 30 61 39 34 66 38 37 62 66 30 62 61 30 32 35"
iframe:1369660  seq:000000053605:000000054044  seq_gap:0878  p_pay_n:000439  th_flags:"PSH ACK "  p_pay_hex:"37 35 36 65 37 64 38 64 39 64 65 64 39 64 35 38 36 66 39 30"
iframe:1370555  seq:000000054044:000000054416  seq_gap:0000  p_pay_n:000372  th_flags:"PSH ACK "  p_pay_hex:"37 35 36 65 37 64 38 64 39 64 65 64 39 64 35 38 36 66 39 30"
iframe:1371566  seq:000000054416:000000054788  seq_gap:0000  p_pay_n:000372  th_flags:"PSH ACK "  p_pay_hex:"37 64 38 64 39 64 65 64 39 64 35 38 36 66 39 30 33 39 66 34"
iframe:1372814  seq:000000054788:000000055160  seq_gap:0000  p_pay_n:000372  th_flags:"PSH ACK "  p_pay_hex:"37 36 66 62 33 34 39 39 39 30 31 34 36 66 61 36 33 62 63 35"
iframe:1374644  seq:000000055160:000000055532  seq_gap:0000  p_pay_n:000372  th_flags:"PSH ACK "  p_pay_hex:"37 39 65 64 30 34 37 66 30 66 64 31 39 35 31 32 32 33 65 39"
iframe:1376167  seq:000000055532:000000055904  seq_gap:0000  p_pay_n:000372  th_flags:"PSH ACK "  p_pay_hex:"39 62 61 66 37 38 37 66 65 32 38 65 62 33 34 39 62 64 64 65"
iframe:1376382  seq:000000055904:000000056276  seq_gap:0000  p_pay_n:000372  th_flags:"PSH ACK "  p_pay_hex:"61 36 33 38 35 64 31 35 66 61 61 64 63 36 63 63 38 33 61 33"
iframe:1377223  seq:000000056276:000000056648  seq_gap:0000  p_pay_n:000372  th_flags:"PSH ACK "  p_pay_hex:"39 31 39 38 38 61 64 64 30 31 33 32 62 39 33 34 65 35 65 63"
iframe:1378010  seq:000000056648:000000057020  seq_gap:0000  p_pay_n:000372  th_flags:"PSH ACK "  p_pay_hex:"39 30 37 37 37 35 36 65 37 64 38 64 39 64 65 64 39 64 35 38"
iframe:1378469  seq:000000057020:000000057392  seq_gap:0000  p_pay_n:000372  th_flags:"PSH ACK "  p_pay_hex:"38 37 62 66 30 62 61 30 32 35 62 30 38 35 37 33 65 34 30 33"
iframe:1378701  seq:000000057392:000000057505  seq_gap:0000  p_pay_n:000113  th_flags:"PSH ACK "  p_pay_hex:"63 35 37 39 65 38 39 37 66 36 63 34 39 30 32 32 30 33 62 65"
iframe:1378759  seq:000000057505:000000057618  seq_gap:0000  p_pay_n:000113  th_flags:"PSH ACK "  p_pay_hex:"30 37 32 35 35 35 64 65 65 37 36 38 35 63 30 33 30 65 65 66"
iframe:1378787  seq:000000057618:000000057731  seq_gap:0000  p_pay_n:000113  th_flags:"PSH ACK "  p_pay_hex:"63 32 34 36 31 61 38 65 35 65 31 39 30 63 39 36 65 62 35 64"
iframe:1378846  seq:000000057844:000000057957  seq_gap:0113  p_pay_n:000113  th_flags:"PSH ACK "  p_pay_hex:"30 62 61 30 32 35 62 30 38 35 37 33 65 34 30 33 65 34 61 62"
iframe:1378885  seq:000000058070:000000058183  seq_gap:0113  p_pay_n:000113  th_flags:"PSH ACK "  p_pay_hex:"39 37 66 64 38 64 63 32 34 30 61 39 34 66 38 37 62 66 30 62"
iframe:1380027  seq:000000058183:000000058622  seq_gap:0000  p_pay_n:000439  th_flags:"PSH ACK "  p_pay_hex:"62 65 32 30 38 35 37 61 30 37 39 34 39 37 30 64 35 38 64 62"
iframe:1381034  seq:000000058622:000000058735  seq_gap:0000  p_pay_n:000113  th_flags:"PSH ACK "  p_pay_hex:"38 65 35 65 31 39 30 63 39 36 65 62 35 64 31 64 66 32 66 39"
iframe:1381215  seq:000000058848:000000058961  seq_gap:0113  p_pay_n:000113  th_flags:"PSH ACK "  p_pay_hex:"62 35 36 30 39 62 61 66 37 38 37 66 65 32 38 65 62 33 34 39"
iframe:1381323  seq:000000059187:000000059300  seq_gap:0226  p_pay_n:000113  th_flags:"PSH ACK "  p_pay_hex:"39 37 66 64 38 64 63 32 34 30 61 39 34 66 38 37 62 66 30 62"
iframe:1381394  seq:000000059413:000000059526  seq_gap:0113  p_pay_n:000113  th_flags:"PSH ACK "  p_pay_hex:"35 37 66 34 31 30 34 63 64 33 34 63 39 36 32 66 64 34 62 36"
iframe:1382795  seq:000000059526:000000059639  seq_gap:0000  p_pay_n:000113  th_flags:"PSH ACK "  p_pay_hex:"30 62 61 30 32 35 62 30 38 35 37 33 65 34 30 33 65 34 61 62"
iframe:1382801  seq:000000059639:000000059752  seq_gap:0000  p_pay_n:000113  th_flags:"PSH ACK "  p_pay_hex:"30 62 61 30 32 35 62 30 38 35 37 33 65 34 30 33 65 34 61 62"
iframe:1383984  seq:000000059865:000000059978  seq_gap:0113  p_pay_n:000113  th_flags:"PSH ACK "  p_pay_hex:"63 38 37 63 66 64 37 31 38 37 39 65 64 30 34 37 66 30 66 64"
iframe:1387288  seq:000000060430:000000060869  seq_gap:0452  p_pay_n:000439  th_flags:"PSH ACK "  p_pay_hex:"62 37 39 30 37 37 37 35 36 65 37 64 38 64 39 64 65 64 39 64"
iframe:1388939  seq:000000060869:000000061308  seq_gap:0000  p_pay_n:000439  th_flags:"PSH ACK "  p_pay_hex:"62 65 32 30 38 35 37 61 30 37 39 34 39 37 30 64 35 38 64 62"
iframe:1389487  seq:000000061308:000000061421  seq_gap:0000  p_pay_n:000113  th_flags:"PSH ACK "  p_pay_hex:"37 36 66 62 33 34 39 39 39 30 31 34 36 66 61 36 33 62 63 35"
iframe:1389620  seq:000000061421:000000061534  seq_gap:0000  p_pay_n:000113  th_flags:"PSH ACK "  p_pay_hex:"30 61 34 32 32 30 37 32 35 35 35 64 65 65 37 36 38 35 63 30"
iframe:1389621  seq:000000061534:000000061647  seq_gap:0000  p_pay_n:000113  th_flags:"PSH ACK "  p_pay_hex:"30 61 34 32 32 30 37 32 35 35 35 64 65 65 37 36 38 35 63 30"
iframe:1392916  seq:000000062086:000000062199  seq_gap:0439  p_pay_n:000113  th_flags:"PSH ACK "  p_pay_hex:"63 38 37 63 66 64 37 31 38 37 39 65 64 30 34 37 66 30 66 64"
iframe:1394680  seq:000000062312:000000062425  seq_gap:0113  p_pay_n:000113  th_flags:"PSH ACK "  p_pay_hex:"36 31 38 66 35 39 66 37 62 34 62 30 30 39 39 64 31 65 61 36"
iframe:1395352  seq:000000062425:000000062538  seq_gap:0000  p_pay_n:000113  th_flags:"PSH ACK "  p_pay_hex:"61 36 33 62 63 35 37 39 65 38 39 37 66 36 63 34 39 30 32 32"
iframe:1396886  seq:000000062764:000000063203  seq_gap:0226  p_pay_n:000439  th_flags:"PSH ACK "  p_pay_hex:"34 30 61 39 34 66 38 37 62 66 30 62 61 30 32 35 62 30 38 35"
iframe:1397172  seq:000000063203:000000063642  seq_gap:0000  p_pay_n:000439  th_flags:"PSH ACK "  p_pay_hex:"37 63 64 32 30 66 37 65 63 39 65 61 62 31 63 62 63 38 63 64"
iframe:1400411  seq:000000064014:000000064386  seq_gap:0372  p_pay_n:000372  th_flags:"PSH ACK "  p_pay_hex:"37 39 65 64 30 34 37 66 30 66 64 31 39 35 31 32 32 33 65 39"
iframe:1401221  seq:000000064386:000000064758  seq_gap:0000  p_pay_n:000372  th_flags:"PSH ACK "  p_pay_hex:"62 35 36 30 39 62 61 66 37 38 37 66 65 32 38 65 62 33 34 39"
iframe:1401550  seq:000000064758:000000065130  seq_gap:0000  p_pay_n:000372  th_flags:"PSH ACK "  p_pay_hex:"39 64 35 38 36 66 39 30 33 39 66 34 66 39 65 35 35 38 30 31"
iframe:1401734  seq:000000065130:000000065243  seq_gap:0000  p_pay_n:000113  th_flags:"PSH ACK "  p_pay_hex:"37 39 65 38 39 37 66 36 63 34 39 30 32 32 30 33 62 65 32 30"
iframe:1401777  seq:000000065243:000000065356  seq_gap:0000  p_pay_n:000113  th_flags:"PSH ACK "  p_pay_hex:"37 39 65 38 39 37 66 36 63 34 39 30 32 32 30 33 62 65 32 30"
iframe:1401845  seq:000000065356:000000065469  seq_gap:0000  p_pay_n:000113  th_flags:"PSH ACK "  p_pay_hex:"37 38 37 66 65 32 38 65 62 33 34 39 62 64 64 65 66 36 31 62"
iframe:1401953  seq:000000065582:000000065695  seq_gap:0113  p_pay_n:000113  th_flags:"PSH ACK "  p_pay_hex:"37 66 65 32 38 65 62 33 34 39 62 64 64 65 66 36 31 62 64 39"
iframe:1401985  seq:000000065695:000000065808  seq_gap:0000  p_pay_n:000113  th_flags:"PSH ACK "  p_pay_hex:"64 62 32 31 65 34 35 34 63 65 33 30 66 37 34 35 63 63 39 37"
iframe:1402127  seq:000000065808:000000065921  seq_gap:0000  p_pay_n:000113  th_flags:"PSH ACK "  p_pay_hex:"63 32 34 30 39 35 62 32 37 30 65 63 64 38 62 31 65 34 32 35"
iframe:1402141  seq:000000065921:000000066034  seq_gap:0000  p_pay_n:000113  th_flags:"PSH ACK "  p_pay_hex:"30 31 66 32 37 30 30 33 65 38 34 64 63 33 34 36 39 65 36 31"
iframe:1404726  seq:000000066034:000000066473  seq_gap:0000  p_pay_n:000439  th_flags:"PSH ACK "  p_pay_hex:"64 35 66 38 36 36 61 65 30 64 32 61 61 65 64 62 33 63 64 63"
iframe:1405661  seq:000000066699:000000066812  seq_gap:0226  p_pay_n:000113  th_flags:"PSH ACK "  p_pay_hex:"34 66 65 30 62 65 61 36 33 38 35 64 31 35 66 61 61 64 63 36"
iframe:1405909  seq:000000067038:000000067151  seq_gap:0226  p_pay_n:000113  th_flags:"PSH ACK "  p_pay_hex:"39 35 31 32 32 33 65 39 62 33 64 30 30 36 63 61 30 64 61 34"
iframe:1406095  seq:000000067377:000000067490  seq_gap:0226  p_pay_n:000113  th_flags:"PSH ACK "  p_pay_hex:"36 66 61 36 33 62 63 35 37 39 65 38 39 37 66 36 63 34 39 30"
iframe:1406480  seq:000000068055:000000068168  seq_gap:0565  p_pay_n:000113  th_flags:"PSH ACK "  p_pay_hex:"31 38 37 39 65 64 30 34 37 66 30 66 64 31 39 35 31 32 32 33"
iframe:1407454  seq:000000068168:000000068281  seq_gap:0000  p_pay_n:000113  th_flags:"PSH ACK "  p_pay_hex:"36 38 62 35 36 30 39 62 61 66 37 38 37 66 65 32 38 65 62 33"
iframe:1408073  seq:000000068281:000000068394  seq_gap:0000  p_pay_n:000113  th_flags:"PSH ACK "  p_pay_hex:"00 00 00 00 00 00 00 00 00 0c 00 00 00 03 00 00 00 2d 00 00"
iframe:1410240  seq:000000068620:000000069059  seq_gap:0226  p_pay_n:000439  th_flags:"PSH ACK "  p_pay_hex:"39 31 37 64 34 34 31 39 63 65 31 34 34 30 61 36 62 34 63 64"
iframe:1411098  seq:000000069059:000000069498  seq_gap:0000  p_pay_n:000439  th_flags:"PSH ACK "  p_pay_hex:"64 62 34 33 36 35 37 33 36 66 37 61 62 31 34 37 36 32 63 32"
iframe:1413002  seq:000000069498:000000069937  seq_gap:0000  p_pay_n:000439  th_flags:"PSH ACK "  p_pay_hex:"37 37 37 35 36 65 37 64 38 64 39 64 65 64 39 64 35 38 36 66"
iframe:1413457  seq:000000070163:000000070276  seq_gap:0226  p_pay_n:000113  th_flags:"PSH ACK "  p_pay_hex:"64 62 32 31 65 34 35 34 63 65 33 30 66 37 34 35 63 63 39 37"
iframe:1413459  seq:000000070276:000000070389  seq_gap:0000  p_pay_n:000113  th_flags:"PSH ACK "  p_pay_hex:"64 62 32 31 65 34 35 34 63 65 33 30 66 37 34 35 63 63 39 37"
iframe:1413564  seq:000000070389:000000070502  seq_gap:0000  p_pay_n:000113  th_flags:"PSH ACK "  p_pay_hex:"32 61 37 64 62 33 61 34 35 31 36 65 39 64 36 62 63 63 31 37"
iframe:1416978  seq:000000070502:000000070874  seq_gap:0000  p_pay_n:000372  th_flags:"PSH ACK "  p_pay_hex:"30 36 63 61 30 64 61 34 63 31 30 64 63 33 38 38 62 33 61 33"
iframe:1418885  seq:000000070874:000000071246  seq_gap:0000  p_pay_n:000372  th_flags:"PSH ACK "  p_pay_hex:"35 36 30 39 62 61 66 37 38 37 66 65 32 38 65 62 33 34 39 62"
iframe:1420108  seq:000000071246:000000071618  seq_gap:0000  p_pay_n:000372  th_flags:"PSH ACK "  p_pay_hex:"65 38 39 37 66 36 63 34 39 30 32 32 30 33 62 65 32 30 38 35"
iframe:1420332  seq:000000071618:000000071990  seq_gap:0000  p_pay_n:000372  th_flags:"PSH ACK "  p_pay_hex:"62 66 31 33 34 63 38 37 63 66 64 37 31 38 37 39 65 64 30 34"
iframe:1421317  seq:000000071990:000000072362  seq_gap:0000  p_pay_n:000372  th_flags:"PSH ACK "  p_pay_hex:"39 39 39 30 31 34 36 66 61 36 33 62 63 35 37 39 65 38 39 37"
iframe:1423101  seq:000000072362:000000072734  seq_gap:0000  p_pay_n:000372  th_flags:"PSH ACK "  p_pay_hex:"10 00 0a 8c 0a 01 80 10 36 62 38 64 30 63 61 36 64 36 31 36"
iframe:1424463  seq:000000072734:000000073106  seq_gap:0000  p_pay_n:000372  th_flags:"PSH ACK "  p_pay_hex:"62 31 61 37 66 34 65 39 31 63 66 61 66 31 36 36 37 32 36 35"
iframe:1426524  seq:000000073106:000000073478  seq_gap:0000  p_pay_n:000372  th_flags:"PSH ACK "  p_pay_hex:"64 32 33 62 64 65 63 33 64 65 37 33 34 32 31 31 65 36 35 37"
iframe:1426843  seq:000000073478:000000073591  seq_gap:0000  p_pay_n:000113  th_flags:"PSH ACK "  p_pay_hex:"37 33 36 66 37 61 62 31 34 37 36 32 63 32 34 30 39 35 62 32"
iframe:1426911  seq:000000073591:000000073704  seq_gap:0000  p_pay_n:000113  th_flags:"PSH ACK "  p_pay_hex:"37 35 36 65 37 64 38 64 39 64 65 64 39 64 35 38 36 66 39 30"
iframe:1426927  seq:000000073704:000000073817  seq_gap:0000  p_pay_n:000113  th_flags:"PSH ACK "  p_pay_hex:"62 32 37 30 65 63 64 38 62 31 65 34 32 35 30 31 62 32 32 38"
iframe:1426933  seq:000000073817:000000073930  seq_gap:0000  p_pay_n:000113  th_flags:"PSH ACK "  p_pay_hex:"36 66 62 63 63 35 38 31 37 61 62 36 35 63 66 30 63 64 61 30"
iframe:1428064  seq:000000073930:000000074043  seq_gap:0000  p_pay_n:000113  th_flags:"PSH ACK "  p_pay_hex:"66 62 37 64 33 36 64 61 62 61 66 39 37 33 33 36 32 39 64 33"
iframe:1428088  seq:000000074043:000000074156  seq_gap:0000  p_pay_n:000113  th_flags:"PSH ACK "  p_pay_hex:"62 32 32 39 30 39 30 36 35 30 61 34 32 32 30 37 32 35 35 35"
iframe:1429642  seq:000000074156:000000074595  seq_gap:0000  p_pay_n:000439  th_flags:"PSH ACK "  p_pay_hex:"39 64 35 38 36 66 39 30 33 39 66 34 66 39 65 35 35 38 30 31"
iframe:1430027  seq:000000074595:000000075034  seq_gap:0000  p_pay_n:000439  th_flags:"PSH ACK "  p_pay_hex:"39 62 61 66 37 38 37 66 65 32 38 65 62 33 34 39 62 64 64 65"
iframe:1430136  seq:000000075034:000000075147  seq_gap:0000  p_pay_n:000113  th_flags:"PSH ACK "  p_pay_hex:"35 63 33 36 38 63 65 34 62 31 31 39 62 38 36 34 62 33 36 36"
iframe:1430262  seq:000000075147:000000075260  seq_gap:0000  p_pay_n:000113  th_flags:"PSH ACK "  p_pay_hex:"66 36 63 34 39 30 32 32 30 33 62 65 32 30 38 35 37 61 30 37"
iframe:1430272  seq:000000075260:000000075373  seq_gap:0000  p_pay_n:000113  th_flags:"PSH ACK "  p_pay_hex:"66 38 36 36 61 65 30 64 32 61 61 65 64 62 33 63 64 63 34 62"
iframe:1430296  seq:000000075373:000000075486  seq_gap:0000  p_pay_n:000113  th_flags:"PSH ACK "  p_pay_hex:"37 36 66 62 33 34 39 39 39 30 31 34 36 66 61 36 33 62 63 35"
iframe:1430388  seq:000000075599:000000075712  seq_gap:0113  p_pay_n:000113  th_flags:"PSH ACK "  p_pay_hex:"63 38 37 63 66 64 37 31 38 37 39 65 64 30 34 37 66 30 66 64"
iframe:1430466  seq:000000075825:000000075938  seq_gap:0113  p_pay_n:000113  th_flags:"PSH ACK "  p_pay_hex:"65 31 34 34 30 61 36 62 34 63 64 36 38 62 35 36 30 39 62 61"
iframe:1430481  seq:000000075938:000000076051  seq_gap:0000  p_pay_n:000113  th_flags:"PSH ACK "  p_pay_hex:"62 65 32 30 38 35 37 61 30 37 39 34 39 37 30 64 35 38 64 62"
iframe:1430623  seq:000000076164:000000076277  seq_gap:0113  p_pay_n:000113  th_flags:"PSH ACK "  p_pay_hex:"32 61 37 64 62 33 61 34 35 31 36 65 39 64 36 62 63 63 31 37"
iframe:1430659  seq:000000076390:000000076503  seq_gap:0113  p_pay_n:000113  th_flags:"PSH ACK "  p_pay_hex:"39 64 35 38 36 66 39 30 33 39 66 34 66 39 65 35 35 38 30 31"
iframe:1430756  seq:000000076729:000000076842  seq_gap:0226  p_pay_n:000113  th_flags:"PSH ACK "  p_pay_hex:"65 64 39 64 35 38 36 66 39 30 33 39 66 34 66 39 65 35 35 38"
iframe:1430781  seq:000000076842:000000076955  seq_gap:0000  p_pay_n:000113  th_flags:"PSH ACK "  p_pay_hex:"32 66 64 34 62 36 65 34 35 66 62 33 34 62 34 31 34 31 66 63"
iframe:1431860  seq:000000076955:000000077394  seq_gap:0000  p_pay_n:000439  th_flags:"PSH ACK "  p_pay_hex:"62 66 30 62 61 30 32 35 62 30 38 35 37 33 65 34 30 33 65 34"
iframe:1432074  seq:000000077394:000000077833  seq_gap:0000  p_pay_n:000439  th_flags:"PSH ACK "  p_pay_hex:"35 63 66 30 63 64 61 30 32 64 31 36 37 39 64 36 63 63 64 32"
iframe:1432350  seq:000000077833:000000078272  seq_gap:0000  p_pay_n:000439  th_flags:"PSH ACK "  p_pay_hex:"63 35 39 31 39 38 38 61 64 64 30 31 33 32 62 39 33 34 65 35"
iframe:1433249  seq:000000078272:000000078711  seq_gap:0000  p_pay_n:000439  th_flags:"PSH ACK "  p_pay_hex:"00 00 02 00 00 00 00 00 00 00 01 03 00 00 00 0f 00 00 00 00"
iframe:1435031  seq:000000078824:000000078937  seq_gap:0113  p_pay_n:000113  th_flags:"PSH ACK "  p_pay_hex:"66 65 61 31 62 31 61 37 66 34 65 39 31 63 66 61 66 31 36 36"
iframe:1437265  seq:000000079050:000000079489  seq_gap:0113  p_pay_n:000439  th_flags:"PSH ACK "  p_pay_hex:"37 66 65 32 38 65 62 33 34 39 62 64 64 65 66 36 31 62 64 39"
iframe:1437524  seq:000000079489:000000079928  seq_gap:0000  p_pay_n:000439  th_flags:"PSH ACK "  p_pay_hex:"34 66 38 37 62 66 30 62 61 30 32 35 62 30 38 35 37 33 65 34"
iframe:1439271  seq:000000079928:000000080367  seq_gap:0000  p_pay_n:000439  th_flags:"PSH ACK "  p_pay_hex:"31 33 34 63 38 37 63 66 64 37 31 38 37 39 65 64 30 34 37 66"
iframe:1439694  seq:000000080367:000000080480  seq_gap:0000  p_pay_n:000113  th_flags:"PSH ACK "  p_pay_hex:"33 34 65 35 65 63 30 65 37 62 33 39 36 63 32 65 66 33 61 65"
iframe:1439793  seq:000000080480:000000080593  seq_gap:0000  p_pay_n:000113  th_flags:"PSH ACK "  p_pay_hex:"62 34 63 64 36 38 62 35 36 30 39 62 61 66 37 38 37 66 65 32"
iframe:1441953  seq:000000080593:000000081032  seq_gap:0000  p_pay_n:000439  th_flags:"PSH ACK "  p_pay_hex:"35 37 66 34 31 30 34 63 64 33 34 63 39 36 32 66 64 34 62 36"
iframe:1443477  seq:000000081145:000000081258  seq_gap:0113  p_pay_n:000113  th_flags:"PSH ACK "  p_pay_hex:"64 65 65 37 36 38 35 63 30 33 30 65 65 66 39 39 63 64 61 30"
iframe:1443631  seq:000000081258:000000081371  seq_gap:0000  p_pay_n:000113  th_flags:"PSH ACK "  p_pay_hex:"39 36 32 66 64 34 62 36 65 34 35 66 62 33 34 62 34 31 34 31"
iframe:1443697  seq:000000081371:000000081484  seq_gap:0000  p_pay_n:000113  th_flags:"PSH ACK "  p_pay_hex:"32 61 37 64 62 33 61 34 35 31 36 65 39 64 36 62 63 63 31 37"
iframe:1450130  seq:000000082228:000000082600  seq_gap:0744  p_pay_n:000372  th_flags:"PSH ACK "  p_pay_hex:"39 62 61 66 37 38 37 66 65 32 38 65 62 33 34 39 62 64 64 65"
iframe:1450776  seq:000000082600:000000082972  seq_gap:0000  p_pay_n:000372  th_flags:"PSH ACK "  p_pay_hex:"38 61 31 30 66 37 32 63 61 33 35 34 30 64 34 33 34 35 64 65"
iframe:1451579  seq:000000082972:000000083344  seq_gap:0000  p_pay_n:000372  th_flags:"PSH ACK "  p_pay_hex:"39 31 39 38 38 61 64 64 30 31 33 32 62 39 33 34 65 35 65 63"
iframe:1452913  seq:000000083570:000000083683  seq_gap:0226  p_pay_n:000113  th_flags:"PSH ACK "  p_pay_hex:"64 62 32 31 65 34 35 34 63 65 33 30 66 37 34 35 63 63 39 37"
iframe:1452960  seq:000000083796:000000083909  seq_gap:0113  p_pay_n:000113  th_flags:"PSH ACK "  p_pay_hex:"61 32 65 33 39 64 36 37 34 62 37 33 63 39 62 31 31 66 39 61"
iframe:1452993  seq:000000083909:000000084022  seq_gap:0000  p_pay_n:000113  th_flags:"PSH ACK "  p_pay_hex:"62 37 39 30 37 37 37 35 36 65 37 64 38 64 39 64 65 64 39 64"
iframe:1454259  seq:000000084022:000000084135  seq_gap:0000  p_pay_n:000113  th_flags:"PSH ACK "  p_pay_hex:"64 62 32 31 65 34 35 34 63 65 33 30 66 37 34 35 63 63 39 37"
iframe:1454327  seq:000000084135:000000084248  seq_gap:0000  p_pay_n:000113  th_flags:"PSH ACK "  p_pay_hex:"63 32 34 30 39 35 62 32 37 30 65 63 64 38 62 31 65 34 32 35"
iframe:1455012  seq:000000085039:000000085152  seq_gap:0791  p_pay_n:000113  th_flags:"PSH ACK "  p_pay_hex:"30 64 32 61 61 65 64 62 33 63 64 63 34 62 61 63 39 31 37 64"
iframe:1456796  seq:000000085152:000000085591  seq_gap:0000  p_pay_n:000439  th_flags:"PSH ACK "  p_pay_hex:"33 30 36 31 65 31 30 66 35 36 39 34 30 36 31 38 66 35 39 66"
iframe:1457098  seq:000000085591:000000085704  seq_gap:0000  p_pay_n:000113  th_flags:"PSH ACK "  p_pay_hex:"62 32 37 30 65 63 64 38 62 31 65 34 32 35 30 31 62 32 32 38"
iframe:1457407  seq:000000085704:000000085817  seq_gap:0000  p_pay_n:000113  th_flags:"PSH ACK "  p_pay_hex:"36 37 34 62 37 33 63 39 62 31 31 66 39 61 33 32 36 32 61 34"
iframe:1457663  seq:000000085817:000000085930  seq_gap:0000  p_pay_n:000113  th_flags:"PSH ACK "  p_pay_hex:"31 64 64 63 66 61 64 39 63 32 62 63 37 63 35 39 31 39 38 38"
iframe:1457694  seq:000000085930:000000086043  seq_gap:0000  p_pay_n:000113  th_flags:"PSH ACK "  p_pay_hex:"63 38 37 63 66 64 37 31 38 37 39 65 64 30 34 37 66 30 66 64"
iframe:1460320  seq:000000086043:000000086156  seq_gap:0000  p_pay_n:000113  th_flags:"PSH ACK "  p_pay_hex:"39 32 31 64 39 30 64 62 35 39 32 65 37 36 66 62 33 34 39 39"
iframe:1463943  seq:000000086821:000000086934  seq_gap:0665  p_pay_n:000113  th_flags:"PSH ACK "  p_pay_hex:"63 64 32 33 62 64 65 63 33 64 65 37 33 34 32 31 31 65 36 35"
iframe:1465873  seq:000000086934:000000087373  seq_gap:0000  p_pay_n:000439  th_flags:"PSH ACK "  p_pay_hex:"39 37 63 37 62 64 39 32 31 64 39 30 64 62 35 39 32 65 37 36"
iframe:1466607  seq:000000087373:000000087812  seq_gap:0000  p_pay_n:000439  th_flags:"PSH ACK "  p_pay_hex:"62 66 31 33 34 63 38 37 63 66 64 37 31 38 37 39 65 64 30 34"
iframe:1468034  seq:000000087812:000000087925  seq_gap:0000  p_pay_n:000113  th_flags:"PSH ACK "  p_pay_hex:"35 36 30 39 62 61 66 37 38 37 66 65 32 38 65 62 33 34 39 62"
iframe:1468073  seq:000000087925:000000088038  seq_gap:0000  p_pay_n:000113  th_flags:"PSH ACK "  p_pay_hex:"35 64 31 35 66 61 61 64 63 36 63 63 38 33 61 33 00 90 10 00"
iframe:1468139  seq:000000088038:000000088151  seq_gap:0000  p_pay_n:000113  th_flags:"PSH ACK "  p_pay_hex:"39 38 64 36 64 34 36 66 62 63 63 35 38 31 37 61 62 36 35 63"
iframe:1468234  seq:000000088264:000000088377  seq_gap:0113  p_pay_n:000113  th_flags:"PSH ACK "  p_pay_hex:"62 63 63 35 38 31 37 61 62 36 35 63 66 30 63 64 61 30 32 64"
iframe:1468461  seq:000000088603:000000088716  seq_gap:0226  p_pay_n:000113  th_flags:"PSH ACK "  p_pay_hex:"62 39 33 34 65 35 65 63 30 65 37 62 33 39 36 63 32 65 66 33"
iframe:1468851  seq:000000088716:000000088829  seq_gap:0000  p_pay_n:000113  th_flags:"PSH ACK "  p_pay_hex:"63 38 37 63 66 64 37 31 38 37 39 65 64 30 34 37 66 30 66 64"
iframe:1470147  seq:000000089168:000000089281  seq_gap:0339  p_pay_n:000113  th_flags:"PSH ACK "  p_pay_hex:"30 30 36 63 61 30 64 61 34 63 31 30 64 63 33 38 38 62 33 61"
iframe:1472157  seq:000000089394:000000089833  seq_gap:0113  p_pay_n:000439  th_flags:"PSH ACK "  p_pay_hex:"32 31 65 34 35 34 63 65 33 30 66 37 34 35 63 63 39 37 63 37"
iframe:1473665  seq:000000089833:000000090272  seq_gap:0000  p_pay_n:000439  th_flags:"PSH ACK "  p_pay_hex:"64 64 63 66 61 64 39 63 32 62 63 37 63 35 39 31 39 38 38 61"
iframe:1474685  seq:000000090611:000000090724  seq_gap:0339  p_pay_n:000113  th_flags:"PSH ACK "  p_pay_hex:"39 37 63 37 62 64 39 32 31 64 39 30 64 62 35 39 32 65 37 36"
iframe:1475021  seq:000000090837:000000090950  seq_gap:0113  p_pay_n:000113  th_flags:"PSH ACK "  p_pay_hex:"38 65 62 33 34 39 62 64 64 65 66 36 31 62 64 39 61 36 64 33"
iframe:1478966  seq:000000091628:000000092067  seq_gap:0678  p_pay_n:000439  th_flags:"PSH ACK "  p_pay_hex:"66 61 61 64 63 36 63 63 38 33 61 33 00 90 10 00 04 aa 09 01"
iframe:1482624  seq:000000092506:000000092619  seq_gap:0439  p_pay_n:000113  th_flags:"PSH ACK "  p_pay_hex:"63 39 65 61 62 31 63 62 63 38 63 64 36 64 30 37 66 65 31 36"
iframe:1482761  seq:000000092619:000000092732  seq_gap:0000  p_pay_n:000113  th_flags:"PSH ACK "  p_pay_hex:"63 61 30 64 61 34 63 31 30 64 63 33 38 38 62 33 61 33 32 61"
iframe:1482831  seq:000000092732:000000092845  seq_gap:0000  p_pay_n:000113  th_flags:"PSH ACK "  p_pay_hex:"34 66 38 37 62 66 30 62 61 30 32 35 62 30 38 35 37 33 65 34"
iframe:1483000  seq:000000092845:000000092958  seq_gap:0000  p_pay_n:000113  th_flags:"PSH ACK "  p_pay_hex:"39 64 33 66 34 37 65 64 33 37 34 38 61 36 32 33 36 64 61 61"
iframe:1483028  seq:000000092958:000000093071  seq_gap:0000  p_pay_n:000113  th_flags:"PSH ACK "  p_pay_hex:"34 35 63 33 36 38 63 65 34 62 31 31 39 62 38 36 34 62 33 36"
iframe:1483042  seq:000000093071:000000093184  seq_gap:0000  p_pay_n:000113  th_flags:"PSH ACK "  p_pay_hex:"31 64 64 63 66 61 64 39 63 32 62 63 37 63 35 39 31 39 38 38"
iframe:1485800  seq:000000093184:000000093297  seq_gap:0000  p_pay_n:000113  th_flags:"PSH ACK "  p_pay_hex:"65 35 35 38 30 31 62 32 32 37 33 32 39 37 64 63 36 31 38 61"
iframe:1485973  seq:000000093297:000000093410  seq_gap:0000  p_pay_n:000113  th_flags:"PSH ACK "  p_pay_hex:"38 65 32 66 37 62 36 61 64 38 36 64 39 37 66 64 38 64 63 32"
iframe:1485978  seq:000000093410:000000093523  seq_gap:0000  p_pay_n:000113  th_flags:"PSH ACK "  p_pay_hex:"38 65 32 66 37 62 36 61 64 38 36 64 39 37 66 64 38 64 63 32"
iframe:1487914  seq:000000093523:000000093962  seq_gap:0000  p_pay_n:000439  th_flags:"PSH ACK "  p_pay_hex:"39 38 64 36 64 34 36 66 62 63 63 35 38 31 37 61 62 36 35 63"
iframe:1488963  seq:000000093962:000000094401  seq_gap:0000  p_pay_n:000439  th_flags:"PSH ACK "  p_pay_hex:"36 38 62 35 36 30 39 62 61 66 37 38 37 66 65 32 38 65 62 33"
iframe:1490792  seq:000000094401:000000094840  seq_gap:0000  p_pay_n:000439  th_flags:"PSH ACK "  p_pay_hex:"39 64 35 38 36 66 39 30 33 39 66 34 66 39 65 35 35 38 30 31"
iframe:1491467  seq:000000094840:000000094953  seq_gap:0000  p_pay_n:000113  th_flags:"PSH ACK "  p_pay_hex:"33 33 36 32 39 64 33 66 34 37 65 64 33 37 34 38 61 36 32 33"
iframe:1491556  seq:000000095066:000000095179  seq_gap:0113  p_pay_n:000113  th_flags:"PSH ACK "  p_pay_hex:"64 32 33 62 64 65 63 33 64 65 37 33 34 32 31 31 65 36 35 37"
iframe:1493803  seq:000000095405:000000095518  seq_gap:0226  p_pay_n:000113  th_flags:"PSH ACK "  p_pay_hex:"37 36 66 62 33 34 39 39 39 30 31 34 36 66 61 36 33 62 63 35"
iframe:1493834  seq:000000095518:000000095631  seq_gap:0000  p_pay_n:000113  th_flags:"PSH ACK "  p_pay_hex:"36 65 37 64 38 64 39 64 65 64 39 64 35 38 36 66 39 30 33 39"
iframe:1496281  seq:000000095631:000000096070  seq_gap:0000  p_pay_n:000439  th_flags:"PSH ACK "  p_pay_hex:"36 39 65 36 31 64 64 63 66 61 64 39 63 32 62 63 37 63 35 39"
iframe:1498164  seq:000000096070:000000096509  seq_gap:0000  p_pay_n:000439  th_flags:"PSH ACK "  p_pay_hex:"65 64 39 64 35 38 36 66 39 30 33 39 66 34 66 39 65 35 35 38"
iframe:1499641  seq:000000097061:000000097174  seq_gap:0552  p_pay_n:000113  th_flags:"PSH ACK "  p_pay_hex:"37 64 63 36 31 38 61 31 30 66 37 32 63 61 33 35 34 30 64 34"
iframe:1499663  seq:000000097174:000000097287  seq_gap:0000  p_pay_n:000113  th_flags:"PSH ACK "  p_pay_hex:"61 32 65 33 39 64 36 37 34 62 37 33 63 39 62 31 31 66 39 61"
iframe:1499743  seq:000000097287:000000097400  seq_gap:0000  p_pay_n:000113  th_flags:"PSH ACK "  p_pay_hex:"31 34 37 36 32 63 32 34 30 39 35 62 32 37 30 65 63 64 38 62"
iframe:1502381  seq:000000097400:000000097772  seq_gap:0000  p_pay_n:000372  th_flags:"PSH ACK "  p_pay_hex:"30 31 33 32 62 39 33 34 65 35 65 63 30 65 37 62 33 39 36 63"
iframe:1503254  seq:000000097772:000000098144  seq_gap:0000  p_pay_n:000372  th_flags:"PSH ACK "  p_pay_hex:"31 35 66 61 61 64 63 36 63 63 38 33 61 33 00 90 10 00 08 ee"
iframe:1503529  seq:000000098144:000000098516  seq_gap:0000  p_pay_n:000372  th_flags:"PSH ACK "  p_pay_hex:"62 39 33 34 65 35 65 63 30 65 37 62 33 39 36 63 32 65 66 33"
iframe:1503842  seq:000000098516:000000098888  seq_gap:0000  p_pay_n:000372  th_flags:"PSH ACK "  p_pay_hex:"36 64 39 37 66 64 38 64 63 32 34 30 61 39 34 66 38 37 62 66"
iframe:1505298  seq:000000098888:000000099001  seq_gap:0000  p_pay_n:000113  th_flags:"PSH ACK "  p_pay_hex:"61 33 00 92 10 00 f8 02 96 0e 01 80 10 36 62 38 64 30 63 61"
iframe:1505359  seq:000000099114:000000099227  seq_gap:0113  p_pay_n:000113  th_flags:"PSH ACK "  p_pay_hex:"39 30 61 34 32 63 34 36 31 35 31 39 33 39 61 64 35 66 38 36"
iframe:1505439  seq:000000099453:000000099566  seq_gap:0226  p_pay_n:000113  th_flags:"PSH ACK "  p_pay_hex:"32 66 37 62 36 61 64 38 36 64 39 37 66 64 38 64 63 32 34 30"
iframe:1505455  seq:000000099566:000000099679  seq_gap:0000  p_pay_n:000113  th_flags:"PSH ACK "  p_pay_hex:"61 64 39 63 32 62 63 37 63 35 39 31 39 38 38 61 64 64 30 31"
iframe:1505501  seq:000000099792:000000099905  seq_gap:0113  p_pay_n:000113  th_flags:"PSH ACK "  p_pay_hex:"66 39 35 61 34 31 34 65 37 63 66 65 65 62 37 66 33 31 36 36"
iframe:1505542  seq:000000099905:000000100018  seq_gap:0000  p_pay_n:000113  th_flags:"PSH ACK "  p_pay_hex:"30 37 32 35 35 35 64 65 65 37 36 38 35 63 30 33 30 65 65 66"
iframe:1505568  seq:000000100018:000000100131  seq_gap:0000  p_pay_n:000113  th_flags:"PSH ACK "  p_pay_hex:"63 39 39 39 36 66 62 37 64 33 36 64 61 62 61 66 39 37 33 33"
iframe:1505603  seq:000000100131:000000100244  seq_gap:0000  p_pay_n:000113  th_flags:"PSH ACK "  p_pay_hex:"63 38 37 63 66 64 37 31 38 37 39 65 64 30 34 37 66 30 66 64"
iframe:1505631  seq:000000100244:000000100357  seq_gap:0000  p_pay_n:000113  th_flags:"PSH ACK "  p_pay_hex:"34 30 61 39 34 66 38 37 62 66 30 62 61 30 32 35 62 30 38 35"
iframe:1505643  seq:000000100357:000000100470  seq_gap:0000  p_pay_n:000113  th_flags:"PSH ACK "  p_pay_hex:"64 62 34 33 36 35 37 33 36 66 37 61 62 31 34 37 36 32 63 32"
iframe:1505675  seq:000000100470:000000100583  seq_gap:0000  p_pay_n:000113  th_flags:"PSH ACK "  p_pay_hex:"35 63 66 30 63 64 61 30 32 64 31 36 37 39 64 36 63 63 64 32"
iframe:1505716  seq:000000100583:000000100696  seq_gap:0000  p_pay_n:000113  th_flags:"PSH ACK "  p_pay_hex:"37 36 66 62 33 34 39 39 39 30 31 34 36 66 61 36 33 62 63 35"
iframe:1508511  seq:000000100696:000000100809  seq_gap:0000  p_pay_n:000113  th_flags:"PSH ACK "  p_pay_hex:"32 35 30 31 62 32 32 38 32 37 37 34 65 33 63 65 62 62 39 38"
iframe:1508542  seq:000000100809:000000100922  seq_gap:0000  p_pay_n:000113  th_flags:"PSH ACK "  p_pay_hex:"66 31 36 36 37 32 36 35 38 65 32 66 37 62 36 61 64 38 36 64"
iframe:1508578  seq:000000100922:000000101035  seq_gap:0000  p_pay_n:000113  th_flags:"PSH ACK "  p_pay_hex:"61 39 34 66 38 37 62 66 30 62 61 30 32 35 62 30 38 35 37 33"
iframe:1508629  seq:000000101035:000000101148  seq_gap:0000  p_pay_n:000113  th_flags:"PSH ACK "  p_pay_hex:"39 64 35 38 36 66 39 30 33 39 66 34 66 39 65 35 35 38 30 31"
iframe:1510385  seq:000000101148:000000101587  seq_gap:0000  p_pay_n:000439  th_flags:"PSH ACK "  p_pay_hex:"36 65 37 64 38 64 39 64 65 64 39 64 35 38 36 66 39 30 33 39"
iframe:1510742  seq:000000101587:000000102026  seq_gap:0000  p_pay_n:000439  th_flags:"PSH ACK "  p_pay_hex:"62 39 33 34 65 35 65 63 30 65 37 62 33 39 36 63 32 65 66 33"
iframe:1511178  seq:000000102252:000000102365  seq_gap:0226  p_pay_n:000113  th_flags:"PSH ACK "  p_pay_hex:"63 32 34 30 39 35 62 32 37 30 65 63 64 38 62 31 65 34 32 35"
iframe:1516049  seq:000000102804:000000103243  seq_gap:0439  p_pay_n:000439  th_flags:"PSH ACK "  p_pay_hex:"64 62 34 33 36 35 37 33 36 66 37 61 62 31 34 37 36 32 63 32"
iframe:1516950  seq:000000103243:000000103356  seq_gap:0000  p_pay_n:000113  th_flags:"PSH ACK "  p_pay_hex:"63 38 37 63 66 64 37 31 38 37 39 65 64 30 34 37 66 30 66 64"
iframe:1517506  seq:000000103356:000000103795  seq_gap:0000  p_pay_n:000439  th_flags:"PSH ACK "  p_pay_hex:"39 31 39 38 38 61 64 64 30 31 33 32 62 39 33 34 65 35 65 63"
iframe:1519223  seq:000000104021:000000104134  seq_gap:0226  p_pay_n:000113  th_flags:"PSH ACK "  p_pay_hex:"30 31 33 32 62 39 33 34 65 35 65 63 30 65 37 62 33 39 36 63"
iframe:1519263  seq:000000104134:000000104699  seq_gap:0000  p_pay_n:000565  th_flags:"PSH ACK "  p_pay_hex:"61 36 33 62 63 35 37 39 65 38 39 37 66 36 63 34 39 30 32 32"
iframe:1521864  seq:000000104699:000000105071  seq_gap:0000  p_pay_n:000372  th_flags:"PSH ACK "  p_pay_hex:"32 31 65 34 35 34 63 65 33 30 66 37 34 35 63 63 39 37 63 37"
iframe:1522827  seq:000000105071:000000105443  seq_gap:0000  p_pay_n:000372  th_flags:"PSH ACK "  p_pay_hex:"00 00 00 00 00 00 00 00 00 0c 00 00 00 01 00 00 00 09 00 00"
iframe:1523006  seq:000000105443:000000105556  seq_gap:0000  p_pay_n:000113  th_flags:"PSH ACK "  p_pay_hex:"66 38 37 30 31 64 66 63 30 37 33 30 34 31 33 62 62 61 33 62"
iframe:1523034  seq:000000105556:000000105669  seq_gap:0000  p_pay_n:000113  th_flags:"PSH ACK "  p_pay_hex:"63 37 62 64 39 32 31 64 39 30 64 62 35 39 32 65 37 36 66 62"
iframe:1523058  seq:000000105669:000000105782  seq_gap:0000  p_pay_n:000113  th_flags:"PSH ACK "  p_pay_hex:"32 35 30 31 62 32 32 38 32 37 37 34 65 33 63 65 62 62 39 38"
iframe:1523103  seq:000000106008:000000106121  seq_gap:0226  p_pay_n:000113  th_flags:"PSH ACK "  p_pay_hex:"33 38 35 64 31 35 66 61 61 64 63 36 63 63 38 33 61 33 00 90"
iframe:1523135  seq:000000106121:000000106234  seq_gap:0000  p_pay_n:000113  th_flags:"PSH ACK "  p_pay_hex:"38 37 63 66 64 37 31 38 37 39 65 64 30 34 37 66 30 66 64 31"
iframe:1523150  seq:000000106234:000000106347  seq_gap:0000  p_pay_n:000113  th_flags:"PSH ACK "  p_pay_hex:"63 32 34 36 31 61 38 65 35 65 31 39 30 63 39 36 65 62 35 64"
iframe:1523189  seq:000000106347:000000106460  seq_gap:0000  p_pay_n:000113  th_flags:"PSH ACK "  p_pay_hex:"62 31 31 39 62 38 36 34 62 33 36 36 35 30 35 36 31 30 39 39"
iframe:1523233  seq:000000106686:000000106799  seq_gap:0226  p_pay_n:000113  th_flags:"PSH ACK "  p_pay_hex:"63 32 34 30 39 35 62 32 37 30 65 63 64 38 62 31 65 34 32 35"
iframe:1523255  seq:000000106799:000000107025  seq_gap:0000  p_pay_n:000226  th_flags:"PSH ACK "  p_pay_hex:"66 64 31 39 35 31 32 32 33 65 39 62 33 64 30 30 36 63 61 30"
iframe:1525122  seq:000000107025:000000107464  seq_gap:0000  p_pay_n:000439  th_flags:"PSH ACK "  p_pay_hex:"31 38 37 39 65 64 30 34 37 66 30 66 64 31 39 35 31 32 32 33"
iframe:1525452  seq:000000107464:000000107577  seq_gap:0000  p_pay_n:000113  th_flags:"PSH ACK "  p_pay_hex:"37 36 66 62 33 34 39 39 39 30 31 34 36 66 61 36 33 62 63 35"
iframe:1526360  seq:000000107577:000000107690  seq_gap:0000  p_pay_n:000113  th_flags:"PSH ACK "  p_pay_hex:"33 65 39 62 33 64 30 30 36 63 61 30 64 61 34 63 31 30 64 63"
iframe:1526376  seq:000000107690:000000107803  seq_gap:0000  p_pay_n:000113  th_flags:"PSH ACK "  p_pay_hex:"34 36 66 62 63 63 35 38 31 37 61 62 36 35 63 66 30 63 64 61"
iframe:1526517  seq:000000107916:000000108029  seq_gap:0113  p_pay_n:000113  th_flags:"PSH ACK "  p_pay_hex:"39 62 61 66 37 38 37 66 65 32 38 65 62 33 34 39 62 64 64 65"
iframe:1526813  seq:000000108029:000000108142  seq_gap:0000  p_pay_n:000113  th_flags:"PSH ACK "  p_pay_hex:"61 66 64 31 32 33 66 65 61 31 62 31 61 37 66 34 65 39 31 63"
iframe:1527795  seq:000000108255:000000108368  seq_gap:0113  p_pay_n:000113  th_flags:"PSH ACK "  p_pay_hex:"63 35 37 39 65 38 39 37 66 36 63 34 39 30 32 32 30 33 62 65"
iframe:1528088  seq:000000108368:000000108481  seq_gap:0000  p_pay_n:000113  th_flags:"PSH ACK "  p_pay_hex:"30 31 33 32 62 39 33 34 65 35 65 63 30 65 37 62 33 39 36 63"
iframe:1528132  seq:000000108481:000000108594  seq_gap:0000  p_pay_n:000113  th_flags:"PSH ACK "  p_pay_hex:"39 62 61 66 37 38 37 66 65 32 38 65 62 33 34 39 62 64 64 65"
iframe:1529247  seq:000000108594:000000108707  seq_gap:0000  p_pay_n:000113  th_flags:"PSH ACK "  p_pay_hex:"39 62 61 66 37 38 37 66 65 32 38 65 62 33 34 39 62 64 64 65"
iframe:1529767  seq:000000108707:000000108820  seq_gap:0000  p_pay_n:000113  th_flags:"PSH ACK "  p_pay_hex:"66 65 65 62 37 66 33 31 36 36 37 62 34 66 65 30 62 65 61 36"
iframe:1530763  seq:000000108820:000000109259  seq_gap:0000  p_pay_n:000439  th_flags:"PSH ACK "  p_pay_hex:"61 66 37 38 37 66 65 32 38 65 62 33 34 39 62 64 64 65 66 36"
iframe:1533628  seq:000000109937:000000110309  seq_gap:0678  p_pay_n:000372  th_flags:"PSH ACK "  p_pay_hex:"31 31 66 39 61 33 32 36 32 61 34 66 30 33 34 34 34 34 35 31"
iframe:1535150  seq:000000110681:000000110794  seq_gap:0372  p_pay_n:000113  th_flags:"PSH ACK "  p_pay_hex:"38 61 64 64 30 31 33 32 62 39 33 34 65 35 65 63 30 65 37 62"
iframe:1535212  seq:000000110794:000000110907  seq_gap:0000  p_pay_n:000113  th_flags:"PSH ACK "  p_pay_hex:"34 65 37 63 66 65 65 62 37 66 33 31 36 36 37 62 34 66 65 30"
iframe:1535213  seq:000000110907:000000111020  seq_gap:0000  p_pay_n:000113  th_flags:"PSH ACK "  p_pay_hex:"34 65 37 63 66 65 65 62 37 66 33 31 36 36 37 62 34 66 65 30"
iframe:1537718  seq:000000111957:000000112070  seq_gap:0937  p_pay_n:000113  th_flags:"PSH ACK "  p_pay_hex:"63 32 34 30 39 35 62 32 37 30 65 63 64 38 62 31 65 34 32 35"
iframe:1537907  seq:000000112974:000000113087  seq_gap:0904  p_pay_n:000113  th_flags:"PSH ACK "  p_pay_hex:"38 61 31 30 66 37 32 63 61 33 35 34 30 64 34 33 34 35 64 65"
iframe:1537964  seq:000000113200:000000113313  seq_gap:0113  p_pay_n:000113  th_flags:"PSH ACK "  p_pay_hex:"35 63 66 30 63 64 61 30 32 64 31 36 37 39 64 36 63 63 64 32"
iframe:1538001  seq:000000113313:000000113426  seq_gap:0000  p_pay_n:000113  th_flags:"PSH ACK "  p_pay_hex:"62 37 39 30 37 37 37 35 36 65 37 64 38 64 39 64 65 64 39 64"
iframe:1538077  seq:000000113539:000000113652  seq_gap:0113  p_pay_n:000113  th_flags:"PSH ACK "  p_pay_hex:"39 37 63 37 62 64 39 32 31 64 39 30 64 62 35 39 32 65 37 36"
iframe:1539449  seq:000000113878:000000114317  seq_gap:0226  p_pay_n:000439  th_flags:"PSH ACK "  p_pay_hex:"62 34 63 64 36 38 62 35 36 30 39 62 61 66 37 38 37 66 65 32"
iframe:1539611  seq:000000114430:000000114543  seq_gap:0113  p_pay_n:000113  th_flags:"PSH ACK "  p_pay_hex:"39 62 61 66 37 38 37 66 65 32 38 65 62 33 34 39 62 64 64 65"
iframe:1540657  seq:000000114656:000000114769  seq_gap:0113  p_pay_n:000113  th_flags:"PSH ACK "  p_pay_hex:"65 38 39 37 66 36 63 34 39 30 32 32 30 33 62 65 32 30 38 35"
iframe:1541550  seq:000000114882:000000114995  seq_gap:0113  p_pay_n:000113  th_flags:"PSH ACK "  p_pay_hex:"62 31 65 34 32 35 30 31 62 32 32 38 32 37 37 34 65 33 63 65"
iframe:1542155  seq:000000115221:000000115334  seq_gap:0226  p_pay_n:000113  th_flags:"PSH ACK "  p_pay_hex:"63 38 37 63 66 64 37 31 38 37 39 65 64 30 34 37 66 30 66 64"
iframe:1543654  seq:000000115673:000000116045  seq_gap:0339  p_pay_n:000372  th_flags:"PSH ACK "  p_pay_hex:"37 36 66 62 33 34 39 39 39 30 31 34 36 66 61 36 33 62 63 35"
Get continous frames
iframe:1276657  seq:000000000001:000000000079  seq_gap:-697969601  p_pay_n:000078  th_flags:"PSH ACK "  p_pay_hex:"30 62 61 30 32 35 62 30 38 35 37 33 65 34 30 33 65 34 61 62"
======final stats  fname:/home/avorovich/pcap/rp_tap2.pcap  pkt_count:1544657  pkt_ip_tcp_count:1544653  elapsed:5.08327  ind_tcp_pair_n:1
