Hello, World!333
====--PcapFileProcess  fname:/home/avorovich/pcap/rp_tap0.pcap
======================client to broker 
tcp_pair stats  tcp_pair_key:192.168.110.61:41072-192.168.110.51:1096  "count of frames ":197  syn_count:0  fin_count:0  isn:0  "seq_gap_count %":8
tcp_pair kafka stats  kafka_req_count:196  kafka_req_len_tot:24296  tcp_payload_len_tot:25080  ind_client_id_n:1
tcp_pair kafka client_id list  
client_id_key:consumer-sub-000-nOkgFv0-7
tcp_pair kafka kafka list  
corr_id_key:21535
corr_id_key:21539
corr_id_key:21543
corr_id_key:21547
corr_id_key:21559
corr_id_key:21563
corr_id_key:21571
corr_id_key:21575
corr_id_key:21579
corr_id_key:21583
corr_id_key:21587
corr_id_key:21591
corr_id_key:21595
corr_id_key:21598
corr_id_key:21599
corr_id_key:21600
corr_id_key:21601
corr_id_key:21604
corr_id_key:21611
corr_id_key:21615
corr_id_key:21619
corr_id_key:21623
corr_id_key:21629
corr_id_key:21633
corr_id_key:21637
corr_id_key:21641
corr_id_key:21645
corr_id_key:21649
corr_id_key:21653
corr_id_key:21657
corr_id_key:21662
corr_id_key:21666
corr_id_key:21676
corr_id_key:21680
corr_id_key:21688
corr_id_key:21692
corr_id_key:21696
corr_id_key:21700
corr_id_key:21706
corr_id_key:21714
corr_id_key:21716
corr_id_key:21717
corr_id_key:21720
corr_id_key:21724
corr_id_key:21734
corr_id_key:21738
corr_id_key:21740
corr_id_key:21744
corr_id_key:21748
corr_id_key:21756
corr_id_key:21760
corr_id_key:21764
corr_id_key:21768
corr_id_key:21780
corr_id_key:21784
corr_id_key:21791
corr_id_key:21797
corr_id_key:21801
corr_id_key:21805
corr_id_key:21808
corr_id_key:21811
corr_id_key:21815
corr_id_key:21819
corr_id_key:21823
corr_id_key:21827
corr_id_key:21831
corr_id_key:21835
corr_id_key:21838
corr_id_key:21839
corr_id_key:21840
corr_id_key:21841
corr_id_key:21844
corr_id_key:21848
corr_id_key:21852
corr_id_key:21856
corr_id_key:21860
corr_id_key:21862
corr_id_key:21866
corr_id_key:21870
corr_id_key:21874
corr_id_key:21878
corr_id_key:21882
corr_id_key:21886
corr_id_key:21890
corr_id_key:21894
corr_id_key:21898
corr_id_key:21906
corr_id_key:21911
corr_id_key:21915
corr_id_key:21917
corr_id_key:21918
corr_id_key:21919
corr_id_key:21920
corr_id_key:21923
corr_id_key:21927
corr_id_key:21930
corr_id_key:21934
corr_id_key:21942
corr_id_key:21946
corr_id_key:21950
corr_id_key:21954
corr_id_key:21958
corr_id_key:21962
corr_id_key:21964
corr_id_key:21968
corr_id_key:21972
corr_id_key:21976
corr_id_key:21981
corr_id_key:21985
corr_id_key:21989
corr_id_key:21993
corr_id_key:21997
corr_id_key:22001
corr_id_key:22005
corr_id_key:22009
corr_id_key:22013
corr_id_key:22027
corr_id_key:22029
corr_id_key:22031
corr_id_key:22035
corr_id_key:22038
corr_id_key:22042
corr_id_key:22046
corr_id_key:22050
corr_id_key:22054
corr_id_key:22062
corr_id_key:22066
corr_id_key:22070
corr_id_key:22074
corr_id_key:22076
corr_id_key:22077
corr_id_key:22078
corr_id_key:22079
corr_id_key:22081
corr_id_key:22085
corr_id_key:22088
corr_id_key:22091
corr_id_key:22094
corr_id_key:22098
corr_id_key:22102
corr_id_key:22106
corr_id_key:22110
corr_id_key:22114
corr_id_key:22118
corr_id_key:22126
corr_id_key:22130
corr_id_key:22142
corr_id_key:22146
corr_id_key:22150
corr_id_key:22152
corr_id_key:22154
corr_id_key:22158
corr_id_key:22162
corr_id_key:22166
corr_id_key:22170
corr_id_key:22174
corr_id_key:22178
corr_id_key:22184
corr_id_key:22188
corr_id_key:22190
corr_id_key:22194
corr_id_key:22196
corr_id_key:22200
corr_id_key:22202
corr_id_key:22203
corr_id_key:22204
corr_id_key:22208
corr_id_key:22210
corr_id_key:22214
corr_id_key:22218
corr_id_key:22222
corr_id_key:22226
corr_id_key:22230
corr_id_key:22234
corr_id_key:22238
corr_id_key:22242
corr_id_key:22246
corr_id_key:22250
corr_id_key:22254
corr_id_key:22258
corr_id_key:22264
corr_id_key:22268
corr_id_key:22272
corr_id_key:22276
corr_id_key:22280
corr_id_key:22284
corr_id_key:22288
corr_id_key:22296
corr_id_key:22304
corr_id_key:22308
corr_id_key:22312
corr_id_key:22316
corr_id_key:22320
corr_id_key:22324
corr_id_key:22326
corr_id_key:22327
=============broker to client 
tcp_pair stats  tcp_pair_key:192.168.110.51:1096-192.168.110.61:41072  "count of frames ":6615  syn_count:0  fin_count:0  isn:0  "seq_gap_count %":5
tcp_pair kafka stats  kafka_req_count:20  kafka_req_len_tot:171388894  tcp_payload_len_tot:176014575  ind_client_id_n:0
tcp_pair kafka client_id list  
tcp_pair kafka kafka list  
corr_id_key:21535
corr_id_key:4110418004
corr_id_key:67633536
corr_id_key:150470913
corr_id_key:278400001
corr_id_key:35520896
corr_id_key:314051841
corr_id_key:179569921
corr_id_key:2148186628
corr_id_key:2550236677
corr_id_key:78121729
corr_id_key:250742017
corr_id_key:2348913670
corr_id_key:4093883911
corr_id_key:3087174667
corr_id_key:247072769
corr_id_key:313656577
corr_id_key:9045505
corr_id_key:1150683393
corr_id_key:248777473
======================client to broker 
tcp_pair stats  tcp_pair_key:192.168.110.61:39634-192.168.110.51:1096  "count of frames ":183  syn_count:0  fin_count:0  isn:0  "seq_gap_count %":7
tcp_pair kafka stats  kafka_req_count:182  kafka_req_len_tot:22524  tcp_payload_len_tot:23252  ind_client_id_n:1
tcp_pair kafka client_id list  
client_id_key:consumer-sub-000-nOkgFv0-13
tcp_pair kafka kafka list  
corr_id_key:4960
corr_id_key:4964
corr_id_key:4968
corr_id_key:4972
corr_id_key:4976
corr_id_key:4980
corr_id_key:4984
corr_id_key:4988
corr_id_key:4994
corr_id_key:4998
corr_id_key:5002
corr_id_key:5014
corr_id_key:5018
corr_id_key:5036
corr_id_key:5051
corr_id_key:5054
corr_id_key:5055
corr_id_key:5056
corr_id_key:5057
corr_id_key:5058
corr_id_key:5061
corr_id_key:5064
corr_id_key:5068
corr_id_key:5072
corr_id_key:5076
corr_id_key:5082
corr_id_key:5092
corr_id_key:5102
corr_id_key:5106
corr_id_key:5110
corr_id_key:5120
corr_id_key:5126
corr_id_key:5131
corr_id_key:5135
corr_id_key:5143
corr_id_key:5147
corr_id_key:5151
corr_id_key:5155
corr_id_key:5163
corr_id_key:5165
corr_id_key:5166
corr_id_key:5167
corr_id_key:5174
corr_id_key:5184
corr_id_key:5192
corr_id_key:5198
corr_id_key:5202
corr_id_key:5206
corr_id_key:5210
corr_id_key:5214
corr_id_key:5218
corr_id_key:5222
corr_id_key:5226
corr_id_key:5230
corr_id_key:5232
corr_id_key:5235
corr_id_key:5238
corr_id_key:5241
corr_id_key:5242
corr_id_key:5243
corr_id_key:5246
corr_id_key:5248
corr_id_key:5251
corr_id_key:5257
corr_id_key:5259
corr_id_key:5263
corr_id_key:5267
corr_id_key:5271
corr_id_key:5275
corr_id_key:5279
corr_id_key:5283
corr_id_key:5287
corr_id_key:5291
corr_id_key:5295
corr_id_key:5297
corr_id_key:5302
corr_id_key:5305
corr_id_key:5309
corr_id_key:5312
corr_id_key:5315
corr_id_key:5317
corr_id_key:5318
corr_id_key:5319
corr_id_key:5322
corr_id_key:5326
corr_id_key:5330
corr_id_key:5334
corr_id_key:5338
corr_id_key:5342
corr_id_key:5346
corr_id_key:5350
corr_id_key:5354
corr_id_key:5358
corr_id_key:5362
corr_id_key:5370
corr_id_key:5378
corr_id_key:5382
corr_id_key:5386
corr_id_key:5390
corr_id_key:5394
corr_id_key:5398
corr_id_key:5402
corr_id_key:5410
corr_id_key:5418
corr_id_key:5423
corr_id_key:5427
corr_id_key:5431
corr_id_key:5435
corr_id_key:5441
corr_id_key:5445
corr_id_key:5449
corr_id_key:5453
corr_id_key:5455
corr_id_key:5457
corr_id_key:5461
corr_id_key:5463
corr_id_key:5464
corr_id_key:5465
corr_id_key:5466
corr_id_key:5469
corr_id_key:5474
corr_id_key:5478
corr_id_key:5482
corr_id_key:5486
corr_id_key:5490
corr_id_key:5498
corr_id_key:5502
corr_id_key:5506
corr_id_key:5510
corr_id_key:5514
corr_id_key:5522
corr_id_key:5526
corr_id_key:5530
corr_id_key:5534
corr_id_key:5538
corr_id_key:5540
corr_id_key:5544
corr_id_key:5548
corr_id_key:5552
corr_id_key:5556
corr_id_key:5560
corr_id_key:5562
corr_id_key:5565
corr_id_key:5569
corr_id_key:5571
corr_id_key:5575
corr_id_key:5583
corr_id_key:5585
corr_id_key:5586
corr_id_key:5588
corr_id_key:5591
corr_id_key:5595
corr_id_key:5599
corr_id_key:5603
corr_id_key:5607
corr_id_key:5611
corr_id_key:5615
corr_id_key:5627
corr_id_key:5631
corr_id_key:5635
corr_id_key:5639
corr_id_key:5643
corr_id_key:5647
corr_id_key:5651
corr_id_key:5655
corr_id_key:5659
corr_id_key:5663
corr_id_key:5667
corr_id_key:5671
corr_id_key:5675
corr_id_key:5679
corr_id_key:5683
corr_id_key:5695
corr_id_key:5699
corr_id_key:5703
corr_id_key:5707
corr_id_key:5711
corr_id_key:5715
corr_id_key:5717
corr_id_key:5721
corr_id_key:5723
corr_id_key:5725
=============broker to client 
tcp_pair stats  tcp_pair_key:192.168.110.51:1096-192.168.110.61:39634  "count of frames ":8443  syn_count:0  fin_count:0  isn:0  "seq_gap_count %":4
tcp_pair kafka stats  kafka_req_count:19  kafka_req_len_tot:171160985  tcp_payload_len_tot:179042895  ind_client_id_n:0
tcp_pair kafka client_id list  
tcp_pair kafka kafka list  
corr_id_key:4957
corr_id_key:176685313
corr_id_key:216009985
corr_id_key:2249779723
corr_id_key:217582849
corr_id_key:814614529
corr_id_key:246549505
corr_id_key:1921908993
corr_id_key:315491841
corr_id_key:4026763265
corr_id_key:281939713
corr_id_key:3456797703
corr_id_key:277218561
corr_id_key:2516948483
corr_id_key:45222913
corr_id_key:3724801031
corr_id_key:313393921
corr_id_key:217188865
corr_id_key:281414145
======================client to broker 
tcp_pair stats  tcp_pair_key:192.168.110.71:58824-192.168.110.51:1096  "count of frames ":547  syn_count:0  fin_count:1  isn:0  "seq_gap_count %":18
tcp_pair kafka stats  kafka_req_count:15  kafka_req_len_tot:14398027  tcp_payload_len_tot:26716777  ind_client_id_n:1
tcp_pair kafka client_id list  
client_id_key:producer-20
tcp_pair kafka kafka list  
corr_id_key:1985
corr_id_key:1990
corr_id_key:1993
corr_id_key:1998
corr_id_key:2005
corr_id_key:2028
corr_id_key:2037
corr_id_key:2038
corr_id_key:2045
corr_id_key:2062
corr_id_key:2074
corr_id_key:2075
corr_id_key:2122
corr_id_key:2125
corr_id_key:2128
=============broker to client 
tcp_pair stats  tcp_pair_key:192.168.110.51:1096-192.168.110.71:58824  "count of frames ":38  syn_count:0  fin_count:1  isn:0  "seq_gap_count %":5
tcp_pair kafka stats  kafka_req_count:37  kafka_req_len_tot:2738  tcp_payload_len_tot:2886  ind_client_id_n:0
tcp_pair kafka client_id list  
tcp_pair kafka kafka list  
corr_id_key:1956
corr_id_key:1985
corr_id_key:1986
corr_id_key:1987
corr_id_key:1990
corr_id_key:1992
corr_id_key:1993
corr_id_key:1996
corr_id_key:1997
corr_id_key:1998
corr_id_key:1999
corr_id_key:2002
corr_id_key:2003
corr_id_key:2004
corr_id_key:2005
corr_id_key:2006
corr_id_key:2028
corr_id_key:2036
corr_id_key:2037
corr_id_key:2038
corr_id_key:2044
corr_id_key:2045
corr_id_key:2054
corr_id_key:2055
corr_id_key:2057
corr_id_key:2058
corr_id_key:2062
corr_id_key:2063
corr_id_key:2074
corr_id_key:2075
corr_id_key:2089
corr_id_key:2094
corr_id_key:2095
corr_id_key:2098
corr_id_key:2122
corr_id_key:2125
corr_id_key:2128
======================client to broker 
tcp_pair stats  tcp_pair_key:192.168.110.71:48528-192.168.110.51:1096  "count of frames ":753  syn_count:0  fin_count:0  isn:0  "seq_gap_count %":17
tcp_pair kafka stats  kafka_req_count:21  kafka_req_len_tot:19785323  tcp_payload_len_tot:37009491  ind_client_id_n:1
tcp_pair kafka client_id list  
client_id_key:producer-4
tcp_pair kafka kafka list  
corr_id_key:1860
corr_id_key:1865
corr_id_key:1878
corr_id_key:1897
corr_id_key:1912
corr_id_key:1914
corr_id_key:1931
corr_id_key:1946
corr_id_key:1961
corr_id_key:1963
corr_id_key:1966
corr_id_key:1976
corr_id_key:1994
corr_id_key:2003
corr_id_key:2012
corr_id_key:2016
corr_id_key:2028
corr_id_key:2032
corr_id_key:2040
corr_id_key:2047
corr_id_key:2049
=============broker to client 
tcp_pair stats  tcp_pair_key:192.168.110.51:1096-192.168.110.71:48528  "count of frames ":47  syn_count:0  fin_count:0  isn:0  "seq_gap_count %":10
tcp_pair kafka stats  kafka_req_count:47  kafka_req_len_tot:3478  tcp_payload_len_tot:3666  ind_client_id_n:0
tcp_pair kafka client_id list  
tcp_pair kafka kafka list  
corr_id_key:1854
corr_id_key:1860
corr_id_key:1864
corr_id_key:1876
corr_id_key:1878
corr_id_key:1905
corr_id_key:1911
corr_id_key:1912
corr_id_key:1913
corr_id_key:1914
corr_id_key:1929
corr_id_key:1931
corr_id_key:1935
corr_id_key:1938
corr_id_key:1946
corr_id_key:1948
corr_id_key:1961
corr_id_key:1962
corr_id_key:1963
corr_id_key:1966
corr_id_key:1973
corr_id_key:1975
corr_id_key:1976
corr_id_key:1979
corr_id_key:1980
corr_id_key:1994
corr_id_key:2003
corr_id_key:2004
corr_id_key:2005
corr_id_key:2011
corr_id_key:2012
corr_id_key:2014
corr_id_key:2016
corr_id_key:2018
corr_id_key:2025
corr_id_key:2028
corr_id_key:2030
corr_id_key:2032
corr_id_key:2037
corr_id_key:2040
corr_id_key:2045
corr_id_key:2046
corr_id_key:2047
corr_id_key:2048
corr_id_key:2049
corr_id_key:2051
corr_id_key:2056
======================client to broker 
tcp_pair stats  tcp_pair_key:192.168.110.61:39656-192.168.110.51:1096  "count of frames ":180  syn_count:0  fin_count:0  isn:0  "seq_gap_count %":4
tcp_pair kafka stats  kafka_req_count:179  kafka_req_len_tot:21769  tcp_payload_len_tot:22485  ind_client_id_n:1
tcp_pair kafka client_id list  
client_id_key:consumer-sub-000-nOkgFv0-4
tcp_pair kafka kafka list  
corr_id_key:5628
corr_id_key:5635
corr_id_key:5649
corr_id_key:5661
corr_id_key:5665
corr_id_key:5669
corr_id_key:5679
corr_id_key:5691
corr_id_key:5695
corr_id_key:5703
corr_id_key:5707
corr_id_key:5709
corr_id_key:5712
corr_id_key:5714
corr_id_key:5716
corr_id_key:5717
corr_id_key:5718
corr_id_key:5721
corr_id_key:5725
corr_id_key:5729
corr_id_key:5737
corr_id_key:5745
corr_id_key:5751
corr_id_key:5755
corr_id_key:5759
corr_id_key:5763
corr_id_key:5767
corr_id_key:5771
corr_id_key:5775
corr_id_key:5779
corr_id_key:5783
corr_id_key:5799
corr_id_key:5805
corr_id_key:5808
corr_id_key:5812
corr_id_key:5816
corr_id_key:5820
corr_id_key:5824
corr_id_key:5828
corr_id_key:5831
corr_id_key:5832
corr_id_key:5833
corr_id_key:5836
corr_id_key:5840
corr_id_key:5844
corr_id_key:5852
corr_id_key:5860
corr_id_key:5864
corr_id_key:5868
corr_id_key:5872
corr_id_key:5876
corr_id_key:5880
corr_id_key:5884
corr_id_key:5888
corr_id_key:5892
corr_id_key:5907
corr_id_key:5915
corr_id_key:5919
corr_id_key:5923
corr_id_key:5927
corr_id_key:5931
corr_id_key:5935
corr_id_key:5937
corr_id_key:5939
corr_id_key:5940
corr_id_key:5941
corr_id_key:5944
corr_id_key:5948
corr_id_key:5954
corr_id_key:5958
corr_id_key:5962
corr_id_key:5966
corr_id_key:5970
corr_id_key:5974
corr_id_key:5978
corr_id_key:5982
corr_id_key:5984
corr_id_key:5988
corr_id_key:5991
corr_id_key:5995
corr_id_key:5999
corr_id_key:6003
corr_id_key:6007
corr_id_key:6011
corr_id_key:6015
corr_id_key:6019
corr_id_key:6023
corr_id_key:6027
corr_id_key:6030
corr_id_key:6031
corr_id_key:6032
corr_id_key:6035
corr_id_key:6041
corr_id_key:6045
corr_id_key:6049
corr_id_key:6053
corr_id_key:6057
corr_id_key:6061
corr_id_key:6063
corr_id_key:6065
corr_id_key:6067
corr_id_key:6069
corr_id_key:6073
corr_id_key:6077
corr_id_key:6083
corr_id_key:6089
corr_id_key:6097
corr_id_key:6101
corr_id_key:6105
corr_id_key:6109
corr_id_key:6117
corr_id_key:6121
corr_id_key:6129
corr_id_key:6133
corr_id_key:6137
corr_id_key:6141
corr_id_key:6145
corr_id_key:6149
corr_id_key:6153
corr_id_key:6158
corr_id_key:6162
corr_id_key:6166
corr_id_key:6174
corr_id_key:6178
corr_id_key:6182
corr_id_key:6186
corr_id_key:6190
corr_id_key:6193
corr_id_key:6195
corr_id_key:6197
corr_id_key:6198
corr_id_key:6199
corr_id_key:6200
corr_id_key:6201
corr_id_key:6204
corr_id_key:6207
corr_id_key:6211
corr_id_key:6215
corr_id_key:6219
corr_id_key:6224
corr_id_key:6228
corr_id_key:6232
corr_id_key:6236
corr_id_key:6240
corr_id_key:6244
corr_id_key:6248
corr_id_key:6252
corr_id_key:6260
corr_id_key:6264
corr_id_key:6271
corr_id_key:6275
corr_id_key:6279
corr_id_key:6299
corr_id_key:6304
corr_id_key:6309
corr_id_key:6311
corr_id_key:6312
corr_id_key:6313
corr_id_key:6314
corr_id_key:6315
corr_id_key:6319
corr_id_key:6323
corr_id_key:6333
corr_id_key:6337
corr_id_key:6345
corr_id_key:6349
corr_id_key:6353
corr_id_key:6357
corr_id_key:6367
corr_id_key:6371
corr_id_key:6373
corr_id_key:6376
corr_id_key:6384
corr_id_key:6396
corr_id_key:6412
corr_id_key:6416
corr_id_key:6418
corr_id_key:6419
corr_id_key:6420
=============broker to client 
tcp_pair stats  tcp_pair_key:192.168.110.51:1096-192.168.110.61:39656  "count of frames ":9616  syn_count:0  fin_count:0  isn:0  "seq_gap_count %":3
tcp_pair kafka stats  kafka_req_count:22  kafka_req_len_tot:196441642  tcp_payload_len_tot:203589219  ind_client_id_n:0
tcp_pair kafka client_id list  
tcp_pair kafka kafka list  
corr_id_key:5624
corr_id_key:1667641443
corr_id_key:213779201
corr_id_key:243532545
corr_id_key:217057281
corr_id_key:214829057
corr_id_key:317459201
corr_id_key:1011745152
corr_id_key:4161389582
corr_id_key:243794945
corr_id_key:309199232
corr_id_key:147587585
corr_id_key:244713985
corr_id_key:247729409
corr_id_key:76942593
corr_id_key:144706817
corr_id_key:3624066057
corr_id_key:180750337
corr_id_key:2483656195
corr_id_key:3054085635
corr_id_key:280363521
corr_id_key:236192128
======================client to broker 
tcp_pair stats  tcp_pair_key:192.168.110.71:58848-192.168.110.51:1096  "count of frames ":756  syn_count:0  fin_count:0  isn:0  "seq_gap_count %":14
tcp_pair kafka stats  kafka_req_count:21  kafka_req_len_tot:19180063  tcp_payload_len_tot:38609101  ind_client_id_n:1
tcp_pair kafka client_id list  
client_id_key:producer-16
tcp_pair kafka kafka list  
corr_id_key:1969
corr_id_key:1984
corr_id_key:1996
corr_id_key:2002
corr_id_key:2023
corr_id_key:2042
corr_id_key:2043
corr_id_key:2059
corr_id_key:2064
corr_id_key:2066
corr_id_key:2088
corr_id_key:2089
corr_id_key:2091
corr_id_key:2099
corr_id_key:2120
corr_id_key:2145
corr_id_key:2151
corr_id_key:2154
corr_id_key:2157
corr_id_key:2161
corr_id_key:2166
=============broker to client 
tcp_pair stats  tcp_pair_key:192.168.110.51:1096-192.168.110.71:58848  "count of frames ":48  syn_count:0  fin_count:0  isn:0  "seq_gap_count %":12
tcp_pair kafka stats  kafka_req_count:48  kafka_req_len_tot:3552  tcp_payload_len_tot:3744  ind_client_id_n:0
tcp_pair kafka client_id list  
tcp_pair kafka kafka list  
corr_id_key:1953
corr_id_key:1969
corr_id_key:1971
corr_id_key:1972
corr_id_key:1973
corr_id_key:1974
corr_id_key:1977
corr_id_key:1984
corr_id_key:1992
corr_id_key:1996
corr_id_key:1997
corr_id_key:1998
corr_id_key:2000
corr_id_key:2002
corr_id_key:2021
corr_id_key:2023
corr_id_key:2041
corr_id_key:2042
corr_id_key:2043
corr_id_key:2059
corr_id_key:2064
corr_id_key:2066
corr_id_key:2085
corr_id_key:2088
corr_id_key:2090
corr_id_key:2091
corr_id_key:2092
corr_id_key:2093
corr_id_key:2099
corr_id_key:2100
corr_id_key:2101
corr_id_key:2120
corr_id_key:2123
corr_id_key:2141
corr_id_key:2142
corr_id_key:2143
corr_id_key:2144
corr_id_key:2145
corr_id_key:2148
corr_id_key:2151
corr_id_key:2153
corr_id_key:2154
corr_id_key:2157
corr_id_key:2160
corr_id_key:2161
corr_id_key:2165
corr_id_key:2167
corr_id_key:2168
======================client to broker 
tcp_pair stats  tcp_pair_key:192.168.110.71:58796-192.168.110.51:1096  "count of frames ":890  syn_count:0  fin_count:0  isn:0  "seq_gap_count %":14
tcp_pair kafka stats  kafka_req_count:26  kafka_req_len_tot:25981323  tcp_payload_len_tot:47271039  ind_client_id_n:1
tcp_pair kafka client_id list  
client_id_key:producer-24
tcp_pair kafka kafka list  
corr_id_key:1911
corr_id_key:1930
corr_id_key:1933
corr_id_key:1945
corr_id_key:1982
corr_id_key:2004
corr_id_key:2009
corr_id_key:2030
corr_id_key:2046
corr_id_key:2059
corr_id_key:2061
corr_id_key:2067
corr_id_key:2074
corr_id_key:2077
corr_id_key:2093
corr_id_key:2107
corr_id_key:2108
corr_id_key:2112
corr_id_key:2114
corr_id_key:2117
corr_id_key:2121
corr_id_key:2123
corr_id_key:2138
corr_id_key:2143
corr_id_key:2144
corr_id_key:2162
=============broker to client 
tcp_pair stats  tcp_pair_key:192.168.110.51:1096-192.168.110.71:58796  "count of frames ":56  syn_count:0  fin_count:0  isn:0  "seq_gap_count %":5
tcp_pair kafka stats  kafka_req_count:56  kafka_req_len_tot:4144  tcp_payload_len_tot:4368  ind_client_id_n:0
tcp_pair kafka client_id list  
tcp_pair kafka kafka list  
corr_id_key:1893
corr_id_key:1911
corr_id_key:1912
corr_id_key:1923
corr_id_key:1924
corr_id_key:1930
corr_id_key:1931
corr_id_key:1932
corr_id_key:1933
corr_id_key:1936
corr_id_key:1938
corr_id_key:1945
corr_id_key:1981
corr_id_key:1982
corr_id_key:1988
corr_id_key:2004
corr_id_key:2006
corr_id_key:2009
corr_id_key:2010
corr_id_key:2030
corr_id_key:2034
corr_id_key:2037
corr_id_key:2059
corr_id_key:2060
corr_id_key:2061
corr_id_key:2063
corr_id_key:2065
corr_id_key:2066
corr_id_key:2067
corr_id_key:2068
corr_id_key:2069
corr_id_key:2070
corr_id_key:2074
corr_id_key:2075
corr_id_key:2077
corr_id_key:2078
corr_id_key:2093
corr_id_key:2104
corr_id_key:2108
corr_id_key:2111
corr_id_key:2112
corr_id_key:2113
corr_id_key:2114
corr_id_key:2115
corr_id_key:2116
corr_id_key:2117
corr_id_key:2119
corr_id_key:2121
corr_id_key:2123
corr_id_key:2138
corr_id_key:2139
corr_id_key:2143
corr_id_key:2144
corr_id_key:2146
corr_id_key:2162
corr_id_key:2172
======================client to broker 
tcp_pair stats  tcp_pair_key:192.168.110.71:58862-192.168.110.51:1096  "count of frames ":654  syn_count:0  fin_count:0  isn:0  "seq_gap_count %":24
tcp_pair kafka stats  kafka_req_count:18  kafka_req_len_tot:18873696  tcp_payload_len_tot:32736378  ind_client_id_n:1
tcp_pair kafka client_id list  
client_id_key:producer-21
tcp_pair kafka kafka list  
corr_id_key:1838
corr_id_key:1845
corr_id_key:1858
corr_id_key:1864
corr_id_key:1883
corr_id_key:1890
corr_id_key:1891
corr_id_key:1897
corr_id_key:1901
corr_id_key:1918
corr_id_key:1933
corr_id_key:1940
corr_id_key:1974
corr_id_key:1976
corr_id_key:1985
corr_id_key:1993
corr_id_key:2016
corr_id_key:2019
=============broker to client 
tcp_pair stats  tcp_pair_key:192.168.110.51:1096-192.168.110.71:58862  "count of frames ":42  syn_count:0  fin_count:0  isn:0  "seq_gap_count %":13
tcp_pair kafka stats  kafka_req_count:42  kafka_req_len_tot:3108  tcp_payload_len_tot:3276  ind_client_id_n:0
tcp_pair kafka client_id list  
tcp_pair kafka kafka list  
corr_id_key:1837
corr_id_key:1838
corr_id_key:1839
corr_id_key:1845
corr_id_key:1846
corr_id_key:1847
corr_id_key:1858
corr_id_key:1859
corr_id_key:1862
corr_id_key:1865
corr_id_key:1867
corr_id_key:1869
corr_id_key:1883
corr_id_key:1885
corr_id_key:1886
corr_id_key:1890
corr_id_key:1891
corr_id_key:1892
corr_id_key:1895
corr_id_key:1897
corr_id_key:1899
corr_id_key:1901
corr_id_key:1915
corr_id_key:1918
corr_id_key:1919
corr_id_key:1933
corr_id_key:1934
corr_id_key:1940
corr_id_key:1941
corr_id_key:1942
corr_id_key:1974
corr_id_key:1975
corr_id_key:1976
corr_id_key:1984
corr_id_key:1986
corr_id_key:1993
corr_id_key:1994
corr_id_key:2016
corr_id_key:2017
corr_id_key:2019
corr_id_key:2024
corr_id_key:2027
======================client to broker 
tcp_pair stats  tcp_pair_key:192.168.110.71:48556-192.168.110.51:1096  "count of frames ":748  syn_count:0  fin_count:0  isn:0  "seq_gap_count %":14
tcp_pair kafka stats  kafka_req_count:21  kafka_req_len_tot:18797275  tcp_payload_len_tot:39386737  ind_client_id_n:1
tcp_pair kafka client_id list  
client_id_key:producer-25
tcp_pair kafka kafka list  
corr_id_key:2220
corr_id_key:2232
corr_id_key:2234
corr_id_key:2242
corr_id_key:2259
corr_id_key:2268
corr_id_key:2277
corr_id_key:2278
corr_id_key:2282
corr_id_key:2283
corr_id_key:2296
corr_id_key:2306
corr_id_key:2315
corr_id_key:2332
corr_id_key:2334
corr_id_key:2337
corr_id_key:2349
corr_id_key:2381
corr_id_key:2383
corr_id_key:2402
corr_id_key:2406
=============broker to client 
tcp_pair stats  tcp_pair_key:192.168.110.51:1096-192.168.110.71:48556  "count of frames ":51  syn_count:0  fin_count:0  isn:0  "seq_gap_count %":1
tcp_pair kafka stats  kafka_req_count:51  kafka_req_len_tot:3774  tcp_payload_len_tot:3978  ind_client_id_n:0
tcp_pair kafka client_id list  
tcp_pair kafka kafka list  
corr_id_key:2200
corr_id_key:2220
corr_id_key:2223
corr_id_key:2227
corr_id_key:2232
corr_id_key:2233
corr_id_key:2234
corr_id_key:2239
corr_id_key:2241
corr_id_key:2242
corr_id_key:2246
corr_id_key:2247
corr_id_key:2248
corr_id_key:2255
corr_id_key:2259
corr_id_key:2260
corr_id_key:2267
corr_id_key:2268
corr_id_key:2269
corr_id_key:2270
corr_id_key:2277
corr_id_key:2278
corr_id_key:2282
corr_id_key:2283
corr_id_key:2289
corr_id_key:2290
corr_id_key:2296
corr_id_key:2297
corr_id_key:2306
corr_id_key:2308
corr_id_key:2315
corr_id_key:2316
corr_id_key:2332
corr_id_key:2334
corr_id_key:2336
corr_id_key:2337
corr_id_key:2338
corr_id_key:2339
corr_id_key:2349
corr_id_key:2351
corr_id_key:2381
corr_id_key:2382
corr_id_key:2383
corr_id_key:2384
corr_id_key:2402
corr_id_key:2403
corr_id_key:2404
corr_id_key:2405
corr_id_key:2406
corr_id_key:2412
corr_id_key:2414
======================client to broker 
tcp_pair stats  tcp_pair_key:192.168.110.71:48622-192.168.110.51:1096  "count of frames ":759  syn_count:0  fin_count:1  isn:0  "seq_gap_count %":18
tcp_pair kafka stats  kafka_req_count:15  kafka_req_len_tot:14997049  tcp_payload_len_tot:37447715  ind_client_id_n:1
tcp_pair kafka client_id list  
client_id_key:producer-9
tcp_pair kafka kafka list  
corr_id_key:1877
corr_id_key:1894
corr_id_key:1907
corr_id_key:1909
corr_id_key:1927
corr_id_key:1951
corr_id_key:1958
corr_id_key:1969
corr_id_key:1986
corr_id_key:1990
corr_id_key:1997
corr_id_key:2017
corr_id_key:2022
corr_id_key:2038
corr_id_key:2039
=============broker to client 
tcp_pair stats  tcp_pair_key:192.168.110.51:1096-192.168.110.71:48622  "count of frames ":48  syn_count:0  fin_count:1  isn:0  "seq_gap_count %":6
tcp_pair kafka stats  kafka_req_count:47  kafka_req_len_tot:3478  tcp_payload_len_tot:3666  ind_client_id_n:0
tcp_pair kafka client_id list  
tcp_pair kafka kafka list  
corr_id_key:1874
corr_id_key:1875
corr_id_key:1877
corr_id_key:1878
corr_id_key:1879
corr_id_key:1888
corr_id_key:1895
corr_id_key:1907
corr_id_key:1908
corr_id_key:1909
corr_id_key:1917
corr_id_key:1918
corr_id_key:1920
corr_id_key:1921
corr_id_key:1926
corr_id_key:1927
corr_id_key:1928
corr_id_key:1931
corr_id_key:1934
corr_id_key:1949
corr_id_key:1950
corr_id_key:1951
corr_id_key:1952
corr_id_key:1958
corr_id_key:1959
corr_id_key:1960
corr_id_key:1967
corr_id_key:1969
corr_id_key:1970
corr_id_key:1986
corr_id_key:1987
corr_id_key:1990
corr_id_key:1991
corr_id_key:1992
corr_id_key:1993
corr_id_key:1994
corr_id_key:1995
corr_id_key:1997
corr_id_key:2012
corr_id_key:2017
corr_id_key:2019
corr_id_key:2022
corr_id_key:2023
corr_id_key:2024
corr_id_key:2038
corr_id_key:2039
corr_id_key:2046
======================client to broker 
tcp_pair stats  tcp_pair_key:192.168.110.71:58734-192.168.110.51:1096  "count of frames ":636  syn_count:0  fin_count:0  isn:0  "seq_gap_count %":24
tcp_pair kafka stats  kafka_req_count:14  kafka_req_len_tot:14286536  tcp_payload_len_tot:29949567  ind_client_id_n:1
tcp_pair kafka client_id list  
client_id_key:producer-7
tcp_pair kafka kafka list  
corr_id_key:2134
corr_id_key:2147
corr_id_key:2154
corr_id_key:2161
corr_id_key:2189
corr_id_key:2200
corr_id_key:2205
corr_id_key:2207
corr_id_key:2209
corr_id_key:2225
corr_id_key:2245
corr_id_key:2254
corr_id_key:2277
corr_id_key:2287
=============broker to client 
tcp_pair stats  tcp_pair_key:192.168.110.51:1096-192.168.110.71:58734  "count of frames ":44  syn_count:0  fin_count:0  isn:0  "seq_gap_count %":6
tcp_pair kafka stats  kafka_req_count:44  kafka_req_len_tot:3256  tcp_payload_len_tot:3432  ind_client_id_n:0
tcp_pair kafka client_id list  
tcp_pair kafka kafka list  
corr_id_key:2131
corr_id_key:2134
corr_id_key:2139
corr_id_key:2140
corr_id_key:2142
corr_id_key:2143
corr_id_key:2144
corr_id_key:2146
corr_id_key:2147
corr_id_key:2150
corr_id_key:2151
corr_id_key:2154
corr_id_key:2158
corr_id_key:2161
corr_id_key:2169
corr_id_key:2176
corr_id_key:2177
corr_id_key:2184
corr_id_key:2185
corr_id_key:2186
corr_id_key:2187
corr_id_key:2188
corr_id_key:2189
corr_id_key:2200
corr_id_key:2201
corr_id_key:2205
corr_id_key:2207
corr_id_key:2208
corr_id_key:2209
corr_id_key:2216
corr_id_key:2217
corr_id_key:2225
corr_id_key:2234
corr_id_key:2245
corr_id_key:2252
corr_id_key:2254
corr_id_key:2268
corr_id_key:2277
corr_id_key:2278
corr_id_key:2287
corr_id_key:2292
corr_id_key:2296
corr_id_key:2298
corr_id_key:2299
======================client to broker 
tcp_pair stats  tcp_pair_key:192.168.110.71:48686-192.168.110.51:1096  "count of frames ":817  syn_count:0  fin_count:1  isn:0  "seq_gap_count %":18
tcp_pair kafka stats  kafka_req_count:17  kafka_req_len_tot:17825150  tcp_payload_len_tot:39811728  ind_client_id_n:1
tcp_pair kafka client_id list  
client_id_key:producer-23
tcp_pair kafka kafka list  
corr_id_key:2146
corr_id_key:2173
corr_id_key:2187
corr_id_key:2217
corr_id_key:2226
corr_id_key:2229
corr_id_key:2251
corr_id_key:2262
corr_id_key:2288
corr_id_key:2294
corr_id_key:2296
corr_id_key:2303
corr_id_key:2311
corr_id_key:2334
corr_id_key:2341
corr_id_key:2349
corr_id_key:2354
=============broker to client 
tcp_pair stats  tcp_pair_key:192.168.110.51:1096-192.168.110.71:48686  "count of frames ":48  syn_count:0  fin_count:1  isn:0  "seq_gap_count %":12
tcp_pair kafka stats  kafka_req_count:47  kafka_req_len_tot:3478  tcp_payload_len_tot:3666  ind_client_id_n:0
tcp_pair kafka client_id list  
tcp_pair kafka kafka list  
corr_id_key:2144
corr_id_key:2148
corr_id_key:2149
corr_id_key:2173
corr_id_key:2185
corr_id_key:2187
corr_id_key:2188
corr_id_key:2189
corr_id_key:2193
corr_id_key:2201
corr_id_key:2217
corr_id_key:2218
corr_id_key:2219
corr_id_key:2228
corr_id_key:2229
corr_id_key:2233
corr_id_key:2251
corr_id_key:2252
corr_id_key:2255
corr_id_key:2262
corr_id_key:2263
corr_id_key:2264
corr_id_key:2268
corr_id_key:2288
corr_id_key:2293
corr_id_key:2294
corr_id_key:2296
corr_id_key:2297
corr_id_key:2299
corr_id_key:2300
corr_id_key:2303
corr_id_key:2311
corr_id_key:2324
corr_id_key:2325
corr_id_key:2331
corr_id_key:2332
corr_id_key:2334
corr_id_key:2335
corr_id_key:2336
corr_id_key:2341
corr_id_key:2348
corr_id_key:2349
corr_id_key:2350
corr_id_key:2351
corr_id_key:2352
corr_id_key:2353
corr_id_key:2354
======================client to broker 
tcp_pair stats  tcp_pair_key:192.168.110.71:48700-192.168.110.51:1096  "count of frames ":621  syn_count:0  fin_count:0  isn:0  "seq_gap_count %":20
tcp_pair kafka stats  kafka_req_count:17  kafka_req_len_tot:17825194  tcp_payload_len_tot:31586820  ind_client_id_n:1
tcp_pair kafka client_id list  
client_id_key:producer-18
tcp_pair kafka kafka list  
corr_id_key:1841
corr_id_key:1852
corr_id_key:1861
corr_id_key:1863
corr_id_key:1877
corr_id_key:1902
corr_id_key:1908
corr_id_key:1916
corr_id_key:1920
corr_id_key:1945
corr_id_key:1946
corr_id_key:1948
corr_id_key:1965
corr_id_key:1977
corr_id_key:2011
corr_id_key:2018
corr_id_key:2020
=============broker to client 
tcp_pair stats  tcp_pair_key:192.168.110.51:1096-192.168.110.71:48700  "count of frames ":45  syn_count:0  fin_count:0  isn:0  "seq_gap_count %":10
tcp_pair kafka stats  kafka_req_count:45  kafka_req_len_tot:3330  tcp_payload_len_tot:3510  ind_client_id_n:0
tcp_pair kafka client_id list  
tcp_pair kafka kafka list  
corr_id_key:1833
corr_id_key:1838
corr_id_key:1839
corr_id_key:1840
corr_id_key:1841
corr_id_key:1850
corr_id_key:1852
corr_id_key:1854
corr_id_key:1862
corr_id_key:1863
corr_id_key:1871
corr_id_key:1877
corr_id_key:1878
corr_id_key:1889
corr_id_key:1891
corr_id_key:1901
corr_id_key:1902
corr_id_key:1908
corr_id_key:1909
corr_id_key:1916
corr_id_key:1920
corr_id_key:1925
corr_id_key:1945
corr_id_key:1946
corr_id_key:1947
corr_id_key:1948
corr_id_key:1949
corr_id_key:1952
corr_id_key:1953
corr_id_key:1954
corr_id_key:1960
corr_id_key:1965
corr_id_key:1966
corr_id_key:1977
corr_id_key:1978
corr_id_key:1979
corr_id_key:1983
corr_id_key:1986
corr_id_key:1987
corr_id_key:2011
corr_id_key:2018
corr_id_key:2019
corr_id_key:2020
corr_id_key:2022
corr_id_key:2023
======================client to broker 
tcp_pair stats  tcp_pair_key:192.168.110.71:58872-192.168.110.51:1096  "count of frames ":663  syn_count:0  fin_count:0  isn:0  "seq_gap_count %":18
x2bm_pcap.error  client_id_XrefMaybe(*client_id)
