
Hello, World!333
====--ProcessPcapFile  fname:/home/avorovich/pcap/rp_tap2.pcap
tcp_pair  tcp_pair_key:192.168.210.51:1092-192.168.210.21:62720  count:331  syn_count:1  fin_count:0  "seq_gap_count %":30
iframe:1276446  direction:"h->l"  seq:000000000000  seq_gap:0000  p_pay_n:000000  th_flags:"SYN ACK "  p_pay_hex:""
iframe:1276657  direction:"h->l"  seq:000000000001  seq_gap:0001  p_pay_n:000078  th_flags:"PSH ACK "  p_pay_hex:"30 62 61 30 32 35 62 30 38 35 37 33 65 34 30 33 65 34 61 62"
iframe:1279471  direction:"h->l"  seq:000000000079  seq_gap:0000  p_pay_n:000372  th_flags:"PSH ACK "  p_pay_hex:"33 63 39 62 31 31 66 39 61 33 32 36 32 61 34 66 30 33 34 34"
iframe:1281652  direction:"h->l"  seq:000000000823  seq_gap:0372  p_pay_n:000372  th_flags:"PSH ACK "  p_pay_hex:"61 39 34 66 38 37 62 66 30 62 61 30 32 35 62 30 38 35 37 33"
iframe:1281893  direction:"h->l"  seq:000000001195  seq_gap:0000  p_pay_n:000372  th_flags:"PSH ACK "  p_pay_hex:"39 30 37 37 37 35 36 65 37 64 38 64 39 64 65 64 39 64 35 38"
iframe:1282117  direction:"h->l"  seq:000000001567  seq_gap:0000  p_pay_n:000372  th_flags:"PSH ACK "  p_pay_hex:"31 64 66 32 66 39 35 61 34 31 34 65 37 63 66 65 65 62 37 66"
iframe:1283508  direction:"h->l"  seq:000000002052  seq_gap:0113  p_pay_n:000113  th_flags:"PSH ACK "  p_pay_hex:"65 63 64 38 62 31 65 34 32 35 30 31 62 32 32 38 32 37 37 34"
iframe:1283720  direction:"h->l"  seq:000000002165  seq_gap:0000  p_pay_n:000113  th_flags:"PSH ACK "  p_pay_hex:"33 32 62 39 33 34 65 35 65 63 30 65 37 62 33 39 36 63 32 65"
iframe:1283768  direction:"h->l"  seq:000000002278  seq_gap:0000  p_pay_n:000113  th_flags:"PSH ACK "  p_pay_hex:"34 66 38 37 62 66 30 62 61 30 32 35 62 30 38 35 37 33 65 34"
iframe:1283808  direction:"h->l"  seq:000000002391  seq_gap:0000  p_pay_n:000113  th_flags:"PSH ACK "  p_pay_hex:"65 31 36 65 33 62 66 31 33 34 63 38 37 63 66 64 37 31 38 37"
iframe:1283925  direction:"h->l"  seq:000000002504  seq_gap:0000  p_pay_n:000113  th_flags:"PSH ACK "  p_pay_hex:"37 37 37 35 36 65 37 64 38 64 39 64 65 64 39 64 35 38 36 66"
iframe:1283973  direction:"h->l"  seq:000000002617  seq_gap:0000  p_pay_n:000113  th_flags:"PSH ACK "  p_pay_hex:"30 39 30 36 35 30 61 34 32 32 30 37 32 35 35 35 64 65 65 37"
iframe:1284222  direction:"h->l"  seq:000000002730  seq_gap:0000  p_pay_n:000439  th_flags:"PSH ACK "  p_pay_hex:"62 39 33 34 65 35 65 63 30 65 37 62 33 39 36 63 32 65 66 33"
iframe:1285785  direction:"h->l"  seq:000000003282  seq_gap:0113  p_pay_n:000439  th_flags:"PSH ACK "  p_pay_hex:"62 66 30 62 61 30 32 35 62 30 38 35 37 33 65 34 30 33 65 34"
iframe:1286811  direction:"h->l"  seq:000000003721  seq_gap:0000  p_pay_n:000439  th_flags:"PSH ACK "  p_pay_hex:"35 62 32 37 30 65 63 64 38 62 31 65 34 32 35 30 31 62 32 32"
iframe:1288717  direction:"h->l"  seq:000000004160  seq_gap:0000  p_pay_n:000439  th_flags:"PSH ACK "  p_pay_hex:"34 63 39 36 32 66 64 34 62 36 65 34 35 66 62 33 34 62 34 31"
iframe:1289853  direction:"h->l"  seq:000000004599  seq_gap:0000  p_pay_n:000113  th_flags:"PSH ACK "  p_pay_hex:"63 38 37 63 66 64 37 31 38 37 39 65 64 30 34 37 66 30 66 64"
iframe:1289912  direction:"h->l"  seq:000000004712  seq_gap:0000  p_pay_n:000113  th_flags:"PSH ACK "  p_pay_hex:"37 36 66 62 33 34 39 39 39 30 31 34 36 66 61 36 33 62 63 35"
iframe:1290457  direction:"h->l"  seq:000000004825  seq_gap:0000  p_pay_n:000113  th_flags:"PSH ACK "  p_pay_hex:"63 63 64 32 33 62 64 65 63 33 64 65 37 33 34 32 31 31 65 36"
iframe:1290465  direction:"h->l"  seq:000000004938  seq_gap:0000  p_pay_n:000113  th_flags:"PSH ACK "  p_pay_hex:"63 38 37 63 66 64 37 31 38 37 39 65 64 30 34 37 66 30 66 64"
iframe:1291125  direction:"h->l"  seq:000000005390  seq_gap:0339  p_pay_n:000113  th_flags:"PSH ACK "  p_pay_hex:"63 35 37 39 65 38 39 37 66 36 63 34 39 30 32 32 30 33 62 65"
iframe:1291131  direction:"h->l"  seq:000000005503  seq_gap:0000  p_pay_n:000113  th_flags:"PSH ACK "  p_pay_hex:"35 63 66 30 63 64 61 30 32 64 31 36 37 39 64 36 63 63 64 32"
iframe:1291679  direction:"h->l"  seq:000000005616  seq_gap:0000  p_pay_n:000439  th_flags:"PSH ACK "  p_pay_hex:"63 38 37 63 66 64 37 31 38 37 39 65 64 30 34 37 66 30 66 64"
iframe:1291959  direction:"h->l"  seq:000000006055  seq_gap:0000  p_pay_n:000439  th_flags:"PSH ACK "  p_pay_hex:"35 37 66 34 31 30 34 63 64 33 34 63 39 36 32 66 64 34 62 36"
iframe:1293012  direction:"h->l"  seq:000000006933  seq_gap:0439  p_pay_n:000113  th_flags:"PSH ACK "  p_pay_hex:"30 62 61 30 32 35 62 30 38 35 37 33 65 34 30 33 65 34 61 62"
iframe:1293279  direction:"h->l"  seq:000000007046  seq_gap:0000  p_pay_n:000113  th_flags:"PSH ACK "  p_pay_hex:"36 30 39 62 61 66 37 38 37 66 65 32 38 65 62 33 34 39 62 64"
iframe:1293392  direction:"h->l"  seq:000000007159  seq_gap:0000  p_pay_n:000113  th_flags:"PSH ACK "  p_pay_hex:"30 62 61 30 32 35 62 30 38 35 37 33 65 34 30 33 65 34 61 62"
iframe:1294435  direction:"h->l"  seq:000000007272  seq_gap:0000  p_pay_n:000439  th_flags:"PSH ACK "  p_pay_hex:"35 34 63 65 33 30 66 37 34 35 63 63 39 37 63 37 62 64 39 32"
iframe:1295912  direction:"h->l"  seq:000000007711  seq_gap:0000  p_pay_n:000439  th_flags:"PSH ACK "  p_pay_hex:"38 64 63 32 34 30 61 39 34 66 38 37 62 66 30 62 61 30 32 35"
iframe:1297594  direction:"h->l"  seq:000000008150  seq_gap:0000  p_pay_n:000439  th_flags:"PSH ACK "  p_pay_hex:"34 30 36 31 38 66 35 39 66 37 62 34 62 30 30 39 39 64 31 65"
iframe:1298717  direction:"h->l"  seq:000000008589  seq_gap:0000  p_pay_n:000439  th_flags:"PSH ACK "  p_pay_hex:"33 34 39 39 39 30 31 34 36 66 61 36 33 62 63 35 37 39 65 38"
iframe:1300391  direction:"h->l"  seq:000000009467  seq_gap:0439  p_pay_n:000372  th_flags:"PSH ACK "  p_pay_hex:"37 66 65 32 38 65 62 33 34 39 62 64 64 65 66 36 31 62 64 39"
iframe:1300568  direction:"h->l"  seq:000000009839  seq_gap:0000  p_pay_n:000372  th_flags:"PSH ACK "  p_pay_hex:"37 66 65 32 38 65 62 33 34 39 62 64 64 65 66 36 31 62 64 39"
iframe:1301690  direction:"h->l"  seq:000000010211  seq_gap:0000  p_pay_n:000372  th_flags:"PSH ACK "  p_pay_hex:"37 32 63 61 33 35 34 30 64 34 33 34 35 64 65 63 39 39 39 36"
iframe:1302502  direction:"h->l"  seq:000000010583  seq_gap:0000  p_pay_n:000372  th_flags:"PSH ACK "  p_pay_hex:"37 38 37 66 65 32 38 65 62 33 34 39 62 64 64 65 66 36 31 62"
iframe:1304474  direction:"h->l"  seq:000000011440  seq_gap:0485  p_pay_n:000113  th_flags:"PSH ACK "  p_pay_hex:"33 62 63 35 37 39 65 38 39 37 66 36 63 34 39 30 32 32 30 33"
iframe:1304595  direction:"h->l"  seq:000000011553  seq_gap:0000  p_pay_n:000113  th_flags:"PSH ACK "  p_pay_hex:"62 36 65 34 35 66 62 33 34 62 34 31 34 31 66 63 63 66 63 64"
iframe:1304607  direction:"h->l"  seq:000000011666  seq_gap:0000  p_pay_n:000113  th_flags:"PSH ACK "  p_pay_hex:"35 37 66 34 31 30 34 63 64 33 34 63 39 36 32 66 64 34 62 36"
iframe:1304608  direction:"h->l"  seq:000000011779  seq_gap:0000  p_pay_n:000113  th_flags:"PSH ACK "  p_pay_hex:"35 37 66 34 31 30 34 63 64 33 34 63 39 36 32 66 64 34 62 36"
iframe:1304645  direction:"h->l"  seq:000000011892  seq_gap:0000  p_pay_n:000113  th_flags:"PSH ACK "  p_pay_hex:"35 37 66 34 31 30 34 63 64 33 34 63 39 36 32 66 64 34 62 36"
iframe:1304828  direction:"h->l"  seq:000000012005  seq_gap:0000  p_pay_n:000113  th_flags:"PSH ACK "  p_pay_hex:"63 38 37 63 66 64 37 31 38 37 39 65 64 30 34 37 66 30 66 64"
iframe:1304829  direction:"h->l"  seq:000000012118  seq_gap:0000  p_pay_n:000113  th_flags:"PSH ACK "  p_pay_hex:"63 38 37 63 66 64 37 31 38 37 39 65 64 30 34 37 66 30 66 64"
iframe:1304984  direction:"h->l"  seq:000000012344  seq_gap:0113  p_pay_n:000113  th_flags:"PSH ACK "  p_pay_hex:"37 64 38 64 39 64 65 64 39 64 35 38 36 66 39 30 33 39 66 34"
iframe:1305193  direction:"h->l"  seq:000000012457  seq_gap:0000  p_pay_n:000113  th_flags:"PSH ACK "  p_pay_hex:"64 62 34 33 36 35 37 33 36 66 37 61 62 31 34 37 36 32 63 32"
iframe:1305214  direction:"h->l"  seq:000000012570  seq_gap:0000  p_pay_n:000113  th_flags:"PSH ACK "  p_pay_hex:"64 31 65 61 36 61 61 65 31 31 33 39 30 61 34 32 63 34 36 31"
iframe:1306906  direction:"h->l"  seq:000000012683  seq_gap:0000  p_pay_n:000113  th_flags:"PSH ACK "  p_pay_hex:"31 34 37 36 32 63 32 34 30 39 35 62 32 37 30 65 63 64 38 62"
iframe:1309509  direction:"h->l"  seq:000000012909  seq_gap:0113  p_pay_n:000439  th_flags:"PSH ACK "  p_pay_hex:"37 64 38 64 39 64 65 64 39 64 35 38 36 66 39 30 33 39 66 34"
iframe:1310670  direction:"h->l"  seq:000000013348  seq_gap:0000  p_pay_n:000439  th_flags:"PSH ACK "  p_pay_hex:"63 38 37 63 66 64 37 31 38 37 39 65 64 30 34 37 66 30 66 64"
iframe:1311658  direction:"h->l"  seq:000000013787  seq_gap:0000  p_pay_n:000439  th_flags:"PSH ACK "  p_pay_hex:"65 64 39 64 35 38 36 66 39 30 33 39 66 34 66 39 65 35 35 38"
iframe:1312407  direction:"h->l"  seq:000000014226  seq_gap:0000  p_pay_n:000113  th_flags:"PSH ACK "  p_pay_hex:"36 65 37 64 38 64 39 64 65 64 39 64 35 38 36 66 39 30 33 39"
iframe:1313029  direction:"h->l"  seq:000000014339  seq_gap:0000  p_pay_n:000439  th_flags:"PSH ACK "  p_pay_hex:"37 36 66 62 33 34 39 39 39 30 31 34 36 66 61 36 33 62 63 35"
iframe:1314491  direction:"h->l"  seq:000000014778  seq_gap:0000  p_pay_n:000439  th_flags:"PSH ACK "  p_pay_hex:"62 66 30 62 61 30 32 35 62 30 38 35 37 33 65 34 30 33 65 34"
iframe:1315060  direction:"h->l"  seq:000000015217  seq_gap:0000  p_pay_n:000439  th_flags:"PSH ACK "  p_pay_hex:"39 36 33 64 32 31 65 36 38 35 30 32 37 61 61 66 64 31 32 33"
iframe:1318724  direction:"h->l"  seq:000000016467  seq_gap:0811  p_pay_n:000372  th_flags:"PSH ACK "  p_pay_hex:"32 31 65 36 38 35 30 32 37 61 61 66 64 31 32 33 66 65 61 31"
iframe:1319599  direction:"h->l"  seq:000000016839  seq_gap:0000  p_pay_n:000372  th_flags:"PSH ACK "  p_pay_hex:"37 64 38 64 39 64 65 64 39 64 35 38 36 66 39 30 33 39 66 34"
iframe:1320786  direction:"h->l"  seq:000000017211  seq_gap:0000  p_pay_n:000372  th_flags:"PSH ACK "  p_pay_hex:"39 35 31 32 32 33 65 39 62 33 64 30 30 36 63 61 30 64 61 34"
iframe:1321719  direction:"h->l"  seq:000000017583  seq_gap:0000  p_pay_n:000372  th_flags:"PSH ACK "  p_pay_hex:"39 31 39 38 38 61 64 64 30 31 33 32 62 39 33 34 65 35 65 63"
iframe:1322405  direction:"h->l"  seq:000000017955  seq_gap:0000  p_pay_n:000372  th_flags:"PSH ACK "  p_pay_hex:"36 36 35 30 35 36 31 30 39 39 38 34 65 62 63 66 33 30 36 31"
iframe:1324105  direction:"h->l"  seq:000000020414  seq_gap:2087  p_pay_n:000439  th_flags:"PSH ACK "  p_pay_hex:"37 36 66 62 33 34 39 39 39 30 31 34 36 66 61 36 33 62 63 35"
iframe:1324266  direction:"h->l"  seq:000000020853  seq_gap:0000  p_pay_n:000113  th_flags:"PSH ACK "  p_pay_hex:"62 35 36 30 39 62 61 66 37 38 37 66 65 32 38 65 62 33 34 39"
iframe:1326154  direction:"h->l"  seq:000000024004  seq_gap:3038  p_pay_n:000439  th_flags:"PSH ACK "  p_pay_hex:"33 34 34 34 34 35 31 66 30 31 66 32 37 30 30 33 65 38 34 64"
iframe:1328547  direction:"h->l"  seq:000000024882  seq_gap:0439  p_pay_n:000439  th_flags:"PSH ACK "  p_pay_hex:"64 62 34 33 36 35 37 33 36 66 37 61 62 31 34 37 36 32 63 32"
iframe:1330563  direction:"h->l"  seq:000000028379  seq_gap:3058  p_pay_n:000113  th_flags:"PSH ACK "  p_pay_hex:"30 33 65 38 34 64 63 33 34 36 39 65 36 31 64 64 63 66 61 64"
iframe:1332924  direction:"h->l"  seq:000000031157  seq_gap:2665  p_pay_n:000372  th_flags:"PSH ACK "  p_pay_hex:"64 64 30 31 33 32 62 39 33 34 65 35 65 63 30 65 37 62 33 39"
iframe:1333854  direction:"h->l"  seq:000000032273  seq_gap:0744  p_pay_n:000372  th_flags:"PSH ACK "  p_pay_hex:"64 62 34 33 36 35 37 33 36 66 37 61 62 31 34 37 36 32 63 32"
iframe:1334890  direction:"h->l"  seq:000000033582  seq_gap:0937  p_pay_n:000113  th_flags:"PSH ACK "  p_pay_hex:"64 62 32 31 65 34 35 34 63 65 33 30 66 37 34 35 63 63 39 37"
iframe:1334979  direction:"h->l"  seq:000000033695  seq_gap:0000  p_pay_n:000113  th_flags:"PSH ACK "  p_pay_hex:"65 33 63 65 62 62 39 38 64 36 64 34 36 66 62 63 63 35 38 31"
iframe:1335351  direction:"h->l"  seq:000000034034  seq_gap:0226  p_pay_n:000113  th_flags:"PSH ACK "  p_pay_hex:"63 38 37 63 66 64 37 31 38 37 39 65 64 30 34 37 66 30 66 64"
iframe:1335381  direction:"h->l"  seq:000000034147  seq_gap:0000  p_pay_n:000113  th_flags:"PSH ACK "  p_pay_hex:"33 62 64 65 63 33 64 65 37 33 34 32 31 31 65 36 35 37 66 34"
iframe:1335441  direction:"h->l"  seq:000000034260  seq_gap:0000  p_pay_n:000113  th_flags:"PSH ACK "  p_pay_hex:"63 32 34 30 39 35 62 32 37 30 65 63 64 38 62 31 65 34 32 35"
iframe:1335505  direction:"h->l"  seq:000000034486  seq_gap:0113  p_pay_n:000113  th_flags:"PSH ACK "  p_pay_hex:"62 33 34 39 62 64 64 65 66 36 31 62 64 39 61 36 64 33 30 34"
iframe:1335710  direction:"h->l"  seq:000000034938  seq_gap:0339  p_pay_n:000113  th_flags:"PSH ACK "  p_pay_hex:"34 30 36 31 38 66 35 39 66 37 62 34 62 30 30 39 39 64 31 65"
iframe:1335749  direction:"h->l"  seq:000000035051  seq_gap:0000  p_pay_n:000113  th_flags:"PSH ACK "  p_pay_hex:"31 30 34 63 64 33 34 63 39 36 32 66 64 34 62 36 65 34 35 66"
iframe:1335760  direction:"h->l"  seq:000000035164  seq_gap:0000  p_pay_n:000113  th_flags:"PSH ACK "  p_pay_hex:"63 35 37 39 65 38 39 37 66 36 63 34 39 30 32 32 30 33 62 65"
iframe:1337172  direction:"h->l"  seq:000000036168  seq_gap:0891  p_pay_n:000113  th_flags:"PSH ACK "  p_pay_hex:"39 37 63 37 62 64 39 32 31 64 39 30 64 62 35 39 32 65 37 36"
iframe:1337465  direction:"h->l"  seq:000000036281  seq_gap:0000  p_pay_n:000113  th_flags:"PSH ACK "  p_pay_hex:"61 38 65 35 65 31 39 30 63 39 36 65 62 35 64 31 64 66 32 66"
iframe:1338059  direction:"h->l"  seq:000000036959  seq_gap:0565  p_pay_n:000113  th_flags:"PSH ACK "  p_pay_hex:"36 35 37 33 36 66 37 61 62 31 34 37 36 32 63 32 34 30 39 35"
iframe:1338836  direction:"h->l"  seq:000000037072  seq_gap:0000  p_pay_n:000372  th_flags:"PSH ACK "  p_pay_hex:"63 38 37 63 66 64 37 31 38 37 39 65 64 30 34 37 66 30 66 64"
iframe:1340272  direction:"h->l"  seq:000000038188  seq_gap:0744  p_pay_n:000372  th_flags:"PSH ACK "  p_pay_hex:"64 64 30 31 33 32 62 39 33 34 65 35 65 63 30 65 37 62 33 39"
iframe:1340530  direction:"h->l"  seq:000000038560  seq_gap:0000  p_pay_n:000372  th_flags:"PSH ACK "  p_pay_hex:"63 32 34 30 61 39 34 66 38 37 62 66 30 62 61 30 32 35 62 30"
iframe:1341204  direction:"h->l"  seq:000000039304  seq_gap:0372  p_pay_n:000372  th_flags:"PSH ACK "  p_pay_hex:"61 66 37 38 37 66 65 32 38 65 62 33 34 39 62 64 64 65 66 36"
iframe:1341415  direction:"h->l"  seq:000000039676  seq_gap:0000  p_pay_n:000372  th_flags:"PSH ACK "  p_pay_hex:"33 32 62 39 33 34 65 35 65 63 30 65 37 62 33 39 36 63 32 65"
iframe:1341656  direction:"h->l"  seq:000000040048  seq_gap:0000  p_pay_n:000372  th_flags:"PSH ACK "  p_pay_hex:"32 34 36 31 61 38 65 35 65 31 39 30 63 39 36 65 62 35 64 31"
iframe:1342151  direction:"h->l"  seq:000000040420  seq_gap:0000  p_pay_n:000372  th_flags:"PSH ACK "  p_pay_hex:"39 31 39 38 38 61 64 64 30 31 33 32 62 39 33 34 65 35 65 63"
iframe:1342445  direction:"h->l"  seq:000000040792  seq_gap:0000  p_pay_n:000372  th_flags:"PSH ACK "  p_pay_hex:"36 64 36 31 36 61 32 65 33 39 64 36 37 34 62 37 33 63 39 62"
iframe:1342738  direction:"h->l"  seq:000000041164  seq_gap:0000  p_pay_n:000372  th_flags:"PSH ACK "  p_pay_hex:"61 36 33 62 63 35 37 39 65 38 39 37 66 36 63 34 39 30 32 32"
iframe:1343677  direction:"h->l"  seq:000000041536  seq_gap:0000  p_pay_n:000372  th_flags:"PSH ACK "  p_pay_hex:"36 30 39 62 61 66 37 38 37 66 65 32 38 65 62 33 34 39 62 64"
iframe:1343901  direction:"h->l"  seq:000000041908  seq_gap:0000  p_pay_n:000372  th_flags:"PSH ACK "  p_pay_hex:"37 39 65 38 39 37 66 36 63 34 39 30 32 32 30 33 62 65 32 30"
iframe:1344954  direction:"h->l"  seq:000000042280  seq_gap:0000  p_pay_n:000372  th_flags:"PSH ACK "  p_pay_hex:"62 65 32 30 38 35 37 61 30 37 39 34 39 37 30 64 35 38 64 62"
iframe:1346227  direction:"h->l"  seq:000000042652  seq_gap:0000  p_pay_n:000372  th_flags:"PSH ACK "  p_pay_hex:"39 37 63 37 62 64 39 32 31 64 39 30 64 62 35 39 32 65 37 36"
iframe:1347628  direction:"h->l"  seq:000000043024  seq_gap:0000  p_pay_n:000372  th_flags:"PSH ACK "  p_pay_hex:"38 64 63 32 34 30 61 39 34 66 38 37 62 66 30 62 61 30 32 35"
iframe:1348835  direction:"h->l"  seq:000000043396  seq_gap:0000  p_pay_n:000372  th_flags:"PSH ACK "  p_pay_hex:"37 38 37 66 65 32 38 65 62 33 34 39 62 64 64 65 66 36 31 62"
iframe:1349746  direction:"h->l"  seq:000000043768  seq_gap:0000  p_pay_n:000113  th_flags:"PSH ACK "  p_pay_hex:"66 31 36 36 37 32 36 35 38 65 32 66 37 62 36 61 64 38 36 64"
iframe:1349778  direction:"h->l"  seq:000000043994  seq_gap:0113  p_pay_n:000113  th_flags:"PSH ACK "  p_pay_hex:"63 38 37 63 66 64 37 31 38 37 39 65 64 30 34 37 66 30 66 64"
iframe:1354845  direction:"h->l"  seq:000000045190  seq_gap:1083  p_pay_n:000372  th_flags:"PSH ACK "  p_pay_hex:"37 39 65 38 39 37 66 36 63 34 39 30 32 32 30 33 62 65 32 30"
iframe:1355474  direction:"h->l"  seq:000000045562  seq_gap:0000  p_pay_n:000372  th_flags:"PSH ACK "  p_pay_hex:"61 39 34 66 38 37 62 66 30 62 61 30 32 35 62 30 38 35 37 33"
iframe:1356034  direction:"h->l"  seq:000000045934  seq_gap:0000  p_pay_n:000372  th_flags:"PSH ACK "  p_pay_hex:"64 62 34 33 36 35 37 33 36 66 37 61 62 31 34 37 36 32 63 32"
iframe:1356879  direction:"h->l"  seq:000000046306  seq_gap:0000  p_pay_n:000372  th_flags:"PSH ACK "  p_pay_hex:"35 31 39 33 39 61 64 35 66 38 36 36 61 65 30 64 32 61 61 65"
iframe:1358393  direction:"h->l"  seq:000000046678  seq_gap:0000  p_pay_n:000372  th_flags:"PSH ACK "  p_pay_hex:"37 39 65 38 39 37 66 36 63 34 39 30 32 32 30 33 62 65 32 30"
iframe:1359377  direction:"h->l"  seq:000000047050  seq_gap:0000  p_pay_n:000372  th_flags:"PSH ACK "  p_pay_hex:"66 36 63 34 39 30 32 32 30 33 62 65 32 30 38 35 37 61 30 37"
iframe:1360174  direction:"h->l"  seq:000000047422  seq_gap:0000  p_pay_n:000372  th_flags:"PSH ACK "  p_pay_hex:"33 63 39 62 31 31 66 39 61 33 32 36 32 61 34 66 30 33 34 34"
iframe:1360240  direction:"h->l"  seq:000000047794  seq_gap:0000  p_pay_n:000113  th_flags:"PSH ACK "  p_pay_hex:"37 64 38 64 39 64 65 64 39 64 35 38 36 66 39 30 33 39 66 34"
iframe:1360291  direction:"h->l"  seq:000000047907  seq_gap:0000  p_pay_n:000113  th_flags:"PSH ACK "  p_pay_hex:"64 39 64 35 38 36 66 39 30 33 39 66 34 66 39 65 35 35 38 30"
iframe:1360313  direction:"h->l"  seq:000000048020  seq_gap:0000  p_pay_n:000113  th_flags:"PSH ACK "  p_pay_hex:"65 31 36 65 33 62 66 31 33 34 63 38 37 63 66 64 37 31 38 37"
iframe:1360358  direction:"h->l"  seq:000000048133  seq_gap:0000  p_pay_n:000113  th_flags:"PSH ACK "  p_pay_hex:"64 39 64 35 38 36 66 39 30 33 39 66 34 66 39 65 35 35 38 30"
iframe:1360482  direction:"h->l"  seq:000000048472  seq_gap:0226  p_pay_n:000113  th_flags:"PSH ACK "  p_pay_hex:"61 66 37 38 37 66 65 32 38 65 62 33 34 39 62 64 64 65 66 36"
iframe:1360643  direction:"h->l"  seq:000000049037  seq_gap:0452  p_pay_n:000113  th_flags:"PSH ACK "  p_pay_hex:"61 66 37 38 37 66 65 32 38 65 62 33 34 39 62 64 64 65 66 36"
iframe:1360721  direction:"h->l"  seq:000000049263  seq_gap:0113  p_pay_n:000113  th_flags:"PSH ACK "  p_pay_hex:"62 65 61 36 33 38 35 64 31 35 66 61 61 64 63 36 63 63 38 33"
iframe:1360786  direction:"h->l"  seq:000000049489  seq_gap:0113  p_pay_n:000113  th_flags:"PSH ACK "  p_pay_hex:"63 64 32 33 62 64 65 63 33 64 65 37 33 34 32 31 31 65 36 35"
iframe:1360961  direction:"h->l"  seq:000000050280  seq_gap:0678  p_pay_n:000113  th_flags:"PSH ACK "  p_pay_hex:"61 36 64 36 31 36 61 32 65 33 39 64 36 37 34 62 37 33 63 39"
iframe:1361042  direction:"h->l"  seq:000000050619  seq_gap:0226  p_pay_n:000113  th_flags:"PSH ACK "  p_pay_hex:"64 64 63 66 61 64 39 63 32 62 63 37 63 35 39 31 39 38 38 61"
iframe:1361107  direction:"h->l"  seq:000000050845  seq_gap:0113  p_pay_n:000113  th_flags:"PSH ACK "  p_pay_hex:"65 31 30 66 35 36 39 34 30 36 31 38 66 35 39 66 37 62 34 62"
iframe:1361431  direction:"h->l"  seq:000000051071  seq_gap:0113  p_pay_n:000113  th_flags:"PSH ACK "  p_pay_hex:"62 35 36 30 39 62 61 66 37 38 37 66 65 32 38 65 62 33 34 39"
iframe:1361440  direction:"h->l"  seq:000000051184  seq_gap:0000  p_pay_n:000226  th_flags:"PSH ACK "  p_pay_hex:"62 35 36 30 39 62 61 66 37 38 37 66 65 32 38 65 62 33 34 39"
iframe:1364495  direction:"h->l"  seq:000000051410  seq_gap:0000  p_pay_n:000439  th_flags:"PSH ACK "  p_pay_hex:"64 33 37 34 38 61 36 32 33 36 64 61 61 63 66 39 63 39 32 37"
iframe:1364803  direction:"h->l"  seq:000000051849  seq_gap:0000  p_pay_n:000439  th_flags:"PSH ACK "  p_pay_hex:"64 64 30 31 33 32 62 39 33 34 65 35 65 63 30 65 37 62 33 39"
iframe:1365550  direction:"h->l"  seq:000000052288  seq_gap:0000  p_pay_n:000439  th_flags:"PSH ACK "  p_pay_hex:"38 64 63 32 34 30 61 39 34 66 38 37 62 66 30 62 61 30 32 35"
iframe:1369660  direction:"h->l"  seq:000000053605  seq_gap:0878  p_pay_n:000439  th_flags:"PSH ACK "  p_pay_hex:"37 35 36 65 37 64 38 64 39 64 65 64 39 64 35 38 36 66 39 30"
iframe:1370555  direction:"h->l"  seq:000000054044  seq_gap:0000  p_pay_n:000372  th_flags:"PSH ACK "  p_pay_hex:"37 35 36 65 37 64 38 64 39 64 65 64 39 64 35 38 36 66 39 30"
iframe:1371566  direction:"h->l"  seq:000000054416  seq_gap:0000  p_pay_n:000372  th_flags:"PSH ACK "  p_pay_hex:"37 64 38 64 39 64 65 64 39 64 35 38 36 66 39 30 33 39 66 34"
iframe:1372814  direction:"h->l"  seq:000000054788  seq_gap:0000  p_pay_n:000372  th_flags:"PSH ACK "  p_pay_hex:"37 36 66 62 33 34 39 39 39 30 31 34 36 66 61 36 33 62 63 35"
iframe:1374644  direction:"h->l"  seq:000000055160  seq_gap:0000  p_pay_n:000372  th_flags:"PSH ACK "  p_pay_hex:"37 39 65 64 30 34 37 66 30 66 64 31 39 35 31 32 32 33 65 39"
iframe:1376167  direction:"h->l"  seq:000000055532  seq_gap:0000  p_pay_n:000372  th_flags:"PSH ACK "  p_pay_hex:"39 62 61 66 37 38 37 66 65 32 38 65 62 33 34 39 62 64 64 65"
iframe:1376382  direction:"h->l"  seq:000000055904  seq_gap:0000  p_pay_n:000372  th_flags:"PSH ACK "  p_pay_hex:"61 36 33 38 35 64 31 35 66 61 61 64 63 36 63 63 38 33 61 33"
iframe:1377223  direction:"h->l"  seq:000000056276  seq_gap:0000  p_pay_n:000372  th_flags:"PSH ACK "  p_pay_hex:"39 31 39 38 38 61 64 64 30 31 33 32 62 39 33 34 65 35 65 63"
iframe:1378010  direction:"h->l"  seq:000000056648  seq_gap:0000  p_pay_n:000372  th_flags:"PSH ACK "  p_pay_hex:"39 30 37 37 37 35 36 65 37 64 38 64 39 64 65 64 39 64 35 38"
iframe:1378469  direction:"h->l"  seq:000000057020  seq_gap:0000  p_pay_n:000372  th_flags:"PSH ACK "  p_pay_hex:"38 37 62 66 30 62 61 30 32 35 62 30 38 35 37 33 65 34 30 33"
iframe:1378701  direction:"h->l"  seq:000000057392  seq_gap:0000  p_pay_n:000113  th_flags:"PSH ACK "  p_pay_hex:"63 35 37 39 65 38 39 37 66 36 63 34 39 30 32 32 30 33 62 65"
iframe:1378759  direction:"h->l"  seq:000000057505  seq_gap:0000  p_pay_n:000113  th_flags:"PSH ACK "  p_pay_hex:"30 37 32 35 35 35 64 65 65 37 36 38 35 63 30 33 30 65 65 66"
iframe:1378787  direction:"h->l"  seq:000000057618  seq_gap:0000  p_pay_n:000113  th_flags:"PSH ACK "  p_pay_hex:"63 32 34 36 31 61 38 65 35 65 31 39 30 63 39 36 65 62 35 64"
iframe:1378846  direction:"h->l"  seq:000000057844  seq_gap:0113  p_pay_n:000113  th_flags:"PSH ACK "  p_pay_hex:"30 62 61 30 32 35 62 30 38 35 37 33 65 34 30 33 65 34 61 62"
iframe:1378885  direction:"h->l"  seq:000000058070  seq_gap:0113  p_pay_n:000113  th_flags:"PSH ACK "  p_pay_hex:"39 37 66 64 38 64 63 32 34 30 61 39 34 66 38 37 62 66 30 62"
iframe:1380027  direction:"h->l"  seq:000000058183  seq_gap:0000  p_pay_n:000439  th_flags:"PSH ACK "  p_pay_hex:"62 65 32 30 38 35 37 61 30 37 39 34 39 37 30 64 35 38 64 62"
iframe:1381034  direction:"h->l"  seq:000000058622  seq_gap:0000  p_pay_n:000113  th_flags:"PSH ACK "  p_pay_hex:"38 65 35 65 31 39 30 63 39 36 65 62 35 64 31 64 66 32 66 39"
iframe:1381215  direction:"h->l"  seq:000000058848  seq_gap:0113  p_pay_n:000113  th_flags:"PSH ACK "  p_pay_hex:"62 35 36 30 39 62 61 66 37 38 37 66 65 32 38 65 62 33 34 39"
iframe:1381323  direction:"h->l"  seq:000000059187  seq_gap:0226  p_pay_n:000113  th_flags:"PSH ACK "  p_pay_hex:"39 37 66 64 38 64 63 32 34 30 61 39 34 66 38 37 62 66 30 62"
iframe:1381394  direction:"h->l"  seq:000000059413  seq_gap:0113  p_pay_n:000113  th_flags:"PSH ACK "  p_pay_hex:"35 37 66 34 31 30 34 63 64 33 34 63 39 36 32 66 64 34 62 36"
iframe:1382795  direction:"h->l"  seq:000000059526  seq_gap:0000  p_pay_n:000113  th_flags:"PSH ACK "  p_pay_hex:"30 62 61 30 32 35 62 30 38 35 37 33 65 34 30 33 65 34 61 62"
iframe:1382801  direction:"h->l"  seq:000000059639  seq_gap:0000  p_pay_n:000113  th_flags:"PSH ACK "  p_pay_hex:"30 62 61 30 32 35 62 30 38 35 37 33 65 34 30 33 65 34 61 62"
iframe:1383984  direction:"h->l"  seq:000000059865  seq_gap:0113  p_pay_n:000113  th_flags:"PSH ACK "  p_pay_hex:"63 38 37 63 66 64 37 31 38 37 39 65 64 30 34 37 66 30 66 64"
iframe:1387288  direction:"h->l"  seq:000000060430  seq_gap:0452  p_pay_n:000439  th_flags:"PSH ACK "  p_pay_hex:"62 37 39 30 37 37 37 35 36 65 37 64 38 64 39 64 65 64 39 64"
iframe:1388939  direction:"h->l"  seq:000000060869  seq_gap:0000  p_pay_n:000439  th_flags:"PSH ACK "  p_pay_hex:"62 65 32 30 38 35 37 61 30 37 39 34 39 37 30 64 35 38 64 62"
iframe:1389487  direction:"h->l"  seq:000000061308  seq_gap:0000  p_pay_n:000113  th_flags:"PSH ACK "  p_pay_hex:"37 36 66 62 33 34 39 39 39 30 31 34 36 66 61 36 33 62 63 35"
iframe:1389620  direction:"h->l"  seq:000000061421  seq_gap:0000  p_pay_n:000113  th_flags:"PSH ACK "  p_pay_hex:"30 61 34 32 32 30 37 32 35 35 35 64 65 65 37 36 38 35 63 30"
iframe:1389621  direction:"h->l"  seq:000000061534  seq_gap:0000  p_pay_n:000113  th_flags:"PSH ACK "  p_pay_hex:"30 61 34 32 32 30 37 32 35 35 35 64 65 65 37 36 38 35 63 30"
iframe:1392916  direction:"h->l"  seq:000000062086  seq_gap:0439  p_pay_n:000113  th_flags:"PSH ACK "  p_pay_hex:"63 38 37 63 66 64 37 31 38 37 39 65 64 30 34 37 66 30 66 64"
iframe:1394680  direction:"h->l"  seq:000000062312  seq_gap:0113  p_pay_n:000113  th_flags:"PSH ACK "  p_pay_hex:"36 31 38 66 35 39 66 37 62 34 62 30 30 39 39 64 31 65 61 36"
iframe:1395352  direction:"h->l"  seq:000000062425  seq_gap:0000  p_pay_n:000113  th_flags:"PSH ACK "  p_pay_hex:"61 36 33 62 63 35 37 39 65 38 39 37 66 36 63 34 39 30 32 32"
iframe:1396886  direction:"h->l"  seq:000000062764  seq_gap:0226  p_pay_n:000439  th_flags:"PSH ACK "  p_pay_hex:"34 30 61 39 34 66 38 37 62 66 30 62 61 30 32 35 62 30 38 35"
iframe:1397172  direction:"h->l"  seq:000000063203  seq_gap:0000  p_pay_n:000439  th_flags:"PSH ACK "  p_pay_hex:"37 63 64 32 30 66 37 65 63 39 65 61 62 31 63 62 63 38 63 64"
iframe:1400411  direction:"h->l"  seq:000000064014  seq_gap:0372  p_pay_n:000372  th_flags:"PSH ACK "  p_pay_hex:"37 39 65 64 30 34 37 66 30 66 64 31 39 35 31 32 32 33 65 39"
iframe:1401221  direction:"h->l"  seq:000000064386  seq_gap:0000  p_pay_n:000372  th_flags:"PSH ACK "  p_pay_hex:"62 35 36 30 39 62 61 66 37 38 37 66 65 32 38 65 62 33 34 39"
iframe:1401550  direction:"h->l"  seq:000000064758  seq_gap:0000  p_pay_n:000372  th_flags:"PSH ACK "  p_pay_hex:"39 64 35 38 36 66 39 30 33 39 66 34 66 39 65 35 35 38 30 31"
iframe:1401734  direction:"h->l"  seq:000000065130  seq_gap:0000  p_pay_n:000113  th_flags:"PSH ACK "  p_pay_hex:"37 39 65 38 39 37 66 36 63 34 39 30 32 32 30 33 62 65 32 30"
iframe:1401777  direction:"h->l"  seq:000000065243  seq_gap:0000  p_pay_n:000113  th_flags:"PSH ACK "  p_pay_hex:"37 39 65 38 39 37 66 36 63 34 39 30 32 32 30 33 62 65 32 30"
iframe:1401845  direction:"h->l"  seq:000000065356  seq_gap:0000  p_pay_n:000113  th_flags:"PSH ACK "  p_pay_hex:"37 38 37 66 65 32 38 65 62 33 34 39 62 64 64 65 66 36 31 62"
iframe:1401953  direction:"h->l"  seq:000000065582  seq_gap:0113  p_pay_n:000113  th_flags:"PSH ACK "  p_pay_hex:"37 66 65 32 38 65 62 33 34 39 62 64 64 65 66 36 31 62 64 39"
iframe:1401985  direction:"h->l"  seq:000000065695  seq_gap:0000  p_pay_n:000113  th_flags:"PSH ACK "  p_pay_hex:"64 62 32 31 65 34 35 34 63 65 33 30 66 37 34 35 63 63 39 37"
iframe:1402127  direction:"h->l"  seq:000000065808  seq_gap:0000  p_pay_n:000113  th_flags:"PSH ACK "  p_pay_hex:"63 32 34 30 39 35 62 32 37 30 65 63 64 38 62 31 65 34 32 35"
iframe:1402141  direction:"h->l"  seq:000000065921  seq_gap:0000  p_pay_n:000113  th_flags:"PSH ACK "  p_pay_hex:"30 31 66 32 37 30 30 33 65 38 34 64 63 33 34 36 39 65 36 31"
iframe:1404726  direction:"h->l"  seq:000000066034  seq_gap:0000  p_pay_n:000439  th_flags:"PSH ACK "  p_pay_hex:"64 35 66 38 36 36 61 65 30 64 32 61 61 65 64 62 33 63 64 63"
iframe:1405661  direction:"h->l"  seq:000000066699  seq_gap:0226  p_pay_n:000113  th_flags:"PSH ACK "  p_pay_hex:"34 66 65 30 62 65 61 36 33 38 35 64 31 35 66 61 61 64 63 36"
iframe:1405909  direction:"h->l"  seq:000000067038  seq_gap:0226  p_pay_n:000113  th_flags:"PSH ACK "  p_pay_hex:"39 35 31 32 32 33 65 39 62 33 64 30 30 36 63 61 30 64 61 34"
iframe:1406095  direction:"h->l"  seq:000000067377  seq_gap:0226  p_pay_n:000113  th_flags:"PSH ACK "  p_pay_hex:"36 66 61 36 33 62 63 35 37 39 65 38 39 37 66 36 63 34 39 30"
iframe:1406480  direction:"h->l"  seq:000000068055  seq_gap:0565  p_pay_n:000113  th_flags:"PSH ACK "  p_pay_hex:"31 38 37 39 65 64 30 34 37 66 30 66 64 31 39 35 31 32 32 33"
iframe:1407454  direction:"h->l"  seq:000000068168  seq_gap:0000  p_pay_n:000113  th_flags:"PSH ACK "  p_pay_hex:"36 38 62 35 36 30 39 62 61 66 37 38 37 66 65 32 38 65 62 33"
iframe:1408073  direction:"h->l"  seq:000000068281  seq_gap:0000  p_pay_n:000113  th_flags:"PSH ACK "  p_pay_hex:"00 00 00 00 00 00 00 00 00 0c 00 00 00 03 00 00 00 2d 00 00"
iframe:1410240  direction:"h->l"  seq:000000068620  seq_gap:0226  p_pay_n:000439  th_flags:"PSH ACK "  p_pay_hex:"39 31 37 64 34 34 31 39 63 65 31 34 34 30 61 36 62 34 63 64"
iframe:1411098  direction:"h->l"  seq:000000069059  seq_gap:0000  p_pay_n:000439  th_flags:"PSH ACK "  p_pay_hex:"64 62 34 33 36 35 37 33 36 66 37 61 62 31 34 37 36 32 63 32"
iframe:1413002  direction:"h->l"  seq:000000069498  seq_gap:0000  p_pay_n:000439  th_flags:"PSH ACK "  p_pay_hex:"37 37 37 35 36 65 37 64 38 64 39 64 65 64 39 64 35 38 36 66"
iframe:1413457  direction:"h->l"  seq:000000070163  seq_gap:0226  p_pay_n:000113  th_flags:"PSH ACK "  p_pay_hex:"64 62 32 31 65 34 35 34 63 65 33 30 66 37 34 35 63 63 39 37"
iframe:1413459  direction:"h->l"  seq:000000070276  seq_gap:0000  p_pay_n:000113  th_flags:"PSH ACK "  p_pay_hex:"64 62 32 31 65 34 35 34 63 65 33 30 66 37 34 35 63 63 39 37"
iframe:1413564  direction:"h->l"  seq:000000070389  seq_gap:0000  p_pay_n:000113  th_flags:"PSH ACK "  p_pay_hex:"32 61 37 64 62 33 61 34 35 31 36 65 39 64 36 62 63 63 31 37"
iframe:1416978  direction:"h->l"  seq:000000070502  seq_gap:0000  p_pay_n:000372  th_flags:"PSH ACK "  p_pay_hex:"30 36 63 61 30 64 61 34 63 31 30 64 63 33 38 38 62 33 61 33"
iframe:1418885  direction:"h->l"  seq:000000070874  seq_gap:0000  p_pay_n:000372  th_flags:"PSH ACK "  p_pay_hex:"35 36 30 39 62 61 66 37 38 37 66 65 32 38 65 62 33 34 39 62"
iframe:1420108  direction:"h->l"  seq:000000071246  seq_gap:0000  p_pay_n:000372  th_flags:"PSH ACK "  p_pay_hex:"65 38 39 37 66 36 63 34 39 30 32 32 30 33 62 65 32 30 38 35"
iframe:1420332  direction:"h->l"  seq:000000071618  seq_gap:0000  p_pay_n:000372  th_flags:"PSH ACK "  p_pay_hex:"62 66 31 33 34 63 38 37 63 66 64 37 31 38 37 39 65 64 30 34"
iframe:1421317  direction:"h->l"  seq:000000071990  seq_gap:0000  p_pay_n:000372  th_flags:"PSH ACK "  p_pay_hex:"39 39 39 30 31 34 36 66 61 36 33 62 63 35 37 39 65 38 39 37"
iframe:1423101  direction:"h->l"  seq:000000072362  seq_gap:0000  p_pay_n:000372  th_flags:"PSH ACK "  p_pay_hex:"10 00 0a 8c 0a 01 80 10 36 62 38 64 30 63 61 36 64 36 31 36"
iframe:1424463  direction:"h->l"  seq:000000072734  seq_gap:0000  p_pay_n:000372  th_flags:"PSH ACK "  p_pay_hex:"62 31 61 37 66 34 65 39 31 63 66 61 66 31 36 36 37 32 36 35"
iframe:1426524  direction:"h->l"  seq:000000073106  seq_gap:0000  p_pay_n:000372  th_flags:"PSH ACK "  p_pay_hex:"64 32 33 62 64 65 63 33 64 65 37 33 34 32 31 31 65 36 35 37"
iframe:1426843  direction:"h->l"  seq:000000073478  seq_gap:0000  p_pay_n:000113  th_flags:"PSH ACK "  p_pay_hex:"37 33 36 66 37 61 62 31 34 37 36 32 63 32 34 30 39 35 62 32"
iframe:1426911  direction:"h->l"  seq:000000073591  seq_gap:0000  p_pay_n:000113  th_flags:"PSH ACK "  p_pay_hex:"37 35 36 65 37 64 38 64 39 64 65 64 39 64 35 38 36 66 39 30"
iframe:1426927  direction:"h->l"  seq:000000073704  seq_gap:0000  p_pay_n:000113  th_flags:"PSH ACK "  p_pay_hex:"62 32 37 30 65 63 64 38 62 31 65 34 32 35 30 31 62 32 32 38"
iframe:1426933  direction:"h->l"  seq:000000073817  seq_gap:0000  p_pay_n:000113  th_flags:"PSH ACK "  p_pay_hex:"36 66 62 63 63 35 38 31 37 61 62 36 35 63 66 30 63 64 61 30"
iframe:1428064  direction:"h->l"  seq:000000073930  seq_gap:0000  p_pay_n:000113  th_flags:"PSH ACK "  p_pay_hex:"66 62 37 64 33 36 64 61 62 61 66 39 37 33 33 36 32 39 64 33"
iframe:1428088  direction:"h->l"  seq:000000074043  seq_gap:0000  p_pay_n:000113  th_flags:"PSH ACK "  p_pay_hex:"62 32 32 39 30 39 30 36 35 30 61 34 32 32 30 37 32 35 35 35"
iframe:1429642  direction:"h->l"  seq:000000074156  seq_gap:0000  p_pay_n:000439  th_flags:"PSH ACK "  p_pay_hex:"39 64 35 38 36 66 39 30 33 39 66 34 66 39 65 35 35 38 30 31"
iframe:1430027  direction:"h->l"  seq:000000074595  seq_gap:0000  p_pay_n:000439  th_flags:"PSH ACK "  p_pay_hex:"39 62 61 66 37 38 37 66 65 32 38 65 62 33 34 39 62 64 64 65"
iframe:1430136  direction:"h->l"  seq:000000075034  seq_gap:0000  p_pay_n:000113  th_flags:"PSH ACK "  p_pay_hex:"35 63 33 36 38 63 65 34 62 31 31 39 62 38 36 34 62 33 36 36"
iframe:1430262  direction:"h->l"  seq:000000075147  seq_gap:0000  p_pay_n:000113  th_flags:"PSH ACK "  p_pay_hex:"66 36 63 34 39 30 32 32 30 33 62 65 32 30 38 35 37 61 30 37"
iframe:1430272  direction:"h->l"  seq:000000075260  seq_gap:0000  p_pay_n:000113  th_flags:"PSH ACK "  p_pay_hex:"66 38 36 36 61 65 30 64 32 61 61 65 64 62 33 63 64 63 34 62"
iframe:1430296  direction:"h->l"  seq:000000075373  seq_gap:0000  p_pay_n:000113  th_flags:"PSH ACK "  p_pay_hex:"37 36 66 62 33 34 39 39 39 30 31 34 36 66 61 36 33 62 63 35"
iframe:1430388  direction:"h->l"  seq:000000075599  seq_gap:0113  p_pay_n:000113  th_flags:"PSH ACK "  p_pay_hex:"63 38 37 63 66 64 37 31 38 37 39 65 64 30 34 37 66 30 66 64"
iframe:1430466  direction:"h->l"  seq:000000075825  seq_gap:0113  p_pay_n:000113  th_flags:"PSH ACK "  p_pay_hex:"65 31 34 34 30 61 36 62 34 63 64 36 38 62 35 36 30 39 62 61"
iframe:1430481  direction:"h->l"  seq:000000075938  seq_gap:0000  p_pay_n:000113  th_flags:"PSH ACK "  p_pay_hex:"62 65 32 30 38 35 37 61 30 37 39 34 39 37 30 64 35 38 64 62"
iframe:1430623  direction:"h->l"  seq:000000076164  seq_gap:0113  p_pay_n:000113  th_flags:"PSH ACK "  p_pay_hex:"32 61 37 64 62 33 61 34 35 31 36 65 39 64 36 62 63 63 31 37"
iframe:1430659  direction:"h->l"  seq:000000076390  seq_gap:0113  p_pay_n:000113  th_flags:"PSH ACK "  p_pay_hex:"39 64 35 38 36 66 39 30 33 39 66 34 66 39 65 35 35 38 30 31"
iframe:1430756  direction:"h->l"  seq:000000076729  seq_gap:0226  p_pay_n:000113  th_flags:"PSH ACK "  p_pay_hex:"65 64 39 64 35 38 36 66 39 30 33 39 66 34 66 39 65 35 35 38"
iframe:1430781  direction:"h->l"  seq:000000076842  seq_gap:0000  p_pay_n:000113  th_flags:"PSH ACK "  p_pay_hex:"32 66 64 34 62 36 65 34 35 66 62 33 34 62 34 31 34 31 66 63"
iframe:1431860  direction:"h->l"  seq:000000076955  seq_gap:0000  p_pay_n:000439  th_flags:"PSH ACK "  p_pay_hex:"62 66 30 62 61 30 32 35 62 30 38 35 37 33 65 34 30 33 65 34"
iframe:1432074  direction:"h->l"  seq:000000077394  seq_gap:0000  p_pay_n:000439  th_flags:"PSH ACK "  p_pay_hex:"35 63 66 30 63 64 61 30 32 64 31 36 37 39 64 36 63 63 64 32"
iframe:1432350  direction:"h->l"  seq:000000077833  seq_gap:0000  p_pay_n:000439  th_flags:"PSH ACK "  p_pay_hex:"63 35 39 31 39 38 38 61 64 64 30 31 33 32 62 39 33 34 65 35"
iframe:1433249  direction:"h->l"  seq:000000078272  seq_gap:0000  p_pay_n:000439  th_flags:"PSH ACK "  p_pay_hex:"00 00 02 00 00 00 00 00 00 00 01 03 00 00 00 0f 00 00 00 00"
iframe:1435031  direction:"h->l"  seq:000000078824  seq_gap:0113  p_pay_n:000113  th_flags:"PSH ACK "  p_pay_hex:"66 65 61 31 62 31 61 37 66 34 65 39 31 63 66 61 66 31 36 36"
iframe:1437265  direction:"h->l"  seq:000000079050  seq_gap:0113  p_pay_n:000439  th_flags:"PSH ACK "  p_pay_hex:"37 66 65 32 38 65 62 33 34 39 62 64 64 65 66 36 31 62 64 39"
iframe:1437524  direction:"h->l"  seq:000000079489  seq_gap:0000  p_pay_n:000439  th_flags:"PSH ACK "  p_pay_hex:"34 66 38 37 62 66 30 62 61 30 32 35 62 30 38 35 37 33 65 34"
iframe:1439271  direction:"h->l"  seq:000000079928  seq_gap:0000  p_pay_n:000439  th_flags:"PSH ACK "  p_pay_hex:"31 33 34 63 38 37 63 66 64 37 31 38 37 39 65 64 30 34 37 66"
iframe:1439694  direction:"h->l"  seq:000000080367  seq_gap:0000  p_pay_n:000113  th_flags:"PSH ACK "  p_pay_hex:"33 34 65 35 65 63 30 65 37 62 33 39 36 63 32 65 66 33 61 65"
iframe:1439793  direction:"h->l"  seq:000000080480  seq_gap:0000  p_pay_n:000113  th_flags:"PSH ACK "  p_pay_hex:"62 34 63 64 36 38 62 35 36 30 39 62 61 66 37 38 37 66 65 32"
iframe:1441953  direction:"h->l"  seq:000000080593  seq_gap:0000  p_pay_n:000439  th_flags:"PSH ACK "  p_pay_hex:"35 37 66 34 31 30 34 63 64 33 34 63 39 36 32 66 64 34 62 36"
iframe:1443477  direction:"h->l"  seq:000000081145  seq_gap:0113  p_pay_n:000113  th_flags:"PSH ACK "  p_pay_hex:"64 65 65 37 36 38 35 63 30 33 30 65 65 66 39 39 63 64 61 30"
iframe:1443631  direction:"h->l"  seq:000000081258  seq_gap:0000  p_pay_n:000113  th_flags:"PSH ACK "  p_pay_hex:"39 36 32 66 64 34 62 36 65 34 35 66 62 33 34 62 34 31 34 31"
iframe:1443697  direction:"h->l"  seq:000000081371  seq_gap:0000  p_pay_n:000113  th_flags:"PSH ACK "  p_pay_hex:"32 61 37 64 62 33 61 34 35 31 36 65 39 64 36 62 63 63 31 37"
iframe:1450130  direction:"h->l"  seq:000000082228  seq_gap:0744  p_pay_n:000372  th_flags:"PSH ACK "  p_pay_hex:"39 62 61 66 37 38 37 66 65 32 38 65 62 33 34 39 62 64 64 65"
iframe:1450776  direction:"h->l"  seq:000000082600  seq_gap:0000  p_pay_n:000372  th_flags:"PSH ACK "  p_pay_hex:"38 61 31 30 66 37 32 63 61 33 35 34 30 64 34 33 34 35 64 65"
iframe:1451579  direction:"h->l"  seq:000000082972  seq_gap:0000  p_pay_n:000372  th_flags:"PSH ACK "  p_pay_hex:"39 31 39 38 38 61 64 64 30 31 33 32 62 39 33 34 65 35 65 63"
iframe:1452913  direction:"h->l"  seq:000000083570  seq_gap:0226  p_pay_n:000113  th_flags:"PSH ACK "  p_pay_hex:"64 62 32 31 65 34 35 34 63 65 33 30 66 37 34 35 63 63 39 37"
iframe:1452960  direction:"h->l"  seq:000000083796  seq_gap:0113  p_pay_n:000113  th_flags:"PSH ACK "  p_pay_hex:"61 32 65 33 39 64 36 37 34 62 37 33 63 39 62 31 31 66 39 61"
iframe:1452993  direction:"h->l"  seq:000000083909  seq_gap:0000  p_pay_n:000113  th_flags:"PSH ACK "  p_pay_hex:"62 37 39 30 37 37 37 35 36 65 37 64 38 64 39 64 65 64 39 64"
iframe:1454259  direction:"h->l"  seq:000000084022  seq_gap:0000  p_pay_n:000113  th_flags:"PSH ACK "  p_pay_hex:"64 62 32 31 65 34 35 34 63 65 33 30 66 37 34 35 63 63 39 37"
iframe:1454327  direction:"h->l"  seq:000000084135  seq_gap:0000  p_pay_n:000113  th_flags:"PSH ACK "  p_pay_hex:"63 32 34 30 39 35 62 32 37 30 65 63 64 38 62 31 65 34 32 35"
iframe:1455012  direction:"h->l"  seq:000000085039  seq_gap:0791  p_pay_n:000113  th_flags:"PSH ACK "  p_pay_hex:"30 64 32 61 61 65 64 62 33 63 64 63 34 62 61 63 39 31 37 64"
iframe:1456796  direction:"h->l"  seq:000000085152  seq_gap:0000  p_pay_n:000439  th_flags:"PSH ACK "  p_pay_hex:"33 30 36 31 65 31 30 66 35 36 39 34 30 36 31 38 66 35 39 66"
iframe:1457098  direction:"h->l"  seq:000000085591  seq_gap:0000  p_pay_n:000113  th_flags:"PSH ACK "  p_pay_hex:"62 32 37 30 65 63 64 38 62 31 65 34 32 35 30 31 62 32 32 38"
iframe:1457407  direction:"h->l"  seq:000000085704  seq_gap:0000  p_pay_n:000113  th_flags:"PSH ACK "  p_pay_hex:"36 37 34 62 37 33 63 39 62 31 31 66 39 61 33 32 36 32 61 34"
iframe:1457663  direction:"h->l"  seq:000000085817  seq_gap:0000  p_pay_n:000113  th_flags:"PSH ACK "  p_pay_hex:"31 64 64 63 66 61 64 39 63 32 62 63 37 63 35 39 31 39 38 38"
iframe:1457694  direction:"h->l"  seq:000000085930  seq_gap:0000  p_pay_n:000113  th_flags:"PSH ACK "  p_pay_hex:"63 38 37 63 66 64 37 31 38 37 39 65 64 30 34 37 66 30 66 64"
iframe:1460320  direction:"h->l"  seq:000000086043  seq_gap:0000  p_pay_n:000113  th_flags:"PSH ACK "  p_pay_hex:"39 32 31 64 39 30 64 62 35 39 32 65 37 36 66 62 33 34 39 39"
iframe:1463943  direction:"h->l"  seq:000000086821  seq_gap:0665  p_pay_n:000113  th_flags:"PSH ACK "  p_pay_hex:"63 64 32 33 62 64 65 63 33 64 65 37 33 34 32 31 31 65 36 35"
iframe:1465873  direction:"h->l"  seq:000000086934  seq_gap:0000  p_pay_n:000439  th_flags:"PSH ACK "  p_pay_hex:"39 37 63 37 62 64 39 32 31 64 39 30 64 62 35 39 32 65 37 36"
iframe:1466607  direction:"h->l"  seq:000000087373  seq_gap:0000  p_pay_n:000439  th_flags:"PSH ACK "  p_pay_hex:"62 66 31 33 34 63 38 37 63 66 64 37 31 38 37 39 65 64 30 34"
iframe:1468034  direction:"h->l"  seq:000000087812  seq_gap:0000  p_pay_n:000113  th_flags:"PSH ACK "  p_pay_hex:"35 36 30 39 62 61 66 37 38 37 66 65 32 38 65 62 33 34 39 62"
iframe:1468073  direction:"h->l"  seq:000000087925  seq_gap:0000  p_pay_n:000113  th_flags:"PSH ACK "  p_pay_hex:"35 64 31 35 66 61 61 64 63 36 63 63 38 33 61 33 00 90 10 00"
iframe:1468139  direction:"h->l"  seq:000000088038  seq_gap:0000  p_pay_n:000113  th_flags:"PSH ACK "  p_pay_hex:"39 38 64 36 64 34 36 66 62 63 63 35 38 31 37 61 62 36 35 63"
iframe:1468234  direction:"h->l"  seq:000000088264  seq_gap:0113  p_pay_n:000113  th_flags:"PSH ACK "  p_pay_hex:"62 63 63 35 38 31 37 61 62 36 35 63 66 30 63 64 61 30 32 64"
iframe:1468461  direction:"h->l"  seq:000000088603  seq_gap:0226  p_pay_n:000113  th_flags:"PSH ACK "  p_pay_hex:"62 39 33 34 65 35 65 63 30 65 37 62 33 39 36 63 32 65 66 33"
iframe:1468851  direction:"h->l"  seq:000000088716  seq_gap:0000  p_pay_n:000113  th_flags:"PSH ACK "  p_pay_hex:"63 38 37 63 66 64 37 31 38 37 39 65 64 30 34 37 66 30 66 64"
iframe:1470147  direction:"h->l"  seq:000000089168  seq_gap:0339  p_pay_n:000113  th_flags:"PSH ACK "  p_pay_hex:"30 30 36 63 61 30 64 61 34 63 31 30 64 63 33 38 38 62 33 61"
iframe:1472157  direction:"h->l"  seq:000000089394  seq_gap:0113  p_pay_n:000439  th_flags:"PSH ACK "  p_pay_hex:"32 31 65 34 35 34 63 65 33 30 66 37 34 35 63 63 39 37 63 37"
iframe:1473665  direction:"h->l"  seq:000000089833  seq_gap:0000  p_pay_n:000439  th_flags:"PSH ACK "  p_pay_hex:"64 64 63 66 61 64 39 63 32 62 63 37 63 35 39 31 39 38 38 61"
iframe:1474685  direction:"h->l"  seq:000000090611  seq_gap:0339  p_pay_n:000113  th_flags:"PSH ACK "  p_pay_hex:"39 37 63 37 62 64 39 32 31 64 39 30 64 62 35 39 32 65 37 36"
iframe:1475021  direction:"h->l"  seq:000000090837  seq_gap:0113  p_pay_n:000113  th_flags:"PSH ACK "  p_pay_hex:"38 65 62 33 34 39 62 64 64 65 66 36 31 62 64 39 61 36 64 33"
iframe:1478966  direction:"h->l"  seq:000000091628  seq_gap:0678  p_pay_n:000439  th_flags:"PSH ACK "  p_pay_hex:"66 61 61 64 63 36 63 63 38 33 61 33 00 90 10 00 04 aa 09 01"
iframe:1482624  direction:"h->l"  seq:000000092506  seq_gap:0439  p_pay_n:000113  th_flags:"PSH ACK "  p_pay_hex:"63 39 65 61 62 31 63 62 63 38 63 64 36 64 30 37 66 65 31 36"
iframe:1482761  direction:"h->l"  seq:000000092619  seq_gap:0000  p_pay_n:000113  th_flags:"PSH ACK "  p_pay_hex:"63 61 30 64 61 34 63 31 30 64 63 33 38 38 62 33 61 33 32 61"
iframe:1482831  direction:"h->l"  seq:000000092732  seq_gap:0000  p_pay_n:000113  th_flags:"PSH ACK "  p_pay_hex:"34 66 38 37 62 66 30 62 61 30 32 35 62 30 38 35 37 33 65 34"
iframe:1483000  direction:"h->l"  seq:000000092845  seq_gap:0000  p_pay_n:000113  th_flags:"PSH ACK "  p_pay_hex:"39 64 33 66 34 37 65 64 33 37 34 38 61 36 32 33 36 64 61 61"
iframe:1483028  direction:"h->l"  seq:000000092958  seq_gap:0000  p_pay_n:000113  th_flags:"PSH ACK "  p_pay_hex:"34 35 63 33 36 38 63 65 34 62 31 31 39 62 38 36 34 62 33 36"
iframe:1483042  direction:"h->l"  seq:000000093071  seq_gap:0000  p_pay_n:000113  th_flags:"PSH ACK "  p_pay_hex:"31 64 64 63 66 61 64 39 63 32 62 63 37 63 35 39 31 39 38 38"
iframe:1485800  direction:"h->l"  seq:000000093184  seq_gap:0000  p_pay_n:000113  th_flags:"PSH ACK "  p_pay_hex:"65 35 35 38 30 31 62 32 32 37 33 32 39 37 64 63 36 31 38 61"
iframe:1485973  direction:"h->l"  seq:000000093297  seq_gap:0000  p_pay_n:000113  th_flags:"PSH ACK "  p_pay_hex:"38 65 32 66 37 62 36 61 64 38 36 64 39 37 66 64 38 64 63 32"
iframe:1485978  direction:"h->l"  seq:000000093410  seq_gap:0000  p_pay_n:000113  th_flags:"PSH ACK "  p_pay_hex:"38 65 32 66 37 62 36 61 64 38 36 64 39 37 66 64 38 64 63 32"
iframe:1487914  direction:"h->l"  seq:000000093523  seq_gap:0000  p_pay_n:000439  th_flags:"PSH ACK "  p_pay_hex:"39 38 64 36 64 34 36 66 62 63 63 35 38 31 37 61 62 36 35 63"
iframe:1488963  direction:"h->l"  seq:000000093962  seq_gap:0000  p_pay_n:000439  th_flags:"PSH ACK "  p_pay_hex:"36 38 62 35 36 30 39 62 61 66 37 38 37 66 65 32 38 65 62 33"
iframe:1490792  direction:"h->l"  seq:000000094401  seq_gap:0000  p_pay_n:000439  th_flags:"PSH ACK "  p_pay_hex:"39 64 35 38 36 66 39 30 33 39 66 34 66 39 65 35 35 38 30 31"
iframe:1491467  direction:"h->l"  seq:000000094840  seq_gap:0000  p_pay_n:000113  th_flags:"PSH ACK "  p_pay_hex:"33 33 36 32 39 64 33 66 34 37 65 64 33 37 34 38 61 36 32 33"
iframe:1491556  direction:"h->l"  seq:000000095066  seq_gap:0113  p_pay_n:000113  th_flags:"PSH ACK "  p_pay_hex:"64 32 33 62 64 65 63 33 64 65 37 33 34 32 31 31 65 36 35 37"
iframe:1493803  direction:"h->l"  seq:000000095405  seq_gap:0226  p_pay_n:000113  th_flags:"PSH ACK "  p_pay_hex:"37 36 66 62 33 34 39 39 39 30 31 34 36 66 61 36 33 62 63 35"
iframe:1493834  direction:"h->l"  seq:000000095518  seq_gap:0000  p_pay_n:000113  th_flags:"PSH ACK "  p_pay_hex:"36 65 37 64 38 64 39 64 65 64 39 64 35 38 36 66 39 30 33 39"
iframe:1496281  direction:"h->l"  seq:000000095631  seq_gap:0000  p_pay_n:000439  th_flags:"PSH ACK "  p_pay_hex:"36 39 65 36 31 64 64 63 66 61 64 39 63 32 62 63 37 63 35 39"
iframe:1498164  direction:"h->l"  seq:000000096070  seq_gap:0000  p_pay_n:000439  th_flags:"PSH ACK "  p_pay_hex:"65 64 39 64 35 38 36 66 39 30 33 39 66 34 66 39 65 35 35 38"
iframe:1499641  direction:"h->l"  seq:000000097061  seq_gap:0552  p_pay_n:000113  th_flags:"PSH ACK "  p_pay_hex:"37 64 63 36 31 38 61 31 30 66 37 32 63 61 33 35 34 30 64 34"
iframe:1499663  direction:"h->l"  seq:000000097174  seq_gap:0000  p_pay_n:000113  th_flags:"PSH ACK "  p_pay_hex:"61 32 65 33 39 64 36 37 34 62 37 33 63 39 62 31 31 66 39 61"
iframe:1499743  direction:"h->l"  seq:000000097287  seq_gap:0000  p_pay_n:000113  th_flags:"PSH ACK "  p_pay_hex:"31 34 37 36 32 63 32 34 30 39 35 62 32 37 30 65 63 64 38 62"
iframe:1502381  direction:"h->l"  seq:000000097400  seq_gap:0000  p_pay_n:000372  th_flags:"PSH ACK "  p_pay_hex:"30 31 33 32 62 39 33 34 65 35 65 63 30 65 37 62 33 39 36 63"
iframe:1503254  direction:"h->l"  seq:000000097772  seq_gap:0000  p_pay_n:000372  th_flags:"PSH ACK "  p_pay_hex:"31 35 66 61 61 64 63 36 63 63 38 33 61 33 00 90 10 00 08 ee"
iframe:1503529  direction:"h->l"  seq:000000098144  seq_gap:0000  p_pay_n:000372  th_flags:"PSH ACK "  p_pay_hex:"62 39 33 34 65 35 65 63 30 65 37 62 33 39 36 63 32 65 66 33"
iframe:1503842  direction:"h->l"  seq:000000098516  seq_gap:0000  p_pay_n:000372  th_flags:"PSH ACK "  p_pay_hex:"36 64 39 37 66 64 38 64 63 32 34 30 61 39 34 66 38 37 62 66"
iframe:1505298  direction:"h->l"  seq:000000098888  seq_gap:0000  p_pay_n:000113  th_flags:"PSH ACK "  p_pay_hex:"61 33 00 92 10 00 f8 02 96 0e 01 80 10 36 62 38 64 30 63 61"
iframe:1505359  direction:"h->l"  seq:000000099114  seq_gap:0113  p_pay_n:000113  th_flags:"PSH ACK "  p_pay_hex:"39 30 61 34 32 63 34 36 31 35 31 39 33 39 61 64 35 66 38 36"
iframe:1505439  direction:"h->l"  seq:000000099453  seq_gap:0226  p_pay_n:000113  th_flags:"PSH ACK "  p_pay_hex:"32 66 37 62 36 61 64 38 36 64 39 37 66 64 38 64 63 32 34 30"
iframe:1505455  direction:"h->l"  seq:000000099566  seq_gap:0000  p_pay_n:000113  th_flags:"PSH ACK "  p_pay_hex:"61 64 39 63 32 62 63 37 63 35 39 31 39 38 38 61 64 64 30 31"
iframe:1505501  direction:"h->l"  seq:000000099792  seq_gap:0113  p_pay_n:000113  th_flags:"PSH ACK "  p_pay_hex:"66 39 35 61 34 31 34 65 37 63 66 65 65 62 37 66 33 31 36 36"
iframe:1505542  direction:"h->l"  seq:000000099905  seq_gap:0000  p_pay_n:000113  th_flags:"PSH ACK "  p_pay_hex:"30 37 32 35 35 35 64 65 65 37 36 38 35 63 30 33 30 65 65 66"
iframe:1505568  direction:"h->l"  seq:000000100018  seq_gap:0000  p_pay_n:000113  th_flags:"PSH ACK "  p_pay_hex:"63 39 39 39 36 66 62 37 64 33 36 64 61 62 61 66 39 37 33 33"
iframe:1505603  direction:"h->l"  seq:000000100131  seq_gap:0000  p_pay_n:000113  th_flags:"PSH ACK "  p_pay_hex:"63 38 37 63 66 64 37 31 38 37 39 65 64 30 34 37 66 30 66 64"
iframe:1505631  direction:"h->l"  seq:000000100244  seq_gap:0000  p_pay_n:000113  th_flags:"PSH ACK "  p_pay_hex:"34 30 61 39 34 66 38 37 62 66 30 62 61 30 32 35 62 30 38 35"
iframe:1505643  direction:"h->l"  seq:000000100357  seq_gap:0000  p_pay_n:000113  th_flags:"PSH ACK "  p_pay_hex:"64 62 34 33 36 35 37 33 36 66 37 61 62 31 34 37 36 32 63 32"
iframe:1505675  direction:"h->l"  seq:000000100470  seq_gap:0000  p_pay_n:000113  th_flags:"PSH ACK "  p_pay_hex:"35 63 66 30 63 64 61 30 32 64 31 36 37 39 64 36 63 63 64 32"
iframe:1505716  direction:"h->l"  seq:000000100583  seq_gap:0000  p_pay_n:000113  th_flags:"PSH ACK "  p_pay_hex:"37 36 66 62 33 34 39 39 39 30 31 34 36 66 61 36 33 62 63 35"
iframe:1508511  direction:"h->l"  seq:000000100696  seq_gap:0000  p_pay_n:000113  th_flags:"PSH ACK "  p_pay_hex:"32 35 30 31 62 32 32 38 32 37 37 34 65 33 63 65 62 62 39 38"
iframe:1508542  direction:"h->l"  seq:000000100809  seq_gap:0000  p_pay_n:000113  th_flags:"PSH ACK "  p_pay_hex:"66 31 36 36 37 32 36 35 38 65 32 66 37 62 36 61 64 38 36 64"
iframe:1508578  direction:"h->l"  seq:000000100922  seq_gap:0000  p_pay_n:000113  th_flags:"PSH ACK "  p_pay_hex:"61 39 34 66 38 37 62 66 30 62 61 30 32 35 62 30 38 35 37 33"
iframe:1508629  direction:"h->l"  seq:000000101035  seq_gap:0000  p_pay_n:000113  th_flags:"PSH ACK "  p_pay_hex:"39 64 35 38 36 66 39 30 33 39 66 34 66 39 65 35 35 38 30 31"
iframe:1510385  direction:"h->l"  seq:000000101148  seq_gap:0000  p_pay_n:000439  th_flags:"PSH ACK "  p_pay_hex:"36 65 37 64 38 64 39 64 65 64 39 64 35 38 36 66 39 30 33 39"
iframe:1510742  direction:"h->l"  seq:000000101587  seq_gap:0000  p_pay_n:000439  th_flags:"PSH ACK "  p_pay_hex:"62 39 33 34 65 35 65 63 30 65 37 62 33 39 36 63 32 65 66 33"
iframe:1511178  direction:"h->l"  seq:000000102252  seq_gap:0226  p_pay_n:000113  th_flags:"PSH ACK "  p_pay_hex:"63 32 34 30 39 35 62 32 37 30 65 63 64 38 62 31 65 34 32 35"
iframe:1516049  direction:"h->l"  seq:000000102804  seq_gap:0439  p_pay_n:000439  th_flags:"PSH ACK "  p_pay_hex:"64 62 34 33 36 35 37 33 36 66 37 61 62 31 34 37 36 32 63 32"
iframe:1516950  direction:"h->l"  seq:000000103243  seq_gap:0000  p_pay_n:000113  th_flags:"PSH ACK "  p_pay_hex:"63 38 37 63 66 64 37 31 38 37 39 65 64 30 34 37 66 30 66 64"
iframe:1517506  direction:"h->l"  seq:000000103356  seq_gap:0000  p_pay_n:000439  th_flags:"PSH ACK "  p_pay_hex:"39 31 39 38 38 61 64 64 30 31 33 32 62 39 33 34 65 35 65 63"
iframe:1519223  direction:"h->l"  seq:000000104021  seq_gap:0226  p_pay_n:000113  th_flags:"PSH ACK "  p_pay_hex:"30 31 33 32 62 39 33 34 65 35 65 63 30 65 37 62 33 39 36 63"
iframe:1519263  direction:"h->l"  seq:000000104134  seq_gap:0000  p_pay_n:000565  th_flags:"PSH ACK "  p_pay_hex:"61 36 33 62 63 35 37 39 65 38 39 37 66 36 63 34 39 30 32 32"
iframe:1521864  direction:"h->l"  seq:000000104699  seq_gap:0000  p_pay_n:000372  th_flags:"PSH ACK "  p_pay_hex:"32 31 65 34 35 34 63 65 33 30 66 37 34 35 63 63 39 37 63 37"
iframe:1522827  direction:"h->l"  seq:000000105071  seq_gap:0000  p_pay_n:000372  th_flags:"PSH ACK "  p_pay_hex:"00 00 00 00 00 00 00 00 00 0c 00 00 00 01 00 00 00 09 00 00"
iframe:1523006  direction:"h->l"  seq:000000105443  seq_gap:0000  p_pay_n:000113  th_flags:"PSH ACK "  p_pay_hex:"66 38 37 30 31 64 66 63 30 37 33 30 34 31 33 62 62 61 33 62"
iframe:1523034  direction:"h->l"  seq:000000105556  seq_gap:0000  p_pay_n:000113  th_flags:"PSH ACK "  p_pay_hex:"63 37 62 64 39 32 31 64 39 30 64 62 35 39 32 65 37 36 66 62"
iframe:1523058  direction:"h->l"  seq:000000105669  seq_gap:0000  p_pay_n:000113  th_flags:"PSH ACK "  p_pay_hex:"32 35 30 31 62 32 32 38 32 37 37 34 65 33 63 65 62 62 39 38"
iframe:1523103  direction:"h->l"  seq:000000106008  seq_gap:0226  p_pay_n:000113  th_flags:"PSH ACK "  p_pay_hex:"33 38 35 64 31 35 66 61 61 64 63 36 63 63 38 33 61 33 00 90"
iframe:1523135  direction:"h->l"  seq:000000106121  seq_gap:0000  p_pay_n:000113  th_flags:"PSH ACK "  p_pay_hex:"38 37 63 66 64 37 31 38 37 39 65 64 30 34 37 66 30 66 64 31"
iframe:1523150  direction:"h->l"  seq:000000106234  seq_gap:0000  p_pay_n:000113  th_flags:"PSH ACK "  p_pay_hex:"63 32 34 36 31 61 38 65 35 65 31 39 30 63 39 36 65 62 35 64"
iframe:1523189  direction:"h->l"  seq:000000106347  seq_gap:0000  p_pay_n:000113  th_flags:"PSH ACK "  p_pay_hex:"62 31 31 39 62 38 36 34 62 33 36 36 35 30 35 36 31 30 39 39"
iframe:1523233  direction:"h->l"  seq:000000106686  seq_gap:0226  p_pay_n:000113  th_flags:"PSH ACK "  p_pay_hex:"63 32 34 30 39 35 62 32 37 30 65 63 64 38 62 31 65 34 32 35"
iframe:1523255  direction:"h->l"  seq:000000106799  seq_gap:0000  p_pay_n:000226  th_flags:"PSH ACK "  p_pay_hex:"66 64 31 39 35 31 32 32 33 65 39 62 33 64 30 30 36 63 61 30"
iframe:1525122  direction:"h->l"  seq:000000107025  seq_gap:0000  p_pay_n:000439  th_flags:"PSH ACK "  p_pay_hex:"31 38 37 39 65 64 30 34 37 66 30 66 64 31 39 35 31 32 32 33"
iframe:1525452  direction:"h->l"  seq:000000107464  seq_gap:0000  p_pay_n:000113  th_flags:"PSH ACK "  p_pay_hex:"37 36 66 62 33 34 39 39 39 30 31 34 36 66 61 36 33 62 63 35"
iframe:1526360  direction:"h->l"  seq:000000107577  seq_gap:0000  p_pay_n:000113  th_flags:"PSH ACK "  p_pay_hex:"33 65 39 62 33 64 30 30 36 63 61 30 64 61 34 63 31 30 64 63"
iframe:1526376  direction:"h->l"  seq:000000107690  seq_gap:0000  p_pay_n:000113  th_flags:"PSH ACK "  p_pay_hex:"34 36 66 62 63 63 35 38 31 37 61 62 36 35 63 66 30 63 64 61"
iframe:1526517  direction:"h->l"  seq:000000107916  seq_gap:0113  p_pay_n:000113  th_flags:"PSH ACK "  p_pay_hex:"39 62 61 66 37 38 37 66 65 32 38 65 62 33 34 39 62 64 64 65"
iframe:1526813  direction:"h->l"  seq:000000108029  seq_gap:0000  p_pay_n:000113  th_flags:"PSH ACK "  p_pay_hex:"61 66 64 31 32 33 66 65 61 31 62 31 61 37 66 34 65 39 31 63"
iframe:1527795  direction:"h->l"  seq:000000108255  seq_gap:0113  p_pay_n:000113  th_flags:"PSH ACK "  p_pay_hex:"63 35 37 39 65 38 39 37 66 36 63 34 39 30 32 32 30 33 62 65"
iframe:1528088  direction:"h->l"  seq:000000108368  seq_gap:0000  p_pay_n:000113  th_flags:"PSH ACK "  p_pay_hex:"30 31 33 32 62 39 33 34 65 35 65 63 30 65 37 62 33 39 36 63"
iframe:1528132  direction:"h->l"  seq:000000108481  seq_gap:0000  p_pay_n:000113  th_flags:"PSH ACK "  p_pay_hex:"39 62 61 66 37 38 37 66 65 32 38 65 62 33 34 39 62 64 64 65"
iframe:1529247  direction:"h->l"  seq:000000108594  seq_gap:0000  p_pay_n:000113  th_flags:"PSH ACK "  p_pay_hex:"39 62 61 66 37 38 37 66 65 32 38 65 62 33 34 39 62 64 64 65"
iframe:1529767  direction:"h->l"  seq:000000108707  seq_gap:0000  p_pay_n:000113  th_flags:"PSH ACK "  p_pay_hex:"66 65 65 62 37 66 33 31 36 36 37 62 34 66 65 30 62 65 61 36"
iframe:1530763  direction:"h->l"  seq:000000108820  seq_gap:0000  p_pay_n:000439  th_flags:"PSH ACK "  p_pay_hex:"61 66 37 38 37 66 65 32 38 65 62 33 34 39 62 64 64 65 66 36"
iframe:1533628  direction:"h->l"  seq:000000109937  seq_gap:0678  p_pay_n:000372  th_flags:"PSH ACK "  p_pay_hex:"31 31 66 39 61 33 32 36 32 61 34 66 30 33 34 34 34 34 35 31"
iframe:1535150  direction:"h->l"  seq:000000110681  seq_gap:0372  p_pay_n:000113  th_flags:"PSH ACK "  p_pay_hex:"38 61 64 64 30 31 33 32 62 39 33 34 65 35 65 63 30 65 37 62"
iframe:1535212  direction:"h->l"  seq:000000110794  seq_gap:0000  p_pay_n:000113  th_flags:"PSH ACK "  p_pay_hex:"34 65 37 63 66 65 65 62 37 66 33 31 36 36 37 62 34 66 65 30"
iframe:1535213  direction:"h->l"  seq:000000110907  seq_gap:0000  p_pay_n:000113  th_flags:"PSH ACK "  p_pay_hex:"34 65 37 63 66 65 65 62 37 66 33 31 36 36 37 62 34 66 65 30"
iframe:1537718  direction:"h->l"  seq:000000111957  seq_gap:0937  p_pay_n:000113  th_flags:"PSH ACK "  p_pay_hex:"63 32 34 30 39 35 62 32 37 30 65 63 64 38 62 31 65 34 32 35"
iframe:1537907  direction:"h->l"  seq:000000112974  seq_gap:0904  p_pay_n:000113  th_flags:"PSH ACK "  p_pay_hex:"38 61 31 30 66 37 32 63 61 33 35 34 30 64 34 33 34 35 64 65"
iframe:1537964  direction:"h->l"  seq:000000113200  seq_gap:0113  p_pay_n:000113  th_flags:"PSH ACK "  p_pay_hex:"35 63 66 30 63 64 61 30 32 64 31 36 37 39 64 36 63 63 64 32"
iframe:1538001  direction:"h->l"  seq:000000113313  seq_gap:0000  p_pay_n:000113  th_flags:"PSH ACK "  p_pay_hex:"62 37 39 30 37 37 37 35 36 65 37 64 38 64 39 64 65 64 39 64"
iframe:1538077  direction:"h->l"  seq:000000113539  seq_gap:0113  p_pay_n:000113  th_flags:"PSH ACK "  p_pay_hex:"39 37 63 37 62 64 39 32 31 64 39 30 64 62 35 39 32 65 37 36"
iframe:1539449  direction:"h->l"  seq:000000113878  seq_gap:0226  p_pay_n:000439  th_flags:"PSH ACK "  p_pay_hex:"62 34 63 64 36 38 62 35 36 30 39 62 61 66 37 38 37 66 65 32"
iframe:1539611  direction:"h->l"  seq:000000114430  seq_gap:0113  p_pay_n:000113  th_flags:"PSH ACK "  p_pay_hex:"39 62 61 66 37 38 37 66 65 32 38 65 62 33 34 39 62 64 64 65"
iframe:1540657  direction:"h->l"  seq:000000114656  seq_gap:0113  p_pay_n:000113  th_flags:"PSH ACK "  p_pay_hex:"65 38 39 37 66 36 63 34 39 30 32 32 30 33 62 65 32 30 38 35"
iframe:1541550  direction:"h->l"  seq:000000114882  seq_gap:0113  p_pay_n:000113  th_flags:"PSH ACK "  p_pay_hex:"62 31 65 34 32 35 30 31 62 32 32 38 32 37 37 34 65 33 63 65"
iframe:1542155  direction:"h->l"  seq:000000115221  seq_gap:0226  p_pay_n:000113  th_flags:"PSH ACK "  p_pay_hex:"63 38 37 63 66 64 37 31 38 37 39 65 64 30 34 37 66 30 66 64"
iframe:1543654  direction:"h->l"  seq:000000115673  seq_gap:0339  p_pay_n:000372  th_flags:"PSH ACK "  p_pay_hex:"37 36 66 62 33 34 39 39 39 30 31 34 36 66 61 36 33 62 63 35"
======final stats  fname:/home/avorovich/pcap/rp_tap2.pcap  pkt_count:1544657  pkt_ip_tcp_count:1544653  elapsed:16.2862  ind_tcp_pair_n:384