====--PcapFileProcess  fname:/home/avorovich/pcap/rp_tap0.pcap
IPv4 frame  iframe:100000
IPv4 frame  iframe:200000
IPv4 frame  iframe:300000
IPv4 frame  iframe:400000
IPv4 frame  iframe:500000
IPv4 frame  iframe:600000
IPv4 frame  iframe:700000
====--PcapFileProcess  fname:/home/avorovich/pcap/rp_tap0.pcap
======================client to broker 
gaps_pos!!!  seq_gap_pos_count:134
frame stats  tcp_pair_key:192.168.110.71:48528-192.168.110.51:1096  frame_count:753  syn_count:0  fin_count:0  rst_count:1  isn:002832401489
kafka stats  kafka_count:34  kafka_len_tot:000031844745  tcp_payload_len_tot:000037009491  ind_client_id_n:1
kafka client_id list (req only) 
client_id_key:producer-4
kafka_non_ack_count:8  pct_non_ack!!!:0.228571
kafka req  list  
kafka_corr_id:1860  ack:0  iframe:7375  index_in_frame:1  api_key_str:Produce  kafka_len:1048545  ts_ns:00000000002533047064  ts_duration:000000000000
kafka_corr_id:1864  ack:0  iframe:7837  index_in_frame:1  api_key_str:Produce  kafka_len:1048545  ts_ns:00000000002539587064  ts_duration:000000000000
kafka_corr_id:1865  ack:0  iframe:16954  index_in_frame:1  api_key_str:Produce  kafka_len:1048545  ts_ns:00000000003528029064  ts_duration:000000000000
kafka_corr_id:1876  ack:1  iframe:16978  index_in_frame:1  api_key_str:Produce  kafka_len:596228  ts_ns:00000000003528880064  ts_duration:000003138000
kafka_corr_id:1878  ack:1  iframe:17043  index_in_frame:1  api_key_str:Produce  kafka_len:799351  ts_ns:00000000003534890064  ts_duration:000003012000
kafka_corr_id:1897  ack:0  iframe:49931  index_in_frame:1  api_key_str:Produce  kafka_len:366105  ts_ns:00000000002762276768  ts_duration:000000000000
kafka_corr_id:1905  ack:0  iframe:66705  index_in_frame:1  api_key_str:Produce  kafka_len:1048545  ts_ns:00000000004087251768  ts_duration:000000000000
kafka_corr_id:1912  ack:1  iframe:68558  index_in_frame:1  api_key_str:Produce  kafka_len:1048545  ts_ns:00000000004147384768  ts_duration:000008003000
kafka_corr_id:1913  ack:1  iframe:68963  index_in_frame:1  api_key_str:Produce  kafka_len:1048545  ts_ns:00000000004159840768  ts_duration:000091492000
kafka_corr_id:1914  ack:1  iframe:69376  index_in_frame:1  api_key_str:Produce  kafka_len:1048523  ts_ns:00000000004255161768  ts_duration:000004993000
kafka_corr_id:1929  ack:1  iframe:80847  index_in_frame:1  api_key_str:Produce  kafka_len:963757  ts_ns:00000000002026338472  ts_duration:000003964000
kafka_corr_id:1931  ack:1  iframe:80949  index_in_frame:1  api_key_str:Produce  kafka_len:1048545  ts_ns:00000000002035542472  ts_duration:000003578000
kafka_corr_id:1935  ack:1  iframe:81266  index_in_frame:1  api_key_str:Produce  kafka_len:933771  ts_ns:00000000002202154472  ts_duration:000581683000
kafka_corr_id:1946  ack:1  iframe:99371  index_in_frame:1  api_key_str:Produce  kafka_len:1048523  ts_ns:00000000003417202472  ts_duration:000005425000
kafka_corr_id:1961  ack:1  iframe:103955  index_in_frame:1  api_key_str:Produce  kafka_len:1048545  ts_ns:00000000001079023176  ts_duration:000004446000
kafka_corr_id:1962  ack:1  iframe:104193  index_in_frame:1  api_key_str:Produce  kafka_len:1048545  ts_ns:00000000001087160176  ts_duration:000004903000
kafka_corr_id:1963  ack:1  iframe:104560  index_in_frame:1  api_key_str:Produce  kafka_len:1048545  ts_ns:00000000001096576176  ts_duration:000004143000
kafka_corr_id:1966  ack:1  iframe:104677  index_in_frame:1  api_key_str:Produce  kafka_len:1048545  ts_ns:00000000001103008176  ts_duration:000010664000
kafka_corr_id:1973  ack:1  iframe:121933  index_in_frame:1  api_key_str:Produce  kafka_len:801419  ts_ns:00000000002027936176  ts_duration:000318229000
kafka_corr_id:1976  ack:0  iframe:133731  index_in_frame:1  api_key_str:Produce  kafka_len:1048545  ts_ns:00000000002495258176  ts_duration:000000000000
kafka_corr_id:1980  ack:0  iframe:141564  index_in_frame:1  api_key_str:Produce  kafka_len:1048545  ts_ns:00000000003975953176  ts_duration:000000000000
kafka_corr_id:1994  ack:1  iframe:141584  index_in_frame:1  api_key_str:Produce  kafka_len:315439  ts_ns:00000000003976483176  ts_duration:000000000000
kafka_corr_id:2003  ack:1  iframe:147633  index_in_frame:1  api_key_str:Produce  kafka_len:1048523  ts_ns:00000000001074257880  ts_duration:000004887000
kafka_corr_id:2004  ack:1  iframe:148015  index_in_frame:1  api_key_str:Produce  kafka_len:1048523  ts_ns:00000000001081233880  ts_duration:000021100000
kafka_corr_id:2012  ack:1  iframe:166092  index_in_frame:1  api_key_str:Produce  kafka_len:1048545  ts_ns:00000000001646801880  ts_duration:000004940000
kafka_corr_id:2016  ack:1  iframe:166562  index_in_frame:1  api_key_str:Produce  kafka_len:1048545  ts_ns:00000000001665043880  ts_duration:000004040000
kafka_corr_id:2028  ack:1  iframe:170463  index_in_frame:1  api_key_str:Produce  kafka_len:1048523  ts_ns:00000000002314573880  ts_duration:000009244000
kafka_corr_id:2032  ack:1  iframe:171157  index_in_frame:1  api_key_str:Produce  kafka_len:479273  ts_ns:00000000003201018880  ts_duration:000000000000
kafka_corr_id:2037  ack:1  iframe:177381  index_in_frame:1  api_key_str:Produce  kafka_len:1048545  ts_ns:00000000000047602584  ts_duration:000456042000
kafka_corr_id:2040  ack:1  iframe:187255  index_in_frame:1  api_key_str:Produce  kafka_len:1048523  ts_ns:00000000000506044584  ts_duration:000138321000
kafka_corr_id:2045  ack:0  iframe:192680  index_in_frame:1  api_key_str:Produce  kafka_len:1048545  ts_ns:00000000000657054584  ts_duration:000000000000
kafka_corr_id:2047  ack:1  iframe:195465  index_in_frame:1  api_key_str:Produce  kafka_len:1048545  ts_ns:00000000000764907584  ts_duration:000073653000
kafka_corr_id:2049  ack:1  iframe:196208  index_in_frame:1  api_key_str:Produce  kafka_len:1048545  ts_ns:00000000000847050584  ts_duration:000004098000
kafka_corr_id:2056  ack:1  iframe:203536  index_in_frame:1  api_key_str:Produce  kafka_len:375773  ts_ns:00000000001547895584  ts_duration:002328333000
=============broker to client 
gaps_pos!!!  seq_gap_pos_count:4
frame stats  tcp_pair_key:192.168.110.51:1096-192.168.110.71:48528  frame_count:47  syn_count:0  fin_count:0  rst_count:0  isn:001023270306
kafka stats  kafka_count:46  kafka_len_tot:000000003588  tcp_payload_len_tot:000000003666  ind_client_id_n:0
kafka rsp list  
kafka_corr_id:1860  ack:0  iframe:7340  index_in_frame:1  api_key_str:rsp  kafka_len:74  ts_ns:00000000000000000000  ts_duration:000000000000
kafka_corr_id:1864  ack:0  iframe:7771  index_in_frame:1  api_key_str:rsp  kafka_len:74  ts_ns:00000000000000000000  ts_duration:000000000000
kafka_corr_id:1876  ack:1  iframe:16981  index_in_frame:1  api_key_str:rsp  kafka_len:74  ts_ns:00000000000000000000  ts_duration:000000000000
kafka_corr_id:1878  ack:1  iframe:17045  index_in_frame:1  api_key_str:rsp  kafka_len:74  ts_ns:00000000000000000000  ts_duration:000000000000
kafka_corr_id:1905  ack:0  iframe:66625  index_in_frame:1  api_key_str:rsp  kafka_len:74  ts_ns:00000000000000000000  ts_duration:000000000000
kafka_corr_id:1911  ack:0  iframe:68382  index_in_frame:1  api_key_str:rsp  kafka_len:74  ts_ns:00000000000000000000  ts_duration:000000000000
kafka_corr_id:1912  ack:1  iframe:68840  index_in_frame:1  api_key_str:rsp  kafka_len:74  ts_ns:00000000000000000000  ts_duration:000000000000
kafka_corr_id:1913  ack:1  iframe:69145  index_in_frame:1  api_key_str:rsp  kafka_len:74  ts_ns:00000000000000000000  ts_duration:000000000000
kafka_corr_id:1914  ack:1  iframe:69515  index_in_frame:1  api_key_str:rsp  kafka_len:74  ts_ns:00000000000000000000  ts_duration:000000000000
kafka_corr_id:1929  ack:1  iframe:80850  index_in_frame:1  api_key_str:rsp  kafka_len:74  ts_ns:00000000000000000000  ts_duration:000000000000
kafka_corr_id:1931  ack:1  iframe:80951  index_in_frame:1  api_key_str:rsp  kafka_len:74  ts_ns:00000000000000000000  ts_duration:000000000000
kafka_corr_id:1935  ack:1  iframe:88638  index_in_frame:1  api_key_str:rsp  kafka_len:74  ts_ns:00000000000000000000  ts_duration:000000000000
kafka_corr_id:1938  ack:0  iframe:96681  index_in_frame:1  api_key_str:rsp  kafka_len:74  ts_ns:00000000000000000000  ts_duration:000000000000
kafka_corr_id:1946  ack:1  iframe:99480  index_in_frame:1  api_key_str:rsp  kafka_len:74  ts_ns:00000000000000000000  ts_duration:000000000000
kafka_corr_id:1948  ack:0  iframe:99842  index_in_frame:1  api_key_str:rsp  kafka_len:74  ts_ns:00000000000000000000  ts_duration:000000000000
kafka_corr_id:1961  ack:1  iframe:104021  index_in_frame:1  api_key_str:rsp  kafka_len:74  ts_ns:00000000000000000000  ts_duration:000000000000
kafka_corr_id:1962  ack:1  iframe:104344  index_in_frame:1  api_key_str:rsp  kafka_len:74  ts_ns:00000000000000000000  ts_duration:000000000000
kafka_corr_id:1963  ack:1  iframe:104596  index_in_frame:1  api_key_str:rsp  kafka_len:74  ts_ns:00000000000000000000  ts_duration:000000000000
kafka_corr_id:1966  ack:1  iframe:104708  index_in_frame:1  api_key_str:rsp  kafka_len:74  ts_ns:00000000000000000000  ts_duration:000000000000
kafka_corr_id:1973  ack:1  iframe:128196  index_in_frame:1  api_key_str:rsp  kafka_len:74  ts_ns:00000000000000000000  ts_duration:000000000000
kafka_corr_id:1975  ack:0  iframe:131891  index_in_frame:1  api_key_str:rsp  kafka_len:74  ts_ns:00000000000000000000  ts_duration:000000000000
kafka_corr_id:1976  ack:0  iframe:132723  index_in_frame:1  api_key_str:rsp  kafka_len:74  ts_ns:00000000000000000000  ts_duration:000000000000
kafka_corr_id:1979  ack:0  iframe:133865  index_in_frame:1  api_key_str:rsp  kafka_len:74  ts_ns:00000000000000000000  ts_duration:000000000000
kafka_corr_id:1980  ack:0  iframe:136217  index_in_frame:1  api_key_str:rsp  kafka_len:74  ts_ns:00000000000000000000  ts_duration:000000000000
kafka_corr_id:1994  ack:1  iframe:147564  index_in_frame:1  api_key_str:rsp  kafka_len:74  ts_ns:00000000000000000000  ts_duration:000000000000
kafka_corr_id:2003  ack:1  iframe:147892  index_in_frame:1  api_key_str:rsp  kafka_len:74  ts_ns:00000000000000000000  ts_duration:000000000000
kafka_corr_id:2004  ack:1  iframe:149254  index_in_frame:1  api_key_str:rsp  kafka_len:74  ts_ns:00000000000000000000  ts_duration:000000000000
kafka_corr_id:2005  ack:0  iframe:163028  index_in_frame:1  api_key_str:rsp  kafka_len:74  ts_ns:00000000000000000000  ts_duration:000000000000
kafka_corr_id:2011  ack:0  iframe:165938  index_in_frame:1  api_key_str:rsp  kafka_len:74  ts_ns:00000000000000000000  ts_duration:000000000000
kafka_corr_id:2012  ack:1  iframe:166197  index_in_frame:1  api_key_str:rsp  kafka_len:74  ts_ns:00000000000000000000  ts_duration:000000000000
kafka_corr_id:2014  ack:0  iframe:166386  index_in_frame:1  api_key_str:rsp  kafka_len:74  ts_ns:00000000000000000000  ts_duration:000000000000
kafka_corr_id:2016  ack:1  iframe:166565  index_in_frame:1  api_key_str:rsp  kafka_len:74  ts_ns:00000000000000000000  ts_duration:000000000000
kafka_corr_id:2018  ack:0  iframe:168183  index_in_frame:1  api_key_str:rsp  kafka_len:74  ts_ns:00000000000000000000  ts_duration:000000000000
kafka_corr_id:2025  ack:0  iframe:168759  index_in_frame:1  api_key_str:rsp  kafka_len:74  ts_ns:00000000000000000000  ts_duration:000000000000
kafka_corr_id:2028  ack:1  iframe:170682  index_in_frame:1  api_key_str:rsp  kafka_len:74  ts_ns:00000000000000000000  ts_duration:000000000000
kafka_corr_id:2030  ack:0  iframe:170848  index_in_frame:1  api_key_str:rsp  kafka_len:74  ts_ns:00000000000000000000  ts_duration:000000000000
kafka_corr_id:2032  ack:1  iframe:177199  index_in_frame:1  api_key_str:rsp  kafka_len:74  ts_ns:00000000000000000000  ts_duration:000000000000
kafka_corr_id:2037  ack:1  iframe:187146  index_in_frame:1  api_key_str:rsp  kafka_len:74  ts_ns:00000000000000000000  ts_duration:000000000000
kafka_corr_id:2040  ack:1  iframe:191900  index_in_frame:1  api_key_str:rsp  kafka_len:74  ts_ns:00000000000000000000  ts_duration:000000000000
kafka_corr_id:2045  ack:0  iframe:192453  index_in_frame:1  api_key_str:rsp  kafka_len:74  ts_ns:00000000000000000000  ts_duration:000000000000
kafka_corr_id:2046  ack:0  iframe:195328  index_in_frame:1  api_key_str:rsp  kafka_len:74  ts_ns:00000000000000000000  ts_duration:000000000000
kafka_corr_id:2047  ack:1  iframe:196015  index_in_frame:1  api_key_str:rsp  kafka_len:74  ts_ns:00000000000000000000  ts_duration:000000000000
kafka_corr_id:2048  ack:0  iframe:196107  index_in_frame:1  api_key_str:rsp  kafka_len:74  ts_ns:00000000000000000000  ts_duration:000000000000
kafka_corr_id:2049  ack:1  iframe:196387  index_in_frame:1  api_key_str:rsp  kafka_len:74  ts_ns:00000000000000000000  ts_duration:000000000000
kafka_corr_id:2051  ack:0  iframe:197823  index_in_frame:1  api_key_str:rsp  kafka_len:74  ts_ns:00000000000000000000  ts_duration:000000000000
kafka_corr_id:2056  ack:1  iframe:204626  index_in_frame:1  api_key_str:rsp  kafka_len:74  ts_ns:00000000000000000000  ts_duration:000000000000
=============rsp without req 
======batch stats  mult_req_per_frame:Y  iframe_count:706794  elapsed:4.90296  ind_tcp_pair_n:2  max_pkt_len:65226  kafka_count_total:34  kafka_non_ack_count_total:8
Kafka Non-ACK(BAD - request without response) Ratio Histogram:
range:20-30%  count_of_tcp_pairs:1
batch stats end
