Hello, World!333
====--PcapFileProcess  fname:/home/avorovich/pcap/rp_tap0.pcap
tcp_pair_key_rev not found tcp_pair_key_rev:192.168.110.71:48528-192.168.110.51:1096
======================client to broker 
frame stats  tcp_pair_key:192.168.110.71:48528-192.168.110.51:1096  frame_count:753  syn_count:0  fin_count:0  isn:2832401489  "seq_gap_count %":17
kafka stats  kafka_count:34  kafka_len_tot:31844609  tcp_payload_len_tot:37009491  ind_client_id_n:1
kafka client_id list (req only) 
client_id_key:producer-4
kafka req  list  
kafka_corr_id:1860  ack:0
kafka_corr_id:1864  ack:0
kafka_corr_id:1865  ack:0
kafka_corr_id:1876  ack:1
kafka_corr_id:1878  ack:1
kafka_corr_id:1897  ack:0
kafka_corr_id:1905  ack:0
kafka_corr_id:1912  ack:1
kafka_corr_id:1913  ack:1
kafka_corr_id:1914  ack:1
kafka_corr_id:1929  ack:1
kafka_corr_id:1931  ack:1
kafka_corr_id:1935  ack:1
kafka_corr_id:1946  ack:1
kafka_corr_id:1961  ack:1
kafka_corr_id:1962  ack:1
kafka_corr_id:1963  ack:1
kafka_corr_id:1966  ack:1
kafka_corr_id:1973  ack:1
kafka_corr_id:1976  ack:0
kafka_corr_id:1980  ack:0
kafka_corr_id:1994  ack:1
kafka_corr_id:2003  ack:1
kafka_corr_id:2004  ack:1
kafka_corr_id:2012  ack:1
kafka_corr_id:2016  ack:1
kafka_corr_id:2028  ack:1
kafka_corr_id:2032  ack:1
kafka_corr_id:2037  ack:1
kafka_corr_id:2040  ack:1
kafka_corr_id:2045  ack:0
kafka_corr_id:2047  ack:1
kafka_corr_id:2049  ack:1
kafka_corr_id:2056  ack:1
kafka_non_ack_count:8  percent_of_non_ack:0.228571
=============broker to client 
frame stats  tcp_pair_key:192.168.110.51:1096-192.168.110.71:48528  frame_count:47  syn_count:0  fin_count:0  isn:1023270306  "seq_gap_count %":8
kafka stats  kafka_count:47  kafka_len_tot:3478  tcp_payload_len_tot:3666  ind_client_id_n:0
kafka rsp without req!!  list  
kafka_corr_id:1860
kafka_corr_id:1864
kafka_corr_id:1905
kafka_corr_id:1911
kafka_corr_id:1938
kafka_corr_id:1948
kafka_corr_id:1975
kafka_corr_id:1976
kafka_corr_id:1979
kafka_corr_id:1980
kafka_corr_id:2005
kafka_corr_id:2011
kafka_corr_id:2014
kafka_corr_id:2018
kafka_corr_id:2025
kafka_corr_id:2030
kafka_corr_id:2045
kafka_corr_id:2046
kafka_corr_id:2048
kafka_corr_id:2051
======final stats  fname:/home/avorovich/pcap/rp_tap0.pcap  pkt_count:706793  elapsed:4.42197  ind_tcp_pair_n:2  max_pkt_len:65226
