Hello, World!33333333333333333333333333333333333333333333333333333333333333333
====--PcapFileProcess  fname:/home/avorovich/pcap/rp_tap0.pcap
======================client to broker 
gaps_pos!!!  seq_gap_pos_count:143
frame stats  tcp_pair_key:192.168.110.71:48622-192.168.110.51:1096  frame_count:759  syn_count:0  fin_count:1  rst_count:0  isn:004164896120  "seq_gap_pos_count %":0.188158  "seq_gap_neg_count %":0
kafka stats  kafka_count:22  kafka_len_tot:000021607916  tcp_payload_len_tot:000037447715  ind_client_id_n:1
kafka client_id list (req only) 
client_id_key:producer-9
kafka_non_ack_count:3  pct_non_ack!!!:0.130435
kafka req  list  
kafka_corr_id:1877  ack:1  iframe:11015  index_in_frame:1  kafka_len:1048523
kafka_corr_id:1894  ack:0  iframe:14905  index_in_frame:1  kafka_len:1048545
kafka_corr_id:1907  ack:1  iframe:19252  index_in_frame:1  kafka_len:1048545
kafka_corr_id:1908  ack:1  iframe:26007  index_in_frame:1  kafka_len:1048545
kafka_corr_id:1909  ack:1  iframe:34476  index_in_frame:1  kafka_len:1048545
kafka_corr_id:1917  ack:0  iframe:45276  index_in_frame:1  kafka_len:1048523
kafka_corr_id:1927  ack:0  iframe:59777  index_in_frame:1  kafka_len:1048523
kafka_corr_id:1934  ack:1  iframe:62166  index_in_frame:1  kafka_len:1048523
kafka_corr_id:1951  ack:1  iframe:78755  index_in_frame:1  kafka_len:1048545
kafka_corr_id:1952  ack:1  iframe:79119  index_in_frame:1  kafka_len:1048545
kafka_corr_id:1958  ack:1  iframe:89183  index_in_frame:1  kafka_len:1048545
kafka_corr_id:1969  ack:1  iframe:100043  index_in_frame:1  kafka_len:1048545
kafka_corr_id:1986  ack:1  iframe:102718  index_in_frame:1  kafka_len:1048523
kafka_corr_id:1987  ack:1  iframe:103027  index_in_frame:1  kafka_len:1048523
kafka_corr_id:1990  ack:1  iframe:117211  index_in_frame:1  kafka_len:1048545
kafka_corr_id:1997  ack:1  iframe:124921  index_in_frame:1  kafka_len:1048545
kafka_corr_id:2012  ack:1  iframe:141793  index_in_frame:1  kafka_len:319575
kafka_corr_id:2017  ack:1  iframe:146499  index_in_frame:1  kafka_len:1048523
kafka_corr_id:2022  ack:1  iframe:147551  index_in_frame:1  kafka_len:1048545
kafka_corr_id:2023  ack:1  iframe:148017  index_in_frame:1  kafka_len:1048545
kafka_corr_id:2038  ack:1  iframe:174585  index_in_frame:1  kafka_len:317507
kafka_corr_id:2039  ack:1  iframe:174654  index_in_frame:1  kafka_len:1048545
=============broker to client 
gaps_pos!!!  seq_gap_pos_count:2
frame stats  tcp_pair_key:192.168.110.51:1096-192.168.110.71:48622  frame_count:48  syn_count:0  fin_count:1  rst_count:0  isn:001859090730  "seq_gap_pos_count %":0.0408163  "seq_gap_neg_count %":0
kafka stats  kafka_count:47  kafka_len_tot:000000003666  tcp_payload_len_tot:000000003666  ind_client_id_n:0
kafka rsp without req!!  list  
kafka_corr_id:1874  ack:0  iframe:4070  index_in_frame:1  kafka_len:74
kafka_corr_id:1875  ack:0  iframe:10755  index_in_frame:1  kafka_len:74
kafka_corr_id:1877  ack:1  iframe:11313  index_in_frame:1  kafka_len:74
kafka_corr_id:1878  ack:0  iframe:11601  index_in_frame:1  kafka_len:74
kafka_corr_id:1879  ack:0  iframe:12001  index_in_frame:1  kafka_len:74
kafka_corr_id:1888  ack:0  iframe:14823  index_in_frame:1  kafka_len:74
kafka_corr_id:1895  ack:0  iframe:19124  index_in_frame:1  kafka_len:74
kafka_corr_id:1907  ack:1  iframe:25911  index_in_frame:1  kafka_len:74
kafka_corr_id:1908  ack:1  iframe:34299  index_in_frame:1  kafka_len:74
kafka_corr_id:1909  ack:1  iframe:44239  index_in_frame:1  kafka_len:74
kafka_corr_id:1917  ack:0  iframe:45190  index_in_frame:1  kafka_len:74
kafka_corr_id:1918  ack:0  iframe:45741  index_in_frame:1  kafka_len:74
kafka_corr_id:1920  ack:0  iframe:49333  index_in_frame:1  kafka_len:74
kafka_corr_id:1921  ack:0  iframe:57858  index_in_frame:1  kafka_len:74
kafka_corr_id:1926  ack:0  iframe:59122  index_in_frame:1  kafka_len:74
kafka_corr_id:1927  ack:0  iframe:59638  index_in_frame:1  kafka_len:74
kafka_corr_id:1928  ack:0  iframe:60089  index_in_frame:1  kafka_len:74
kafka_corr_id:1931  ack:0  iframe:61981  index_in_frame:1  kafka_len:74
kafka_corr_id:1934  ack:1  iframe:65315  index_in_frame:1  kafka_len:74
kafka_corr_id:1949  ack:0  iframe:65899  index_in_frame:1  kafka_len:74
kafka_corr_id:1950  ack:0  iframe:78644  index_in_frame:1  kafka_len:74
kafka_corr_id:1951  ack:1  iframe:79020  index_in_frame:1  kafka_len:74
kafka_corr_id:1952  ack:1  iframe:88981  index_in_frame:1  kafka_len:74
kafka_corr_id:1958  ack:1  iframe:89375  index_in_frame:1  kafka_len:74
kafka_corr_id:1959  ack:0  iframe:89679  index_in_frame:1  kafka_len:74
kafka_corr_id:1960  ack:0  iframe:93649  index_in_frame:1  kafka_len:74
kafka_corr_id:1967  ack:0  iframe:99836  index_in_frame:1  kafka_len:74
kafka_corr_id:1969  ack:1  iframe:100218  index_in_frame:1  kafka_len:74
kafka_corr_id:1970  ack:0  iframe:102434  index_in_frame:1  kafka_len:74
kafka_corr_id:1986  ack:1  iframe:102915  index_in_frame:1  kafka_len:74
kafka_corr_id:1987  ack:1  iframe:117052  index_in_frame:1  kafka_len:74
kafka_corr_id:1990  ack:1  iframe:117262  index_in_frame:1  kafka_len:74
kafka_corr_id:1991  ack:0  iframe:117531  index_in_frame:1  kafka_len:74
kafka_corr_id:1992  ack:0  iframe:117740  index_in_frame:1  kafka_len:74
kafka_corr_id:1993  ack:0  iframe:118037  index_in_frame:1  kafka_len:74
kafka_corr_id:1994  ack:0  iframe:118142  index_in_frame:1  kafka_len:74
kafka_corr_id:1995  ack:0  iframe:124709  index_in_frame:1  kafka_len:74
kafka_corr_id:1997  ack:1  iframe:125600  index_in_frame:1  kafka_len:74
kafka_corr_id:2012  ack:1  iframe:146358  index_in_frame:1  kafka_len:74
kafka_corr_id:2017  ack:1  iframe:146859  index_in_frame:1  kafka_len:74
kafka_corr_id:2019  ack:0  iframe:147335  index_in_frame:1  kafka_len:74
kafka_corr_id:2022  ack:1  iframe:147678  index_in_frame:1  kafka_len:74
kafka_corr_id:2023  ack:1  iframe:148396  index_in_frame:1  kafka_len:74
kafka_corr_id:2024  ack:0  iframe:148990  index_in_frame:1  kafka_len:74
kafka_corr_id:2038  ack:1  iframe:174590  index_in_frame:1  kafka_len:74
kafka_corr_id:2039  ack:1  iframe:174754  index_in_frame:1  kafka_len:74
kafka_corr_id:2046  ack:0  iframe:177742  index_in_frame:1  kafka_len:74
=============rsp without req 
======final stats  fname:/home/avorovich/pcap/rp_tap0.pcap  kafka_at_frame:N  pkt_count:706794  elapsed:5.28773  ind_tcp_pair_n:2  max_pkt_len:65226
Kafka Non-ACK(BAD - request without response) Ratio Histogram:
range:10-20%  count_of_tcp_pairs:1
