atf_snf.frame_stats  direction:"c->b"  tcp_short:108.1-108.5  tcp_pair_key:192.168.108.1:60608-192.168.108.5:1047  frame_count:34  syn_count:1  fin_count:0  rst_count:0  isn:000735067232  tcp_payload_len_tot:000000000931
atf_snf.frame_err  !!seq_gap_pos_count:2
atf_snf.kafka_stats  kafka_count:19  kafka_req_ack_count:19  kafka_count_in_bh:19  pct_non_ack!!!:0  kafka_len_tot:000000000931
atf_snf.kafka_stats  client_id_key:kafka-ui-admin-1749491785-1

atf_snf.info iframe:000000140452  ts_ns:1945832224  ack:1
kafka2.DescribeLogDirsRequest  request_api_version:4  correlation_id:146  client_id:kafka-ui-admin-1749491785-1
atf_snf.info iframe:000000140453
kafka2.DescribeLogDirsResponse  request_api_version:4  correlation_id:146  throttle_time_ms:0  error_code:0  results.0:'kafka2.DescribeLogDirsResult35a  error_code:0  log_dir:/mnt/data-1/dev.ak-8  topics.0:\'kafka2.DescribeLogDirsTopic35a  name:test-topic-0000000-YPTqRQg  partitions.0:"kafka2.Descri
atf_snf.info iframe:000000140454  ts_ns:1947376224  ack:1
kafka2.MetadataRequest  request_api_version:12  correlation_id:148  client_id:kafka-ui-admin-1749491785-1  allow_auto_topic_creation:Y  include_cluster_authorized_operations:N  include_topic_authorized_operations:N
atf_snf.info iframe:000000140456
kafka2.MetadataResponse  request_api_version:12  correlation_id:148  throttle_time_ms:0  brokers.0:"kafka2.MetadataResponseBroker3a  node_id:1  host:dev.ak-8.kafka-1.ext  port:1031"  brokers.1:"kafka2.MetadataResponseBroker3a  node_id:2  host:dev.ak-8.kafka-2.ext  port:1039"  brokers.2:"kafka2.Metad
atf_snf.info iframe:000000140458  ts_ns:1948925224  ack:1
kafka2.MetadataRequest  request_api_version:12  correlation_id:149  client_id:kafka-ui-admin-1749491785-1  allow_auto_topic_creation:Y  include_cluster_authorized_operations:N  include_topic_authorized_operations:N
atf_snf.info iframe:000000140460
kafka2.MetadataResponse  request_api_version:12  correlation_id:149  throttle_time_ms:0  brokers.0:"kafka2.MetadataResponseBroker3a  node_id:1  host:dev.ak-8.kafka-1.ext  port:1031"  brokers.1:"kafka2.MetadataResponseBroker3a  node_id:2  host:dev.ak-8.kafka-2.ext  port:1039"  brokers.2:"kafka2.Metad
atf_snf.info iframe:000000140444  ts_ns:2009937296  ack:1
kafka2.DescribeLogDirsRequest  request_api_version:4  correlation_id:137  client_id:kafka-ui-admin-1749491785-1
atf_snf.info iframe:000000140445
kafka2.DescribeLogDirsResponse  request_api_version:4  correlation_id:137  throttle_time_ms:0  error_code:0  results.0:'kafka2.DescribeLogDirsResult35a  error_code:0  log_dir:/mnt/data-1/dev.ak-8  topics.0:\'kafka2.DescribeLogDirsTopic35a  name:test-topic-0000000-YPTqRQg  partitions.0:"kafka2.Descri
atf_snf.info iframe:000000140446  ts_ns:2013216296  ack:1
kafka2.DescribeConfigsRequest  request_api_version:4  correlation_id:141  client_id:kafka-ui-admin-1749491785-1  resources.0:"kafka2.DescribeConfigsResource32q  resource_type:2  resource_name:__consumer_offsets"  resources.1:"kafka2.DescribeConfigsResource32q  resource_type:2  resource_name:test-top
atf_snf.info iframe:000000140450
kafka2.DescribeConfigsResponse  request_api_version:4  correlation_id:141  throttle_time_ms:0  results.0:'kafka2.DescribeConfigsResult32a  error_code:0  error_message:""  resource_type:2  resource_name:__consumer_offsets  configs.0:\'kafka2.DescribeConfigsResourceResult32a  name:compression.type  va
atf_snf.info iframe:000000140429  ts_ns:2073953368  ack:1
kafka2.DescribeClusterRequest  request_api_version:0  correlation_id:125  client_id:kafka-ui-admin-1749491785-1  include_cluster_authorized_operations:Y  endpoint_type:1  include_fenced_brokers:N
atf_snf.info iframe:000000140430
kafka2.DescribeClusterResponse  request_api_version:0  correlation_id:125  throttle_time_ms:0  error_code:0  endpoint_type:1  cluster_id:dev.ak-8  controller_id:1  brokers.0:"kafka2.DescribeClusterBroker60a  broker_id:1  host:dev.ak-8.kafka-1.ext  port:1031  is_fenced:N"  brokers.1:"kafka2.DescribeC
atf_snf.info iframe:000000140432  ts_ns:2075376368  ack:1
kafka2.DescribeLogDirsRequest  request_api_version:4  correlation_id:128  client_id:kafka-ui-admin-1749491785-1
atf_snf.info iframe:000000140433
kafka2.DescribeLogDirsResponse  request_api_version:4  correlation_id:128  throttle_time_ms:0  error_code:0  results.0:'kafka2.DescribeLogDirsResult35a  error_code:0  log_dir:/mnt/data-1/dev.ak-8  topics.0:\'kafka2.DescribeLogDirsTopic35a  name:test-topic-0000000-YPTqRQg  partitions.0:"kafka2.Descri
atf_snf.info iframe:000000140434  ts_ns:2076996368  ack:1
kafka2.MetadataRequest  request_api_version:12  correlation_id:130  client_id:kafka-ui-admin-1749491785-1  allow_auto_topic_creation:Y  include_cluster_authorized_operations:N  include_topic_authorized_operations:N
atf_snf.info iframe:000000140436
kafka2.MetadataResponse  request_api_version:12  correlation_id:130  throttle_time_ms:0  brokers.0:"kafka2.MetadataResponseBroker3a  node_id:1  host:dev.ak-8.kafka-1.ext  port:1031"  brokers.1:"kafka2.MetadataResponseBroker3a  node_id:2  host:dev.ak-8.kafka-2.ext  port:1039"  brokers.2:"kafka2.Metad
atf_snf.info iframe:000000140438  ts_ns:2078522368  ack:1
kafka2.MetadataRequest  request_api_version:12  correlation_id:131  client_id:kafka-ui-admin-1749491785-1  allow_auto_topic_creation:Y  include_cluster_authorized_operations:N  include_topic_authorized_operations:N
atf_snf.info iframe:000000140440
kafka2.MetadataResponse  request_api_version:12  correlation_id:131  throttle_time_ms:0  brokers.0:"kafka2.MetadataResponseBroker3a  node_id:1  host:dev.ak-8.kafka-1.ext  port:1031"  brokers.1:"kafka2.MetadataResponseBroker3a  node_id:2  host:dev.ak-8.kafka-2.ext  port:1039"  brokers.2:"kafka2.Metad
atf_snf.info iframe:000000000195  ts_ns:2472069824  ack:1
kafka2.ApiVersionsRequest  request_api_version:3  correlation_id:9  client_id:kafka-ui-admin-1749491785-1  client_software_name:apache-kafka-java  client_software_version:3.5.0
atf_snf.info iframe:000000000197
kafka2.ApiVersionsResponse  request_api_version:3  correlation_id:9  error_code:0  api_keys.0:"kafka2.ApiVersion18a  api_key:0  min_version:0  max_version:11"  api_keys.1:"kafka2.ApiVersion18a  api_key:1  min_version:0  max_version:17"  api_keys.2:"kafka2.ApiVersion18a  api_key:2  min_version:0  max
atf_snf.info iframe:000000000199  ts_ns:2474002824  ack:1
kafka2.DescribeLogDirsRequest  request_api_version:4  correlation_id:12  client_id:kafka-ui-admin-1749491785-1
atf_snf.info iframe:000000000202
kafka2.DescribeLogDirsResponse  request_api_version:4  correlation_id:12  throttle_time_ms:0  error_code:0  results.0:"kafka2.DescribeLogDirsResult35a  error_code:0  log_dir:/mnt/data-1/dev.ak-8  total_bytes:1919445725184  usable_bytes:1880705806336"  results.1:"kafka2.DescribeLogDirsResult35a  erro
atf_snf.info iframe:000000000203  ts_ns:2478452824  ack:1
kafka2.MetadataRequest  request_api_version:12  correlation_id:15  client_id:kafka-ui-admin-1749491785-1  allow_auto_topic_creation:Y  include_cluster_authorized_operations:N  include_topic_authorized_operations:N
atf_snf.info iframe:000000000205
kafka2.MetadataResponse  request_api_version:12  correlation_id:15  throttle_time_ms:0  brokers.0:"kafka2.MetadataResponseBroker3a  node_id:1  host:dev.ak-8.kafka-1.ext  port:1031"  brokers.1:"kafka2.MetadataResponseBroker3a  node_id:2  host:dev.ak-8.kafka-2.ext  port:1039"  brokers.2:"kafka2.Metada
atf_snf.info iframe:000000080596  ts_ns:2530296872  ack:1
kafka2.DescribeLogDirsRequest  request_api_version:4  correlation_id:64  client_id:kafka-ui-admin-1749491785-1
atf_snf.info iframe:000000080597
kafka2.DescribeLogDirsResponse  request_api_version:4  correlation_id:64  throttle_time_ms:0  error_code:0  results.0:'kafka2.DescribeLogDirsResult35a  error_code:0  log_dir:/mnt/data-1/dev.ak-8  topics.0:\'kafka2.DescribeLogDirsTopic35a  name:test-topic-0000000-YPTqRQg  partitions.0:"kafka2.Describ
atf_snf.info iframe:000000080598  ts_ns:2531908872  ack:1
kafka2.MetadataRequest  request_api_version:12  correlation_id:66  client_id:kafka-ui-admin-1749491785-1  allow_auto_topic_creation:Y  include_cluster_authorized_operations:N  include_topic_authorized_operations:N
atf_snf.info iframe:000000080600
kafka2.MetadataResponse  request_api_version:12  correlation_id:66  throttle_time_ms:0  brokers.0:"kafka2.MetadataResponseBroker3a  node_id:1  host:dev.ak-8.kafka-1.ext  port:1031"  brokers.1:"kafka2.MetadataResponseBroker3a  node_id:2  host:dev.ak-8.kafka-2.ext  port:1039"  brokers.2:"kafka2.Metada
atf_snf.info iframe:000000080602  ts_ns:2533293872  ack:1
kafka2.MetadataRequest  request_api_version:12  correlation_id:67  client_id:kafka-ui-admin-1749491785-1  allow_auto_topic_creation:Y  include_cluster_authorized_operations:N  include_topic_authorized_operations:N
atf_snf.info iframe:000000080604
kafka2.MetadataResponse  request_api_version:12  correlation_id:67  throttle_time_ms:0  brokers.0:"kafka2.MetadataResponseBroker3a  node_id:1  host:dev.ak-8.kafka-1.ext  port:1031"  brokers.1:"kafka2.MetadataResponseBroker3a  node_id:2  host:dev.ak-8.kafka-2.ext  port:1039"  brokers.2:"kafka2.Metada
atf_snf.info iframe:000000018835  ts_ns:2789787160  ack:1
kafka2.DescribeClusterRequest  request_api_version:0  correlation_id:25  client_id:kafka-ui-admin-1749491785-1  include_cluster_authorized_operations:Y  endpoint_type:1  include_fenced_brokers:N
atf_snf.info iframe:000000018836
kafka2.DescribeClusterResponse  request_api_version:0  correlation_id:25  throttle_time_ms:0  error_code:0  endpoint_type:1  cluster_id:dev.ak-8  controller_id:2  brokers.0:"kafka2.DescribeClusterBroker60a  broker_id:1  host:dev.ak-8.kafka-1.ext  port:1031  is_fenced:N"  brokers.1:"kafka2.DescribeCl
atf_snf.info iframe:000000018837  ts_ns:2791877160  ack:1
kafka2.DescribeLogDirsRequest  request_api_version:4  correlation_id:28  client_id:kafka-ui-admin-1749491785-1
atf_snf.info iframe:000000018838
kafka2.DescribeLogDirsResponse  request_api_version:4  correlation_id:28  throttle_time_ms:0  error_code:0  results.0:'kafka2.DescribeLogDirsResult35a  error_code:0  log_dir:/mnt/data-1/dev.ak-8  topics.0:\'kafka2.DescribeLogDirsTopic35a  name:test-topic-0000000-YPTqRQg  partitions.0:"kafka2.Describ
atf_snf.info iframe:000000018839  ts_ns:2793856160  ack:1
kafka2.MetadataRequest  request_api_version:12  correlation_id:30  client_id:kafka-ui-admin-1749491785-1  allow_auto_topic_creation:Y  include_cluster_authorized_operations:N  include_topic_authorized_operations:N
atf_snf.info iframe:000000018841
kafka2.MetadataResponse  request_api_version:12  correlation_id:30  throttle_time_ms:0  brokers.0:"kafka2.MetadataResponseBroker3a  node_id:1  host:dev.ak-8.kafka-1.ext  port:1031"  brokers.1:"kafka2.MetadataResponseBroker3a  node_id:2  host:dev.ak-8.kafka-2.ext  port:1039"  brokers.2:"kafka2.Metada
atf_snf.info iframe:000000018843  ts_ns:2796045160  ack:1
kafka2.MetadataRequest  request_api_version:12  correlation_id:31  client_id:kafka-ui-admin-1749491785-1  allow_auto_topic_creation:Y  include_cluster_authorized_operations:N  include_topic_authorized_operations:N
atf_snf.info iframe:000000018845
kafka2.MetadataResponse  request_api_version:12  correlation_id:31  throttle_time_ms:0  brokers.0:"kafka2.MetadataResponseBroker3a  node_id:1  host:dev.ak-8.kafka-1.ext  port:1031"  brokers.1:"kafka2.MetadataResponseBroker3a  node_id:2  host:dev.ak-8.kafka-2.ext  port:1039"  brokers.2:"kafka2.Metada
