atf_snf.frame_stats  direction:"c->b"  tcp_short:108.1-108.5  tcp_pair_key:192.168.108.1:37570-192.168.108.5:1047  frame_count:11  syn_count:1  fin_count:0  rst_count:0  isn:001826524943  tcp_payload_len_tot:000000000240
atf_snf.kafka_stats  kafka_count:5  kafka_req_ack_count:5  kafka_count_in_bh:5  pct_non_ack!!!:0  kafka_len_tot:000000000240
atf_snf.kafka_stats  client_id_key:redpanda-console

atf_snf.info iframe:000000000227  ts_ns:1245364112  ack:1
kafka2.ApiVersionsRequest  request_api_version:3  correlation_id:0  client_id:redpanda-console  client_software_name:kgo  client_software_version:v1.18.0
atf_snf.info iframe:000000000229
kafka2.ApiVersionsResponse  request_api_version:3  correlation_id:0  error_code:0  api_keys.0:"kafka2.ApiVersion18a  api_key:0  min_version:0  max_version:11"  api_keys.1:"kafka2.ApiVersion18a  api_key:1  min_version:0  max_version:17"  api_keys.2:"kafka2.ApiVersion18a  api_key:2  min_version:0  max
atf_snf.info iframe:000000000231  ts_ns:1248017112  ack:1
kafka2.MetadataRequest  request_api_version:9  correlation_id:1  client_id:redpanda-console  allow_auto_topic_creation:N  include_cluster_authorized_operations:N  include_topic_authorized_operations:N
atf_snf.info iframe:000000000233
kafka2.MetadataResponse  request_api_version:9  correlation_id:1  throttle_time_ms:0  brokers.0:"kafka2.MetadataResponseBroker3a  node_id:1  host:dev.ak-8.kafka-1.ext  port:1031"  brokers.1:"kafka2.MetadataResponseBroker3a  node_id:2  host:dev.ak-8.kafka-2.ext  port:1039"  brokers.2:"kafka2.Metadata
atf_snf.info iframe:000000000235  ts_ns:1251953112  ack:1
kafka2.DescribeLogDirsRequest  request_api_version:2  correlation_id:2  client_id:redpanda-console
atf_snf.info iframe:000000000236
kafka2.DescribeLogDirsResponse  request_api_version:2  correlation_id:2  throttle_time_ms:0  error_code:0  results.0:'kafka2.DescribeLogDirsResult35a  error_code:0  log_dir:/mnt/data-1/dev.ak-8  topics.0:\'kafka2.DescribeLogDirsTopic35a  name:test-topic-0000000-tqLdGLE  partitions.0:"kafka2.Describe
atf_snf.info iframe:000000000237  ts_ns:1264495112  ack:1
kafka2.DescribeConfigsRequest  request_api_version:3  correlation_id:3  client_id:redpanda-console  resources.0:"kafka2.DescribeConfigsResource32q  resource_type:2  resource_name:__consumer_offsets"  resources.1:"kafka2.DescribeConfigsResource32q  resource_type:2  resource_name:test-topic-0000000-tq
atf_snf.info iframe:000000000241
kafka2.DescribeConfigsResponse  request_api_version:3  correlation_id:3  throttle_time_ms:0  results.0:'kafka2.DescribeConfigsResult32a  error_code:0  error_message:""  resource_type:2  resource_name:__consumer_offsets  configs.0:\'kafka2.DescribeConfigsResourceResult32a  name:compression.type  valu
atf_snf.info iframe:000000000243  ts_ns:1280900112  ack:1
kafka2.ListGroupsRequest  request_api_version:4  correlation_id:4  client_id:redpanda-console
atf_snf.info iframe:000000000244
kafka2.ListGroupsResponse  request_api_version:4  correlation_id:4  throttle_time_ms:0  error_code:0
