atf_snf.frame_stats  direction:"c->b"  tcp_short:108.1-108.5  tcp_pair_key:192.168.108.1:46092-192.168.108.5:1047  frame_count:12  syn_count:1  fin_count:0  rst_count:0  isn:002792276102  tcp_payload_len_tot:000000000182
atf_snf.kafka_stats  kafka_count:5  kafka_req_ack_count:5  kafka_count_in_bh:5  pct_non_ack!!!:0  kafka_len_tot:000000000182
atf_snf.kafka_stats  client_id_key:redpanda-console

atf_snf.info iframe:000000000222  ts_ns:24419528  ack:1
kafka2.ApiVersionsRequest  request_api_version:3  correlation_id:0  client_id:redpanda-console  client_software_name:kgo  client_software_version:v1.18.0
atf_snf.info iframe:000000000224
kafka2.ApiVersionsResponse  request_api_version:3  correlation_id:0  error_code:0  api_keys.0:"kafka2.ApiVersion18a  api_key:0  min_version:0  max_version:11"  api_keys.1:"kafka2.ApiVersion18a  api_key:1  min_version:0  max_version:17"  api_keys.2:"kafka2.ApiVersion18a  api_key:2  min_version:0  max
atf_snf.info iframe:000000000226  ts_ns:26451528  ack:1
kafka2.MetadataRequest  request_api_version:9  correlation_id:1  client_id:redpanda-console  allow_auto_topic_creation:N  include_cluster_authorized_operations:N  include_topic_authorized_operations:N
atf_snf.info iframe:000000000228
kafka2.MetadataResponse  request_api_version:9  correlation_id:1  throttle_time_ms:0  brokers.0:"kafka2.MetadataResponseBroker3a  node_id:1  host:dev.ak-8.kafka-1.ext  port:1031"  brokers.1:"kafka2.MetadataResponseBroker3a  node_id:2  host:dev.ak-8.kafka-2.ext  port:1039"  brokers.2:"kafka2.Metadata
atf_snf.info iframe:000000000230  ts_ns:31777528  ack:1
kafka2.DescribeLogDirsRequest  request_api_version:2  correlation_id:2  client_id:redpanda-console
atf_snf.info iframe:000000000231
kafka2.DescribeLogDirsResponse  request_api_version:2  correlation_id:2  throttle_time_ms:0  error_code:0  results.0:'kafka2.DescribeLogDirsResult35a  error_code:0  log_dir:/mnt/data-1/dev.ak-8  topics.0:\'kafka2.DescribeLogDirsTopic35a  name:test-topic-0000000-YPTqRQg  partitions.0:"kafka2.Describe
atf_snf.info iframe:000000000232  ts_ns:51462528  ack:1
kafka2.MetadataRequest  request_api_version:9  correlation_id:3  client_id:redpanda-console  allow_auto_topic_creation:N  include_cluster_authorized_operations:N  include_topic_authorized_operations:N
atf_snf.info iframe:000000000234
kafka2.MetadataResponse  request_api_version:9  correlation_id:3  throttle_time_ms:0  brokers.0:"kafka2.MetadataResponseBroker3a  node_id:1  host:dev.ak-8.kafka-1.ext  port:1031"  brokers.1:"kafka2.MetadataResponseBroker3a  node_id:2  host:dev.ak-8.kafka-2.ext  port:1039"  brokers.2:"kafka2.Metadata
atf_snf.info iframe:000000000236  ts_ns:53977528  ack:1
kafka2.ListGroupsRequest  request_api_version:4  correlation_id:4  client_id:redpanda-console
atf_snf.info iframe:000000000237
kafka2.ListGroupsResponse  request_api_version:4  correlation_id:4  throttle_time_ms:0  error_code:0
