atf_snf.frame_stats  direction:"c->b"  tcp_short:108.1-108.5  tcp_pair_key:192.168.108.1:57400-192.168.108.5:1047  frame_count:45  syn_count:1  fin_count:0  rst_count:0  isn:002045403049  tcp_payload_len_tot:000000001529
atf_snf.frame_err  !!seq_gap_pos_count:5
atf_snf.kafka_stats  kafka_count:27  kafka_req_ack_count:26  kafka_count_in_bh:27  pct_non_ack!!!:0.0357143  kafka_len_tot:000000001529
atf_snf.kafka_stats  client_id_key:kafka-ui-admin-1749500252-1

atf_snf.info iframe:000000078823  ts_ns:3249042688  ack:1
kafka2.MetadataRequest  request_api_version:12  correlation_id:107  client_id:kafka-ui-admin-1749500252-1  allow_auto_topic_creation:Y  include_cluster_authorized_operations:N  include_topic_authorized_operations:N
atf_snf.info iframe:000000078824
kafka2.MetadataResponse  request_api_version:12  correlation_id:107  throttle_time_ms:0  brokers.0:"kafka2.MetadataResponseBroker3a  node_id:1  host:dev.ak-8.kafka-1.ext  port:1031"  brokers.1:"kafka2.MetadataResponseBroker3a  node_id:2  host:dev.ak-8.kafka-2.ext  port:1039"  brokers.2:"kafka2.Metad
atf_snf.info iframe:000000086824  ts_ns:3343713736  ack:1
kafka2.DescribeLogDirsRequest  request_api_version:4  correlation_id:156  client_id:kafka-ui-admin-1749500252-1
atf_snf.info iframe:000000086825
kafka2.DescribeLogDirsResponse  request_api_version:4  correlation_id:156  throttle_time_ms:0  error_code:0  results.0:'kafka2.DescribeLogDirsResult35a  error_code:0  log_dir:/mnt/data-1/dev.ak-8  topics.0:\'kafka2.DescribeLogDirsTopic35a  name:test-topic-0000000-tqLdGLE  partitions.0:"kafka2.Descri
atf_snf.info iframe:000000086826  ts_ns:3347914736  ack:1
kafka2.MetadataRequest  request_api_version:12  correlation_id:161  client_id:kafka-ui-admin-1749500252-1  topics.0:"kafka2.MetadataRequestTopic3q  topic_id:00000000-0000-0000-0000-000000000000  name:test-topic-0000000-tqLdGLE"  topics.1:"kafka2.MetadataRequestTopic3q  topic_id:00000000-0000-0000-00
atf_snf.info iframe:000000086828
kafka2.MetadataResponse  request_api_version:12  correlation_id:161  throttle_time_ms:0  brokers.0:"kafka2.MetadataResponseBroker3a  node_id:1  host:dev.ak-8.kafka-1.ext  port:1031"  brokers.1:"kafka2.MetadataResponseBroker3a  node_id:2  host:dev.ak-8.kafka-2.ext  port:1039"  brokers.2:"kafka2.Metad
atf_snf.info iframe:000000086810  ts_ns:3409167808  ack:1
kafka2.DescribeLogDirsRequest  request_api_version:4  correlation_id:147  client_id:kafka-ui-admin-1749500252-1
atf_snf.info iframe:000000086811
kafka2.DescribeLogDirsResponse  request_api_version:4  correlation_id:147  throttle_time_ms:0  error_code:0  results.0:'kafka2.DescribeLogDirsResult35a  error_code:0  log_dir:/mnt/data-1/dev.ak-8  topics.0:\'kafka2.DescribeLogDirsTopic35a  name:test-topic-0000000-tqLdGLE  partitions.0:"kafka2.Descri
atf_snf.info iframe:000000086812  ts_ns:3410588808  ack:1
kafka2.MetadataRequest  request_api_version:12  correlation_id:149  client_id:kafka-ui-admin-1749500252-1  allow_auto_topic_creation:Y  include_cluster_authorized_operations:N  include_topic_authorized_operations:N
atf_snf.info iframe:000000086814
kafka2.MetadataResponse  request_api_version:12  correlation_id:149  throttle_time_ms:0  brokers.0:"kafka2.MetadataResponseBroker3a  node_id:1  host:dev.ak-8.kafka-1.ext  port:1031"  brokers.1:"kafka2.MetadataResponseBroker3a  node_id:2  host:dev.ak-8.kafka-2.ext  port:1039"  brokers.2:"kafka2.Metad
atf_snf.info iframe:000000086816  ts_ns:3412055808  ack:1
kafka2.MetadataRequest  request_api_version:12  correlation_id:150  client_id:kafka-ui-admin-1749500252-1  allow_auto_topic_creation:Y  include_cluster_authorized_operations:N  include_topic_authorized_operations:N
atf_snf.info iframe:000000086818
kafka2.MetadataResponse  request_api_version:12  correlation_id:150  throttle_time_ms:0  brokers.0:"kafka2.MetadataResponseBroker3a  node_id:1  host:dev.ak-8.kafka-1.ext  port:1031"  brokers.1:"kafka2.MetadataResponseBroker3a  node_id:2  host:dev.ak-8.kafka-2.ext  port:1039"  brokers.2:"kafka2.Metad
atf_snf.info iframe:000000086796  ts_ns:3473539880  ack:1
kafka2.DescribeLogDirsRequest  request_api_version:4  correlation_id:138  client_id:kafka-ui-admin-1749500252-1
atf_snf.info iframe:000000086797
kafka2.DescribeLogDirsResponse  request_api_version:4  correlation_id:138  throttle_time_ms:0  error_code:0  results.0:'kafka2.DescribeLogDirsResult35a  error_code:0  log_dir:/mnt/data-1/dev.ak-8  topics.0:\'kafka2.DescribeLogDirsTopic35a  name:test-topic-0000000-tqLdGLE  partitions.0:"kafka2.Descri
atf_snf.info iframe:000000086798  ts_ns:3474890880  ack:1
kafka2.MetadataRequest  request_api_version:12  correlation_id:140  client_id:kafka-ui-admin-1749500252-1  allow_auto_topic_creation:Y  include_cluster_authorized_operations:N  include_topic_authorized_operations:N
atf_snf.info iframe:000000086800
kafka2.MetadataResponse  request_api_version:12  correlation_id:140  throttle_time_ms:0  brokers.0:"kafka2.MetadataResponseBroker3a  node_id:1  host:dev.ak-8.kafka-1.ext  port:1031"  brokers.1:"kafka2.MetadataResponseBroker3a  node_id:2  host:dev.ak-8.kafka-2.ext  port:1039"  brokers.2:"kafka2.Metad
atf_snf.info iframe:000000086802  ts_ns:3475980880  ack:1
kafka2.MetadataRequest  request_api_version:12  correlation_id:141  client_id:kafka-ui-admin-1749500252-1  allow_auto_topic_creation:Y  include_cluster_authorized_operations:N  include_topic_authorized_operations:N
atf_snf.info iframe:000000086804
kafka2.MetadataResponse  request_api_version:12  correlation_id:141  throttle_time_ms:0  brokers.0:"kafka2.MetadataResponseBroker3a  node_id:1  host:dev.ak-8.kafka-1.ext  port:1031"  brokers.1:"kafka2.MetadataResponseBroker3a  node_id:2  host:dev.ak-8.kafka-2.ext  port:1039"  brokers.2:"kafka2.Metad
atf_snf.info iframe:000000086786  ts_ns:3538716952  ack:1
kafka2.DescribeLogDirsRequest  request_api_version:4  correlation_id:129  client_id:kafka-ui-admin-1749500252-1
atf_snf.info iframe:000000086787
kafka2.DescribeLogDirsResponse  request_api_version:4  correlation_id:129  throttle_time_ms:0  error_code:0  results.0:'kafka2.DescribeLogDirsResult35a  error_code:0  log_dir:/mnt/data-1/dev.ak-8  topics.0:\'kafka2.DescribeLogDirsTopic35a  name:test-topic-0000000-tqLdGLE  partitions.0:"kafka2.Descri
atf_snf.info iframe:000000086788  ts_ns:3543617952  ack:1
kafka2.MetadataRequest  request_api_version:12  correlation_id:134  client_id:kafka-ui-admin-1749500252-1  topics.0:"kafka2.MetadataRequestTopic3q  topic_id:00000000-0000-0000-0000-000000000000  name:test-topic-0000000-tqLdGLE"  topics.1:"kafka2.MetadataRequestTopic3q  topic_id:00000000-0000-0000-00
atf_snf.info iframe:000000086790
kafka2.MetadataResponse  request_api_version:12  correlation_id:134  throttle_time_ms:0  brokers.0:"kafka2.MetadataResponseBroker3a  node_id:1  host:dev.ak-8.kafka-1.ext  port:1031"  brokers.1:"kafka2.MetadataResponseBroker3a  node_id:2  host:dev.ak-8.kafka-2.ext  port:1039"  brokers.2:"kafka2.Metad
atf_snf.info iframe:000000080900  ts_ns:3672933096  ack:1
kafka2.DescribeLogDirsRequest  request_api_version:4  correlation_id:112  client_id:kafka-ui-admin-1749500252-1
atf_snf.info iframe:000000080901
kafka2.DescribeLogDirsResponse  request_api_version:4  correlation_id:112  throttle_time_ms:0  error_code:0  results.0:'kafka2.DescribeLogDirsResult35a  error_code:0  log_dir:/mnt/data-1/dev.ak-8  topics.0:\'kafka2.DescribeLogDirsTopic35a  name:test-topic-0000000-tqLdGLE  partitions.0:"kafka2.Descri
atf_snf.info iframe:000000065537  ts_ns:3798128240  ack:0
kafka2.DescribeLogDirsRequest  request_api_version:4  correlation_id:92  client_id:kafka-ui-admin-1749500252-1
atf_snf.err response not found
atf_snf.info iframe:000000000191  ts_ns:3874683408  ack:1
kafka2.ApiVersionsRequest  request_api_version:3  correlation_id:14  client_id:kafka-ui-admin-1749500252-1  client_software_name:apache-kafka-java  client_software_version:3.5.0
atf_snf.info iframe:000000000193
kafka2.ApiVersionsResponse  request_api_version:3  correlation_id:14  error_code:0  api_keys.0:"kafka2.ApiVersion18a  api_key:0  min_version:0  max_version:11"  api_keys.1:"kafka2.ApiVersion18a  api_key:1  min_version:0  max_version:17"  api_keys.2:"kafka2.ApiVersion18a  api_key:2  min_version:0  ma
atf_snf.info iframe:000000000195  ts_ns:3877110408  ack:1
kafka2.DescribeLogDirsRequest  request_api_version:4  correlation_id:16  client_id:kafka-ui-admin-1749500252-1
atf_snf.info iframe:000000000196
kafka2.DescribeLogDirsResponse  request_api_version:4  correlation_id:16  throttle_time_ms:0  error_code:0  results.0:"kafka2.DescribeLogDirsResult35a  error_code:0  log_dir:/mnt/data-1/dev.ak-8  total_bytes:1919445725184  usable_bytes:1880814723072"  results.1:"kafka2.DescribeLogDirsResult35a  erro
atf_snf.info iframe:000000046560  ts_ns:3991072456  ack:1
kafka2.DescribeClusterRequest  request_api_version:0  correlation_id:62  client_id:kafka-ui-admin-1749500252-1  include_cluster_authorized_operations:Y  endpoint_type:1  include_fenced_brokers:N
atf_snf.info iframe:000000046561
kafka2.DescribeClusterResponse  request_api_version:0  correlation_id:62  throttle_time_ms:0  error_code:0  endpoint_type:1  cluster_id:dev.ak-8  controller_id:1  brokers.0:"kafka2.DescribeClusterBroker60a  broker_id:1  host:dev.ak-8.kafka-1.ext  port:1031  is_fenced:N"  brokers.1:"kafka2.DescribeCl
atf_snf.info iframe:000000046562  ts_ns:3992680456  ack:1
kafka2.DescribeLogDirsRequest  request_api_version:4  correlation_id:65  client_id:kafka-ui-admin-1749500252-1
atf_snf.info iframe:000000046563
kafka2.DescribeLogDirsResponse  request_api_version:4  correlation_id:65  throttle_time_ms:0  error_code:0  results.0:'kafka2.DescribeLogDirsResult35a  error_code:0  log_dir:/mnt/data-1/dev.ak-8  topics.0:\'kafka2.DescribeLogDirsTopic35a  name:test-topic-0000000-tqLdGLE  partitions.0:"kafka2.Describ
atf_snf.info iframe:000000046564  ts_ns:3994301456  ack:1
kafka2.MetadataRequest  request_api_version:12  correlation_id:67  client_id:kafka-ui-admin-1749500252-1  allow_auto_topic_creation:Y  include_cluster_authorized_operations:N  include_topic_authorized_operations:N
atf_snf.info iframe:000000046566
kafka2.MetadataResponse  request_api_version:12  correlation_id:67  throttle_time_ms:0  brokers.0:"kafka2.MetadataResponseBroker3a  node_id:1  host:dev.ak-8.kafka-1.ext  port:1031"  brokers.1:"kafka2.MetadataResponseBroker3a  node_id:2  host:dev.ak-8.kafka-2.ext  port:1039"  brokers.2:"kafka2.Metada
atf_snf.info iframe:000000046568  ts_ns:3995455456  ack:1
kafka2.MetadataRequest  request_api_version:12  correlation_id:68  client_id:kafka-ui-admin-1749500252-1  allow_auto_topic_creation:Y  include_cluster_authorized_operations:N  include_topic_authorized_operations:N
atf_snf.info iframe:000000046570
kafka2.MetadataResponse  request_api_version:12  correlation_id:68  throttle_time_ms:0  brokers.0:"kafka2.MetadataResponseBroker3a  node_id:1  host:dev.ak-8.kafka-1.ext  port:1031"  brokers.1:"kafka2.MetadataResponseBroker3a  node_id:2  host:dev.ak-8.kafka-2.ext  port:1039"  brokers.2:"kafka2.Metada
atf_snf.info iframe:000000026747  ts_ns:4121037600  ack:1
kafka2.DescribeClusterRequest  request_api_version:0  correlation_id:44  client_id:kafka-ui-admin-1749500252-1  include_cluster_authorized_operations:Y  endpoint_type:1  include_fenced_brokers:N
atf_snf.info iframe:000000026748
kafka2.DescribeClusterResponse  request_api_version:0  correlation_id:44  throttle_time_ms:0  error_code:0  endpoint_type:1  cluster_id:dev.ak-8  controller_id:3  brokers.0:"kafka2.DescribeClusterBroker60a  broker_id:1  host:dev.ak-8.kafka-1.ext  port:1031  is_fenced:N"  brokers.1:"kafka2.DescribeCl
atf_snf.info iframe:000000026749  ts_ns:4122549600  ack:1
kafka2.DescribeLogDirsRequest  request_api_version:4  correlation_id:47  client_id:kafka-ui-admin-1749500252-1
atf_snf.info iframe:000000026750
kafka2.DescribeLogDirsResponse  request_api_version:4  correlation_id:47  throttle_time_ms:0  error_code:0  results.0:'kafka2.DescribeLogDirsResult35a  error_code:0  log_dir:/mnt/data-1/dev.ak-8  topics.0:\'kafka2.DescribeLogDirsTopic35a  name:test-topic-0000000-tqLdGLE  partitions.0:"kafka2.Describ
atf_snf.info iframe:000000026751  ts_ns:4124009600  ack:1
kafka2.MetadataRequest  request_api_version:12  correlation_id:49  client_id:kafka-ui-admin-1749500252-1  allow_auto_topic_creation:Y  include_cluster_authorized_operations:N  include_topic_authorized_operations:N
atf_snf.info iframe:000000026753
kafka2.MetadataResponse  request_api_version:12  correlation_id:49  throttle_time_ms:0  brokers.0:"kafka2.MetadataResponseBroker3a  node_id:1  host:dev.ak-8.kafka-1.ext  port:1031"  brokers.1:"kafka2.MetadataResponseBroker3a  node_id:2  host:dev.ak-8.kafka-2.ext  port:1039"  brokers.2:"kafka2.Metada
atf_snf.info iframe:000000026755  ts_ns:4126966600  ack:1
kafka2.MetadataRequest  request_api_version:12  correlation_id:50  client_id:kafka-ui-admin-1749500252-1  allow_auto_topic_creation:Y  include_cluster_authorized_operations:N  include_topic_authorized_operations:N
atf_snf.info iframe:000000026757
kafka2.MetadataResponse  request_api_version:12  correlation_id:50  throttle_time_ms:0  brokers.0:"kafka2.MetadataResponseBroker3a  node_id:1  host:dev.ak-8.kafka-1.ext  port:1031"  brokers.1:"kafka2.MetadataResponseBroker3a  node_id:2  host:dev.ak-8.kafka-2.ext  port:1039"  brokers.2:"kafka2.Metada
atf_snf.info iframe:000000026759  ts_ns:4128612600  ack:1
kafka2.MetadataRequest  request_api_version:12  correlation_id:52  client_id:kafka-ui-admin-1749500252-1  topics.0:"kafka2.MetadataRequestTopic3q  topic_id:00000000-0000-0000-0000-000000000000  name:test-topic-0000000-tqLdGLE"  topics.1:"kafka2.MetadataRequestTopic3q  topic_id:00000000-0000-0000-000
atf_snf.info iframe:000000026761
kafka2.MetadataResponse  request_api_version:12  correlation_id:52  throttle_time_ms:0  brokers.0:"kafka2.MetadataResponseBroker3a  node_id:1  host:dev.ak-8.kafka-1.ext  port:1031"  brokers.1:"kafka2.MetadataResponseBroker3a  node_id:2  host:dev.ak-8.kafka-2.ext  port:1039"  brokers.2:"kafka2.Metada
atf_snf.info iframe:000000018285  ts_ns:4186057672  ack:1
kafka2.DescribeClusterRequest  request_api_version:0  correlation_id:35  client_id:kafka-ui-admin-1749500252-1  include_cluster_authorized_operations:Y  endpoint_type:1  include_fenced_brokers:N
atf_snf.info iframe:000000018286
kafka2.DescribeClusterResponse  request_api_version:0  correlation_id:35  throttle_time_ms:0  error_code:0  endpoint_type:1  cluster_id:dev.ak-8  controller_id:2  brokers.0:"kafka2.DescribeClusterBroker60a  broker_id:1  host:dev.ak-8.kafka-1.ext  port:1031  is_fenced:N"  brokers.1:"kafka2.DescribeCl
atf_snf.info iframe:000000018287  ts_ns:4193315672  ack:1
kafka2.DescribeLogDirsRequest  request_api_version:4  correlation_id:38  client_id:kafka-ui-admin-1749500252-1
atf_snf.info iframe:000000018288
kafka2.DescribeLogDirsResponse  request_api_version:4  correlation_id:38  throttle_time_ms:0  error_code:0  results.0:'kafka2.DescribeLogDirsResult35a  error_code:0  log_dir:/mnt/data-1/dev.ak-8  topics.0:\'kafka2.DescribeLogDirsTopic35a  name:test-topic-0000000-tqLdGLE  partitions.0:"kafka2.Describ
atf_snf.info iframe:000000018289  ts_ns:4197543672  ack:1
kafka2.DescribeConfigsRequest  request_api_version:4  correlation_id:42  client_id:kafka-ui-admin-1749500252-1  resources.0:"kafka2.DescribeConfigsResource32q  resource_type:2  resource_name:test-topic-0000000-tqLdGLE"  resources.1:"kafka2.DescribeConfigsResource32q  resource_type:2  resource_name:_
atf_snf.info iframe:000000018293
kafka2.DescribeConfigsResponse  request_api_version:4  correlation_id:42  throttle_time_ms:0  results.0:'kafka2.DescribeConfigsResult32a  error_code:0  error_message:""  resource_type:2  resource_name:test-topic-0000000-tqLdGLE  configs.0:\'kafka2.DescribeConfigsResourceResult32a  name:compression.t
