-req  iframe:000000001728  ts_ns:1177463184
kafka2.MetadataRequest  request_api_version:9  correlation_id:0  client_id:redpanda-console  topics.0:"kafka2.MetadataRequestTopic3q  topic_id:00000000-0000-0000-0000-000000000000  name:av111111"  all
kafka2.MetadataRequest  request_api_version:9  correlation_id:0  client_id:redpanda-console  topics.0:"kafka2.MetadataRequestTopic3q  topic_id:00000000-0000-0000-0000-000000000000  name:av111111"  all
-rsp  iframe:000000001736
kafka2.MetadataResponse  request_api_version:9  correlation_id:0  throttle_time_ms:0  brokers.0:"kafka2.MetadataResponseBroker3a  node_id:1  host:dev.ak-8.kafka-1.ext  port:1031"  brokers.1:"kafka2.Me
-req  iframe:000000001731  ts_ns:1178504184
kafka2.DescribeLogDirsRequest  request_api_version:2  correlation_id:1  client_id:redpanda-console  topics.0:"kafka2.DescribableLogDirTopic35q  topic:av111111  partitions.0:2"
kafka2.DescribeLogDirsRequest  request_api_version:2  correlation_id:1  client_id:redpanda-console  topics.0:"kafka2.DescribableLogDirTopic35q  topic:av111111  partitions.0:2"
-rsp  iframe:000000001748
kafka2.DescribeLogDirsResponse  request_api_version:2  correlation_id:1  throttle_time_ms:0  error_code:0  results.0:"kafka2.DescribeLogDirsResult35a  error_code:0  log_dir:/mnt/data-1/dev.ak-8  topic
-req  iframe:000000001738  ts_ns:1179664184
kafka2.ListOffsetsRequest  request_api_version:5  correlation_id:2  client_id:redpanda-console  replica_id:0  isolation_level:0  topics.0:'kafka2.ListOffsetsTopic2q  name:av111111  partitions.0:"kafka
kafka2.ListOffsetsRequest  request_api_version:5  correlation_id:2  client_id:redpanda-console  replica_id:0  isolation_level:0  topics.0:'kafka2.ListOffsetsTopic2q  name:av111111  partitions.0:"kafka
-rsp  iframe:000000001752
kafka2.ListOffsetsResponse  request_api_version:5  correlation_id:2  throttle_time_ms:0  topics.0:'kafka2.ListOffsetsTopicResponse2a  name:av111111  partitions.0:"kafka2.ListOffsetsPartitionResponse2a
-req  iframe:000000001744  ts_ns:1180065184
kafka2.ListOffsetsRequest  request_api_version:5  correlation_id:3  client_id:redpanda-console  replica_id:0  isolation_level:0  topics.0:'kafka2.ListOffsetsTopic2q  name:av111111  partitions.0:"kafka
kafka2.ListOffsetsRequest  request_api_version:5  correlation_id:3  client_id:redpanda-console  replica_id:0  isolation_level:0  topics.0:'kafka2.ListOffsetsTopic2q  name:av111111  partitions.0:"kafka
-rsp  iframe:000000001756
kafka2.ListOffsetsResponse  request_api_version:5  correlation_id:3  throttle_time_ms:0  topics.0:'kafka2.ListOffsetsTopicResponse2a  name:av111111  partitions.0:"kafka2.ListOffsetsPartitionResponse2a
