-req  iframe:000000000895  ts_ns:571052912
kafka2.DescribeConfigsRequest  request_api_version:3  correlation_id:11  client_id:redpanda-console  resources.0:"kafka2.DescribeConfigsResource32q  resource_type:2  resource_name:av111111  configurat
kafka2.DescribeConfigsRequest  request_api_version:3  correlation_id:11  client_id:redpanda-console  resources.0:"kafka2.DescribeConfigsResource32q  resource_type:2  resource_name:av111111  configurat
-rsp  iframe:000000000908
kafka2.DescribeConfigsResponse  request_api_version:3  correlation_id:11  throttle_time_ms:0  results.0:'kafka2.DescribeConfigsResult32a  error_code:0  error_message:""  resource_type:2  resource_name
-req  iframe:000000000915  ts_ns:580695912
kafka2.DescribeLogDirsRequest  request_api_version:2  correlation_id:12  client_id:redpanda-console
kafka2.DescribeLogDirsRequest  request_api_version:2  correlation_id:12  client_id:redpanda-console
-rsp  iframe:000000000918
kafka2.DescribeLogDirsResponse  request_api_version:2  correlation_id:12  throttle_time_ms:0  error_code:0  results.0:"kafka2.DescribeLogDirsResult35a  error_code:0  log_dir:/mnt/data-1/dev.ak-8  tota
-req  iframe:000000001482  ts_ns:996796472
kafka2.MetadataRequest  request_api_version:9  correlation_id:27  client_id:redpanda-console  topics.0:"kafka2.MetadataRequestTopic3q  topic_id:00000000-0000-0000-0000-000000000000  name:av111111"  al
kafka2.MetadataRequest  request_api_version:9  correlation_id:27  client_id:redpanda-console  topics.0:"kafka2.MetadataRequestTopic3q  topic_id:00000000-0000-0000-0000-000000000000  name:av111111"  al
-rsp  iframe:000000001483
kafka2.MetadataResponse  request_api_version:9  correlation_id:27  throttle_time_ms:0  brokers.0:"kafka2.MetadataResponseBroker3a  node_id:1  host:dev.ak-8.kafka-1.ext  port:1031"  brokers.1:"kafka2.M
-req  iframe:000000001486  ts_ns:998321472
kafka2.MetadataRequest  request_api_version:9  correlation_id:28  client_id:redpanda-console  topics.0:"kafka2.MetadataRequestTopic3q  topic_id:00000000-0000-0000-0000-000000000000  name:av111111"  al
kafka2.MetadataRequest  request_api_version:9  correlation_id:28  client_id:redpanda-console  topics.0:"kafka2.MetadataRequestTopic3q  topic_id:00000000-0000-0000-0000-000000000000  name:av111111"  al
-rsp  iframe:000000001487
kafka2.MetadataResponse  request_api_version:9  correlation_id:28  throttle_time_ms:0  brokers.0:"kafka2.MetadataResponseBroker3a  node_id:1  host:dev.ak-8.kafka-1.ext  port:1031"  brokers.1:"kafka2.M
-req  iframe:000000000214  ts_ns:1510634576
kafka2.ApiVersionsRequest  request_api_version:3  correlation_id:0  client_id:redpanda-console  client_software_name:RPConsole  client_software_version:v2.8.2
kafka2.ApiVersionsRequest  request_api_version:3  correlation_id:0  client_id:redpanda-console  client_software_name:RPConsole  client_software_version:v2.8.2
-rsp  iframe:000000000222
kafka2.ApiVersionsResponse  request_api_version:3  correlation_id:0  error_code:0  api_keys.0:"kafka2.ApiVersion18a  api_key:0  min_version:0  max_version:11"  api_keys.1:"kafka2.ApiVersion18a  api_ke
-req  iframe:000000000241  ts_ns:1514500576
kafka2.DescribeConfigsRequest  request_api_version:3  correlation_id:1  client_id:redpanda-console  resources.0:"kafka2.DescribeConfigsResource32q  resource_type:4  resource_name:2"  include_synonyms:
kafka2.DescribeConfigsRequest  request_api_version:3  correlation_id:1  client_id:redpanda-console  resources.0:"kafka2.DescribeConfigsResource32q  resource_type:4  resource_name:2"  include_synonyms:
-rsp  iframe:000000000410
kafka2.DescribeConfigsResponse  request_api_version:3  correlation_id:1  throttle_time_ms:0  results.0:'kafka2.DescribeConfigsResult32a  error_code:0  error_message:""  resource_type:4  resource_name:
-req  iframe:000000000248  ts_ns:1515583576
kafka2.DescribeLogDirsRequest  request_api_version:2  correlation_id:2  client_id:redpanda-console
kafka2.DescribeLogDirsRequest  request_api_version:2  correlation_id:2  client_id:redpanda-console
-rsp  iframe:000000000486
kafka2.DescribeLogDirsResponse  request_api_version:2  correlation_id:2  throttle_time_ms:0  error_code:0  results.0:"kafka2.DescribeLogDirsResult35a  error_code:0  log_dir:/mnt/data-1/dev.ak-8  total
-req  iframe:000000000251  ts_ns:1515649576
kafka2.DescribeLogDirsRequest  request_api_version:2  correlation_id:3  client_id:redpanda-console
kafka2.DescribeLogDirsRequest  request_api_version:2  correlation_id:3  client_id:redpanda-console
-rsp  iframe:000000000488
kafka2.DescribeLogDirsResponse  request_api_version:2  correlation_id:3  throttle_time_ms:0  error_code:0  results.0:"kafka2.DescribeLogDirsResult35a  error_code:0  log_dir:/mnt/data-1/dev.ak-8  total
-req  iframe:000000000547  ts_ns:2036142800
kafka2.MetadataRequest  request_api_version:9  correlation_id:4  client_id:redpanda-console  allow_auto_topic_creation:N  include_cluster_authorized_operations:N  include_topic_authorized_operations:N
kafka2.MetadataRequest  request_api_version:9  correlation_id:4  client_id:redpanda-console  allow_auto_topic_creation:N  include_cluster_authorized_operations:N  include_topic_authorized_operations:N
-rsp  iframe:000000000549
kafka2.MetadataResponse  request_api_version:9  correlation_id:4  throttle_time_ms:0  brokers.0:"kafka2.MetadataResponseBroker3a  node_id:1  host:dev.ak-8.kafka-1.ext  port:1031"  brokers.1:"kafka2.Me
-req  iframe:000000000551  ts_ns:2037798800
kafka2.MetadataRequest  request_api_version:9  correlation_id:5  client_id:redpanda-console  allow_auto_topic_creation:N  include_cluster_authorized_operations:N  include_topic_authorized_operations:N
kafka2.MetadataRequest  request_api_version:9  correlation_id:5  client_id:redpanda-console  allow_auto_topic_creation:N  include_cluster_authorized_operations:N  include_topic_authorized_operations:N
-rsp  iframe:000000000553
kafka2.MetadataResponse  request_api_version:9  correlation_id:5  throttle_time_ms:0  brokers.0:"kafka2.MetadataResponseBroker3a  node_id:1  host:dev.ak-8.kafka-1.ext  port:1031"  brokers.1:"kafka2.Me
-req  iframe:000000000560  ts_ns:2041453800
kafka2.MetadataRequest  request_api_version:9  correlation_id:6  client_id:redpanda-console  allow_auto_topic_creation:N  include_cluster_authorized_operations:N  include_topic_authorized_operations:N
kafka2.MetadataRequest  request_api_version:9  correlation_id:6  client_id:redpanda-console  allow_auto_topic_creation:N  include_cluster_authorized_operations:N  include_topic_authorized_operations:N
-rsp  iframe:000000000567
kafka2.MetadataResponse  request_api_version:9  correlation_id:6  throttle_time_ms:0  brokers.0:"kafka2.MetadataResponseBroker3a  node_id:1  host:dev.ak-8.kafka-1.ext  port:1031"  brokers.1:"kafka2.Me
-req  iframe:000000000565  ts_ns:2041535800
kafka2.DescribeLogDirsRequest  request_api_version:2  correlation_id:7  client_id:redpanda-console
kafka2.DescribeLogDirsRequest  request_api_version:2  correlation_id:7  client_id:redpanda-console
-rsp  iframe:000000000580
kafka2.DescribeLogDirsResponse  request_api_version:2  correlation_id:7  throttle_time_ms:0  error_code:0  results.0:"kafka2.DescribeLogDirsResult35a  error_code:0  log_dir:/mnt/data-1/dev.ak-8  total
-req  iframe:000000000569  ts_ns:2042809800
kafka2.DescribeLogDirsRequest  request_api_version:2  correlation_id:8  client_id:redpanda-console
kafka2.DescribeLogDirsRequest  request_api_version:2  correlation_id:8  client_id:redpanda-console
-rsp  iframe:000000000583
kafka2.DescribeLogDirsResponse  request_api_version:2  correlation_id:8  throttle_time_ms:0  error_code:0  results.0:"kafka2.DescribeLogDirsResult35a  error_code:0  log_dir:/mnt/data-1/dev.ak-8  total
-req  iframe:000000000577  ts_ns:2043327800
kafka2.DescribeConfigsRequest  request_api_version:3  correlation_id:9  client_id:redpanda-console  resources.0:"kafka2.DescribeConfigsResource32q  resource_type:4  resource_name:2"  include_synonyms:
kafka2.DescribeConfigsRequest  request_api_version:3  correlation_id:9  client_id:redpanda-console  resources.0:"kafka2.DescribeConfigsResource32q  resource_type:4  resource_name:2"  include_synonyms:
-rsp  iframe:000000000790
kafka2.DescribeConfigsResponse  request_api_version:3  correlation_id:9  throttle_time_ms:0  results.0:'kafka2.DescribeConfigsResult32a  error_code:0  error_message:""  resource_type:4  resource_name:
-req  iframe:000000000862  ts_ns:2089254800
kafka2.MetadataRequest  request_api_version:9  correlation_id:10  client_id:redpanda-console  allow_auto_topic_creation:N  include_cluster_authorized_operations:N  include_topic_authorized_operations:
kafka2.MetadataRequest  request_api_version:9  correlation_id:10  client_id:redpanda-console  allow_auto_topic_creation:N  include_cluster_authorized_operations:N  include_topic_authorized_operations:
-rsp  iframe:000000000864
kafka2.MetadataResponse  request_api_version:9  correlation_id:10  throttle_time_ms:0  brokers.0:"kafka2.MetadataResponseBroker3a  node_id:1  host:dev.ak-8.kafka-1.ext  port:1031"  brokers.1:"kafka2.M
-req  iframe:000000000950  ts_ns:2163804840
kafka2.ApiVersionsRequest  request_api_version:3  correlation_id:13  client_id:redpanda-console  client_software_name:RPConsole  client_software_version:v2.8.2
kafka2.ApiVersionsRequest  request_api_version:3  correlation_id:13  client_id:redpanda-console  client_software_name:RPConsole  client_software_version:v2.8.2
-rsp  iframe:000000000957
kafka2.ApiVersionsResponse  request_api_version:3  correlation_id:13  error_code:0  api_keys.0:"kafka2.ApiVersion18a  api_key:0  min_version:0  max_version:11"  api_keys.1:"kafka2.ApiVersion18a  api_k
-req  iframe:000000000967  ts_ns:2167531840
kafka2.MetadataRequest  request_api_version:9  correlation_id:14  client_id:redpanda-console  topics.0:"kafka2.MetadataRequestTopic3q  topic_id:00000000-0000-0000-0000-000000000000  name:av111111"  al
kafka2.MetadataRequest  request_api_version:9  correlation_id:14  client_id:redpanda-console  topics.0:"kafka2.MetadataRequestTopic3q  topic_id:00000000-0000-0000-0000-000000000000  name:av111111"  al
-rsp  iframe:000000000989
kafka2.MetadataResponse  request_api_version:9  correlation_id:14  throttle_time_ms:0  brokers.0:"kafka2.MetadataResponseBroker3a  node_id:1  host:dev.ak-8.kafka-1.ext  port:1031"  brokers.1:"kafka2.M
-req  iframe:000000000971  ts_ns:2170361840
kafka2.MetadataRequest  request_api_version:9  correlation_id:15  client_id:redpanda-console  allow_auto_topic_creation:N  include_cluster_authorized_operations:N  include_topic_authorized_operations:
kafka2.MetadataRequest  request_api_version:9  correlation_id:15  client_id:redpanda-console  allow_auto_topic_creation:N  include_cluster_authorized_operations:N  include_topic_authorized_operations:
-rsp  iframe:000000000993
kafka2.MetadataResponse  request_api_version:9  correlation_id:15  throttle_time_ms:0  brokers.0:"kafka2.MetadataResponseBroker3a  node_id:1  host:dev.ak-8.kafka-1.ext  port:1031"  brokers.1:"kafka2.M
-req  iframe:000000001013  ts_ns:2194480840
kafka2.DescribeLogDirsRequest  request_api_version:2  correlation_id:16  client_id:redpanda-console
kafka2.DescribeLogDirsRequest  request_api_version:2  correlation_id:16  client_id:redpanda-console
-rsp  iframe:000000001016
kafka2.DescribeLogDirsResponse  request_api_version:2  correlation_id:16  throttle_time_ms:0  error_code:0  results.0:"kafka2.DescribeLogDirsResult35a  error_code:0  log_dir:/mnt/data-1/dev.ak-8  tota
-req  iframe:000000001328  ts_ns:3118039768
kafka2.MetadataRequest  request_api_version:9  correlation_id:21  client_id:redpanda-console  allow_auto_topic_creation:N  include_cluster_authorized_operations:N  include_topic_authorized_operations:
kafka2.MetadataRequest  request_api_version:9  correlation_id:21  client_id:redpanda-console  allow_auto_topic_creation:N  include_cluster_authorized_operations:N  include_topic_authorized_operations:
-rsp  iframe:000000001333
kafka2.MetadataResponse  request_api_version:9  correlation_id:21  throttle_time_ms:0  brokers.0:"kafka2.MetadataResponseBroker3a  node_id:1  host:dev.ak-8.kafka-1.ext  port:1031"  brokers.1:"kafka2.M
-req  iframe:000000001338  ts_ns:3119962768
kafka2.DescribeConfigsRequest  request_api_version:3  correlation_id:22  client_id:redpanda-console  resources.0:"kafka2.DescribeConfigsResource32q  resource_type:2  resource_name:av111111  configurat
kafka2.DescribeConfigsRequest  request_api_version:3  correlation_id:22  client_id:redpanda-console  resources.0:"kafka2.DescribeConfigsResource32q  resource_type:2  resource_name:av111111  configurat
-rsp  iframe:000000001341
kafka2.DescribeConfigsResponse  request_api_version:3  correlation_id:22  throttle_time_ms:0  results.0:'kafka2.DescribeConfigsResult32a  error_code:0  error_message:""  resource_type:2  resource_name
-req  iframe:000000001343  ts_ns:3123218768
kafka2.DescribeLogDirsRequest  request_api_version:2  correlation_id:23  client_id:redpanda-console
kafka2.DescribeLogDirsRequest  request_api_version:2  correlation_id:23  client_id:redpanda-console
-rsp  iframe:000000001347
kafka2.DescribeLogDirsResponse  request_api_version:2  correlation_id:23  throttle_time_ms:0  error_code:0  results.0:"kafka2.DescribeLogDirsResult35a  error_code:0  log_dir:/mnt/data-1/dev.ak-8  tota
-req  iframe:000000001356  ts_ns:3147294768
kafka2.DescribeConfigsRequest  request_api_version:3  correlation_id:24  client_id:redpanda-console  resources.0:"kafka2.DescribeConfigsResource32q  resource_type:2  resource_name:av111111"  include_s
kafka2.DescribeConfigsRequest  request_api_version:3  correlation_id:24  client_id:redpanda-console  resources.0:"kafka2.DescribeConfigsResource32q  resource_type:2  resource_name:av111111"  include_s
-rsp  iframe:000000001371
kafka2.DescribeConfigsResponse  request_api_version:3  correlation_id:24  throttle_time_ms:0  results.0:'kafka2.DescribeConfigsResult32a  error_code:0  error_message:""  resource_type:2  resource_name
-req  iframe:000000001359  ts_ns:3148959768
kafka2.MetadataRequest  request_api_version:9  correlation_id:25  client_id:redpanda-console  topics.0:"kafka2.MetadataRequestTopic3q  topic_id:00000000-0000-0000-0000-000000000000  name:av111111"  al
kafka2.MetadataRequest  request_api_version:9  correlation_id:25  client_id:redpanda-console  topics.0:"kafka2.MetadataRequestTopic3q  topic_id:00000000-0000-0000-0000-000000000000  name:av111111"  al
-rsp  iframe:000000001381
kafka2.MetadataResponse  request_api_version:9  correlation_id:25  throttle_time_ms:0  brokers.0:"kafka2.MetadataResponseBroker3a  node_id:1  host:dev.ak-8.kafka-1.ext  port:1031"  brokers.1:"kafka2.M
-req  iframe:000000001400  ts_ns:3249863768
kafka2.MetadataRequest  request_api_version:9  correlation_id:26  client_id:redpanda-console  topics.0:"kafka2.MetadataRequestTopic3q  topic_id:00000000-0000-0000-0000-000000000000  name:av111111"  al
kafka2.MetadataRequest  request_api_version:9  correlation_id:26  client_id:redpanda-console  topics.0:"kafka2.MetadataRequestTopic3q  topic_id:00000000-0000-0000-0000-000000000000  name:av111111"  al
-rsp  iframe:000000001401
kafka2.MetadataResponse  request_api_version:9  correlation_id:26  throttle_time_ms:0  brokers.0:"kafka2.MetadataResponseBroker3a  node_id:1  host:dev.ak-8.kafka-1.ext  port:1031"  brokers.1:"kafka2.M
-req  iframe:000000001160  ts_ns:3609306656
kafka2.MetadataRequest  request_api_version:9  correlation_id:17  client_id:redpanda-console  allow_auto_topic_creation:N  include_cluster_authorized_operations:N  include_topic_authorized_operations:
kafka2.MetadataRequest  request_api_version:9  correlation_id:17  client_id:redpanda-console  allow_auto_topic_creation:N  include_cluster_authorized_operations:N  include_topic_authorized_operations:
-rsp  iframe:000000001167
kafka2.MetadataResponse  request_api_version:9  correlation_id:17  throttle_time_ms:0  brokers.0:"kafka2.MetadataResponseBroker3a  node_id:1  host:dev.ak-8.kafka-1.ext  port:1031"  brokers.1:"kafka2.M
-req  iframe:000000001173  ts_ns:3611068656
kafka2.MetadataRequest  request_api_version:9  correlation_id:18  client_id:redpanda-console  allow_auto_topic_creation:N  include_cluster_authorized_operations:N  include_topic_authorized_operations:
kafka2.MetadataRequest  request_api_version:9  correlation_id:18  client_id:redpanda-console  allow_auto_topic_creation:N  include_cluster_authorized_operations:N  include_topic_authorized_operations:
-rsp  iframe:000000001181
kafka2.MetadataResponse  request_api_version:9  correlation_id:18  throttle_time_ms:0  brokers.0:"kafka2.MetadataResponseBroker3a  node_id:1  host:dev.ak-8.kafka-1.ext  port:1031"  brokers.1:"kafka2.M
-req  iframe:000000001182  ts_ns:3612589656
kafka2.MetadataRequest  request_api_version:9  correlation_id:19  client_id:redpanda-console  topics.0:"kafka2.MetadataRequestTopic3q  topic_id:00000000-0000-0000-0000-000000000000  name:av111111"  al
kafka2.MetadataRequest  request_api_version:9  correlation_id:19  client_id:redpanda-console  topics.0:"kafka2.MetadataRequestTopic3q  topic_id:00000000-0000-0000-0000-000000000000  name:av111111"  al
-rsp  iframe:000000001186
kafka2.MetadataResponse  request_api_version:9  correlation_id:19  throttle_time_ms:0  brokers.0:"kafka2.MetadataResponseBroker3a  node_id:1  host:dev.ak-8.kafka-1.ext  port:1031"  brokers.1:"kafka2.M
-req  iframe:000000001200  ts_ns:3615921656
kafka2.DescribeLogDirsRequest  request_api_version:2  correlation_id:20  client_id:redpanda-console
kafka2.DescribeLogDirsRequest  request_api_version:2  correlation_id:20  client_id:redpanda-console
-rsp  iframe:000000001207
kafka2.DescribeLogDirsResponse  request_api_version:2  correlation_id:20  throttle_time_ms:0  error_code:0  results.0:"kafka2.DescribeLogDirsResult35a  error_code:0  log_dir:/mnt/data-1/dev.ak-8  tota
