-req  iframe:000000000896  ts_ns:571131912
kafka2.MetadataRequest  request_api_version:9  correlation_id:12  client_id:redpanda-console  allow_auto_topic_creation:N  include_cluster_authorized_operations:N  include_topic_authorized_operations:
-req  iframe:000000000903  ts_ns:572548912
kafka2.MetadataRequest  request_api_version:9  correlation_id:13  client_id:redpanda-console  allow_auto_topic_creation:N  include_cluster_authorized_operations:N  include_topic_authorized_operations:
-req  iframe:000000000913  ts_ns:580621912
kafka2.DescribeLogDirsRequest  request_api_version:2  correlation_id:14  client_id:redpanda-console
-req  iframe:000000001485  ts_ns:998241472
kafka2.MetadataRequest  request_api_version:9  correlation_id:38  client_id:redpanda-console  topics.0:"kafka2.MetadataRequestTopic3q  topic_id:00000000-0000-0000-0000-000000000000  name:av111111"  al
-req  iframe:000000001491  ts_ns:1000008472
kafka2.ListOffsetsRequest  request_api_version:5  correlation_id:39  client_id:redpanda-console  replica_id:0  isolation_level:0  topics.0:'kafka2.ListOffsetsTopic2q  name:av111111  partitions.0:"kafk
-req  iframe:000000001494  ts_ns:1000102472
kafka2.ListOffsetsRequest  request_api_version:5  correlation_id:40  client_id:redpanda-console  replica_id:0  isolation_level:0  topics.0:'kafka2.ListOffsetsTopic2q  name:av111111  partitions.0:"kafk
-req  iframe:000000000216  ts_ns:1510696576
kafka2.ApiVersionsRequest  request_api_version:3  correlation_id:0  client_id:redpanda-console  client_software_name:kgo  client_software_version:v1.18.0
kafka2.ApiVersionsRequest  request_api_version:3  correlation_id:0  client_id:redpanda-console  client_software_name:kgo  client_software_version:v1.18.0
-rsp  iframe:000000000233
kafka2.ApiVersionsResponse  request_api_version:3  correlation_id:0  error_code:0  api_keys.0:"kafka2.ApiVersion18a  api_key:0  min_version:0  max_version:11"  api_keys.1:"kafka2.ApiVersion18a  api_ke
-req  iframe:000000000235  ts_ns:1513858576
kafka2.DescribeAclsRequest  request_api_version:2  correlation_id:1  client_id:redpanda-console  resource_type_filter:1  pattern_type_filter:1  operation:1  permission_type:1
kafka2.DescribeAclsRequest  request_api_version:2  correlation_id:1  client_id:redpanda-console  resource_type_filter:1  pattern_type_filter:1  operation:1  permission_type:1
-rsp  iframe:000000000258
kafka2.DescribeAclsResponse  request_api_version:2  correlation_id:1  throttle_time_ms:0  error_code:0  error_message:""
-req  iframe:000000000236  ts_ns:1513935576
kafka2.ApiVersionsRequest  request_api_version:3  correlation_id:2  client_id:redpanda-console  client_software_name:RPConsole  client_software_version:v2.8.2
kafka2.ApiVersionsRequest  request_api_version:3  correlation_id:2  client_id:redpanda-console  client_software_name:RPConsole  client_software_version:v2.8.2
-rsp  iframe:000000000263
kafka2.ApiVersionsResponse  request_api_version:3  correlation_id:2  error_code:0  api_keys.0:"kafka2.ApiVersion18a  api_key:0  min_version:0  max_version:11"  api_keys.1:"kafka2.ApiVersion18a  api_ke
-req  iframe:000000000240  ts_ns:1514481576
kafka2.DescribeConfigsRequest  request_api_version:3  correlation_id:3  client_id:redpanda-console  resources.0:"kafka2.DescribeConfigsResource32q  resource_type:4  resource_name:4"  include_synonyms:
kafka2.DescribeConfigsRequest  request_api_version:3  correlation_id:3  client_id:redpanda-console  resources.0:"kafka2.DescribeConfigsResource32q  resource_type:4  resource_name:4"  include_synonyms:
-rsp  iframe:000000000702
rsp_msg_err:'ResponseHeaderMsgs_KafkaDecode(): Failed to decode DescribeConfigsResponse, decoded portion and rest bytes follow\nkafka2.DescribeConfigsResponse  request_api_version:3  correlation_id:3 
-req  iframe:000000000246  ts_ns:1515490576
kafka2.DescribeLogDirsRequest  request_api_version:2  correlation_id:4  client_id:redpanda-console
-req  iframe:000000000249  ts_ns:1515633576
kafka2.DescribeLogDirsRequest  request_api_version:2  correlation_id:5  client_id:redpanda-console
-req  iframe:000000000550  ts_ns:2037787800
kafka2.DescribeConfigsRequest  request_api_version:3  correlation_id:6  client_id:redpanda-console  include_synonyms:Y  include_documentation:Y
-req  iframe:000000000554  ts_ns:2039235800
kafka2.MetadataRequest  request_api_version:9  correlation_id:7  client_id:redpanda-console  allow_auto_topic_creation:N  include_cluster_authorized_operations:N  include_topic_authorized_operations:N
-req  iframe:000000000559  ts_ns:2041441800
kafka2.DescribeLogDirsRequest  request_api_version:2  correlation_id:8  client_id:redpanda-console
-req  iframe:000000000564  ts_ns:2041525800
kafka2.ApiVersionsRequest  request_api_version:3  correlation_id:9  client_id:redpanda-console  client_software_name:RPConsole  client_software_version:v2.8.2
-req  iframe:000000000568  ts_ns:2042731800
kafka2.DescribeLogDirsRequest  request_api_version:2  correlation_id:10  client_id:redpanda-console
-req  iframe:000000000574  ts_ns:2043210800
kafka2.DescribeConfigsRequest  request_api_version:3  correlation_id:11  client_id:redpanda-console  resources.0:"kafka2.DescribeConfigsResource32q  resource_type:4  resource_name:4"  include_synonyms
-req  iframe:000000000949  ts_ns:2163731840
kafka2.MetadataRequest  request_api_version:9  correlation_id:15  client_id:redpanda-console  allow_auto_topic_creation:N  include_cluster_authorized_operations:N  include_topic_authorized_operations:
-req  iframe:000000000968  ts_ns:2167543840
kafka2.MetadataRequest  request_api_version:9  correlation_id:16  client_id:redpanda-console  topics.0:"kafka2.MetadataRequestTopic3q  topic_id:00000000-0000-0000-0000-000000000000  name:av111111"  al
-req  iframe:000000000987  ts_ns:2170953840
kafka2.DescribeLogDirsRequest  request_api_version:2  correlation_id:17  client_id:redpanda-console  topics.0:"kafka2.DescribableLogDirTopic35q  topic:av111111  partitions.0:1"
-req  iframe:000000000992  ts_ns:2175824840
kafka2.ListOffsetsRequest  request_api_version:5  correlation_id:18  client_id:redpanda-console  replica_id:0  isolation_level:0  topics.0:'kafka2.ListOffsetsTopic2q  name:av111111  partitions.0:"kafk
-req  iframe:000000000995  ts_ns:2177323840
kafka2.MetadataRequest  request_api_version:9  correlation_id:19  client_id:redpanda-console  allow_auto_topic_creation:N  include_cluster_authorized_operations:N  include_topic_authorized_operations:
-req  iframe:000000000999  ts_ns:2177779840
kafka2.ListOffsetsRequest  request_api_version:5  correlation_id:20  client_id:redpanda-console  replica_id:0  isolation_level:0  topics.0:'kafka2.ListOffsetsTopic2q  name:av111111  partitions.0:"kafk
-req  iframe:000000001012  ts_ns:2194411840
kafka2.DescribeLogDirsRequest  request_api_version:2  correlation_id:21  client_id:redpanda-console
-req  iframe:000000001040  ts_ns:2294787840
kafka2.ListOffsetsRequest  request_api_version:5  correlation_id:22  client_id:redpanda-console  replica_id:0  isolation_level:0  topics.0:'kafka2.ListOffsetsTopic2q  name:av111111  partitions.0:"kafk
-req  iframe:000000001042  ts_ns:2294856840
kafka2.ListOffsetsRequest  request_api_version:5  correlation_id:23  client_id:redpanda-console  replica_id:0  isolation_level:0  topics.0:'kafka2.ListOffsetsTopic2q  name:av111111  partitions.0:"kafk
-req  iframe:000000001344  ts_ns:3123229768
kafka2.DescribeLogDirsRequest  request_api_version:2  correlation_id:32  client_id:redpanda-console
-req  iframe:000000001378  ts_ns:3150846768
kafka2.DescribeLogDirsRequest  request_api_version:2  correlation_id:33  client_id:redpanda-console  topics.0:"kafka2.DescribableLogDirTopic35q  topic:av111111  partitions.0:1"
-req  iframe:000000001380  ts_ns:3150931768
kafka2.ListOffsetsRequest  request_api_version:5  correlation_id:34  client_id:redpanda-console  replica_id:0  isolation_level:0  topics.0:'kafka2.ListOffsetsTopic2q  name:av111111  partitions.0:"kafk
-req  iframe:000000001385  ts_ns:3151964768
kafka2.ListOffsetsRequest  request_api_version:5  correlation_id:35  client_id:redpanda-console  replica_id:0  isolation_level:0  topics.0:'kafka2.ListOffsetsTopic2q  name:av111111  partitions.0:"kafk
-req  iframe:000000001406  ts_ns:3251575768
kafka2.ListOffsetsRequest  request_api_version:5  correlation_id:36  client_id:redpanda-console  replica_id:0  isolation_level:0  topics.0:'kafka2.ListOffsetsTopic2q  name:av111111  partitions.0:"kafk
-req  iframe:000000001407  ts_ns:3251679768
kafka2.ListOffsetsRequest  request_api_version:5  correlation_id:37  client_id:redpanda-console  replica_id:0  isolation_level:0  topics.0:'kafka2.ListOffsetsTopic2q  name:av111111  partitions.0:"kafk
-req  iframe:000000001183  ts_ns:3612627656
kafka2.MetadataRequest  request_api_version:9  correlation_id:24  client_id:redpanda-console  topics.0:"kafka2.MetadataRequestTopic3q  topic_id:00000000-0000-0000-0000-000000000000  name:av111111"  al
-req  iframe:000000001191  ts_ns:3614407656
kafka2.DescribeLogDirsRequest  request_api_version:2  correlation_id:25  client_id:redpanda-console  topics.0:"kafka2.DescribableLogDirTopic35q  topic:av111111  partitions.0:1"
-req  iframe:000000001194  ts_ns:3614499656
kafka2.ListOffsetsRequest  request_api_version:5  correlation_id:26  client_id:redpanda-console  replica_id:0  isolation_level:0  topics.0:'kafka2.ListOffsetsTopic2q  name:av111111  partitions.0:"kafk
-req  iframe:000000001197  ts_ns:3614777656
kafka2.ListOffsetsRequest  request_api_version:5  correlation_id:27  client_id:redpanda-console  replica_id:0  isolation_level:0  topics.0:'kafka2.ListOffsetsTopic2q  name:av111111  partitions.0:"kafk
-req  iframe:000000001199  ts_ns:3615897656
kafka2.DescribeLogDirsRequest  request_api_version:2  correlation_id:28  client_id:redpanda-console
-req  iframe:000000001238  ts_ns:3742093656
kafka2.MetadataRequest  request_api_version:9  correlation_id:29  client_id:redpanda-console  topics.0:"kafka2.MetadataRequestTopic3q  topic_id:00000000-0000-0000-0000-000000000000  name:av111111"  al
-req  iframe:000000001243  ts_ns:3743987656
kafka2.ListOffsetsRequest  request_api_version:5  correlation_id:30  client_id:redpanda-console  replica_id:0  isolation_level:0  topics.0:'kafka2.ListOffsetsTopic2q  name:av111111  partitions.0:"kafk
-req  iframe:000000001245  ts_ns:3744077656
kafka2.ListOffsetsRequest  request_api_version:5  correlation_id:31  client_id:redpanda-console  replica_id:0  isolation_level:0  topics.0:'kafka2.ListOffsetsTopic2q  name:av111111  partitions.0:"kafk
