-req  iframe:000000000890  ts_ns:564108912
kafka2.MetadataRequest  request_api_version:9  correlation_id:12  client_id:redpanda-console  allow_auto_topic_creation:N  include_cluster_authorized_operations:N  include_topic_authorized_operations:
kafka2.MetadataRequest  request_api_version:9  correlation_id:12  client_id:redpanda-console  allow_auto_topic_creation:N  include_cluster_authorized_operations:N  include_topic_authorized_operations:
-rsp  iframe:000000000891
kafka2.MetadataResponse  request_api_version:9  correlation_id:12  throttle_time_ms:0  brokers.0:"kafka2.MetadataResponseBroker3a  node_id:1  host:dev.ak-8.kafka-1.ext  port:1031"  brokers.1:"kafka2.M
-req  iframe:000000000893  ts_ns:570883912
kafka2.MetadataRequest  request_api_version:9  correlation_id:13  client_id:redpanda-console  allow_auto_topic_creation:N  include_cluster_authorized_operations:N  include_topic_authorized_operations:
kafka2.MetadataRequest  request_api_version:9  correlation_id:13  client_id:redpanda-console  allow_auto_topic_creation:N  include_cluster_authorized_operations:N  include_topic_authorized_operations:
-rsp  iframe:000000000902
kafka2.MetadataResponse  request_api_version:9  correlation_id:13  throttle_time_ms:0  brokers.0:"kafka2.MetadataResponseBroker3a  node_id:1  host:dev.ak-8.kafka-1.ext  port:1031"  brokers.1:"kafka2.M
-req  iframe:000000000916  ts_ns:580807912
kafka2.DescribeLogDirsRequest  request_api_version:2  correlation_id:14  client_id:redpanda-console
kafka2.DescribeLogDirsRequest  request_api_version:2  correlation_id:14  client_id:redpanda-console
-rsp  iframe:000000000920
kafka2.DescribeLogDirsResponse  request_api_version:2  correlation_id:14  throttle_time_ms:0  error_code:0  results.0:"kafka2.DescribeLogDirsResult35a  error_code:0  log_dir:/mnt/data-1/dev.ak-8  topi
-req  iframe:000000001493  ts_ns:1000038472
kafka2.ListOffsetsRequest  request_api_version:5  correlation_id:40  client_id:redpanda-console  replica_id:0  isolation_level:0  topics.0:'kafka2.ListOffsetsTopic2q  name:av111111  partitions.0:"kafk
kafka2.ListOffsetsRequest  request_api_version:5  correlation_id:40  client_id:redpanda-console  replica_id:0  isolation_level:0  topics.0:'kafka2.ListOffsetsTopic2q  name:av111111  partitions.0:"kafk
-rsp  iframe:000000001499
kafka2.ListOffsetsResponse  request_api_version:5  correlation_id:40  throttle_time_ms:0  topics.0:'kafka2.ListOffsetsTopicResponse2a  name:av111111  partitions.0:"kafka2.ListOffsetsPartitionResponse2
-req  iframe:000000001495  ts_ns:1000121472
kafka2.ListOffsetsRequest  request_api_version:5  correlation_id:41  client_id:redpanda-console  replica_id:0  isolation_level:0  topics.0:'kafka2.ListOffsetsTopic2q  name:av111111  partitions.0:"kafk
kafka2.ListOffsetsRequest  request_api_version:5  correlation_id:41  client_id:redpanda-console  replica_id:0  isolation_level:0  topics.0:'kafka2.ListOffsetsTopic2q  name:av111111  partitions.0:"kafk
-rsp  iframe:000000001502
kafka2.ListOffsetsResponse  request_api_version:5  correlation_id:41  throttle_time_ms:0  topics.0:'kafka2.ListOffsetsTopicResponse2a  name:av111111  partitions.0:"kafka2.ListOffsetsPartitionResponse2
-req  iframe:000000000208  ts_ns:1510484576
kafka2.ApiVersionsRequest  request_api_version:3  correlation_id:0  client_id:redpanda-console  client_software_name:kgo  client_software_version:v1.18.0
kafka2.ApiVersionsRequest  request_api_version:3  correlation_id:0  client_id:redpanda-console  client_software_name:kgo  client_software_version:v1.18.0
-rsp  iframe:000000000227
kafka2.ApiVersionsResponse  request_api_version:3  correlation_id:0  error_code:0  api_keys.0:"kafka2.ApiVersion18a  api_key:0  min_version:0  max_version:11"  api_keys.1:"kafka2.ApiVersion18a  api_ke
-req  iframe:000000000231  ts_ns:1513117576
kafka2.MetadataRequest  request_api_version:9  correlation_id:1  client_id:redpanda-console  allow_auto_topic_creation:N  include_cluster_authorized_operations:N  include_topic_authorized_operations:N
kafka2.MetadataRequest  request_api_version:9  correlation_id:1  client_id:redpanda-console  allow_auto_topic_creation:N  include_cluster_authorized_operations:N  include_topic_authorized_operations:N
-rsp  iframe:000000000239
kafka2.MetadataResponse  request_api_version:9  correlation_id:1  throttle_time_ms:0  brokers.0:"kafka2.MetadataResponseBroker3a  node_id:1  host:dev.ak-8.kafka-1.ext  port:1031"  brokers.1:"kafka2.Me
-req  iframe:000000000232  ts_ns:1513200576
kafka2.MetadataRequest  request_api_version:9  correlation_id:2  client_id:redpanda-console  allow_auto_topic_creation:N  include_cluster_authorized_operations:N  include_topic_authorized_operations:N
kafka2.MetadataRequest  request_api_version:9  correlation_id:2  client_id:redpanda-console  allow_auto_topic_creation:N  include_cluster_authorized_operations:N  include_topic_authorized_operations:N
-rsp  iframe:000000000244
kafka2.MetadataResponse  request_api_version:9  correlation_id:2  throttle_time_ms:0  brokers.0:"kafka2.MetadataResponseBroker3a  node_id:1  host:dev.ak-8.kafka-1.ext  port:1031"  brokers.1:"kafka2.Me
-req  iframe:000000000243  ts_ns:1514540576
kafka2.DescribeConfigsRequest  request_api_version:3  correlation_id:3  client_id:redpanda-console  resources.0:"kafka2.DescribeConfigsResource32q  resource_type:4  resource_name:3"  include_synonyms:
kafka2.DescribeConfigsRequest  request_api_version:3  correlation_id:3  client_id:redpanda-console  resources.0:"kafka2.DescribeConfigsResource32q  resource_type:4  resource_name:3"  include_synonyms:
-rsp  iframe:000000000483
kafka2.DescribeConfigsResponse  request_api_version:3  correlation_id:3  throttle_time_ms:0  results.0:'kafka2.DescribeConfigsResult32a  error_code:0  error_message:""  resource_type:4  resource_name:
-req  iframe:000000000250  ts_ns:1515635576
kafka2.DescribeLogDirsRequest  request_api_version:2  correlation_id:4  client_id:redpanda-console
kafka2.DescribeLogDirsRequest  request_api_version:2  correlation_id:4  client_id:redpanda-console
-rsp  iframe:000000000487
kafka2.DescribeLogDirsResponse  request_api_version:2  correlation_id:4  throttle_time_ms:0  error_code:0  results.0:"kafka2.DescribeLogDirsResult35a  error_code:0  log_dir:/mnt/data-1/dev.ak-8  total
-req  iframe:000000000252  ts_ns:1515705576
kafka2.DescribeLogDirsRequest  request_api_version:2  correlation_id:5  client_id:redpanda-console
kafka2.DescribeLogDirsRequest  request_api_version:2  correlation_id:5  client_id:redpanda-console
-rsp  iframe:000000000490
kafka2.DescribeLogDirsResponse  request_api_version:2  correlation_id:5  throttle_time_ms:0  error_code:0  results.0:"kafka2.DescribeLogDirsResult35a  error_code:0  log_dir:/mnt/data-1/dev.ak-8  total
-req  iframe:000000000556  ts_ns:2041359800
kafka2.MetadataRequest  request_api_version:9  correlation_id:6  client_id:redpanda-console  allow_auto_topic_creation:N  include_cluster_authorized_operations:N  include_topic_authorized_operations:N
kafka2.MetadataRequest  request_api_version:9  correlation_id:6  client_id:redpanda-console  allow_auto_topic_creation:N  include_cluster_authorized_operations:N  include_topic_authorized_operations:N
-rsp  iframe:000000000570
kafka2.MetadataResponse  request_api_version:9  correlation_id:6  throttle_time_ms:0  brokers.0:"kafka2.MetadataResponseBroker3a  node_id:1  host:dev.ak-8.kafka-1.ext  port:1031"  brokers.1:"kafka2.Me
-req  iframe:000000000558  ts_ns:2041437800
kafka2.MetadataRequest  request_api_version:9  correlation_id:7  client_id:redpanda-console  allow_auto_topic_creation:N  include_cluster_authorized_operations:N  include_topic_authorized_operations:N
kafka2.MetadataRequest  request_api_version:9  correlation_id:7  client_id:redpanda-console  allow_auto_topic_creation:N  include_cluster_authorized_operations:N  include_topic_authorized_operations:N
-rsp  iframe:000000000579
kafka2.MetadataResponse  request_api_version:9  correlation_id:7  throttle_time_ms:0  brokers.0:"kafka2.MetadataResponseBroker3a  node_id:1  host:dev.ak-8.kafka-1.ext  port:1031"  brokers.1:"kafka2.Me
-req  iframe:000000000563  ts_ns:2041522800
kafka2.DescribeLogDirsRequest  request_api_version:2  correlation_id:8  client_id:redpanda-console
kafka2.DescribeLogDirsRequest  request_api_version:2  correlation_id:8  client_id:redpanda-console
-rsp  iframe:000000000585
kafka2.DescribeLogDirsResponse  request_api_version:2  correlation_id:8  throttle_time_ms:0  error_code:0  results.0:"kafka2.DescribeLogDirsResult35a  error_code:0  log_dir:/mnt/data-1/dev.ak-8  total
-req  iframe:000000000572  ts_ns:2042887800
kafka2.DescribeLogDirsRequest  request_api_version:2  correlation_id:9  client_id:redpanda-console
kafka2.DescribeLogDirsRequest  request_api_version:2  correlation_id:9  client_id:redpanda-console
-rsp  iframe:000000000590
kafka2.DescribeLogDirsResponse  request_api_version:2  correlation_id:9  throttle_time_ms:0  error_code:0  results.0:"kafka2.DescribeLogDirsResult35a  error_code:0  log_dir:/mnt/data-1/dev.ak-8  total
-req  iframe:000000000576  ts_ns:2043303800
kafka2.DescribeConfigsRequest  request_api_version:3  correlation_id:10  client_id:redpanda-console  resources.0:"kafka2.DescribeConfigsResource32q  resource_type:4  resource_name:3"  include_synonyms
kafka2.DescribeConfigsRequest  request_api_version:3  correlation_id:10  client_id:redpanda-console  resources.0:"kafka2.DescribeConfigsResource32q  resource_type:4  resource_name:3"  include_synonyms
-rsp  iframe:000000000857
kafka2.DescribeConfigsResponse  request_api_version:3  correlation_id:10  throttle_time_ms:0  results.0:'kafka2.DescribeConfigsResult32a  error_code:0  error_message:""  resource_type:4  resource_name
-req  iframe:000000000861  ts_ns:2089252800
kafka2.DescribeAclsRequest  request_api_version:2  correlation_id:11  client_id:redpanda-console  resource_type_filter:1  pattern_type_filter:1  operation:1  permission_type:1
kafka2.DescribeAclsRequest  request_api_version:2  correlation_id:11  client_id:redpanda-console  resource_type_filter:1  pattern_type_filter:1  operation:1  permission_type:1
-rsp  iframe:000000000866
kafka2.DescribeAclsResponse  request_api_version:2  correlation_id:11  throttle_time_ms:0  error_code:0  error_message:""
-req  iframe:000000000954  ts_ns:2164156840
kafka2.MetadataRequest  request_api_version:9  correlation_id:15  client_id:redpanda-console  topics.0:"kafka2.MetadataRequestTopic3q  topic_id:00000000-0000-0000-0000-000000000000  name:av111111"  al
kafka2.MetadataRequest  request_api_version:9  correlation_id:15  client_id:redpanda-console  topics.0:"kafka2.MetadataRequestTopic3q  topic_id:00000000-0000-0000-0000-000000000000  name:av111111"  al
-rsp  iframe:000000000964
kafka2.MetadataResponse  request_api_version:9  correlation_id:15  throttle_time_ms:0  brokers.0:"kafka2.MetadataResponseBroker3a  node_id:1  host:dev.ak-8.kafka-1.ext  port:1031"  brokers.1:"kafka2.M
-req  iframe:000000000969  ts_ns:2169009840
kafka2.MetadataRequest  request_api_version:9  correlation_id:16  client_id:redpanda-console  allow_auto_topic_creation:N  include_cluster_authorized_operations:N  include_topic_authorized_operations:
kafka2.MetadataRequest  request_api_version:9  correlation_id:16  client_id:redpanda-console  allow_auto_topic_creation:N  include_cluster_authorized_operations:N  include_topic_authorized_operations:
-rsp  iframe:000000000970
kafka2.MetadataResponse  request_api_version:9  correlation_id:16  throttle_time_ms:0  brokers.0:"kafka2.MetadataResponseBroker3a  node_id:1  host:dev.ak-8.kafka-1.ext  port:1031"  brokers.1:"kafka2.M
-req  iframe:000000000985  ts_ns:2170807840
kafka2.DescribeLogDirsRequest  request_api_version:2  correlation_id:17  client_id:redpanda-console  topics.0:"kafka2.DescribableLogDirTopic35q  topic:av111111  partitions.0:0"
kafka2.DescribeLogDirsRequest  request_api_version:2  correlation_id:17  client_id:redpanda-console  topics.0:"kafka2.DescribableLogDirTopic35q  topic:av111111  partitions.0:0"
-rsp  iframe:000000000988
kafka2.DescribeLogDirsResponse  request_api_version:2  correlation_id:17  throttle_time_ms:0  error_code:0  results.0:"kafka2.DescribeLogDirsResult35a  error_code:0  log_dir:/mnt/data-1/dev.ak-8  topi
-req  iframe:000000000991  ts_ns:2175819840
kafka2.ListOffsetsRequest  request_api_version:5  correlation_id:18  client_id:redpanda-console  replica_id:0  isolation_level:0  topics.0:'kafka2.ListOffsetsTopic2q  name:av111111  partitions.0:"kafk
kafka2.ListOffsetsRequest  request_api_version:5  correlation_id:18  client_id:redpanda-console  replica_id:0  isolation_level:0  topics.0:'kafka2.ListOffsetsTopic2q  name:av111111  partitions.0:"kafk
-rsp  iframe:000000001006
kafka2.ListOffsetsResponse  request_api_version:5  correlation_id:18  throttle_time_ms:0  topics.0:'kafka2.ListOffsetsTopicResponse2a  name:av111111  partitions.0:"kafka2.ListOffsetsPartitionResponse2
-req  iframe:000000000997  ts_ns:2177633840
kafka2.ListOffsetsRequest  request_api_version:5  correlation_id:19  client_id:redpanda-console  replica_id:0  isolation_level:0  topics.0:'kafka2.ListOffsetsTopic2q  name:av111111  partitions.0:"kafk
kafka2.ListOffsetsRequest  request_api_version:5  correlation_id:19  client_id:redpanda-console  replica_id:0  isolation_level:0  topics.0:'kafka2.ListOffsetsTopic2q  name:av111111  partitions.0:"kafk
-rsp  iframe:000000001007
kafka2.ListOffsetsResponse  request_api_version:5  correlation_id:19  throttle_time_ms:0  topics.0:'kafka2.ListOffsetsTopicResponse2a  name:av111111  partitions.0:"kafka2.ListOffsetsPartitionResponse2
-req  iframe:000000001015  ts_ns:2194529840
kafka2.DescribeLogDirsRequest  request_api_version:2  correlation_id:20  client_id:redpanda-console
kafka2.DescribeLogDirsRequest  request_api_version:2  correlation_id:20  client_id:redpanda-console
-rsp  iframe:000000001018
kafka2.DescribeLogDirsResponse  request_api_version:2  correlation_id:20  throttle_time_ms:0  error_code:0  results.0:"kafka2.DescribeLogDirsResult35a  error_code:0  log_dir:/mnt/data-1/dev.ak-8  topi
-req  iframe:000000001037  ts_ns:2294691840
kafka2.ListOffsetsRequest  request_api_version:5  correlation_id:21  client_id:redpanda-console  replica_id:0  isolation_level:0  topics.0:'kafka2.ListOffsetsTopic2q  name:av111111  partitions.0:"kafk
kafka2.ListOffsetsRequest  request_api_version:5  correlation_id:21  client_id:redpanda-console  replica_id:0  isolation_level:0  topics.0:'kafka2.ListOffsetsTopic2q  name:av111111  partitions.0:"kafk
-rsp  iframe:000000001043
kafka2.ListOffsetsResponse  request_api_version:5  correlation_id:21  throttle_time_ms:0  topics.0:'kafka2.ListOffsetsTopicResponse2a  name:av111111  partitions.0:"kafka2.ListOffsetsPartitionResponse2
-req  iframe:000000001039  ts_ns:2294763840
kafka2.ListOffsetsRequest  request_api_version:5  correlation_id:22  client_id:redpanda-console  replica_id:0  isolation_level:0  topics.0:'kafka2.ListOffsetsTopic2q  name:av111111  partitions.0:"kafk
kafka2.ListOffsetsRequest  request_api_version:5  correlation_id:22  client_id:redpanda-console  replica_id:0  isolation_level:0  topics.0:'kafka2.ListOffsetsTopic2q  name:av111111  partitions.0:"kafk
-rsp  iframe:000000001048
kafka2.ListOffsetsResponse  request_api_version:5  correlation_id:22  throttle_time_ms:0  topics.0:'kafka2.ListOffsetsTopicResponse2a  name:av111111  partitions.0:"kafka2.ListOffsetsPartitionResponse2
-req  iframe:000000001326  ts_ns:3117868768
kafka2.DescribeAclsRequest  request_api_version:2  correlation_id:31  client_id:redpanda-console  resource_type_filter:1  pattern_type_filter:1  operation:1  permission_type:1
kafka2.DescribeAclsRequest  request_api_version:2  correlation_id:31  client_id:redpanda-console  resource_type_filter:1  pattern_type_filter:1  operation:1  permission_type:1
-rsp  iframe:000000001329
kafka2.DescribeAclsResponse  request_api_version:2  correlation_id:31  throttle_time_ms:0  error_code:0  error_message:""
-req  iframe:000000001337  ts_ns:3119912768
kafka2.MetadataRequest  request_api_version:9  correlation_id:32  client_id:redpanda-console  allow_auto_topic_creation:N  include_cluster_authorized_operations:N  include_topic_authorized_operations:
kafka2.MetadataRequest  request_api_version:9  correlation_id:32  client_id:redpanda-console  allow_auto_topic_creation:N  include_cluster_authorized_operations:N  include_topic_authorized_operations:
-rsp  iframe:000000001339
kafka2.MetadataResponse  request_api_version:9  correlation_id:32  throttle_time_ms:0  brokers.0:"kafka2.MetadataResponseBroker3a  node_id:1  host:dev.ak-8.kafka-1.ext  port:1031"  brokers.1:"kafka2.M
-req  iframe:000000001345  ts_ns:3123248768
kafka2.DescribeLogDirsRequest  request_api_version:2  correlation_id:33  client_id:redpanda-console
kafka2.DescribeLogDirsRequest  request_api_version:2  correlation_id:33  client_id:redpanda-console
-rsp  iframe:000000001349
kafka2.DescribeLogDirsResponse  request_api_version:2  correlation_id:33  throttle_time_ms:0  error_code:0  results.0:"kafka2.DescribeLogDirsResult35a  error_code:0  log_dir:/mnt/data-1/dev.ak-8  topi
-req  iframe:000000001360  ts_ns:3148959768
kafka2.MetadataRequest  request_api_version:9  correlation_id:34  client_id:redpanda-console  topics.0:"kafka2.MetadataRequestTopic3q  topic_id:00000000-0000-0000-0000-000000000000  name:av111111"  al
kafka2.MetadataRequest  request_api_version:9  correlation_id:34  client_id:redpanda-console  topics.0:"kafka2.MetadataRequestTopic3q  topic_id:00000000-0000-0000-0000-000000000000  name:av111111"  al
-rsp  iframe:000000001373
kafka2.MetadataResponse  request_api_version:9  correlation_id:34  throttle_time_ms:0  brokers.0:"kafka2.MetadataResponseBroker3a  node_id:1  host:dev.ak-8.kafka-1.ext  port:1031"  brokers.1:"kafka2.M
-req  iframe:000000001375  ts_ns:3150758768
kafka2.ListOffsetsRequest  request_api_version:5  correlation_id:35  client_id:redpanda-console  replica_id:0  isolation_level:0  topics.0:'kafka2.ListOffsetsTopic2q  name:av111111  partitions.0:"kafk
kafka2.ListOffsetsRequest  request_api_version:5  correlation_id:35  client_id:redpanda-console  replica_id:0  isolation_level:0  topics.0:'kafka2.ListOffsetsTopic2q  name:av111111  partitions.0:"kafk
-rsp  iframe:000000001382
kafka2.ListOffsetsResponse  request_api_version:5  correlation_id:35  throttle_time_ms:0  topics.0:'kafka2.ListOffsetsTopicResponse2a  name:av111111  partitions.0:"kafka2.ListOffsetsPartitionResponse2
-req  iframe:000000001377  ts_ns:3150825768
kafka2.DescribeLogDirsRequest  request_api_version:2  correlation_id:36  client_id:redpanda-console  topics.0:"kafka2.DescribableLogDirTopic35q  topic:av111111  partitions.0:0"
kafka2.DescribeLogDirsRequest  request_api_version:2  correlation_id:36  client_id:redpanda-console  topics.0:"kafka2.DescribableLogDirTopic35q  topic:av111111  partitions.0:0"
-rsp  iframe:000000001389
kafka2.DescribeLogDirsResponse  request_api_version:2  correlation_id:36  throttle_time_ms:0  error_code:0  results.0:"kafka2.DescribeLogDirsResult35a  error_code:0  log_dir:/mnt/data-1/dev.ak-8  topi
-req  iframe:000000001383  ts_ns:3151829768
kafka2.ListOffsetsRequest  request_api_version:5  correlation_id:37  client_id:redpanda-console  replica_id:0  isolation_level:0  topics.0:'kafka2.ListOffsetsTopic2q  name:av111111  partitions.0:"kafk
kafka2.ListOffsetsRequest  request_api_version:5  correlation_id:37  client_id:redpanda-console  replica_id:0  isolation_level:0  topics.0:'kafka2.ListOffsetsTopic2q  name:av111111  partitions.0:"kafk
-rsp  iframe:000000001394
kafka2.ListOffsetsResponse  request_api_version:5  correlation_id:37  throttle_time_ms:0  topics.0:'kafka2.ListOffsetsTopicResponse2a  name:av111111  partitions.0:"kafka2.ListOffsetsPartitionResponse2
-req  iframe:000000001403  ts_ns:3251493768
kafka2.ListOffsetsRequest  request_api_version:5  correlation_id:38  client_id:redpanda-console  replica_id:0  isolation_level:0  topics.0:'kafka2.ListOffsetsTopic2q  name:av111111  partitions.0:"kafk
kafka2.ListOffsetsRequest  request_api_version:5  correlation_id:38  client_id:redpanda-console  replica_id:0  isolation_level:0  topics.0:'kafka2.ListOffsetsTopic2q  name:av111111  partitions.0:"kafk
-rsp  iframe:000000001409
kafka2.ListOffsetsResponse  request_api_version:5  correlation_id:38  throttle_time_ms:0  topics.0:'kafka2.ListOffsetsTopicResponse2a  name:av111111  partitions.0:"kafka2.ListOffsetsPartitionResponse2
-req  iframe:000000001405  ts_ns:3251563768
kafka2.ListOffsetsRequest  request_api_version:5  correlation_id:39  client_id:redpanda-console  replica_id:0  isolation_level:0  topics.0:'kafka2.ListOffsetsTopic2q  name:av111111  partitions.0:"kafk
kafka2.ListOffsetsRequest  request_api_version:5  correlation_id:39  client_id:redpanda-console  replica_id:0  isolation_level:0  topics.0:'kafka2.ListOffsetsTopic2q  name:av111111  partitions.0:"kafk
-rsp  iframe:000000001414
kafka2.ListOffsetsResponse  request_api_version:5  correlation_id:39  throttle_time_ms:0  topics.0:'kafka2.ListOffsetsTopicResponse2a  name:av111111  partitions.0:"kafka2.ListOffsetsPartitionResponse2
-req  iframe:000000001162  ts_ns:3610347656
kafka2.MetadataRequest  request_api_version:9  correlation_id:23  client_id:redpanda-console  allow_auto_topic_creation:N  include_cluster_authorized_operations:N  include_topic_authorized_operations:
kafka2.MetadataRequest  request_api_version:9  correlation_id:23  client_id:redpanda-console  allow_auto_topic_creation:N  include_cluster_authorized_operations:N  include_topic_authorized_operations:
-rsp  iframe:000000001175
kafka2.MetadataResponse  request_api_version:9  correlation_id:23  throttle_time_ms:0  brokers.0:"kafka2.MetadataResponseBroker3a  node_id:1  host:dev.ak-8.kafka-1.ext  port:1031"  brokers.1:"kafka2.M
-req  iframe:000000001174  ts_ns:3611101656
kafka2.DescribeConfigsRequest  request_api_version:3  correlation_id:24  client_id:redpanda-console  resources.0:"kafka2.DescribeConfigsResource32q  resource_type:2  resource_name:av111111  configurat
kafka2.DescribeConfigsRequest  request_api_version:3  correlation_id:24  client_id:redpanda-console  resources.0:"kafka2.DescribeConfigsResource32q  resource_type:2  resource_name:av111111  configurat
-rsp  iframe:000000001205
kafka2.DescribeConfigsResponse  request_api_version:3  correlation_id:24  throttle_time_ms:0  results.0:'kafka2.DescribeConfigsResult32a  error_code:0  error_message:""  resource_type:2  resource_name
-req  iframe:000000001189  ts_ns:3614375656
kafka2.ListOffsetsRequest  request_api_version:5  correlation_id:25  client_id:redpanda-console  replica_id:0  isolation_level:0  topics.0:'kafka2.ListOffsetsTopic2q  name:av111111  partitions.0:"kafk
kafka2.ListOffsetsRequest  request_api_version:5  correlation_id:25  client_id:redpanda-console  replica_id:0  isolation_level:0  topics.0:'kafka2.ListOffsetsTopic2q  name:av111111  partitions.0:"kafk
-rsp  iframe:000000001208
kafka2.ListOffsetsResponse  request_api_version:5  correlation_id:25  throttle_time_ms:0  topics.0:'kafka2.ListOffsetsTopicResponse2a  name:av111111  partitions.0:"kafka2.ListOffsetsPartitionResponse2
-req  iframe:000000001192  ts_ns:3614444656
kafka2.DescribeLogDirsRequest  request_api_version:2  correlation_id:26  client_id:redpanda-console  topics.0:"kafka2.DescribableLogDirTopic35q  topic:av111111  partitions.0:0"
kafka2.DescribeLogDirsRequest  request_api_version:2  correlation_id:26  client_id:redpanda-console  topics.0:"kafka2.DescribableLogDirTopic35q  topic:av111111  partitions.0:0"
-rsp  iframe:000000001215
kafka2.DescribeLogDirsResponse  request_api_version:2  correlation_id:26  throttle_time_ms:0  error_code:0  results.0:"kafka2.DescribeLogDirsResult35a  error_code:0  log_dir:/mnt/data-1/dev.ak-8  topi
-req  iframe:000000001195  ts_ns:3614718656
kafka2.ListOffsetsRequest  request_api_version:5  correlation_id:27  client_id:redpanda-console  replica_id:0  isolation_level:0  topics.0:'kafka2.ListOffsetsTopic2q  name:av111111  partitions.0:"kafk
kafka2.ListOffsetsRequest  request_api_version:5  correlation_id:27  client_id:redpanda-console  replica_id:0  isolation_level:0  topics.0:'kafka2.ListOffsetsTopic2q  name:av111111  partitions.0:"kafk
-rsp  iframe:000000001218
kafka2.ListOffsetsResponse  request_api_version:5  correlation_id:27  throttle_time_ms:0  topics.0:'kafka2.ListOffsetsTopicResponse2a  name:av111111  partitions.0:"kafka2.ListOffsetsPartitionResponse2
-req  iframe:000000001201  ts_ns:3615937656
kafka2.DescribeLogDirsRequest  request_api_version:2  correlation_id:28  client_id:redpanda-console
kafka2.DescribeLogDirsRequest  request_api_version:2  correlation_id:28  client_id:redpanda-console
-rsp  iframe:000000001222
kafka2.DescribeLogDirsResponse  request_api_version:2  correlation_id:28  throttle_time_ms:0  error_code:0  results.0:"kafka2.DescribeLogDirsResult35a  error_code:0  log_dir:/mnt/data-1/dev.ak-8  topi
-req  iframe:000000001241  ts_ns:3743952656
kafka2.ListOffsetsRequest  request_api_version:5  correlation_id:29  client_id:redpanda-console  replica_id:0  isolation_level:0  topics.0:'kafka2.ListOffsetsTopic2q  name:av111111  partitions.0:"kafk
kafka2.ListOffsetsRequest  request_api_version:5  correlation_id:29  client_id:redpanda-console  replica_id:0  isolation_level:0  topics.0:'kafka2.ListOffsetsTopic2q  name:av111111  partitions.0:"kafk
-rsp  iframe:000000001247
kafka2.ListOffsetsResponse  request_api_version:5  correlation_id:29  throttle_time_ms:0  topics.0:'kafka2.ListOffsetsTopicResponse2a  name:av111111  partitions.0:"kafka2.ListOffsetsPartitionResponse2
-req  iframe:000000001244  ts_ns:3744025656
kafka2.ListOffsetsRequest  request_api_version:5  correlation_id:30  client_id:redpanda-console  replica_id:0  isolation_level:0  topics.0:'kafka2.ListOffsetsTopic2q  name:av111111  partitions.0:"kafk
kafka2.ListOffsetsRequest  request_api_version:5  correlation_id:30  client_id:redpanda-console  replica_id:0  isolation_level:0  topics.0:'kafka2.ListOffsetsTopic2q  name:av111111  partitions.0:"kafk
-rsp  iframe:000000001250
kafka2.ListOffsetsResponse  request_api_version:5  correlation_id:30  throttle_time_ms:0  topics.0:'kafka2.ListOffsetsTopicResponse2a  name:av111111  partitions.0:"kafka2.ListOffsetsPartitionResponse2
