-req  iframe:000000001632  ts_ns:2423209848
kafka2.MetadataRequest  request_api_version:9  correlation_id:0  client_id:redpanda-console  topics.0:"kafka2.MetadataRequestTopic3q  topic_id:00000000-0000-0000-0000-000000000000  name:av111111"  all
kafka2.MetadataRequest  request_api_version:9  correlation_id:0  client_id:redpanda-console  topics.0:"kafka2.MetadataRequestTopic3q  topic_id:00000000-0000-0000-0000-000000000000  name:av111111"  all
-rsp  iframe:000000001645
kafka2.MetadataResponse  request_api_version:9  correlation_id:0  throttle_time_ms:0  brokers.0:"kafka2.MetadataResponseBroker3a  node_id:1  host:dev.ak-8.kafka-1.ext  port:1031"  brokers.1:"kafka2.Me
-req  iframe:000000001643  ts_ns:2425700848
kafka2.ListOffsetsRequest  request_api_version:5  correlation_id:1  client_id:redpanda-console  replica_id:0  isolation_level:0  topics.0:'kafka2.ListOffsetsTopic2q  name:av111111  partitions.0:"kafka
kafka2.ListOffsetsRequest  request_api_version:5  correlation_id:1  client_id:redpanda-console  replica_id:0  isolation_level:0  topics.0:'kafka2.ListOffsetsTopic2q  name:av111111  partitions.0:"kafka
-rsp  iframe:000000001657
kafka2.ListOffsetsResponse  request_api_version:5  correlation_id:1  throttle_time_ms:0  topics.0:'kafka2.ListOffsetsTopicResponse2a  name:av111111  partitions.0:"kafka2.ListOffsetsPartitionResponse2a
-req  iframe:000000001649  ts_ns:2426239848
kafka2.DescribeLogDirsRequest  request_api_version:2  correlation_id:2  client_id:redpanda-console  topics.0:"kafka2.DescribableLogDirTopic35q  topic:av111111  partitions.0:1"
kafka2.DescribeLogDirsRequest  request_api_version:2  correlation_id:2  client_id:redpanda-console  topics.0:"kafka2.DescribableLogDirTopic35q  topic:av111111  partitions.0:1"
-rsp  iframe:000000001661
kafka2.DescribeLogDirsResponse  request_api_version:2  correlation_id:2  throttle_time_ms:0  error_code:0  results.0:"kafka2.DescribeLogDirsResult35a  error_code:0  log_dir:/mnt/data-1/dev.ak-8  topic
-req  iframe:000000001652  ts_ns:2426311848
kafka2.ListOffsetsRequest  request_api_version:5  correlation_id:3  client_id:redpanda-console  replica_id:0  isolation_level:0  topics.0:'kafka2.ListOffsetsTopic2q  name:av111111  partitions.0:"kafka
kafka2.ListOffsetsRequest  request_api_version:5  correlation_id:3  client_id:redpanda-console  replica_id:0  isolation_level:0  topics.0:'kafka2.ListOffsetsTopic2q  name:av111111  partitions.0:"kafka
-rsp  iframe:000000001664
kafka2.ListOffsetsResponse  request_api_version:5  correlation_id:3  throttle_time_ms:0  topics.0:'kafka2.ListOffsetsTopicResponse2a  name:av111111  partitions.0:"kafka2.ListOffsetsPartitionResponse2a
