

####with 1 node
verbose: kafka2.MetadataResponse  
    request_api_version:9  
    correlation_id:20  
    throttle_time_ms:0  
    brokers.0:"kafka2.MetadataResponseBroker3a  node_id:1  host:192.168.104.2  port:1519"  
    controller_id:1  

###start 2nd node
verbose: kafka2.MetadataResponse  
    request_api_version:9  
    correlation_id:6  
    throttle_time_ms:0  
    brokers.0:"kafka2.MetadataResponseBroker3a  node_id:1  host:192.168.104.2  port:1519"  
    brokers.1:"kafka2.MetadataResponseBroker3a  node_id:2  host:192.168.104.3  port:1532"  
    controller_id:1  

#stop 2nd node
verbose: kafka2.MetadataResponse  
    request_api_version:9  
    correlation_id:10  
    throttle_time_ms:0  
    brokers.0:"kafka2.MetadataResponseBroker3a  node_id:1  host:192.168.104.2  port:1519"  
    controller_id:1  
    
    verbose: kafka2.DescribeClusterRequest  
        request_api_version:0  
        correlation_id:3  
        client_id:kafka-ui-admin-1750433306-2  
        include_cluster_authorized_operations:N  
        endpoint_type:1  
        include_fenced_brokers:N

    verbose: kafka2.DescribeClusterResponse  
        request_api_version:0  
        correlation_id:3  
        throttle_time_ms:0  
        error_code:0  
        endpoint_type:1  
        cluster_id:""  
        controller_id:1  
        cluster_authorized_operations:-2147483648
