--
dev.kafkaui-5:script
--
dev.kafkaw-04:script
--
dev.kafkaw-12:script
--
dev.rdpui-5:script
--
dev.x2-17:script
--
x2node.error node:dev.x2-18  status:255  cmd:"rsync -ai omcli/gen/x2/dev.x2-4/dev.x2-18 x2usr@dev.x2-18:dev.x2-18"
rsync: connection unexpectedly closed (0 bytes received so far) [sender]
rsync error: unexplained error (code 255) at io.c(232) [sender=3.2.7]
x2node.error node:dev.x2-18  status:1  cmd:"ssh -q x2usr@dev.x2-18 $'echo $(hostname):script'"
x2node.error node:dev.x2-18  status:255  cmd:"rsync -ai omcli/gen/x2/dev.x2-4/dev.x2-18 x2usr@dev.x2-18:dev.x2-18"  comment:failed
x2node.error node:dev.x2-18  status:1  cmd:"ssh -q x2usr@dev.x2-18 $'echo $(hostname):script'"  comment:failed
--
x2node.error node:dev.x2-19  status:255  cmd:"rsync -ai omcli/gen/x2/dev.x2-4/dev.x2-19 x2usr@dev.x2-19:dev.x2-19"
rsync: connection unexpectedly closed (0 bytes received so far) [sender]
rsync error: unexplained error (code 255) at io.c(232) [sender=3.2.7]
x2node.error node:dev.x2-19  status:1  cmd:"ssh -q x2usr@dev.x2-19 $'echo $(hostname):script'"
x2node.error node:dev.x2-19  status:255  cmd:"rsync -ai omcli/gen/x2/dev.x2-4/dev.x2-19 x2usr@dev.x2-19:dev.x2-19"  comment:failed
x2node.error node:dev.x2-19  status:1  cmd:"ssh -q x2usr@dev.x2-19 $'echo $(hostname):script'"  comment:failed
--
dev.x2-20:script
--
x2node.error node:dev.x2w-08  status:255  cmd:"rsync -ai omcli/gen/x2w/dev.x2-4/dev.x2w-08 x2w@dev.x2w-08:dev.x2w-08"
ssh: Could not resolve hostname dev.x2w-08: Name or service not known
rsync: connection unexpectedly closed (0 bytes received so far) [sender]
rsync error: unexplained error (code 255) at io.c(232) [sender=3.2.7]
x2node.error node:dev.x2w-08  status:1  cmd:"ssh -q x2w@dev.x2w-08 $'echo $(hostname):script'"
x2node.error node:dev.x2w-08  status:255  cmd:"rsync -ai omcli/gen/x2w/dev.x2-4/dev.x2w-08 x2w@dev.x2w-08:dev.x2w-08"  comment:failed
x2node.error node:dev.x2w-08  status:1  cmd:"ssh -q x2w@dev.x2w-08 $'echo $(hostname):script'"  comment:failed
--
script:info  node:dev.kafkaui-5 omnode:dev.x2-4.kafkaui-1 option:start_clean 
Stopping kafkaui...
Starting kafkaui...
script:info  node:dev.kafkaw-04 omnode:dev.x2-4.kafkaw-1 option:start_clean 
....................
dev.kafkaw-04:success
script:info  node:dev.kafkaw-12 omnode:dev.x2-4.kafkaw-2 option:start_clean 
....................
dev.kafkaw-12:success
script:info  node:dev.rdpui-5 omnode:dev.x2-4.rdpui-1 option:start_clean 
Stopping rdpui...
Starting rdpui...
script:info  node:dev.x2-17 omnode:dev.x2-4.x2-1 option:start_clean 
Stopping x2...
Formatting x2...
Copying x2fs to /mnt/data-1/dev.x2-4
Setting up x2...
Starting x2...
Log file:dev4.x2sup-0.log
x2node.error node:dev.x2-18  status:255  cmd:"ssh -q x2usr@dev.x2-18 $'./$(hostname) start_clean'"
x2node.error node:dev.x2-19  status:255  cmd:"ssh -q x2usr@dev.x2-19 $'./$(hostname) start_clean'"
script:info  node:dev.x2-20 omnode:dev.x2-4.x2-4 option:start_clean 
Stopping x2...
Formatting x2...
Copying x2fs to /mnt/data-1/dev.x2-4
Setting up x2...
Starting x2...
Log file:dev4.x2sup-3.log
x2node.error node:dev.x2w-08  status:255  cmd:"ssh -q x2w@dev.x2w-08 $'./$(hostname) start_clean'"
x2node.error node:dev.x2-18  status:255  cmd:"ssh -q x2usr@dev.x2-18 $'./$(hostname) start_clean'"  comment:failed
x2node.error node:dev.x2-19  status:255  cmd:"ssh -q x2usr@dev.x2-19 $'./$(hostname) start_clean'"  comment:failed
x2node.error node:dev.x2w-08  status:255  cmd:"ssh -q x2w@dev.x2w-08 $'./$(hostname) start_clean'"  comment:failed
