root@nj1:~# tc -s filter show dev data0rf0 ingress
filter protocol all pref 49152 flower chain 0
filter protocol all pref 49152 flower chain 0 handle 0x1
  skip_sw
  in_hw in_hw_count 1
        action order 1: mirred (Egress Mirror to device data0rf1) pipe
        index 1 ref 1 bind 1 installed 386 sec used 0 sec
        Action statistics:
        Sent 37894 bytes 394 pkt (dropped 0, overlimits 0 requeues 0)
        Sent software 0 bytes 0 pkt
        Sent hardware 37894 bytes 394 pkt
        backlog 0b 0p requeues 0
        used_hw_stats delayed

        action order 2: mirred (Egress Redirect to device data0pf) stolen
        index 2 ref 1 bind 1 installed 386 sec used 0 sec
        Action statistics:
        Sent 37894 bytes 394 pkt (dropped 0, overlimits 0 requeues 0)
        Sent software 0 bytes 0 pkt
        Sent hardware 37894 bytes 394 pkt
        backlog 0b 0p requeues 0
        used_hw_stats delayed