# Running tests: atf_comp_cov,
abt.config  builddir:Linux-g++.release-x86_64  ood_src:0  ood_target:0  cache:gcache
report.abt  n_target:117  time:00:00:00.076494541  hitrate:0%  pch_hitrate:0%  n_warn:0  n_err:0  n_install:117
[1;37matf_ci.begin[0;0m  citest:atf_comp_cov  sandbox:N
begin.atf_comp  comptest:%  build:Y  cfg:coverage  run:Y  maxjobs:3  maxrepeat:1  capture:N  edit:N  verbose:N
abt.config  builddir:Linux-g++.coverage-x86_64  ood_src:0  ood_target:0  cache:gcache
report.abt  n_target:117  time:00:00:00.034233201  hitrate:0%  pch_hitrate:0%  n_warn:0  n_err:0  n_install:0
atf_comp.comptest  comptest:acr.BadInsert  nrun:1  [1;33msuccess:Y[0;0m  elapsed:0.104696  comment:""
atf_comp.comptest  comptest:acr.BadNs  nrun:1  [1;33msuccess:Y[0;0m  elapsed:0.120148  comment:""
atf_comp.comptest  comptest:acr.BadPkey  nrun:1  [1;33msuccess:Y[0;0m  elapsed:0.123002  comment:""
atf_comp.comptest  comptest:acr.CascDel  nrun:1  [1;33msuccess:Y[0;0m  elapsed:0.100207  comment:""
atf_comp.comptest  comptest:acr.BadReftype  nrun:1  [1;33msuccess:Y[0;0m  elapsed:0.217406  comment:""
atf_comp.comptest  comptest:acr.CascDel2  nrun:1  [1;33msuccess:Y[0;0m  elapsed:0.227395  comment:""
atf_comp.comptest  comptest:acr.DelRecord  nrun:1  [1;33msuccess:Y[0;0m  elapsed:0.101342  comment:""
atf_comp.comptest  comptest:acr.CascDel3  nrun:1  [1;33msuccess:Y[0;0m  elapsed:0.279989  comment:""
atf_comp.comptest  comptest:acr.DeleteReinsert  nrun:1  [1;33msuccess:Y[0;0m  elapsed:0.103539  comment:""
atf_comp.comptest  comptest:acr.Fields  nrun:1  [1;33msuccess:Y[0;0m  elapsed:0.0983078  comment:""
atf_comp.comptest  comptest:acr.DelField  nrun:1  [1;33msuccess:Y[0;0m  elapsed:0.283626  comment:""
atf_comp.comptest  comptest:acr.FieldsComma  nrun:1  [1;33msuccess:Y[0;0m  elapsed:0.0974584  comment:""
atf_comp.comptest  comptest:acr.Insert  nrun:1  [1;33msuccess:Y[0;0m  elapsed:0.101234  comment:""
atf_comp.comptest  comptest:acr.GitTrigger1  nrun:1  [1;33msuccess:Y[0;0m  elapsed:0.139039  comment:""
atf_comp.comptest  comptest:acr.InsertDelete  nrun:1  [1;33msuccess:Y[0;0m  elapsed:0.103755  comment:""
atf_comp.comptest  comptest:acr.Merge  nrun:1  [1;33msuccess:Y[0;0m  elapsed:0.103258  comment:""
atf_comp.comptest  comptest:acr.Meta1  nrun:1  [1;33msuccess:Y[0;0m  elapsed:0.404189  comment:""
atf_comp.comptest  comptest:acr.Meta2  nrun:1  [1;33msuccess:Y[0;0m  elapsed:0.39903  comment:""
atf_comp.comptest  comptest:acr.Meta3  nrun:1  [1;33msuccess:Y[0;0m  elapsed:0.398176  comment:""
atf_comp.comptest  comptest:acr.NullTrunc  nrun:1  [1;33msuccess:Y[0;0m  elapsed:0.12978  comment:""
atf_comp.comptest  comptest:acr.QueryCtype  nrun:1  [1;33msuccess:Y[0;0m  elapsed:0.118669  comment:""
atf_comp.comptest  comptest:acr.RenameCollision  nrun:1  [1;33msuccess:Y[0;0m  elapsed:0.099373  comment:""
atf_comp.comptest  comptest:acr.RenameField  nrun:1  [1;33msuccess:Y[0;0m  elapsed:0.100055  comment:""
atf_comp.comptest  comptest:acr.RenameRecord  nrun:1  [1;33msuccess:Y[0;0m  elapsed:0.0995364  comment:""
atf_comp.comptest  comptest:acr.Replace  nrun:1  [1;33msuccess:Y[0;0m  elapsed:0.0995294  comment:""
atf_comp.comptest  comptest:acr.Select  nrun:1  [1;33msuccess:Y[0;0m  elapsed:0.0974381  comment:""
atf_comp.comptest  comptest:acr.SelectStdin  nrun:1  [1;33msuccess:Y[0;0m  elapsed:0.0974209  comment:""
atf_comp.comptest  comptest:acr.TooManyArgs  nrun:1  [1;33msuccess:Y[0;0m  elapsed:0.0171294  comment:""
atf_comp.comptest  comptest:acr.SelectTree  nrun:1  [1;33msuccess:Y[0;0m  elapsed:0.09815  comment:""
atf_comp.comptest  comptest:acr.Trunc  nrun:1  [1;33msuccess:Y[0;0m  elapsed:0.0979792  comment:""
atf_comp.comptest  comptest:acr.UpdateBad  nrun:1  [1;33msuccess:Y[0;0m  elapsed:0.0967896  comment:""
atf_comp.comptest  comptest:acr.UpdateGood  nrun:1  [1;33msuccess:Y[0;0m  elapsed:0.0994932  comment:""
atf_comp.comptest  comptest:acr_compl.A01a  nrun:1  [1;33msuccess:Y[0;0m  elapsed:0.0880845  comment:""
atf_comp.comptest  comptest:acr.Where  nrun:1  [1;33msuccess:Y[0;0m  elapsed:0.104932  comment:""
atf_comp.comptest  comptest:acr_compl.A01b  nrun:1  [1;33msuccess:Y[0;0m  elapsed:0.0891366  comment:""
atf_comp.comptest  comptest:acr_compl.A01c  nrun:1  [1;33msuccess:Y[0;0m  elapsed:0.0899113  comment:""
atf_comp.comptest  comptest:acr_compl.A02a  nrun:1  [1;33msuccess:Y[0;0m  elapsed:0.0896672  comment:""
atf_comp.comptest  comptest:acr_compl.A02b  nrun:1  [1;33msuccess:Y[0;0m  elapsed:0.0880669  comment:""
atf_comp.comptest  comptest:acr_compl.A02c  nrun:1  [1;33msuccess:Y[0;0m  elapsed:0.0884826  comment:""
atf_comp.comptest  comptest:acr_compl.A03a  nrun:1  [1;33msuccess:Y[0;0m  elapsed:0.0885423  comment:""
atf_comp.comptest  comptest:acr_compl.A03b  nrun:1  [1;33msuccess:Y[0;0m  elapsed:0.0886915  comment:""
atf_comp.comptest  comptest:acr_compl.A03c  nrun:1  [1;33msuccess:Y[0;0m  elapsed:0.0880325  comment:""
atf_comp.comptest  comptest:acr_compl.A04a  nrun:1  [1;33msuccess:Y[0;0m  elapsed:0.0878109  comment:""
atf_comp.comptest  comptest:acr_compl.A04b  nrun:1  [1;33msuccess:Y[0;0m  elapsed:0.0883036  comment:""
atf_comp.comptest  comptest:acr_compl.A04c  nrun:1  [1;33msuccess:Y[0;0m  elapsed:0.0880487  comment:""
atf_comp.comptest  comptest:acr_compl.A05a  nrun:1  [1;33msuccess:Y[0;0m  elapsed:0.0879086  comment:""
atf_comp.comptest  comptest:acr_compl.A05b  nrun:1  [1;33msuccess:Y[0;0m  elapsed:0.0880479  comment:""
atf_comp.comptest  comptest:acr_compl.A05c  nrun:1  [1;33msuccess:Y[0;0m  elapsed:0.0881673  comment:""
atf_comp.comptest  comptest:acr_compl.A06a  nrun:1  [1;33msuccess:Y[0;0m  elapsed:0.0882055  comment:""
atf_comp.comptest  comptest:acr_compl.A06b  nrun:1  [1;33msuccess:Y[0;0m  elapsed:0.0886131  comment:""
atf_comp.comptest  comptest:acr_compl.A06c  nrun:1  [1;33msuccess:Y[0;0m  elapsed:0.0887466  comment:""
atf_comp.comptest  comptest:acr_compl.A07a  nrun:1  [1;33msuccess:Y[0;0m  elapsed:0.0886375  comment:""
atf_comp.comptest  comptest:acr_compl.A07b  nrun:1  [1;33msuccess:Y[0;0m  elapsed:0.0875567  comment:""
atf_comp.comptest  comptest:acr_compl.Acr01  nrun:1  [1;33msuccess:Y[0;0m  elapsed:0.0225768  comment:""
atf_comp.comptest  comptest:acr_compl.Acr02  nrun:1  [1;33msuccess:Y[0;0m  elapsed:0.0226034  comment:""
atf_comp.comptest  comptest:acr_compl.Acr03  nrun:1  [1;33msuccess:Y[0;0m  elapsed:0.0221806  comment:""
atf_comp.comptest  comptest:acr_compl.Acr04  nrun:1  [1;33msuccess:Y[0;0m  elapsed:0.0221133  comment:""
atf_comp.comptest  comptest:acr_compl.Acr05  nrun:1  [1;33msuccess:Y[0;0m  elapsed:0.0220585  comment:""
atf_comp.comptest  comptest:acr_compl.Acr06  nrun:1  [1;33msuccess:Y[0;0m  elapsed:0.0196886  comment:""
atf_comp.comptest  comptest:acr_compl.A07c  nrun:1  [1;33msuccess:Y[0;0m  elapsed:0.0887842  comment:""
atf_comp.comptest  comptest:acr_compl.Acr07  nrun:1  [1;33msuccess:Y[0;0m  elapsed:0.0202063  comment:""
atf_comp.comptest  comptest:acr_compl.Acr08  nrun:1  [1;33msuccess:Y[0;0m  elapsed:0.022907  comment:""
atf_comp.comptest  comptest:acr_compl.Acr09  nrun:1  [1;33msuccess:Y[0;0m  elapsed:0.0251116  comment:""
atf_comp.comptest  comptest:acr_compl.Acr10  nrun:1  [1;33msuccess:Y[0;0m  elapsed:0.0275721  comment:""
atf_comp.comptest  comptest:acr_compl.Acr11  nrun:1  [1;33msuccess:Y[0;0m  elapsed:0.0226124  comment:""
atf_comp.comptest  comptest:acr_compl.Acr12  nrun:1  [1;33msuccess:Y[0;0m  elapsed:0.0230607  comment:""
atf_comp.comptest  comptest:acr_compl.BadExe  nrun:1  [1;33msuccess:Y[0;0m  elapsed:0.0201636  comment:""
atf_comp.comptest  comptest:acr_compl.BadOpt  nrun:1  [1;33msuccess:Y[0;0m  elapsed:0.0880264  comment:""
atf_comp.comptest  comptest:acr_compl.BadOptColon  nrun:1  [1;33msuccess:Y[0;0m  elapsed:0.0882431  comment:""
atf_comp.comptest  comptest:acr_compl.BadOptColonSpace  nrun:1  [1;33msuccess:Y[0;0m  elapsed:0.087974  comment:""
atf_comp.comptest  comptest:acr_compl.Acr13  nrun:1  [1;33msuccess:Y[0;0m  elapsed:0.198082  comment:""
atf_comp.comptest  comptest:acr_compl.BadOptSpace  nrun:1  [1;33msuccess:Y[0;0m  elapsed:0.0881967  comment:""
atf_comp.comptest  comptest:acr_compl.Bare  nrun:1  [1;33msuccess:Y[0;0m  elapsed:0.0898363  comment:""
atf_comp.comptest  comptest:acr_compl.DblColon  nrun:1  [1;33msuccess:Y[0;0m  elapsed:0.0900446  comment:""
atf_comp.comptest  comptest:acr_compl.DblColonList  nrun:1  [1;33msuccess:Y[0;0m  elapsed:0.0903663  comment:""
atf_comp.comptest  comptest:acr_compl.DblSpace  nrun:1  [1;33msuccess:Y[0;0m  elapsed:0.0887334  comment:""
atf_comp.comptest  comptest:acr_compl.DblSpaceList  nrun:1  [1;33msuccess:Y[0;0m  elapsed:0.0888284  comment:""
atf_comp.comptest  comptest:acr_compl.EnumCtypeColon  nrun:1  [1;33msuccess:Y[0;0m  elapsed:0.0878432  comment:""
atf_comp.comptest  comptest:acr_compl.EnumCtypeColonList  nrun:1  [1;33msuccess:Y[0;0m  elapsed:0.0891651  comment:""
atf_comp.comptest  comptest:acr_compl.EnumCtypeSpace  nrun:1  [1;33msuccess:Y[0;0m  elapsed:0.0888882  comment:""
atf_comp.comptest  comptest:acr_compl.EnumCtypeSpaceList  nrun:1  [1;33msuccess:Y[0;0m  elapsed:0.0880377  comment:""
atf_comp.comptest  comptest:acr_compl.EnumFieldColon  nrun:1  [1;33msuccess:Y[0;0m  elapsed:0.0885728  comment:""
atf_comp.comptest  comptest:acr_compl.EnumFieldColonList  nrun:1  [1;33msuccess:Y[0;0m  elapsed:0.0901642  comment:""
atf_comp.comptest  comptest:acr_compl.EnumFieldSpace  nrun:1  [1;33msuccess:Y[0;0m  elapsed:0.0873996  comment:""
atf_comp.comptest  comptest:acr_compl.EnumFieldSpaceList  nrun:1  [1;33msuccess:Y[0;0m  elapsed:0.0882804  comment:""
atf_comp.comptest  comptest:acr_compl.FlagColon  nrun:1  [1;33msuccess:Y[0;0m  elapsed:0.0880689  comment:""
atf_comp.comptest  comptest:acr_compl.FlagColonList  nrun:1  [1;33msuccess:Y[0;0m  elapsed:0.0899076  comment:""
atf_comp.comptest  comptest:acr_compl.FlagSpace  nrun:1  [1;33msuccess:Y[0;0m  elapsed:0.0884187  comment:""
atf_comp.comptest  comptest:acr_compl.FlagSpaceList  nrun:1  [1;33msuccess:Y[0;0m  elapsed:0.0890943  comment:""
atf_comp.comptest  comptest:acr_compl.Install  nrun:1  [1;33msuccess:Y[0;0m  elapsed:0.0906843  comment:""
atf_comp.comptest  comptest:acr_compl.NumColon  nrun:1  [1;33msuccess:Y[0;0m  elapsed:0.0892008  comment:""
atf_comp.comptest  comptest:acr_compl.NumColonList  nrun:1  [1;33msuccess:Y[0;0m  elapsed:0.0888093  comment:""
atf_comp.comptest  comptest:acr_compl.NumSpace  nrun:1  [1;33msuccess:Y[0;0m  elapsed:0.0885522  comment:""
atf_comp.comptest  comptest:acr_compl.NumSpaceList  nrun:1  [1;33msuccess:Y[0;0m  elapsed:0.0878446  comment:""
atf_comp.comptest  comptest:acr_compl.OptCumul  nrun:1  [1;33msuccess:Y[0;0m  elapsed:0.0882779  comment:""
atf_comp.comptest  comptest:acr_compl.OptCumulAlias  nrun:1  [1;33msuccess:Y[0;0m  elapsed:0.0887198  comment:""
atf_comp.comptest  comptest:acr_compl.OptD  nrun:1  [1;33msuccess:Y[0;0m  elapsed:0.0890032  comment:""
atf_comp.comptest  comptest:acr_compl.OptDList  nrun:1  [1;33msuccess:Y[0;0m  elapsed:0.0878838  comment:""
atf_comp.comptest  comptest:acr_compl.OptH  nrun:1  [1;33msuccess:Y[0;0m  elapsed:0.0893991  comment:""
atf_comp.comptest  comptest:acr_compl.OptHList  nrun:1  [1;33msuccess:Y[0;0m  elapsed:0.0886893  comment:""
atf_comp.comptest  comptest:acr_compl.OptNonCumul  nrun:1  [1;33msuccess:Y[0;0m  elapsed:0.0900631  comment:""
atf_comp.comptest  comptest:acr_compl.OptNonCumulAlias  nrun:1  [1;33msuccess:Y[0;0m  elapsed:0.0882004  comment:""
atf_comp.comptest  comptest:acr_compl.OptPkeyColon  nrun:1  [1;33msuccess:Y[0;0m  elapsed:0.0228482  comment:""
atf_comp.comptest  comptest:acr_compl.OptPkeyColonFull  nrun:1  [1;33msuccess:Y[0;0m  elapsed:0.0207328  comment:""
atf_comp.comptest  comptest:acr_compl.OptPkeyColonFullList  nrun:1  [1;33msuccess:Y[0;0m  elapsed:0.0211121  comment:""
atf_comp.comptest  comptest:acr_compl.OptPkeyColonList  nrun:1  [1;33msuccess:Y[0;0m  elapsed:0.0225061  comment:""
atf_comp.comptest  comptest:acr_compl.OptPkeyColonPrefix  nrun:1  [1;33msuccess:Y[0;0m  elapsed:0.0221755  comment:""
atf_comp.comptest  comptest:acr_compl.OptPkeyColonPrefixList  nrun:1  [1;33msuccess:Y[0;0m  elapsed:0.0199803  comment:""
atf_comp.comptest  comptest:acr_compl.OptPkeyColonSubstr  nrun:1  [1;33msuccess:Y[0;0m  elapsed:0.0198477  comment:""
atf_comp.comptest  comptest:acr_compl.OptPkeyColonSubstrList  nrun:1  [1;33msuccess:Y[0;0m  elapsed:0.0206157  comment:""
atf_comp.comptest  comptest:acr_compl.OptPkeySpace  nrun:1  [1;33msuccess:Y[0;0m  elapsed:0.0225976  comment:""
atf_comp.comptest  comptest:acr_compl.OptPkeySpaceFull  nrun:1  [1;33msuccess:Y[0;0m  elapsed:0.0207622  comment:""
atf_comp.comptest  comptest:acr_compl.OptPkeySpaceFullList  nrun:1  [1;33msuccess:Y[0;0m  elapsed:0.0203441  comment:""
atf_comp.comptest  comptest:acr_compl.OptPkeySpaceList  nrun:1  [1;33msuccess:Y[0;0m  elapsed:0.022778  comment:""
atf_comp.comptest  comptest:acr_compl.OptPkeySpacePrefix  nrun:1  [1;33msuccess:Y[0;0m  elapsed:0.0207708  comment:""
atf_comp.comptest  comptest:acr_compl.OptPkeySpacePrefixList  nrun:1  [1;33msuccess:Y[0;0m  elapsed:0.0203134  comment:""
atf_comp.comptest  comptest:acr_compl.OptPkeySpaceSubstr  nrun:1  [1;33msuccess:Y[0;0m  elapsed:0.0208847  comment:""
atf_comp.comptest  comptest:acr_compl.OptPkeySpaceSubstrList  nrun:1  [1;33msuccess:Y[0;0m  elapsed:0.0204773  comment:""
atf_comp.comptest  comptest:acr_compl.OptRegxColon  nrun:1  [1;33msuccess:Y[0;0m  elapsed:0.0226688  comment:""
atf_comp.comptest  comptest:acr_compl.OptRegxColonFull  nrun:1  [1;33msuccess:Y[0;0m  elapsed:0.0204028  comment:""
atf_comp.comptest  comptest:acr_compl.OptRegxColonFullList  nrun:1  [1;33msuccess:Y[0;0m  elapsed:0.020457  comment:""
atf_comp.comptest  comptest:acr_compl.OptRegxColonList  nrun:1  [1;33msuccess:Y[0;0m  elapsed:0.0223826  comment:""
atf_comp.comptest  comptest:acr_compl.OptRegxColonPrefix  nrun:1  [1;33msuccess:Y[0;0m  elapsed:0.0205692  comment:""
atf_comp.comptest  comptest:acr_compl.OptRegxColonPrefixList  nrun:1  [1;33msuccess:Y[0;0m  elapsed:0.0202331  comment:""
atf_comp.comptest  comptest:acr_compl.OptRegxColonSubstr  nrun:1  [1;33msuccess:Y[0;0m  elapsed:0.0206252  comment:""
atf_comp.comptest  comptest:acr_compl.OptRegxColonSubstrList  nrun:1  [1;33msuccess:Y[0;0m  elapsed:0.0201827  comment:""
atf_comp.comptest  comptest:acr_compl.OptRegxSpace  nrun:1  [1;33msuccess:Y[0;0m  elapsed:0.023231  comment:""
atf_comp.comptest  comptest:acr_compl.OptRegxSpaceFull  nrun:1  [1;33msuccess:Y[0;0m  elapsed:0.0212985  comment:""
atf_comp.comptest  comptest:acr_compl.OptRegxSpaceFullList  nrun:1  [1;33msuccess:Y[0;0m  elapsed:0.0207322  comment:""
atf_comp.comptest  comptest:acr_compl.OptRegxSpaceList  nrun:1  [1;33msuccess:Y[0;0m  elapsed:0.0234327  comment:""
atf_comp.comptest  comptest:acr_compl.OptRegxSpacePrefix  nrun:1  [1;33msuccess:Y[0;0m  elapsed:0.0205463  comment:""
atf_comp.comptest  comptest:acr_compl.OptRegxSpacePrefixList  nrun:1  [1;33msuccess:Y[0;0m  elapsed:0.0208985  comment:""
atf_comp.comptest  comptest:acr_compl.OptRegxSpaceSubstr  nrun:1  [1;33msuccess:Y[0;0m  elapsed:0.0206656  comment:""
atf_comp.comptest  comptest:acr_compl.OptRegxSpaceSubstrList  nrun:1  [1;33msuccess:Y[0;0m  elapsed:0.0208769  comment:""
atf_comp.comptest  comptest:acr_compl.OptSig  nrun:1  [1;33msuccess:Y[0;0m  elapsed:0.0882286  comment:""
atf_comp.comptest  comptest:acr_compl.OptSigList  nrun:1  [1;33msuccess:Y[0;0m  elapsed:0.0878818  comment:""
atf_comp.comptest  comptest:acr_compl.OptV  nrun:1  [1;33msuccess:Y[0;0m  elapsed:0.0886202  comment:""
atf_comp.comptest  comptest:acr_compl.OptVList  nrun:1  [1;33msuccess:Y[0;0m  elapsed:0.0894445  comment:""
atf_comp.comptest  comptest:acr_compl.R01a  nrun:1  [1;33msuccess:Y[0;0m  elapsed:0.088461  comment:""
atf_comp.comptest  comptest:acr_compl.R01b  nrun:1  [1;33msuccess:Y[0;0m  elapsed:0.0877477  comment:""
atf_comp.comptest  comptest:acr_compl.R01c  nrun:1  [1;33msuccess:Y[0;0m  elapsed:0.089059  comment:""
atf_comp.comptest  comptest:acr_compl.R01d  nrun:1  [1;33msuccess:Y[0;0m  elapsed:0.0886191  comment:""
atf_comp.comptest  comptest:acr_compl.R02a  nrun:1  [1;33msuccess:Y[0;0m  elapsed:0.0887251  comment:""
atf_comp.comptest  comptest:acr_compl.R02b  nrun:1  [1;33msuccess:Y[0;0m  elapsed:0.0893437  comment:""
atf_comp.comptest  comptest:acr_compl.R02c  nrun:1  [1;33msuccess:Y[0;0m  elapsed:0.0900675  comment:""
atf_comp.comptest  comptest:acr_compl.R02d  nrun:1  [1;33msuccess:Y[0;0m  elapsed:0.0902006  comment:""
atf_comp.comptest  comptest:acr_compl.StrColon  nrun:1  [1;33msuccess:Y[0;0m  elapsed:0.0903133  comment:""
atf_comp.comptest  comptest:acr_compl.StrColonList  nrun:1  [1;33msuccess:Y[0;0m  elapsed:0.0917417  comment:""
atf_comp.comptest  comptest:acr_compl.StrSpace  nrun:1  [1;33msuccess:Y[0;0m  elapsed:0.0915602  comment:""
atf_comp.comptest  comptest:acr_compl.StrSpaceList  nrun:1  [1;33msuccess:Y[0;0m  elapsed:0.0948718  comment:""
atf_comp.comptest  comptest:acr_compl.T01  nrun:1  [1;33msuccess:Y[0;0m  elapsed:0.0935264  comment:""
atf_comp.comptest  comptest:acr_compl.T02  nrun:1  [1;33msuccess:Y[0;0m  elapsed:0.0934298  comment:""
atf_comp.comptest  comptest:acr_compl.T03  nrun:1  [1;33msuccess:Y[0;0m  elapsed:0.0930241  comment:""
atf_comp.comptest  comptest:acr_compl.T04  nrun:1  [1;33msuccess:Y[0;0m  elapsed:0.0927065  comment:""
atf_comp.comptest  comptest:acr_compl.T05  nrun:1  [1;33msuccess:Y[0;0m  elapsed:0.0932404  comment:""
atf_comp.comptest  comptest:acr_compl.T06  nrun:1  [1;33msuccess:Y[0;0m  elapsed:0.0937824  comment:""
atf_comp.comptest  comptest:acr_compl.T07  nrun:1  [1;33msuccess:Y[0;0m  elapsed:0.0926234  comment:""
atf_comp.comptest  comptest:acr_compl.T08  nrun:1  [1;33msuccess:Y[0;0m  elapsed:0.0943973  comment:""
atf_comp.comptest  comptest:acr_dm.Conflict  nrun:1  [1;33msuccess:Y[0;0m  elapsed:0.0195883  comment:""
atf_comp.comptest  comptest:acr_dm.Merge  nrun:1  [1;33msuccess:Y[0;0m  elapsed:0.0211396  comment:""
atf_comp.comptest  comptest:acr_dm.RenameTuple  nrun:1  [1;33msuccess:Y[0;0m  elapsed:0.019776  comment:""
atf_comp.comptest  comptest:acr_compl.T09  nrun:1  [1;33msuccess:Y[0;0m  elapsed:0.0925497  comment:""
atf_comp.comptest  comptest:acr_compl.T10  nrun:1  [1;33msuccess:Y[0;0m  elapsed:0.0941886  comment:""
atf_comp.comptest  comptest:acr_ed.CreateCtype  nrun:1  [1;33msuccess:Y[0;0m  elapsed:0.125449  comment:""
atf_comp.comptest  comptest:acr_ed.CreateMsg  nrun:1  [1;33msuccess:Y[0;0m  elapsed:0.1274  comment:""
atf_comp.comptest  comptest:acr_ed.CreateSrcfileTarget  nrun:1  [1;33msuccess:Y[0;0m  elapsed:0.126361  comment:""
atf_comp.comptest  comptest:acr_ed.CreateSsimfile  nrun:1  [1;33msuccess:Y[0;0m  elapsed:0.124463  comment:""
atf_comp.comptest  comptest:acr_ed.CreateSsimfileBadNs  nrun:1  [1;33msuccess:Y[0;0m  elapsed:0.116844  comment:""
atf_comp.comptest  comptest:acr_ed.CreateTarget  nrun:1  [1;33msuccess:Y[0;0m  elapsed:0.124506  comment:""
atf_comp.comptest  comptest:acr_in.Reverse  nrun:1  [1;33msuccess:Y[0;0m  elapsed:0.0958965  comment:""
atf_comp.comptest  comptest:acr_in.Simple  nrun:1  [1;33msuccess:Y[0;0m  elapsed:0.0957049  comment:""
atf_comp.comptest  comptest:acr_in.Tree  nrun:1  [1;33msuccess:Y[0;0m  elapsed:0.0958173  comment:""
atf_comp.comptest  comptest:aqlite.CompileOptions  nrun:1  [1;33msuccess:Y[0;0m  elapsed:0.112933  comment:""
atf_comp.comptest  comptest:aqlite.Constraints  nrun:1  [1;33msuccess:Y[0;0m  elapsed:0.110369  comment:""
atf_comp.comptest  comptest:aqlite.ErrorHandling  nrun:1  [1;33msuccess:Y[0;0m  elapsed:0.109021  comment:""
atf_comp.comptest  comptest:aqlite.Joins  nrun:1  [1;33msuccess:Y[0;0m  elapsed:0.109807  comment:""
atf_comp.comptest  comptest:aqlite.PatternMatching  nrun:1  [1;33msuccess:Y[0;0m  elapsed:0.108877  comment:""
atf_comp.comptest  comptest:aqlite.Number  nrun:1  [1;33msuccess:Y[0;0m  elapsed:0.195178  comment:""
atf_comp.comptest  comptest:atf_cmdline.Bare  nrun:1  [1;33msuccess:Y[0;0m  elapsed:0.0174554  comment:""
atf_comp.comptest  comptest:aqlite.Smoke  nrun:1  [1;33msuccess:Y[0;0m  elapsed:0.135566  comment:""
atf_comp.comptest  comptest:atf_cmdline.Debug  nrun:1  [1;33msuccess:Y[0;0m  elapsed:0.0491578  comment:""
atf_comp.comptest  comptest:atf_cmdline.Help  nrun:1  [1;33msuccess:Y[0;0m  elapsed:0.0181472  comment:""
atf_comp.comptest  comptest:atf_cmdline.Minimal  nrun:1  [1;33msuccess:Y[0;0m  elapsed:0.0211712  comment:""
atf_comp.comptest  comptest:atf_cmdline.Rich  nrun:1  [1;33msuccess:Y[0;0m  elapsed:0.0207424  comment:""
atf_comp.comptest  comptest:atf_cmdline.MinimalExec  nrun:1  [1;33msuccess:Y[0;0m  elapsed:0.0299317  comment:""
atf_comp.comptest  comptest:aqlite.Performance  nrun:1  [1;33msuccess:Y[0;0m  elapsed:0.224506  comment:""
atf_comp.comptest  comptest:atf_cmdline.Sig  nrun:1  [1;33msuccess:Y[0;0m  elapsed:0.0223533  comment:""
atf_comp.comptest  comptest:atf_cmdline.RichExec  nrun:1  [1;33msuccess:Y[0;0m  elapsed:0.0284151  comment:""
atf_comp.comptest  comptest:atf_cmdline.Verbose  nrun:1  [1;33msuccess:Y[0;0m  elapsed:0.0214003  comment:""
atf_comp.comptest  comptest:atf_cmdline.Version  nrun:1  [1;33msuccess:Y[0;0m  elapsed:0.0180612  comment:""
atf_comp.comptest  comptest:atf_exp.Auth  nrun:1  [1;33msuccess:Y[0;0m  elapsed:0.490289  comment:""
atf_comp.comptest  comptest:atf_exp.AuthJsBad  nrun:1  [1;33msuccess:Y[0;0m  elapsed:0.510668  comment:""
atf_comp.comptest  comptest:atf_exp.AuthJsGood  nrun:1  [1;33msuccess:Y[0;0m  elapsed:0.597562  comment:""
atf_comp.comptest  comptest:atf_exp.BadConnect  nrun:1  [1;33msuccess:Y[0;0m  elapsed:0.484401  comment:""
atf_comp.comptest  comptest:atf_exp.BadX2Msg  nrun:1  [1;33msuccess:Y[0;0m  elapsed:0.439406  comment:""
atf_comp.comptest  comptest:atf_exp.BigMsgGood  nrun:1  [1;33msuccess:Y[0;0m  elapsed:1.42721  comment:""
atf_comp.comptest  comptest:atf_exp.BigMsgGoodRead2  nrun:1  [1;33msuccess:Y[0;0m  elapsed:0.446607  comment:""
atf_comp.comptest  comptest:atf_exp.Cli  nrun:1  [1;33msuccess:Y[0;0m  elapsed:0.429004  comment:""
atf_comp.comptest  comptest:atf_exp.Cli2  nrun:1  [1;33msuccess:Y[0;0m  elapsed:0.495814  comment:""
atf_comp.comptest  comptest:atf_exp.CreateStream  nrun:1  [1;33msuccess:Y[0;0m  elapsed:0.43751  comment:""
atf_comp.comptest  comptest:atf_exp.GfSmoke  nrun:1  [1;33msuccess:Y[0;0m  elapsed:0.428064  comment:""
atf_comp.comptest  comptest:atf_exp.Interleave  nrun:1  [1;33msuccess:Y[0;0m  elapsed:0.636584  comment:""
atf_comp.comptest  comptest:atf_exp.Kafka  nrun:1  [1;33msuccess:Y[0;0m  elapsed:0.441187  comment:""
atf_comp.comptest  comptest:atf_exp.Kafka32KB_1K_kcat  nrun:1  [1;33msuccess:Y[0;0m  elapsed:4.0462  comment:""
atf_comp.comptest  comptest:atf_exp.KafkaAcl  nrun:1  [1;33msuccess:Y[0;0m  elapsed:0.658848  comment:""
atf_comp.comptest  comptest:atf_exp.KafkaAclMgt  nrun:1  [1;33msuccess:Y[0;0m  elapsed:0.436806  comment:""
atf_comp.comptest  comptest:atf_exp.KafkaAuth  nrun:1  [1;33msuccess:Y[0;0m  elapsed:0.509588  comment:""
atf_comp.comptest  comptest:atf_exp.KafkaCrc  nrun:1  [1;33msuccess:Y[0;0m  elapsed:0.901098  comment:""
atf_comp.comptest  comptest:atf_exp.KafkaCreateTopic  nrun:1  [1;33msuccess:Y[0;0m  elapsed:2.51127  comment:""
atf_comp.comptest  comptest:atf_exp.KafkaDescribeCluster  nrun:1  [1;33msuccess:Y[0;0m  elapsed:0.426617  comment:""
atf_comp.comptest  comptest:atf_exp.KafkaKv  nrun:1  [1;33msuccess:Y[0;0m  elapsed:0.442166  comment:""
atf_comp.comptest  comptest:atf_exp.KafkaMtls  nrun:1  [1;33msuccess:Y[0;0m  elapsed:0.57887  comment:""
atf_comp.comptest  comptest:atf_exp.KafkaPub2000x1MB  nrun:1  [1;33msuccess:Y[0;0m  elapsed:50.7152  comment:""
atf_comp.comptest  comptest:atf_exp.KafkaTls  nrun:1  [1;33msuccess:Y[0;0m  elapsed:0.461007  comment:""
atf_comp.comptest  comptest:atf_exp.MTUPart  nrun:1  [1;33msuccess:Y[0;0m  elapsed:1.48619  comment:""
atf_comp.comptest  comptest:atf_exp.MTUSmoke  nrun:1  [1;33msuccess:Y[0;0m  elapsed:2.18485  comment:""
atf_comp.comptest  comptest:atf_exp.MetricSmoke  nrun:1  [1;33msuccess:Y[0;0m  elapsed:0.491124  comment:""
atf_comp.comptest  comptest:atf_exp.Mqtt  nrun:1  [1;33msuccess:Y[0;0m  elapsed:1.94361  comment:""
atf_comp.comptest  comptest:atf_exp.MqttAcl  nrun:1  [1;33msuccess:Y[0;0m  elapsed:0.934523  comment:""
atf_comp.comptest  comptest:atf_exp.MqttAuth  nrun:1  [1;33msuccess:Y[0;0m  elapsed:0.490075  comment:""
atf_comp.comptest  comptest:atf_exp.MqttMtls  nrun:1  [1;33msuccess:Y[0;0m  elapsed:1.5419  comment:""
atf_comp.comptest  comptest:atf_exp.Mqtts  nrun:1  [1;33msuccess:Y[0;0m  elapsed:1.02449  comment:""
atf_comp.comptest  comptest:atf_exp.Mtls  nrun:1  [1;33msuccess:Y[0;0m  elapsed:0.883731  comment:""
atf_comp.comptest  comptest:atf_exp.Nats  nrun:1  [1;33msuccess:Y[0;0m  elapsed:0.992998  comment:""
atf_comp.comptest  comptest:atf_exp.NatsAcl  nrun:1  [1;33msuccess:Y[0;0m  elapsed:2.00486  comment:""
atf_comp.comptest  comptest:atf_exp.NatsAuth  nrun:1  [1;33msuccess:Y[0;0m  elapsed:0.765648  comment:""
atf_comp.comptest  comptest:atf_exp.NatsWs  nrun:1  [1;33msuccess:Y[0;0m  elapsed:0.950005  comment:""
atf_comp.comptest  comptest:atf_exp.NatsWss  nrun:1  [1;33msuccess:Y[0;0m  elapsed:0.946498  comment:""
atf_comp.comptest  comptest:atf_exp.Pub1M  nrun:1  [1;33msuccess:Y[0;0m  elapsed:6.34222  comment:""
atf_comp.comptest  comptest:atf_exp.Pub2000x1MB  nrun:1  [1;33msuccess:Y[0;0m  elapsed:39.9531  comment:""
atf_comp.comptest  comptest:atf_exp.PubEachGw  nrun:1  [1;33msuccess:Y[0;0m  elapsed:1.80392  comment:""
atf_comp.comptest  comptest:atf_exp.ReadJs  nrun:1  [1;33msuccess:Y[0;0m  elapsed:0.525086  comment:""
[1mdiff --git a/test/atf_comp/atf_exp.RecoverLag b/temp/atf_comp/atf_exp.RecoverLag.out.filt[m
[1mindex 1f76249cc..8d7dd9838 100644[m
[1m--- a/test/atf_comp/atf_exp.RecoverLag[m
[1m+++ b/temp/atf_comp/atf_exp.RecoverLag.out.filt[m
[36m@@ -5,10 +5,12 @@[m [mx2.ProcStartMsg  proc:x2write  pty:N  cmd:"$bindir/x2write -gw::$x2port"[m
x2.ProcMsg  proc:x2write  payload:"AMOR\nFIDES\nLUMEN\nPAX\nVERITAS"[m
x2.ProcReadMsg  proc:x2write  until:Ack[m
x2.ProcStatusMsg  proc:x2write  status:Running[m
[32mx2.ProcMsg  proc:x2write  payload:"libgcov profiling error:temp/atf_comp/cov.d/1/#home#avorovich#arnd#build#coverage#cpp.gen.ams_gen.gcda:Merge mismatch for function 54"[m
x2.ProcMsg  proc:x2write  payload:"x2write.connected  gw:0.0.0.0:*"[m
x2.ProcMsg  proc:x2write  payload:"x2.AckMsg  from:x2txn-0-0  request_id:x2write-0-0.2  stream_id:4  beg_seq:0  end_seq:5  timestamp:***  n_del:0"[m
x2.ProcEofMsg  proc:x2write[m
x2.ProcReadMsg  proc:x2write  until:""[m
[32mx2.ProcMsg  proc:x2write  payload:"libgcov profiling error:temp/atf_comp/cov.d/1/#home#avorovich#arnd#build#coverage#cpp.gen.ams_gen.gcda:Merge mismatch for function 54"[m
x2.ProcStatusMsg  proc:x2write  status:"Exited: 0"[m
x2.ProcKillMsg  proc:x2  signal:9[m
x2.ProcReadMsg  proc:x2  until:""[m
[36m@@ -19,10 +21,12 @@[m [mx2.ProcStatusMsg  proc:x2n1  status:Running[m
x2.ProcStartMsg  proc:sleep  pty:N  cmd:"sleep 2"[m
x2.ProcReadMsg  proc:sleep  until:""[m
x2.ProcStatusMsg  proc:sleep  status:Running[m
[32mx2.ProcMsg  proc:sleep  payload:"libgcov profiling error:temp/atf_comp/cov.d/1/#home#avorovich#arnd#build#coverage#cpp.gen.ams_gen.gcda:Merge mismatch for function 54"[m
x2.ProcStatusMsg  proc:sleep  status:"Exited: 0"[m
x2.ProcStartMsg  proc:x2read  pty:N  cmd:"$bindir/x2read -gw::$x2port -end:eof -pretty:N"[m
x2.ProcReadMsg  proc:x2read  until:VERITAS[m
x2.ProcStatusMsg  proc:x2read  status:Running[m
[32mx2.ProcMsg  proc:x2read  payload:"libgcov profiling error:temp/atf_comp/cov.d/1/#home#avorovich#arnd#build#coverage#cpp.gen.ams_gen.gcda:Merge mismatch for function 54"[m
x2.ProcMsg  proc:x2read  payload:"x2read.connected  gw:0.0.0.0:*"[m
x2.ProcMsg  proc:x2read  payload:"x2.Record  data:AMOR"[m
x2.ProcMsg  proc:x2read  payload:"x2.Record  data:FIDES"[m
[36m@@ -30,8 +34,10 @@[m [mx2.ProcMsg  proc:x2read  payload:"x2.Record  data:LUMEN"[m
x2.ProcMsg  proc:x2read  payload:"x2.Record  data:PAX"[m
x2.ProcMsg  proc:x2read  payload:"x2.Record  data:VERITAS"[m
x2.ProcReadMsg  proc:x2read  until:""[m
[32mx2.ProcMsg  proc:x2read  payload:"libgcov profiling error:temp/atf_comp/cov.d/1/#home#avorovich#arnd#build#coverage#cpp.gen.ams_gen.gcda:Merge mismatch for function 54"[m
x2.ProcStatusMsg  proc:x2read  status:"Exited: 0"[m
x2.ProcKillMsg  proc:x2n1  signal:9[m
x2.ProcReadMsg  proc:x2n1  until:""[m
x2.ProcStatusMsg  proc:x2n1  status:"Exited: 0"[m
ams.TerminateMsg[m
[32mlibgcov profiling error:temp/atf_comp/cov.d/1/#home#avorovich#arnd#build#coverage#cpp.gen.ams_gen.gcda:Merge mismatch for function 54[m
atf_comp.comptest  comptest:atf_exp.RecoverLag  nrun:1  [1;31msuccess:N[0;0m  elapsed:2.50823  comment:"Output does not match"
atf_comp: too many errors, not starting tests
ARTIFACT       EXE    HIT    COV%
acr           1406   1027   73.04
acr_compl      570    451   79.12
acr_dm         157    129   82.17
acr_ed        1169    401   34.30
acr_in         202    108   53.47
algo_lib      5251   2731   52.01  (-3.75)
aqlite          42     42  100.00
atf_cmdline     33     32   96.97
atf_exp        229    177   77.29
lib_ams        771    353   45.78  (-4.03)
lib_http       193    122   63.21
lib_json       543    268   49.36  (-7.73)
lib_kafka      250    204   81.60
lib_mqtt       851    347   40.78
lib_netio      213    138   64.79
lib_resp       155      0    0.00  (-77.42)
lib_rl         137     54   39.42
lib_sqlite     317    261   82.33
lib_ws         163     83   50.92
lib_x2        1098    728   66.30  (-3.95)
lib_x2prot      18     17   94.44
x2cli          241    130   53.94
x2cmt          194    150   77.32  (-5.15)
x2fs           221    195   88.24  (-0.45)
x2gf           150    115   76.67
x2gw          4025   2651   65.86  (-5.52)
x2imdb          74     66   89.19  (-6.76)
x2mon          204    135   66.18  (-1.47)
x2net          575    269   46.78  (-2.44)
x2read         303    203   67.00  (-1.44)
x2sup          392    336   85.71  (+0.07)
x2txn          112     98   87.50
x2write        367    235   64.03  (-9.34)
TOTAL        20626  12256   59.42

atf_cov.coverage_lowered  target:fast  [1;31msuccess:N[0;0m  cov_min:22.61  maxerr:5.00  cov_measured:0.00  comment:""
atf_cov.coverage_lowered  target:jkv  [1;31msuccess:N[0;0m  cov_min:90.70  maxerr:5.00  cov_measured:0.00  comment:""
atf_cov.coverage_lowered  target:kapi  [1;31msuccess:N[0;0m  cov_min:19.30  maxerr:5.00  cov_measured:0.00  comment:""
atf_cov.coverage_lowered  target:lib_ams  [1;31msuccess:N[0;0m  cov_min:49.81  maxerr:2.00  cov_measured:45.78  comment:""
atf_cov.coverage_lowered  target:lib_ctype  [1;31msuccess:N[0;0m  cov_min:26.79  maxerr:5.00  cov_measured:0.00  comment:""
atf_cov.coverage_lowered  target:lib_fast  [1;31msuccess:N[0;0m  cov_min:98.85  maxerr:5.00  cov_measured:0.00  comment:""
atf_cov.coverage_lowered  target:lib_json  [1;31msuccess:N[0;0m  cov_min:57.09  maxerr:5.00  cov_measured:49.36  comment:""
atf_cov.coverage_lowered  target:lib_resp  [1;31msuccess:N[0;0m  cov_min:77.42  maxerr:5.00  cov_measured:0.00  comment:""
atf_cov.coverage_lowered  target:mdbg  [1;31msuccess:N[0;0m  cov_min:78.67  maxerr:5.00  cov_measured:0.00  comment:""
atf_cov.coverage_lowered  target:samp_meng  [1;31msuccess:N[0;0m  cov_min:94.74  maxerr:5.00  cov_measured:0.00  comment:""
atf_cov.coverage_lowered  target:ssimfilt  [1;31msuccess:N[0;0m  cov_min:86.43  maxerr:5.00  cov_measured:0.00  comment:""
atf_cov.coverage_lowered  target:sv2ssim  [1;31msuccess:N[0;0m  cov_min:87.29  maxerr:5.00  cov_measured:0.00  comment:""
atf_cov.coverage_lowered  target:x2cmt  [1;31msuccess:N[0;0m  cov_min:82.47  maxerr:5.00  cov_measured:77.32  comment:""
atf_cov.coverage_lowered  target:x2gw  [1;31msuccess:N[0;0m  cov_min:71.38  maxerr:5.00  cov_measured:65.86  comment:""
atf_cov.coverage_lowered  target:x2imdb  [1;31msuccess:N[0;0m  cov_min:95.95  maxerr:5.00  cov_measured:89.19  comment:""
atf_cov.coverage_lowered  target:x2traf  [1;31msuccess:N[0;0m  cov_min:42.39  maxerr:5.00  cov_measured:0.00  comment:""
atf_cov.coverage_lowered  target:x2write  [1;31msuccess:N[0;0m  cov_min:73.37  maxerr:5.00  cov_measured:64.03  comment:""
atf_comp.error  atf_cov exited with code 256
algo_lib.exec  cmd:"bin/atf_comp  -comptest:% -covcheck:Y -build:Y"  comment:"exit code 1"
atf_ci.citest  citest:atf_comp_cov  runtime:00:02:54.001795053  [1;31msuccess:N[0;0m  comment:"Check component test coverage"
atf_ci.failed  citest:atf_comp_cov  [1;31msuccess:N[0;0m  comment:"See prior output for more information"
report.atf_ci  n_citest:55  n_run:1  n_pass:0  [1;31msuccess:N[0;0m  comment:"Some errors occured. Please examine them and try again."
