# Running tests: atf_comp_cov,
abt.config  builddir:Linux-g++.release-x86_64  ood_src:0  ood_target:0  cache:gcache
report.abt  n_target:117  time:00:00:00.079372039  hitrate:0%  pch_hitrate:0%  n_warn:0  n_err:0  n_install:117
[1;37matf_ci.begin[0;0m  citest:atf_comp_cov  sandbox:N
begin.atf_comp  comptest:%  build:Y  cfg:coverage  run:Y  maxjobs:3  maxrepeat:1  capture:N  edit:N  verbose:N
abt.config  builddir:Linux-g++.coverage-x86_64  ood_src:0  ood_target:0  cache:gcache
report.abt  n_target:117  time:00:00:00.035865011  hitrate:0%  pch_hitrate:0%  n_warn:0  n_err:0  n_install:0
atf_comp.comptest  comptest:acr.BadInsert  nrun:1  [1;33msuccess:Y[0;0m  elapsed:0.118617  comment:""
atf_comp.comptest  comptest:acr.BadNs  nrun:1  [1;33msuccess:Y[0;0m  elapsed:0.130809  comment:""
atf_comp.comptest  comptest:acr.BadPkey  nrun:1  [1;33msuccess:Y[0;0m  elapsed:0.134014  comment:""
atf_comp.comptest  comptest:acr.CascDel  nrun:1  [1;33msuccess:Y[0;0m  elapsed:0.107787  comment:""
atf_comp.comptest  comptest:acr.BadReftype  nrun:1  [1;33msuccess:Y[0;0m  elapsed:0.230066  comment:""
atf_comp.comptest  comptest:acr.CascDel2  nrun:1  [1;33msuccess:Y[0;0m  elapsed:0.229117  comment:""
atf_comp.comptest  comptest:acr.DelRecord  nrun:1  [1;33msuccess:Y[0;0m  elapsed:0.106763  comment:""
atf_comp.comptest  comptest:acr.CascDel3  nrun:1  [1;33msuccess:Y[0;0m  elapsed:0.296293  comment:""
atf_comp.comptest  comptest:acr.DeleteReinsert  nrun:1  [1;33msuccess:Y[0;0m  elapsed:0.107348  comment:""
atf_comp.comptest  comptest:acr.Fields  nrun:1  [1;33msuccess:Y[0;0m  elapsed:0.103752  comment:""
atf_comp.comptest  comptest:acr.DelField  nrun:1  [1;33msuccess:Y[0;0m  elapsed:0.295771  comment:""
atf_comp.comptest  comptest:acr.FieldsComma  nrun:1  [1;33msuccess:Y[0;0m  elapsed:0.103355  comment:""
atf_comp.comptest  comptest:acr.Insert  nrun:1  [1;33msuccess:Y[0;0m  elapsed:0.108283  comment:""
atf_comp.comptest  comptest:acr.GitTrigger1  nrun:1  [1;33msuccess:Y[0;0m  elapsed:0.144711  comment:""
atf_comp.comptest  comptest:acr.InsertDelete  nrun:1  [1;33msuccess:Y[0;0m  elapsed:0.108552  comment:""
atf_comp.comptest  comptest:acr.Merge  nrun:1  [1;33msuccess:Y[0;0m  elapsed:0.108527  comment:""
atf_comp.comptest  comptest:acr.Meta1  nrun:1  [1;33msuccess:Y[0;0m  elapsed:0.419981  comment:""
atf_comp.comptest  comptest:acr.Meta2  nrun:1  [1;33msuccess:Y[0;0m  elapsed:0.416854  comment:""
atf_comp.comptest  comptest:acr.Meta3  nrun:1  [1;33msuccess:Y[0;0m  elapsed:0.421572  comment:""
atf_comp.comptest  comptest:acr.NullTrunc  nrun:1  [1;33msuccess:Y[0;0m  elapsed:0.136634  comment:""
atf_comp.comptest  comptest:acr.QueryCtype  nrun:1  [1;33msuccess:Y[0;0m  elapsed:0.136423  comment:""
atf_comp.comptest  comptest:acr.RenameCollision  nrun:1  [1;33msuccess:Y[0;0m  elapsed:0.106679  comment:""
atf_comp.comptest  comptest:acr.RenameField  nrun:1  [1;33msuccess:Y[0;0m  elapsed:0.106741  comment:""
atf_comp.comptest  comptest:acr.RenameRecord  nrun:1  [1;33msuccess:Y[0;0m  elapsed:0.106964  comment:""
atf_comp.comptest  comptest:acr.Replace  nrun:1  [1;33msuccess:Y[0;0m  elapsed:0.109623  comment:""
atf_comp.comptest  comptest:acr.Select  nrun:1  [1;33msuccess:Y[0;0m  elapsed:0.106807  comment:""
atf_comp.comptest  comptest:acr.SelectStdin  nrun:1  [1;33msuccess:Y[0;0m  elapsed:0.106888  comment:""
atf_comp.comptest  comptest:acr.TooManyArgs  nrun:1  [1;33msuccess:Y[0;0m  elapsed:0.0183185  comment:""
atf_comp.comptest  comptest:acr.SelectTree  nrun:1  [1;33msuccess:Y[0;0m  elapsed:0.105925  comment:""
atf_comp.comptest  comptest:acr.Trunc  nrun:1  [1;33msuccess:Y[0;0m  elapsed:0.10706  comment:""
atf_comp.comptest  comptest:acr.UpdateBad  nrun:1  [1;33msuccess:Y[0;0m  elapsed:0.10702  comment:""
atf_comp.comptest  comptest:acr.UpdateGood  nrun:1  [1;33msuccess:Y[0;0m  elapsed:0.107292  comment:""
atf_comp.comptest  comptest:acr.Where  nrun:1  [1;33msuccess:Y[0;0m  elapsed:0.104645  comment:""
atf_comp.comptest  comptest:acr_compl.A01a  nrun:1  [1;33msuccess:Y[0;0m  elapsed:0.0969615  comment:""
atf_comp.comptest  comptest:acr_compl.A01b  nrun:1  [1;33msuccess:Y[0;0m  elapsed:0.0973728  comment:""
atf_comp.comptest  comptest:acr_compl.A01c  nrun:1  [1;33msuccess:Y[0;0m  elapsed:0.10319  comment:""
atf_comp.comptest  comptest:acr_compl.A02a  nrun:1  [1;33msuccess:Y[0;0m  elapsed:0.0992723  comment:""
atf_comp.comptest  comptest:acr_compl.A02b  nrun:1  [1;33msuccess:Y[0;0m  elapsed:0.0977271  comment:""
atf_comp.comptest  comptest:acr_compl.A02c  nrun:1  [1;33msuccess:Y[0;0m  elapsed:0.0995235  comment:""
atf_comp.comptest  comptest:acr_compl.A03a  nrun:1  [1;33msuccess:Y[0;0m  elapsed:0.0995194  comment:""
atf_comp.comptest  comptest:acr_compl.A03b  nrun:1  [1;33msuccess:Y[0;0m  elapsed:0.0972673  comment:""
atf_comp.comptest  comptest:acr_compl.A03c  nrun:1  [1;33msuccess:Y[0;0m  elapsed:0.0979593  comment:""
atf_comp.comptest  comptest:acr_compl.A04a  nrun:1  [1;33msuccess:Y[0;0m  elapsed:0.0977334  comment:""
atf_comp.comptest  comptest:acr_compl.A04b  nrun:1  [1;33msuccess:Y[0;0m  elapsed:0.097379  comment:""
atf_comp.comptest  comptest:acr_compl.A04c  nrun:1  [1;33msuccess:Y[0;0m  elapsed:0.0980847  comment:""
atf_comp.comptest  comptest:acr_compl.A05a  nrun:1  [1;33msuccess:Y[0;0m  elapsed:0.0983418  comment:""
atf_comp.comptest  comptest:acr_compl.A05b  nrun:1  [1;33msuccess:Y[0;0m  elapsed:0.0975154  comment:""
atf_comp.comptest  comptest:acr_compl.A05c  nrun:1  [1;33msuccess:Y[0;0m  elapsed:0.0981057  comment:""
atf_comp.comptest  comptest:acr_compl.A06a  nrun:1  [1;33msuccess:Y[0;0m  elapsed:0.0980145  comment:""
atf_comp.comptest  comptest:acr_compl.A06b  nrun:1  [1;33msuccess:Y[0;0m  elapsed:0.0975185  comment:""
atf_comp.comptest  comptest:acr_compl.A06c  nrun:1  [1;33msuccess:Y[0;0m  elapsed:0.0979011  comment:""
atf_comp.comptest  comptest:acr_compl.A07a  nrun:1  [1;33msuccess:Y[0;0m  elapsed:0.0979177  comment:""
atf_comp.comptest  comptest:acr_compl.Acr01  nrun:1  [1;33msuccess:Y[0;0m  elapsed:0.0243895  comment:""
atf_comp.comptest  comptest:acr_compl.A07b  nrun:1  [1;33msuccess:Y[0;0m  elapsed:0.0991953  comment:""
atf_comp.comptest  comptest:acr_compl.Acr02  nrun:1  [1;33msuccess:Y[0;0m  elapsed:0.0246748  comment:""
atf_comp.comptest  comptest:acr_compl.Acr03  nrun:1  [1;33msuccess:Y[0;0m  elapsed:0.0274591  comment:""
atf_comp.comptest  comptest:acr_compl.Acr04  nrun:1  [1;33msuccess:Y[0;0m  elapsed:0.0237918  comment:""
atf_comp.comptest  comptest:acr_compl.Acr05  nrun:1  [1;33msuccess:Y[0;0m  elapsed:0.0247989  comment:""
atf_comp.comptest  comptest:acr_compl.A07c  nrun:1  [1;33msuccess:Y[0;0m  elapsed:0.0980689  comment:""
atf_comp.comptest  comptest:acr_compl.Acr06  nrun:1  [1;33msuccess:Y[0;0m  elapsed:0.0234176  comment:""
atf_comp.comptest  comptest:acr_compl.Acr07  nrun:1  [1;33msuccess:Y[0;0m  elapsed:0.0213418  comment:""
atf_comp.comptest  comptest:acr_compl.Acr08  nrun:1  [1;33msuccess:Y[0;0m  elapsed:0.024846  comment:""
atf_comp.comptest  comptest:acr_compl.Acr09  nrun:1  [1;33msuccess:Y[0;0m  elapsed:0.0277078  comment:""
atf_comp.comptest  comptest:acr_compl.Acr10  nrun:1  [1;33msuccess:Y[0;0m  elapsed:0.0285309  comment:""
atf_comp.comptest  comptest:acr_compl.Acr11  nrun:1  [1;33msuccess:Y[0;0m  elapsed:0.0238974  comment:""
atf_comp.comptest  comptest:acr_compl.Acr12  nrun:1  [1;33msuccess:Y[0;0m  elapsed:0.0241101  comment:""
atf_comp.comptest  comptest:acr_compl.BadExe  nrun:1  [1;33msuccess:Y[0;0m  elapsed:0.0218885  comment:""
atf_comp.comptest  comptest:acr_compl.BadOpt  nrun:1  [1;33msuccess:Y[0;0m  elapsed:0.0985562  comment:""
atf_comp.comptest  comptest:acr_compl.BadOptColon  nrun:1  [1;33msuccess:Y[0;0m  elapsed:0.0969143  comment:""
atf_comp.comptest  comptest:acr_compl.BadOptColonSpace  nrun:1  [1;33msuccess:Y[0;0m  elapsed:0.0980799  comment:""
atf_comp.comptest  comptest:acr_compl.Acr13  nrun:1  [1;33msuccess:Y[0;0m  elapsed:0.220802  comment:""
atf_comp.comptest  comptest:acr_compl.BadOptSpace  nrun:1  [1;33msuccess:Y[0;0m  elapsed:0.0977325  comment:""
atf_comp.comptest  comptest:acr_compl.Bare  nrun:1  [1;33msuccess:Y[0;0m  elapsed:0.100517  comment:""
atf_comp.comptest  comptest:acr_compl.DblColon  nrun:1  [1;33msuccess:Y[0;0m  elapsed:0.0992866  comment:""
atf_comp.comptest  comptest:acr_compl.DblColonList  nrun:1  [1;33msuccess:Y[0;0m  elapsed:0.101161  comment:""
atf_comp.comptest  comptest:acr_compl.DblSpace  nrun:1  [1;33msuccess:Y[0;0m  elapsed:0.101241  comment:""
atf_comp.comptest  comptest:acr_compl.DblSpaceList  nrun:1  [1;33msuccess:Y[0;0m  elapsed:0.101337  comment:""
atf_comp.comptest  comptest:acr_compl.EnumCtypeColon  nrun:1  [1;33msuccess:Y[0;0m  elapsed:0.098314  comment:""
atf_comp.comptest  comptest:acr_compl.EnumCtypeColonList  nrun:1  [1;33msuccess:Y[0;0m  elapsed:0.0985766  comment:""
atf_comp.comptest  comptest:acr_compl.EnumCtypeSpace  nrun:1  [1;33msuccess:Y[0;0m  elapsed:0.0994206  comment:""
atf_comp.comptest  comptest:acr_compl.EnumCtypeSpaceList  nrun:1  [1;33msuccess:Y[0;0m  elapsed:0.0981108  comment:""
atf_comp.comptest  comptest:acr_compl.EnumFieldColon  nrun:1  [1;33msuccess:Y[0;0m  elapsed:0.0985791  comment:""
atf_comp.comptest  comptest:acr_compl.EnumFieldColonList  nrun:1  [1;33msuccess:Y[0;0m  elapsed:0.0974916  comment:""
atf_comp.comptest  comptest:acr_compl.EnumFieldSpace  nrun:1  [1;33msuccess:Y[0;0m  elapsed:0.0977445  comment:""
atf_comp.comptest  comptest:acr_compl.EnumFieldSpaceList  nrun:1  [1;33msuccess:Y[0;0m  elapsed:0.0986968  comment:""
atf_comp.comptest  comptest:acr_compl.FlagColon  nrun:1  [1;33msuccess:Y[0;0m  elapsed:0.0988127  comment:""
atf_comp.comptest  comptest:acr_compl.FlagColonList  nrun:1  [1;33msuccess:Y[0;0m  elapsed:0.0980597  comment:""
atf_comp.comptest  comptest:acr_compl.FlagSpace  nrun:1  [1;33msuccess:Y[0;0m  elapsed:0.0983328  comment:""
atf_comp.comptest  comptest:acr_compl.FlagSpaceList  nrun:1  [1;33msuccess:Y[0;0m  elapsed:0.0984214  comment:""
atf_comp.comptest  comptest:acr_compl.Install  nrun:1  [1;33msuccess:Y[0;0m  elapsed:0.100785  comment:""
atf_comp.comptest  comptest:acr_compl.NumColon  nrun:1  [1;33msuccess:Y[0;0m  elapsed:0.0983076  comment:""
atf_comp.comptest  comptest:acr_compl.NumColonList  nrun:1  [1;33msuccess:Y[0;0m  elapsed:0.0983238  comment:""
atf_comp.comptest  comptest:acr_compl.NumSpace  nrun:1  [1;33msuccess:Y[0;0m  elapsed:0.0979089  comment:""
atf_comp.comptest  comptest:acr_compl.NumSpaceList  nrun:1  [1;33msuccess:Y[0;0m  elapsed:0.0992848  comment:""
atf_comp.comptest  comptest:acr_compl.OptCumul  nrun:1  [1;33msuccess:Y[0;0m  elapsed:0.0993067  comment:""
atf_comp.comptest  comptest:acr_compl.OptCumulAlias  nrun:1  [1;33msuccess:Y[0;0m  elapsed:0.0980336  comment:""
atf_comp.comptest  comptest:acr_compl.OptD  nrun:1  [1;33msuccess:Y[0;0m  elapsed:0.0987358  comment:""
atf_comp.comptest  comptest:acr_compl.OptDList  nrun:1  [1;33msuccess:Y[0;0m  elapsed:0.098839  comment:""
atf_comp.comptest  comptest:acr_compl.OptH  nrun:1  [1;33msuccess:Y[0;0m  elapsed:0.0971112  comment:""
atf_comp.comptest  comptest:acr_compl.OptHList  nrun:1  [1;33msuccess:Y[0;0m  elapsed:0.0996051  comment:""
atf_comp.comptest  comptest:acr_compl.OptNonCumul  nrun:1  [1;33msuccess:Y[0;0m  elapsed:0.0993789  comment:""
atf_comp.comptest  comptest:acr_compl.OptNonCumulAlias  nrun:1  [1;33msuccess:Y[0;0m  elapsed:0.0997249  comment:""
atf_comp.comptest  comptest:acr_compl.OptPkeyColon  nrun:1  [1;33msuccess:Y[0;0m  elapsed:0.0249155  comment:""
atf_comp.comptest  comptest:acr_compl.OptPkeyColonFull  nrun:1  [1;33msuccess:Y[0;0m  elapsed:0.0249076  comment:""
atf_comp.comptest  comptest:acr_compl.OptPkeyColonFullList  nrun:1  [1;33msuccess:Y[0;0m  elapsed:0.0230898  comment:""
atf_comp.comptest  comptest:acr_compl.OptPkeyColonList  nrun:1  [1;33msuccess:Y[0;0m  elapsed:0.0253309  comment:""
atf_comp.comptest  comptest:acr_compl.OptPkeyColonPrefix  nrun:1  [1;33msuccess:Y[0;0m  elapsed:0.0253856  comment:""
atf_comp.comptest  comptest:acr_compl.OptPkeyColonPrefixList  nrun:1  [1;33msuccess:Y[0;0m  elapsed:0.0253241  comment:""
atf_comp.comptest  comptest:acr_compl.OptPkeyColonSubstr  nrun:1  [1;33msuccess:Y[0;0m  elapsed:0.0224452  comment:""
atf_comp.comptest  comptest:acr_compl.OptPkeyColonSubstrList  nrun:1  [1;33msuccess:Y[0;0m  elapsed:0.0223639  comment:""
atf_comp.comptest  comptest:acr_compl.OptPkeySpace  nrun:1  [1;33msuccess:Y[0;0m  elapsed:0.0247882  comment:""
atf_comp.comptest  comptest:acr_compl.OptPkeySpaceFull  nrun:1  [1;33msuccess:Y[0;0m  elapsed:0.0221087  comment:""
atf_comp.comptest  comptest:acr_compl.OptPkeySpaceFullList  nrun:1  [1;33msuccess:Y[0;0m  elapsed:0.0232131  comment:""
atf_comp.comptest  comptest:acr_compl.OptPkeySpaceList  nrun:1  [1;33msuccess:Y[0;0m  elapsed:0.024671  comment:""
atf_comp.comptest  comptest:acr_compl.OptPkeySpacePrefix  nrun:1  [1;33msuccess:Y[0;0m  elapsed:0.0221522  comment:""
atf_comp.comptest  comptest:acr_compl.OptPkeySpacePrefixList  nrun:1  [1;33msuccess:Y[0;0m  elapsed:0.0222468  comment:""
atf_comp.comptest  comptest:acr_compl.OptPkeySpaceSubstr  nrun:1  [1;33msuccess:Y[0;0m  elapsed:0.0217367  comment:""
atf_comp.comptest  comptest:acr_compl.OptPkeySpaceSubstrList  nrun:1  [1;33msuccess:Y[0;0m  elapsed:0.0213741  comment:""
atf_comp.comptest  comptest:acr_compl.OptRegxColon  nrun:1  [1;33msuccess:Y[0;0m  elapsed:0.024776  comment:""
atf_comp.comptest  comptest:acr_compl.OptRegxColonFull  nrun:1  [1;33msuccess:Y[0;0m  elapsed:0.0230936  comment:""
atf_comp.comptest  comptest:acr_compl.OptRegxColonFullList  nrun:1  [1;33msuccess:Y[0;0m  elapsed:0.022598  comment:""
atf_comp.comptest  comptest:acr_compl.OptRegxColonList  nrun:1  [1;33msuccess:Y[0;0m  elapsed:0.025602  comment:""
atf_comp.comptest  comptest:acr_compl.OptRegxColonPrefix  nrun:1  [1;33msuccess:Y[0;0m  elapsed:0.0242365  comment:""
atf_comp.comptest  comptest:acr_compl.OptRegxColonPrefixList  nrun:1  [1;33msuccess:Y[0;0m  elapsed:0.0231394  comment:""
atf_comp.comptest  comptest:acr_compl.OptRegxColonSubstr  nrun:1  [1;33msuccess:Y[0;0m  elapsed:0.0224018  comment:""
atf_comp.comptest  comptest:acr_compl.OptRegxColonSubstrList  nrun:1  [1;33msuccess:Y[0;0m  elapsed:0.0222106  comment:""
atf_comp.comptest  comptest:acr_compl.OptRegxSpace  nrun:1  [1;33msuccess:Y[0;0m  elapsed:0.0250794  comment:""
atf_comp.comptest  comptest:acr_compl.OptRegxSpaceFull  nrun:1  [1;33msuccess:Y[0;0m  elapsed:0.0223207  comment:""
atf_comp.comptest  comptest:acr_compl.OptRegxSpaceFullList  nrun:1  [1;33msuccess:Y[0;0m  elapsed:0.0223096  comment:""
atf_comp.comptest  comptest:acr_compl.OptRegxSpaceList  nrun:1  [1;33msuccess:Y[0;0m  elapsed:0.0247627  comment:""
atf_comp.comptest  comptest:acr_compl.OptRegxSpacePrefix  nrun:1  [1;33msuccess:Y[0;0m  elapsed:0.0219324  comment:""
atf_comp.comptest  comptest:acr_compl.OptRegxSpacePrefixList  nrun:1  [1;33msuccess:Y[0;0m  elapsed:0.0220997  comment:""
atf_comp.comptest  comptest:acr_compl.OptRegxSpaceSubstr  nrun:1  [1;33msuccess:Y[0;0m  elapsed:0.0221234  comment:""
atf_comp.comptest  comptest:acr_compl.OptRegxSpaceSubstrList  nrun:1  [1;33msuccess:Y[0;0m  elapsed:0.0222432  comment:""
atf_comp.comptest  comptest:acr_compl.OptSig  nrun:1  [1;33msuccess:Y[0;0m  elapsed:0.0987663  comment:""
atf_comp.comptest  comptest:acr_compl.OptSigList  nrun:1  [1;33msuccess:Y[0;0m  elapsed:0.0982532  comment:""
atf_comp.comptest  comptest:acr_compl.OptV  nrun:1  [1;33msuccess:Y[0;0m  elapsed:0.0977497  comment:""
atf_comp.comptest  comptest:acr_compl.OptVList  nrun:1  [1;33msuccess:Y[0;0m  elapsed:0.098127  comment:""
atf_comp.comptest  comptest:acr_compl.R01a  nrun:1  [1;33msuccess:Y[0;0m  elapsed:0.0970615  comment:""
atf_comp.comptest  comptest:acr_compl.R01b  nrun:1  [1;33msuccess:Y[0;0m  elapsed:0.0978076  comment:""
atf_comp.comptest  comptest:acr_compl.R01c  nrun:1  [1;33msuccess:Y[0;0m  elapsed:0.0987844  comment:""
atf_comp.comptest  comptest:acr_compl.R01d  nrun:1  [1;33msuccess:Y[0;0m  elapsed:0.10034  comment:""
atf_comp.comptest  comptest:acr_compl.R02a  nrun:1  [1;33msuccess:Y[0;0m  elapsed:0.0986336  comment:""
atf_comp.comptest  comptest:acr_compl.R02b  nrun:1  [1;33msuccess:Y[0;0m  elapsed:0.0974522  comment:""
atf_comp.comptest  comptest:acr_compl.R02c  nrun:1  [1;33msuccess:Y[0;0m  elapsed:0.0979086  comment:""
atf_comp.comptest  comptest:acr_compl.R02d  nrun:1  [1;33msuccess:Y[0;0m  elapsed:0.0988569  comment:""
atf_comp.comptest  comptest:acr_compl.StrColon  nrun:1  [1;33msuccess:Y[0;0m  elapsed:0.0998198  comment:""
atf_comp.comptest  comptest:acr_compl.StrColonList  nrun:1  [1;33msuccess:Y[0;0m  elapsed:0.0976226  comment:""
atf_comp.comptest  comptest:acr_compl.StrSpace  nrun:1  [1;33msuccess:Y[0;0m  elapsed:0.0979588  comment:""
atf_comp.comptest  comptest:acr_compl.StrSpaceList  nrun:1  [1;33msuccess:Y[0;0m  elapsed:0.098415  comment:""
atf_comp.comptest  comptest:acr_compl.T01  nrun:1  [1;33msuccess:Y[0;0m  elapsed:0.0991048  comment:""
atf_comp.comptest  comptest:acr_compl.T02  nrun:1  [1;33msuccess:Y[0;0m  elapsed:0.0976294  comment:""
atf_comp.comptest  comptest:acr_compl.T03  nrun:1  [1;33msuccess:Y[0;0m  elapsed:0.103238  comment:""
atf_comp.comptest  comptest:acr_compl.T04  nrun:1  [1;33msuccess:Y[0;0m  elapsed:0.101246  comment:""
atf_comp.comptest  comptest:acr_compl.T05  nrun:1  [1;33msuccess:Y[0;0m  elapsed:0.101388  comment:""
atf_comp.comptest  comptest:acr_compl.T06  nrun:1  [1;33msuccess:Y[0;0m  elapsed:0.101285  comment:""
atf_comp.comptest  comptest:acr_compl.T07  nrun:1  [1;33msuccess:Y[0;0m  elapsed:0.0993997  comment:""
atf_comp.comptest  comptest:acr_compl.T08  nrun:1  [1;33msuccess:Y[0;0m  elapsed:0.102192  comment:""
atf_comp.comptest  comptest:acr_dm.Conflict  nrun:1  [1;33msuccess:Y[0;0m  elapsed:0.0214986  comment:""
atf_comp.comptest  comptest:acr_dm.Merge  nrun:1  [1;33msuccess:Y[0;0m  elapsed:0.0216221  comment:""
atf_comp.comptest  comptest:acr_dm.RenameTuple  nrun:1  [1;33msuccess:Y[0;0m  elapsed:0.0213261  comment:""
atf_comp.comptest  comptest:acr_compl.T09  nrun:1  [1;33msuccess:Y[0;0m  elapsed:0.098198  comment:""
atf_comp.comptest  comptest:acr_compl.T10  nrun:1  [1;33msuccess:Y[0;0m  elapsed:0.100658  comment:""
atf_comp.comptest  comptest:acr_ed.CreateCtype  nrun:1  [1;33msuccess:Y[0;0m  elapsed:0.131614  comment:""
atf_comp.comptest  comptest:acr_ed.CreateMsg  nrun:1  [1;33msuccess:Y[0;0m  elapsed:0.131927  comment:""
atf_comp.comptest  comptest:acr_ed.CreateSrcfileTarget  nrun:1  [1;33msuccess:Y[0;0m  elapsed:0.13104  comment:""
atf_comp.comptest  comptest:acr_ed.CreateSsimfile  nrun:1  [1;33msuccess:Y[0;0m  elapsed:0.131902  comment:""
atf_comp.comptest  comptest:acr_ed.CreateSsimfileBadNs  nrun:1  [1;33msuccess:Y[0;0m  elapsed:0.123461  comment:""
atf_comp.comptest  comptest:acr_ed.CreateTarget  nrun:1  [1;33msuccess:Y[0;0m  elapsed:0.131671  comment:""
atf_comp.comptest  comptest:acr_in.Reverse  nrun:1  [1;33msuccess:Y[0;0m  elapsed:0.101047  comment:""
atf_comp.comptest  comptest:acr_in.Simple  nrun:1  [1;33msuccess:Y[0;0m  elapsed:0.100587  comment:""
atf_comp.comptest  comptest:acr_in.Tree  nrun:1  [1;33msuccess:Y[0;0m  elapsed:0.10265  comment:""
atf_comp.comptest  comptest:aqlite.CompileOptions  nrun:1  [1;33msuccess:Y[0;0m  elapsed:0.118238  comment:""
atf_comp.comptest  comptest:aqlite.Constraints  nrun:1  [1;33msuccess:Y[0;0m  elapsed:0.114725  comment:""
atf_comp.comptest  comptest:aqlite.ErrorHandling  nrun:1  [1;33msuccess:Y[0;0m  elapsed:0.114497  comment:""
atf_comp.comptest  comptest:aqlite.Joins  nrun:1  [1;33msuccess:Y[0;0m  elapsed:0.114591  comment:""
atf_comp.comptest  comptest:aqlite.PatternMatching  nrun:1  [1;33msuccess:Y[0;0m  elapsed:0.115225  comment:""
atf_comp.comptest  comptest:aqlite.Number  nrun:1  [1;33msuccess:Y[0;0m  elapsed:0.210947  comment:""
atf_comp.comptest  comptest:atf_cmdline.Bare  nrun:1  [1;33msuccess:Y[0;0m  elapsed:0.0190148  comment:""
atf_comp.comptest  comptest:atf_cmdline.Debug  nrun:1  [1;33msuccess:Y[0;0m  elapsed:0.0217394  comment:""
atf_comp.comptest  comptest:aqlite.Smoke  nrun:1  [1;33msuccess:Y[0;0m  elapsed:0.14776  comment:""
atf_comp.comptest  comptest:atf_cmdline.Help  nrun:1  [1;33msuccess:Y[0;0m  elapsed:0.0337064  comment:""
atf_comp.comptest  comptest:atf_cmdline.Minimal  nrun:1  [1;33msuccess:Y[0;0m  elapsed:0.0221822  comment:""
atf_comp.comptest  comptest:atf_cmdline.MinimalExec  nrun:1  [1;33msuccess:Y[0;0m  elapsed:0.0290747  comment:""
atf_comp.comptest  comptest:atf_cmdline.Rich  nrun:1  [1;33msuccess:Y[0;0m  elapsed:0.021967  comment:""
atf_comp.comptest  comptest:aqlite.Performance  nrun:1  [1;33msuccess:Y[0;0m  elapsed:0.233679  comment:""
atf_comp.comptest  comptest:atf_cmdline.RichExec  nrun:1  [1;33msuccess:Y[0;0m  elapsed:0.0293024  comment:""
atf_comp.comptest  comptest:atf_cmdline.Sig  nrun:1  [1;33msuccess:Y[0;0m  elapsed:0.0244514  comment:""
atf_comp.comptest  comptest:atf_cmdline.Verbose  nrun:1  [1;33msuccess:Y[0;0m  elapsed:0.0217463  comment:""
atf_comp.comptest  comptest:atf_cmdline.Version  nrun:1  [1;33msuccess:Y[0;0m  elapsed:0.0209186  comment:""
atf_comp.comptest  comptest:atf_exp.Auth  nrun:1  [1;33msuccess:Y[0;0m  elapsed:0.496856  comment:""
atf_comp.comptest  comptest:atf_exp.AuthJsBad  nrun:1  [1;33msuccess:Y[0;0m  elapsed:0.525333  comment:""
atf_comp.comptest  comptest:atf_exp.AuthJsGood  nrun:1  [1;33msuccess:Y[0;0m  elapsed:0.611262  comment:""
atf_comp.comptest  comptest:atf_exp.BadConnect  nrun:1  [1;33msuccess:Y[0;0m  elapsed:1.48374  comment:""
atf_comp.comptest  comptest:atf_exp.BadX2Msg  nrun:1  [1;33msuccess:Y[0;0m  elapsed:0.458131  comment:""
atf_comp.comptest  comptest:atf_exp.BigMsgGood  nrun:1  [1;33msuccess:Y[0;0m  elapsed:0.46094  comment:""
atf_comp.comptest  comptest:atf_exp.BigMsgGoodRead2  nrun:1  [1;33msuccess:Y[0;0m  elapsed:0.463766  comment:""
atf_comp.comptest  comptest:atf_exp.Cli  nrun:1  [1;33msuccess:Y[0;0m  elapsed:0.44894  comment:""
atf_comp.comptest  comptest:atf_exp.Cli2  nrun:1  [1;33msuccess:Y[0;0m  elapsed:0.543579  comment:""
atf_comp.comptest  comptest:atf_exp.CreateStream  nrun:1  [1;33msuccess:Y[0;0m  elapsed:0.465074  comment:""
atf_comp.comptest  comptest:atf_exp.GfSmoke  nrun:1  [1;33msuccess:Y[0;0m  elapsed:0.454812  comment:""
atf_comp.comptest  comptest:atf_exp.Interleave  nrun:1  [1;33msuccess:Y[0;0m  elapsed:0.633318  comment:""
atf_comp.comptest  comptest:atf_exp.Kafka  nrun:1  [1;33msuccess:Y[0;0m  elapsed:0.46079  comment:""
atf_comp.comptest  comptest:atf_exp.Kafka32KB_1K_kcat  nrun:1  [1;33msuccess:Y[0;0m  elapsed:4.29819  comment:""
atf_comp.comptest  comptest:atf_exp.KafkaAcl  nrun:1  [1;33msuccess:Y[0;0m  elapsed:0.658741  comment:""
atf_comp.comptest  comptest:atf_exp.KafkaAclMgt  nrun:1  [1;33msuccess:Y[0;0m  elapsed:0.442527  comment:""
atf_comp.comptest  comptest:atf_exp.KafkaAuth  nrun:1  [1;33msuccess:Y[0;0m  elapsed:0.524778  comment:""
atf_comp.comptest  comptest:atf_exp.KafkaCrc  nrun:1  [1;33msuccess:Y[0;0m  elapsed:0.462722  comment:""
atf_comp.comptest  comptest:atf_exp.KafkaCreateTopic  nrun:1  [1;33msuccess:Y[0;0m  elapsed:1.53381  comment:""
atf_comp.comptest  comptest:atf_exp.KafkaDescribeCluster  nrun:1  [1;33msuccess:Y[0;0m  elapsed:0.435249  comment:""
atf_comp.comptest  comptest:atf_exp.KafkaKv  nrun:1  [1;33msuccess:Y[0;0m  elapsed:0.455765  comment:""
atf_comp.comptest  comptest:atf_exp.KafkaMtls  nrun:1  [1;33msuccess:Y[0;0m  elapsed:0.596603  comment:""
atf_comp.comptest  comptest:atf_exp.KafkaPub2000x1MB  nrun:1  [1;33msuccess:Y[0;0m  elapsed:55.2031  comment:""
atf_comp.comptest  comptest:atf_exp.KafkaTls  nrun:1  [1;33msuccess:Y[0;0m  elapsed:0.474818  comment:""
atf_comp.comptest  comptest:atf_exp.MTUPart  nrun:1  [1;33msuccess:Y[0;0m  elapsed:2.00949  comment:""
atf_comp.comptest  comptest:atf_exp.MTUSmoke  nrun:1  [1;33msuccess:Y[0;0m  elapsed:2.24776  comment:""
atf_comp.comptest  comptest:atf_exp.MetricSmoke  nrun:1  [1;33msuccess:Y[0;0m  elapsed:0.501163  comment:""
atf_comp.comptest  comptest:atf_exp.Mqtt  nrun:1  [1;33msuccess:Y[0;0m  elapsed:1.95194  comment:""
atf_comp.comptest  comptest:atf_exp.MqttAcl  nrun:1  [1;33msuccess:Y[0;0m  elapsed:0.943632  comment:""
atf_comp.comptest  comptest:atf_exp.MqttAuth  nrun:1  [1;33msuccess:Y[0;0m  elapsed:0.499934  comment:""
atf_comp.comptest  comptest:atf_exp.MqttMtls  nrun:1  [1;33msuccess:Y[0;0m  elapsed:0.584057  comment:""
atf_comp.comptest  comptest:atf_exp.Mqtts  nrun:1  [1;33msuccess:Y[0;0m  elapsed:0.946571  comment:""
atf_comp.comptest  comptest:atf_exp.Mtls  nrun:1  [1;33msuccess:Y[0;0m  elapsed:0.789722  comment:""
atf_comp.comptest  comptest:atf_exp.Nats  nrun:1  [1;33msuccess:Y[0;0m  elapsed:0.962479  comment:""
atf_comp.comptest  comptest:atf_exp.NatsAcl  nrun:1  [1;33msuccess:Y[0;0m  elapsed:2.1291  comment:""
atf_comp.comptest  comptest:atf_exp.NatsAuth  nrun:1  [1;33msuccess:Y[0;0m  elapsed:1.60745  comment:""
atf_comp.comptest  comptest:atf_exp.NatsWs  nrun:1  [1;33msuccess:Y[0;0m  elapsed:0.945245  comment:""
atf_comp.comptest  comptest:atf_exp.NatsWss  nrun:1  [1;33msuccess:Y[0;0m  elapsed:0.965488  comment:""
atf_comp.comptest  comptest:atf_exp.Pub1M  nrun:1  [1;33msuccess:Y[0;0m  elapsed:7.11495  comment:""
atf_comp.comptest  comptest:atf_exp.Pub2000x1MB  nrun:1  [1;33msuccess:Y[0;0m  elapsed:42.9292  comment:""
atf_comp.comptest  comptest:atf_exp.PubEachGw  nrun:1  [1;33msuccess:Y[0;0m  elapsed:1.86002  comment:""
atf_comp.comptest  comptest:atf_exp.ReadJs  nrun:1  [1;33msuccess:Y[0;0m  elapsed:0.540252  comment:""
atf_comp.comptest  comptest:atf_exp.RecoverLag  nrun:1  [1;33msuccess:Y[0;0m  elapsed:2.52503  comment:""
atf_comp.comptest  comptest:atf_exp.Resp  nrun:1  [1;33msuccess:Y[0;0m  elapsed:0.964386  comment:""
atf_comp.comptest  comptest:atf_exp.RespAcl  nrun:1  [1;33msuccess:Y[0;0m  elapsed:0.955876  comment:""
atf_comp.comptest  comptest:atf_exp.RespAuth  nrun:1  [1;33msuccess:Y[0;0m  elapsed:0.501715  comment:""
atf_comp.comptest  comptest:atf_exp.RespKv  nrun:1  [1;33msuccess:Y[0;0m  elapsed:0.533897  comment:""
atf_comp.comptest  comptest:atf_exp.RespKvAcl  nrun:1  [1;33msuccess:Y[0;0m  elapsed:0.748543  comment:""
atf_comp.comptest  comptest:atf_exp.RespMtls  nrun:1  [1;33msuccess:Y[0;0m  elapsed:0.578898  comment:""
atf_comp.comptest  comptest:atf_exp.RespSmoke  nrun:1  [1;33msuccess:Y[0;0m  elapsed:0.450488  comment:""
atf_comp.comptest  comptest:atf_exp.RespTls  nrun:1  [1;33msuccess:Y[0;0m  elapsed:0.9472  comment:""
atf_comp.comptest  comptest:atf_exp.Smoke  nrun:1  [1;33msuccess:Y[0;0m  elapsed:0.462237  comment:""
atf_comp.comptest  comptest:atf_exp.StartupLag  nrun:1  [1;33msuccess:Y[0;0m  elapsed:0.443964  comment:""
atf_comp.comptest  comptest:atf_exp.StartupStream  nrun:1  [1;33msuccess:Y[0;0m  elapsed:0.417933  comment:""
atf_comp.comptest  comptest:atf_exp.Sup2  nrun:1  [1;33msuccess:Y[0;0m  elapsed:0.475514  comment:""
atf_comp.comptest  comptest:atf_exp.Tls  nrun:1  [1;33msuccess:Y[0;0m  elapsed:0.487693  comment:""
atf_comp.comptest  comptest:atf_exp.Traf  nrun:1  [1;33msuccess:Y[0;0m  elapsed:0.485817  comment:""
atf_comp.comptest  comptest:atf_exp.TrafBin  nrun:1  [1;33msuccess:Y[0;0m  elapsed:0.462233  comment:""
atf_comp.comptest  comptest:atf_exp.TwoCommits  nrun:1  [1;33msuccess:Y[0;0m  elapsed:0.443876  comment:""
atf_comp.comptest  comptest:atf_exp.TwoGws  nrun:1  [1;33msuccess:Y[0;0m  elapsed:0.94593  comment:""
atf_comp.comptest  comptest:atf_exp.TwoSup  nrun:1  [1;33msuccess:Y[0;0m  elapsed:0.929282  comment:""
atf_comp.comptest  comptest:fast.DecodeByteVector  nrun:1  [1;33msuccess:Y[0;0m  elapsed:0.0265077  comment:""
atf_comp.comptest  comptest:fast.DecodeByteVectorNullable  nrun:1  [1;33msuccess:Y[0;0m  elapsed:0.029139  comment:""
atf_comp.comptest  comptest:fast.DecodeConstant  nrun:1  [1;33msuccess:Y[0;0m  elapsed:0.0322235  comment:""
atf_comp.comptest  comptest:fast.DecodeCopy  nrun:1  [1;33msuccess:Y[0;0m  elapsed:0.0263428  comment:""
atf_comp.comptest  comptest:fast.DecodeDefault  nrun:1  [1;33msuccess:Y[0;0m  elapsed:0.0267743  comment:""
atf_comp.comptest  comptest:fast.DecodeDelta  nrun:1  [1;33msuccess:Y[0;0m  elapsed:0.026497  comment:""
atf_comp.comptest  comptest:fast.DecodeGrp  nrun:1  [1;33msuccess:Y[0;0m  elapsed:0.0265366  comment:""
atf_comp.comptest  comptest:fast.DecodeIncrement  nrun:1  [1;33msuccess:Y[0;0m  elapsed:0.0265179  comment:""
atf_comp.comptest  comptest:fast.DecodeNone  nrun:1  [1;33msuccess:Y[0;0m  elapsed:0.0265497  comment:""
atf_comp.comptest  comptest:fast.DecodeNull  nrun:1  [1;33msuccess:Y[0;0m  elapsed:0.0261646  comment:""
atf_comp.comptest  comptest:fast.DecodePmap  nrun:1  [1;33msuccess:Y[0;0m  elapsed:0.0265669  comment:""
atf_comp.comptest  comptest:fast.DecodePmapMsg  nrun:1  [1;33msuccess:Y[0;0m  elapsed:0.02666  comment:""
atf_comp.comptest  comptest:fast.DecodeScaled  nrun:1  [1;33msuccess:Y[0;0m  elapsed:0.026895  comment:""
atf_comp.comptest  comptest:fast.DecodeScaledNullable  nrun:1  [1;33msuccess:Y[0;0m  elapsed:0.0267754  comment:""
atf_comp.comptest  comptest:fast.DecodeSeq  nrun:1  [1;33msuccess:Y[0;0m  elapsed:0.0268557  comment:""
atf_comp.comptest  comptest:fast.DecodeSigned  nrun:1  [1;33msuccess:Y[0;0m  elapsed:0.0265929  comment:""
atf_comp.comptest  comptest:fast.DecodeSignedNullable  nrun:1  [1;33msuccess:Y[0;0m  elapsed:0.0266003  comment:""
atf_comp.comptest  comptest:fast.DecodeString  nrun:1  [1;33msuccess:Y[0;0m  elapsed:0.0263607  comment:""
atf_comp.comptest  comptest:fast.DecodeStringNullable  nrun:1  [1;33msuccess:Y[0;0m  elapsed:0.0266541  comment:""
atf_comp.comptest  comptest:fast.DecodeType  nrun:1  [1;33msuccess:Y[0;0m  elapsed:0.0264057  comment:""
atf_comp.comptest  comptest:fast.DecodeUnsigned  nrun:1  [1;33msuccess:Y[0;0m  elapsed:0.0263902  comment:""
atf_comp.comptest  comptest:fast.DecodeUnsignedNullable  nrun:1  [1;33msuccess:Y[0;0m  elapsed:0.0263856  comment:""
atf_comp.comptest  comptest:fast.EncodeByteVector  nrun:1  [1;33msuccess:Y[0;0m  elapsed:0.0268064  comment:""
atf_comp.comptest  comptest:fast.EncodeByteVectorNullable  nrun:1  [1;33msuccess:Y[0;0m  elapsed:0.0265744  comment:""
atf_comp.comptest  comptest:fast.EncodeConstant  nrun:1  [1;33msuccess:Y[0;0m  elapsed:0.0268256  comment:""
atf_comp.comptest  comptest:fast.EncodeCopy  nrun:1  [1;33msuccess:Y[0;0m  elapsed:0.0269989  comment:""
atf_comp.comptest  comptest:fast.EncodeDefault  nrun:1  [1;33msuccess:Y[0;0m  elapsed:0.0268581  comment:""
atf_comp.comptest  comptest:fast.EncodeDelta  nrun:1  [1;33msuccess:Y[0;0m  elapsed:0.026784  comment:""
atf_comp.comptest  comptest:fast.EncodeGrp  nrun:1  [1;33msuccess:Y[0;0m  elapsed:0.0259078  comment:""
atf_comp.comptest  comptest:fast.EncodeIncrement  nrun:1  [1;33msuccess:Y[0;0m  elapsed:0.0265569  comment:""
atf_comp.comptest  comptest:fast.EncodeNone  nrun:1  [1;33msuccess:Y[0;0m  elapsed:0.0267635  comment:""
atf_comp.comptest  comptest:fast.EncodeNull  nrun:1  [1;33msuccess:Y[0;0m  elapsed:0.0271014  comment:""
atf_comp.comptest  comptest:fast.EncodePmap  nrun:1  [1;33msuccess:Y[0;0m  elapsed:0.02715  comment:""
atf_comp.comptest  comptest:fast.EncodePmapMsg  nrun:1  [1;33msuccess:Y[0;0m  elapsed:0.0272949  comment:""
atf_comp.comptest  comptest:fast.EncodeScaled  nrun:1  [1;33msuccess:Y[0;0m  elapsed:0.0272148  comment:""
atf_comp.comptest  comptest:fast.EncodeScaledNullable  nrun:1  [1;33msuccess:Y[0;0m  elapsed:0.0269605  comment:""
atf_comp.comptest  comptest:fast.EncodeSeq  nrun:1  [1;33msuccess:Y[0;0m  elapsed:0.0269371  comment:""
atf_comp.comptest  comptest:fast.EncodeSigned  nrun:1  [1;33msuccess:Y[0;0m  elapsed:0.0269137  comment:""
atf_comp.comptest  comptest:fast.EncodeSignedNullable  nrun:1  [1;33msuccess:Y[0;0m  elapsed:0.0269129  comment:""
atf_comp.comptest  comptest:fast.EncodeString  nrun:1  [1;33msuccess:Y[0;0m  elapsed:0.026875  comment:""
atf_comp.comptest  comptest:fast.EncodeStringNullable  nrun:1  [1;33msuccess:Y[0;0m  elapsed:0.0268487  comment:""
atf_comp.comptest  comptest:fast.EncodeType  nrun:1  [1;33msuccess:Y[0;0m  elapsed:0.0269986  comment:""
atf_comp.comptest  comptest:fast.EncodeUnsigned  nrun:1  [1;33msuccess:Y[0;0m  elapsed:0.0269172  comment:""
atf_comp.comptest  comptest:fast.EncodeUnsignedNullable  nrun:1  [1;33msuccess:Y[0;0m  elapsed:0.0271126  comment:""
atf_comp.comptest  comptest:jkv.ArrayFill  nrun:1  [1;33msuccess:Y[0;0m  elapsed:0.027035  comment:""
atf_comp.comptest  comptest:jkv.ReverseSmoke  nrun:1  [1;33msuccess:Y[0;0m  elapsed:0.0246691  comment:""
atf_comp.comptest  comptest:jkv.Smoke  nrun:1  [1;33msuccess:Y[0;0m  elapsed:0.0246877  comment:""
[1mdiff --git a/test/atf_comp/kapi.ApiVersionsReqV3rdp b/temp/atf_comp/kapi.ApiVersionsReqV3rdp.out[m
[1mindex 7446833e8..141d1bfdb 100644[m
[1m--- a/test/atf_comp/kapi.ApiVersionsReqV3rdp[m
[1m+++ b/temp/atf_comp/kapi.ApiVersionsReqV3rdp.out[m
[36m@@ -5,3 +5,4 @@[m [mkafka2.ApiVersionsRequest[m
    client_software_name: kgo[m
    client_software_version: v1.18.0[m

[32mlibgcov profiling error:temp/atf_comp/cov.d/2/#home#avorovich#arnd#build#coverage#cpp.gen.kafka2_gen.gcda:Merge mismatch for function 2719[m
atf_comp.comptest  comptest:kapi.ApiVersionsReqV3rdp  nrun:1  [1;31msuccess:N[0;0m  elapsed:0.0287924  comment:"Output does not match"
atf_comp: too many errors, not starting tests
atf_comp.comptest  comptest:kapi.ApiVersionsRspV3rdp  nrun:1  [1;33msuccess:Y[0;0m  elapsed:0.0329226  comment:""
atf_comp.comptest  comptest:kapi.CreateTopicsReqV5rdp  nrun:1  [1;33msuccess:Y[0;0m  elapsed:0.0325615  comment:""
ARTIFACT  EXE  HIT  COV%
TOTAL       0    0  0.00

atf_cov.coverage_lowered  target:acr  [1;31msuccess:N[0;0m  cov_min:73.04  maxerr:5.00  cov_measured:0.00  comment:""
atf_cov.coverage_lowered  target:acr_compl  [1;31msuccess:N[0;0m  cov_min:79.12  maxerr:5.00  cov_measured:0.00  comment:""
atf_cov.coverage_lowered  target:acr_dm  [1;31msuccess:N[0;0m  cov_min:82.17  maxerr:5.00  cov_measured:0.00  comment:""
atf_cov.coverage_lowered  target:acr_ed  [1;31msuccess:N[0;0m  cov_min:34.30  maxerr:5.00  cov_measured:0.00  comment:""
atf_cov.coverage_lowered  target:acr_in  [1;31msuccess:N[0;0m  cov_min:53.47  maxerr:5.00  cov_measured:0.00  comment:""
atf_cov.coverage_lowered  target:algo_lib  [1;31msuccess:N[0;0m  cov_min:55.76  maxerr:5.00  cov_measured:0.00  comment:""
atf_cov.coverage_lowered  target:aqlite  [1;31msuccess:N[0;0m  cov_min:100.00  maxerr:5.00  cov_measured:0.00  comment:""
atf_cov.coverage_lowered  target:atf_cmdline  [1;31msuccess:N[0;0m  cov_min:96.97  maxerr:5.00  cov_measured:0.00  comment:""
atf_cov.coverage_lowered  target:atf_exp  [1;31msuccess:N[0;0m  cov_min:77.29  maxerr:5.00  cov_measured:0.00  comment:""
atf_cov.coverage_lowered  target:fast  [1;31msuccess:N[0;0m  cov_min:22.61  maxerr:5.00  cov_measured:0.00  comment:""
atf_cov.coverage_lowered  target:jkv  [1;31msuccess:N[0;0m  cov_min:90.70  maxerr:5.00  cov_measured:0.00  comment:""
atf_cov.coverage_lowered  target:kapi  [1;31msuccess:N[0;0m  cov_min:19.30  maxerr:5.00  cov_measured:0.00  comment:""
atf_cov.coverage_lowered  target:lib_ams  [1;31msuccess:N[0;0m  cov_min:49.81  maxerr:2.00  cov_measured:0.00  comment:""
atf_cov.coverage_lowered  target:lib_ctype  [1;31msuccess:N[0;0m  cov_min:26.79  maxerr:5.00  cov_measured:0.00  comment:""
atf_cov.coverage_lowered  target:lib_fast  [1;31msuccess:N[0;0m  cov_min:98.85  maxerr:5.00  cov_measured:0.00  comment:""
atf_cov.coverage_lowered  target:lib_http  [1;31msuccess:N[0;0m  cov_min:63.21  maxerr:5.00  cov_measured:0.00  comment:""
atf_cov.coverage_lowered  target:lib_json  [1;31msuccess:N[0;0m  cov_min:57.09  maxerr:5.00  cov_measured:0.00  comment:""
atf_cov.coverage_lowered  target:lib_kafka  [1;31msuccess:N[0;0m  cov_min:81.60  maxerr:5.00  cov_measured:0.00  comment:""
atf_cov.coverage_lowered  target:lib_mqtt  [1;31msuccess:N[0;0m  cov_min:40.78  maxerr:2.00  cov_measured:0.00  comment:""
atf_cov.coverage_lowered  target:lib_netio  [1;31msuccess:N[0;0m  cov_min:64.79  maxerr:2.00  cov_measured:0.00  comment:""
atf_cov.coverage_lowered  target:lib_resp  [1;31msuccess:N[0;0m  cov_min:77.42  maxerr:5.00  cov_measured:0.00  comment:""
atf_cov.coverage_lowered  target:lib_rl  [1;31msuccess:N[0;0m  cov_min:39.42  maxerr:0.00  cov_measured:0.00  comment:""
atf_cov.coverage_lowered  target:lib_sqlite  [1;31msuccess:N[0;0m  cov_min:82.33  maxerr:5.00  cov_measured:0.00  comment:""
atf_cov.coverage_lowered  target:lib_ws  [1;31msuccess:N[0;0m  cov_min:50.92  maxerr:5.00  cov_measured:0.00  comment:""
atf_cov.coverage_lowered  target:lib_x2  [1;31msuccess:N[0;0m  cov_min:70.25  maxerr:5.00  cov_measured:0.00  comment:""
atf_cov.coverage_lowered  target:mdbg  [1;31msuccess:N[0;0m  cov_min:78.67  maxerr:5.00  cov_measured:0.00  comment:""
atf_cov.coverage_lowered  target:samp_meng  [1;31msuccess:N[0;0m  cov_min:94.74  maxerr:5.00  cov_measured:0.00  comment:""
atf_cov.coverage_lowered  target:ssimfilt  [1;31msuccess:N[0;0m  cov_min:86.43  maxerr:5.00  cov_measured:0.00  comment:""
atf_cov.coverage_lowered  target:sv2ssim  [1;31msuccess:N[0;0m  cov_min:87.29  maxerr:5.00  cov_measured:0.00  comment:""
atf_cov.coverage_lowered  target:x2cli  [1;31msuccess:N[0;0m  cov_min:53.94  maxerr:5.00  cov_measured:0.00  comment:""
atf_cov.coverage_lowered  target:x2cmt  [1;31msuccess:N[0;0m  cov_min:82.47  maxerr:5.00  cov_measured:0.00  comment:""
atf_cov.coverage_lowered  target:x2fs  [1;31msuccess:N[0;0m  cov_min:88.69  maxerr:5.00  cov_measured:0.00  comment:""
atf_cov.coverage_lowered  target:x2gf  [1;31msuccess:N[0;0m  cov_min:76.67  maxerr:5.00  cov_measured:0.00  comment:""
atf_cov.coverage_lowered  target:x2gw  [1;31msuccess:N[0;0m  cov_min:71.38  maxerr:5.00  cov_measured:0.00  comment:""
atf_cov.coverage_lowered  target:x2imdb  [1;31msuccess:N[0;0m  cov_min:95.95  maxerr:5.00  cov_measured:0.00  comment:""
atf_cov.coverage_lowered  target:x2mon  [1;31msuccess:N[0;0m  cov_min:67.65  maxerr:5.00  cov_measured:0.00  comment:""
atf_cov.coverage_lowered  target:x2net  [1;31msuccess:N[0;0m  cov_min:49.22  maxerr:5.00  cov_measured:0.00  comment:""
atf_cov.coverage_lowered  target:x2read  [1;31msuccess:N[0;0m  cov_min:68.44  maxerr:5.00  cov_measured:0.00  comment:""
atf_cov.coverage_lowered  target:x2sup  [1;31msuccess:N[0;0m  cov_min:85.64  maxerr:5.00  cov_measured:0.00  comment:""
atf_cov.coverage_lowered  target:x2traf  [1;31msuccess:N[0;0m  cov_min:42.39  maxerr:5.00  cov_measured:0.00  comment:""
atf_cov.coverage_lowered  target:x2txn  [1;31msuccess:N[0;0m  cov_min:87.50  maxerr:5.00  cov_measured:0.00  comment:""
atf_cov.coverage_lowered  target:x2write  [1;31msuccess:N[0;0m  cov_min:73.37  maxerr:5.00  cov_measured:0.00  comment:""
atf_comp.error  atf_cov exited with code 256
algo_lib.exec  cmd:"bin/atf_comp  -comptest:% -covcheck:Y -build:Y"  comment:"exit code 1"
atf_ci.citest  citest:atf_comp_cov  runtime:00:02:59.183131059  [1;31msuccess:N[0;0m  comment:"Check component test coverage"
atf_ci.failed  citest:atf_comp_cov  [1;31msuccess:N[0;0m  comment:"See prior output for more information"
report.atf_ci  n_citest:55  n_run:1  n_pass:0  [1;31msuccess:N[0;0m  comment:"Some errors occured. Please examine them and try again."
